-- The C compiler identification is GNU 11.4.0
-- The CXX compiler identification is GNU 11.4.0
-- Detecting C compiler ABI info
-- Detecting C compiler ABI info - done
-- Check for working C compiler: /usr/bin/cc - skipped
-- Detecting C compile features
-- Detecting C compile features - done
-- Detecting CXX compiler ABI info
-- Detecting CXX compiler ABI info - done
-- Check for working CXX compiler: /usr/bin/c++ - skipped
-- Detecting CXX compile features
-- Detecting CXX compile features - done
-- Found ament_cmake: 1.3.12 (/opt/ros/humble/share/ament_cmake/cmake)
-- Found Python3: /home/fhs/anaconda3/bin/python3 (found version "3.12.2") found components: Interpreter 
-- Override CMake install command with custom implementation using symlinks instead of copying resources
-- Found rosidl_default_generators: 1.2.0 (/opt/ros/humble/share/rosidl_default_generators/cmake)
-- Using all available rosidl_typesupport_c: rosidl_typesupport_fastrtps_c;rosidl_typesupport_introspection_c
-- Found rosidl_adapter: 3.1.7 (/opt/ros/humble/share/rosidl_adapter/cmake)
-- Using all available rosidl_typesupport_cpp: rosidl_typesupport_fastrtps_cpp;rosidl_typesupport_introspection_cpp
-- Found geometry_msgs: 4.9.0 (/opt/ros/humble/share/geometry_msgs/cmake)
-- Found ament_cmake_ros: 0.10.0 (/opt/ros/humble/share/ament_cmake_ros/cmake)
-- Using all available rosidl_typesupport_c: rosidl_typesupport_fastrtps_c;rosidl_typesupport_introspection_c
-- Using all available rosidl_typesupport_cpp: rosidl_typesupport_fastrtps_cpp;rosidl_typesupport_introspection_cpp
-- Found PythonInterp: /usr/bin/python3 (found suitable version "3.10.12", minimum required is "3.6") 
-- Found python_cmake_module: 0.10.0 (/opt/ros/humble/share/python_cmake_module/cmake)
-- Found PythonLibs: /usr/lib/x86_64-linux-gnu/libpython3.10.so (found suitable version "3.10.12", minimum required is "3.5") 
-- Using PYTHON_EXECUTABLE: /usr/bin/python3
-- Using PYTHON_INCLUDE_DIRS: /usr/include/python3.10
-- Using PYTHON_LIBRARIES: /usr/lib/x86_64-linux-gnu/libpython3.10.so
-- Found PythonExtra: .so  
-- Found ament_lint_auto: 0.12.14 (/opt/ros/humble/share/ament_lint_auto/cmake)
-- Added test 'copyright' to check source files copyright and LICENSE
-- Added test 'lint_cmake' to check CMake code style
-- Added test 'xmllint' to check XML markup files
-- Configuring done
-- Generating done
-- Build files have been written to: /home/fhs/ros2_ws/build/robot_interfaces
[  1%] [34m[1mGenerating C code for ROS interfaces[0m
[  3%] [34m[1mGenerating C++ code for ROS interfaces[0m
[  3%] Built target ament_cmake_python_symlink_robot_interfaces
running egg_info
creating robot_interfaces.egg-info
writing robot_interfaces.egg-info/PKG-INFO
writing dependency_links to robot_interfaces.egg-info/dependency_links.txt
writing top-level names to robot_interfaces.egg-info/top_level.txt
writing manifest file 'robot_interfaces.egg-info/SOURCES.txt'
reading manifest file 'robot_interfaces.egg-info/SOURCES.txt'
writing manifest file 'robot_interfaces.egg-info/SOURCES.txt'
[  3%] Built target ament_cmake_python_build_robot_interfaces_egg
[  4%] [32mBuilding C object CMakeFiles/robot_interfaces__rosidl_generator_c.dir/rosidl_generator_c/robot_interfaces/msg/detail/target__functions.c.o[0m
[  6%] [32mBuilding C object CMakeFiles/robot_interfaces__rosidl_generator_c.dir/rosidl_generator_c/robot_interfaces/msg/detail/control__functions.c.o[0m
[  9%] [32mBuilding C object CMakeFiles/robot_interfaces__rosidl_generator_c.dir/rosidl_generator_c/robot_interfaces/msg/detail/robot_state__functions.c.o[0m
[  9%] [32mBuilding C object CMakeFiles/robot_interfaces__rosidl_generator_c.dir/rosidl_generator_c/robot_interfaces/srv/detail/set_mode__functions.c.o[0m
[ 11%] [32mBuilding C object CMakeFiles/robot_interfaces__rosidl_generator_c.dir/rosidl_generator_c/robot_interfaces/action/detail/collect__functions.c.o[0m
[ 11%] Built target robot_interfaces__cpp
[ 12%] [34m[1mGenerating C++ introspection for ROS interfaces[0m
[ 15%] [34m[1mGenerating C++ type support for eProsima Fast-RTPS[0m
[ 15%] [34m[1mGenerating C++ type support dispatch for ROS interfaces[0m
[ 17%] [32mBuilding CXX object CMakeFiles/robot_interfaces__rosidl_typesupport_cpp.dir/rosidl_typesupport_cpp/robot_interfaces/msg/target__type_support.cpp.o[0m
[ 19%] [32mBuilding CXX object CMakeFiles/robot_interfaces__rosidl_typesupport_cpp.dir/rosidl_typesupport_cpp/robot_interfaces/msg/robot_state__type_support.cpp.o[0m
[ 20%] [32mBuilding CXX object CMakeFiles/robot_interfaces__rosidl_typesupport_cpp.dir/rosidl_typesupport_cpp/robot_interfaces/srv/set_mode__type_support.cpp.o[0m
[ 22%] [32mBuilding CXX object CMakeFiles/robot_interfaces__rosidl_typesupport_cpp.dir/rosidl_typesupport_cpp/robot_interfaces/action/collect__type_support.cpp.o[0m
[ 23%] [32m[1mLinking C shared library librobot_interfaces__rosidl_generator_c.so[0m
[ 25%] [32mBuilding CXX object CMakeFiles/robot_interfaces__rosidl_typesupport_cpp.dir/rosidl_typesupport_cpp/robot_interfaces/msg/control__type_support.cpp.o[0m
[ 26%] [32mBuilding CXX object CMakeFiles/robot_interfaces__rosidl_typesupport_introspection_cpp.dir/rosidl_typesupport_introspection_cpp/robot_interfaces/msg/detail/control__type_support.cpp.o[0m
[ 28%] [32mBuilding CXX object CMakeFiles/robot_interfaces__rosidl_typesupport_introspection_cpp.dir/rosidl_typesupport_introspection_cpp/robot_interfaces/msg/detail/target__type_support.cpp.o[0m
[ 30%] [32mBuilding CXX object CMakeFiles/robot_interfaces__rosidl_typesupport_introspection_cpp.dir/rosidl_typesupport_introspection_cpp/robot_interfaces/msg/detail/robot_state__type_support.cpp.o[0m
[ 31%] [32mBuilding CXX object CMakeFiles/robot_interfaces__rosidl_typesupport_introspection_cpp.dir/rosidl_typesupport_introspection_cpp/robot_interfaces/srv/detail/set_mode__type_support.cpp.o[0m
[ 33%] [32mBuilding CXX object CMakeFiles/robot_interfaces__rosidl_typesupport_introspection_cpp.dir/rosidl_typesupport_introspection_cpp/robot_interfaces/action/detail/collect__type_support.cpp.o[0m
[ 33%] Built target robot_interfaces__rosidl_generator_c
[ 34%] [34m[1mGenerating C type support for eProsima Fast-RTPS[0m
[ 36%] [34m[1mGenerating C introspection for ROS interfaces[0m
[ 38%] [34m[1mGenerating C type support dispatch for ROS interfaces[0m
[ 39%] [32mBuilding CXX object CMakeFiles/robot_interfaces__rosidl_typesupport_fastrtps_cpp.dir/rosidl_typesupport_fastrtps_cpp/robot_interfaces/msg/detail/dds_fastrtps/control__type_support.cpp.o[0m
[ 42%] [32mBuilding CXX object CMakeFiles/robot_interfaces__rosidl_typesupport_fastrtps_cpp.dir/rosidl_typesupport_fastrtps_cpp/robot_interfaces/srv/detail/dds_fastrtps/set_mode__type_support.cpp.o[0m
[ 42%] [32mBuilding CXX object CMakeFiles/robot_interfaces__rosidl_typesupport_fastrtps_cpp.dir/rosidl_typesupport_fastrtps_cpp/robot_interfaces/action/detail/dds_fastrtps/collect__type_support.cpp.o[0m
[ 44%] [32mBuilding CXX object CMakeFiles/robot_interfaces__rosidl_typesupport_fastrtps_cpp.dir/rosidl_typesupport_fastrtps_cpp/robot_interfaces/msg/detail/dds_fastrtps/robot_state__type_support.cpp.o[0m
[ 46%] [32mBuilding CXX object CMakeFiles/robot_interfaces__rosidl_typesupport_fastrtps_cpp.dir/rosidl_typesupport_fastrtps_cpp/robot_interfaces/msg/detail/dds_fastrtps/target__type_support.cpp.o[0m
[ 47%] [32m[1mLinking CXX shared library librobot_interfaces__rosidl_typesupport_cpp.so[0m
[ 49%] [32mBuilding CXX object CMakeFiles/robot_interfaces__rosidl_typesupport_c.dir/rosidl_typesupport_c/robot_interfaces/msg/robot_state__type_support.cpp.o[0m
[ 50%] [32mBuilding CXX object CMakeFiles/robot_interfaces__rosidl_typesupport_c.dir/rosidl_typesupport_c/robot_interfaces/msg/target__type_support.cpp.o[0m
[ 52%] [32mBuilding CXX object CMakeFiles/robot_interfaces__rosidl_typesupport_c.dir/rosidl_typesupport_c/robot_interfaces/msg/control__type_support.cpp.o[0m
[ 53%] [32mBuilding CXX object CMakeFiles/robot_interfaces__rosidl_typesupport_c.dir/rosidl_typesupport_c/robot_interfaces/action/collect__type_support.cpp.o[0m
[ 55%] [32mBuilding CXX object CMakeFiles/robot_interfaces__rosidl_typesupport_c.dir/rosidl_typesupport_c/robot_interfaces/srv/set_mode__type_support.cpp.o[0m
[ 55%] Built target robot_interfaces__rosidl_typesupport_cpp
[ 57%] [32m[1mLinking CXX shared library librobot_interfaces__rosidl_typesupport_c.so[0m
[ 57%] Built target robot_interfaces__rosidl_typesupport_c
[ 58%] [32m[1mLinking CXX shared library librobot_interfaces__rosidl_typesupport_introspection_cpp.so[0m
[ 60%] [32mBuilding CXX object CMakeFiles/robot_interfaces__rosidl_typesupport_fastrtps_c.dir/rosidl_typesupport_fastrtps_c/robot_interfaces/msg/detail/target__type_support_c.cpp.o[0m
[ 61%] [32mBuilding CXX object CMakeFiles/robot_interfaces__rosidl_typesupport_fastrtps_c.dir/rosidl_typesupport_fastrtps_c/robot_interfaces/msg/detail/robot_state__type_support_c.cpp.o[0m
[ 63%] [32mBuilding CXX object CMakeFiles/robot_interfaces__rosidl_typesupport_fastrtps_c.dir/rosidl_typesupport_fastrtps_c/robot_interfaces/srv/detail/set_mode__type_support_c.cpp.o[0m
[ 65%] [32mBuilding CXX object CMakeFiles/robot_interfaces__rosidl_typesupport_fastrtps_c.dir/rosidl_typesupport_fastrtps_c/robot_interfaces/action/detail/collect__type_support_c.cpp.o[0m
[ 66%] [32mBuilding CXX object CMakeFiles/robot_interfaces__rosidl_typesupport_fastrtps_c.dir/rosidl_typesupport_fastrtps_c/robot_interfaces/msg/detail/control__type_support_c.cpp.o[0m
[ 68%] [32mBuilding C object CMakeFiles/robot_interfaces__rosidl_typesupport_introspection_c.dir/rosidl_typesupport_introspection_c/robot_interfaces/msg/detail/target__type_support.c.o[0m
[ 69%] [32mBuilding C object CMakeFiles/robot_interfaces__rosidl_typesupport_introspection_c.dir/rosidl_typesupport_introspection_c/robot_interfaces/msg/detail/control__type_support.c.o[0m
[ 71%] [32mBuilding C object CMakeFiles/robot_interfaces__rosidl_typesupport_introspection_c.dir/rosidl_typesupport_introspection_c/robot_interfaces/srv/detail/set_mode__type_support.c.o[0m
[ 73%] [32mBuilding C object CMakeFiles/robot_interfaces__rosidl_typesupport_introspection_c.dir/rosidl_typesupport_introspection_c/robot_interfaces/action/detail/collect__type_support.c.o[0m
[ 74%] [32mBuilding C object CMakeFiles/robot_interfaces__rosidl_typesupport_introspection_c.dir/rosidl_typesupport_introspection_c/robot_interfaces/msg/detail/robot_state__type_support.c.o[0m
[ 74%] Built target robot_interfaces__rosidl_typesupport_introspection_cpp
[ 76%] [32m[1mLinking C shared library librobot_interfaces__rosidl_typesupport_introspection_c.so[0m
[ 76%] Built target robot_interfaces__rosidl_typesupport_introspection_c
[ 77%] [32m[1mLinking CXX shared library librobot_interfaces__rosidl_typesupport_fastrtps_cpp.so[0m
[ 77%] Built target robot_interfaces__rosidl_typesupport_fastrtps_cpp
[ 79%] [32m[1mLinking CXX shared library librobot_interfaces__rosidl_typesupport_fastrtps_c.so[0m
[ 79%] Built target robot_interfaces__rosidl_typesupport_fastrtps_c
[ 79%] Built target robot_interfaces
[ 80%] [34m[1mGenerating Python code for ROS interfaces[0m
[ 80%] Built target robot_interfaces__py
[ 82%] [32mBuilding C object CMakeFiles/robot_interfaces__rosidl_generator_py.dir/rosidl_generator_py/robot_interfaces/action/_collect_s.c.o[0m
[ 84%] [32mBuilding C object CMakeFiles/robot_interfaces__rosidl_generator_py.dir/rosidl_generator_py/robot_interfaces/msg/_control_s.c.o[0m
[ 87%] [32mBuilding C object CMakeFiles/robot_interfaces__rosidl_generator_py.dir/rosidl_generator_py/robot_interfaces/msg/_robot_state_s.c.o[0m
[ 87%] [32mBuilding C object CMakeFiles/robot_interfaces__rosidl_generator_py.dir/rosidl_generator_py/robot_interfaces/msg/_target_s.c.o[0m
[ 88%] [32mBuilding C object CMakeFiles/robot_interfaces__rosidl_generator_py.dir/rosidl_generator_py/robot_interfaces/srv/_set_mode_s.c.o[0m
[ 90%] [32m[1mLinking C shared library rosidl_generator_py/robot_interfaces/librobot_interfaces__rosidl_generator_py.so[0m
[ 90%] Built target robot_interfaces__rosidl_generator_py
[ 92%] [32mBuilding C object CMakeFiles/robot_interfaces__rosidl_typesupport_fastrtps_c__pyext.dir/rosidl_generator_py/robot_interfaces/_robot_interfaces_s.ep.rosidl_typesupport_fastrtps_c.c.o[0m
[ 93%] [32mBuilding C object CMakeFiles/robot_interfaces__rosidl_typesupport_introspection_c__pyext.dir/rosidl_generator_py/robot_interfaces/_robot_interfaces_s.ep.rosidl_typesupport_introspection_c.c.o[0m
[ 95%] [32mBuilding C object CMakeFiles/robot_interfaces__rosidl_typesupport_c__pyext.dir/rosidl_generator_py/robot_interfaces/_robot_interfaces_s.ep.rosidl_typesupport_c.c.o[0m
[ 96%] [32m[1mLinking C shared library rosidl_generator_py/robot_interfaces/robot_interfaces_s__rosidl_typesupport_fastrtps_c.cpython-310-x86_64-linux-gnu.so[0m
[ 98%] [32m[1mLinking C shared library rosidl_generator_py/robot_interfaces/robot_interfaces_s__rosidl_typesupport_introspection_c.cpython-310-x86_64-linux-gnu.so[0m
[100%] [32m[1mLinking C shared library rosidl_generator_py/robot_interfaces/robot_interfaces_s__rosidl_typesupport_c.cpython-310-x86_64-linux-gnu.so[0m
[100%] Built target robot_interfaces__rosidl_typesupport_fastrtps_c__pyext
[100%] Built target robot_interfaces__rosidl_typesupport_introspection_c__pyext
[100%] Built target robot_interfaces__rosidl_typesupport_c__pyext
-- Install configuration: "Release"
-- Execute custom install script
-- Symlinking: /home/fhs/ros2_ws/install/robot_interfaces/share/ament_index/resource_index/rosidl_interfaces/robot_interfaces
-- Symlinking: /home/fhs/ros2_ws/install/robot_interfaces/include/robot_interfaces/robot_interfaces/action/collect.h
-- Symlinking: /home/fhs/ros2_ws/install/robot_interfaces/include/robot_interfaces/robot_interfaces/action/detail/collect__functions.h
-- Symlinking: /home/fhs/ros2_ws/install/robot_interfaces/include/robot_interfaces/robot_interfaces/action/detail/collect__struct.h
-- Symlinking: /home/fhs/ros2_ws/install/robot_interfaces/include/robot_interfaces/robot_interfaces/action/detail/collect__type_support.h
-- Symlinking: /home/fhs/ros2_ws/install/robot_interfaces/include/robot_interfaces/robot_interfaces/msg/control.h
-- Symlinking: /home/fhs/ros2_ws/install/robot_interfaces/include/robot_interfaces/robot_interfaces/msg/detail/control__functions.h
-- Symlinking: /home/fhs/ros2_ws/install/robot_interfaces/include/robot_interfaces/robot_interfaces/msg/detail/control__struct.h
-- Symlinking: /home/fhs/ros2_ws/install/robot_interfaces/include/robot_interfaces/robot_interfaces/msg/detail/control__type_support.h
-- Symlinking: /home/fhs/ros2_ws/install/robot_interfaces/include/robot_interfaces/robot_interfaces/msg/detail/robot_state__functions.h
-- Symlinking: /home/fhs/ros2_ws/install/robot_interfaces/include/robot_interfaces/robot_interfaces/msg/detail/robot_state__struct.h
-- Symlinking: /home/fhs/ros2_ws/install/robot_interfaces/include/robot_interfaces/robot_interfaces/msg/detail/robot_state__type_support.h
-- Symlinking: /home/fhs/ros2_ws/install/robot_interfaces/include/robot_interfaces/robot_interfaces/msg/detail/target__functions.h
-- Symlinking: /home/fhs/ros2_ws/install/robot_interfaces/include/robot_interfaces/robot_interfaces/msg/detail/target__struct.h
-- Symlinking: /home/fhs/ros2_ws/install/robot_interfaces/include/robot_interfaces/robot_interfaces/msg/detail/target__type_support.h
-- Symlinking: /home/fhs/ros2_ws/install/robot_interfaces/include/robot_interfaces/robot_interfaces/msg/robot_state.h
-- Symlinking: /home/fhs/ros2_ws/install/robot_interfaces/include/robot_interfaces/robot_interfaces/msg/rosidl_generator_c__visibility_control.h
-- Symlinking: /home/fhs/ros2_ws/install/robot_interfaces/include/robot_interfaces/robot_interfaces/msg/target.h
-- Symlinking: /home/fhs/ros2_ws/install/robot_interfaces/include/robot_interfaces/robot_interfaces/srv/detail/set_mode__functions.h
-- Symlinking: /home/fhs/ros2_ws/install/robot_interfaces/include/robot_interfaces/robot_interfaces/srv/detail/set_mode__struct.h
-- Symlinking: /home/fhs/ros2_ws/install/robot_interfaces/include/robot_interfaces/robot_interfaces/srv/detail/set_mode__type_support.h
-- Symlinking: /home/fhs/ros2_ws/install/robot_interfaces/include/robot_interfaces/robot_interfaces/srv/set_mode.h
-- Symlinking: /home/fhs/ros2_ws/install/robot_interfaces/share/robot_interfaces/environment/library_path.sh
-- Symlinking: /home/fhs/ros2_ws/install/robot_interfaces/share/robot_interfaces/environment/library_path.dsv
-- Symlinking: /home/fhs/ros2_ws/install/robot_interfaces/include/robot_interfaces/robot_interfaces/action/detail/collect__rosidl_typesupport_fastrtps_c.h
-- Symlinking: /home/fhs/ros2_ws/install/robot_interfaces/include/robot_interfaces/robot_interfaces/msg/detail/control__rosidl_typesupport_fastrtps_c.h
-- Symlinking: /home/fhs/ros2_ws/install/robot_interfaces/include/robot_interfaces/robot_interfaces/msg/detail/robot_state__rosidl_typesupport_fastrtps_c.h
-- Symlinking: /home/fhs/ros2_ws/install/robot_interfaces/include/robot_interfaces/robot_interfaces/msg/detail/target__rosidl_typesupport_fastrtps_c.h
-- Symlinking: /home/fhs/ros2_ws/install/robot_interfaces/include/robot_interfaces/robot_interfaces/msg/rosidl_typesupport_fastrtps_c__visibility_control.h
-- Symlinking: /home/fhs/ros2_ws/install/robot_interfaces/include/robot_interfaces/robot_interfaces/srv/detail/set_mode__rosidl_typesupport_fastrtps_c.h
-- Symlinking: /home/fhs/ros2_ws/install/robot_interfaces/include/robot_interfaces/robot_interfaces/action/detail/collect__rosidl_typesupport_introspection_c.h
-- Symlinking: /home/fhs/ros2_ws/install/robot_interfaces/include/robot_interfaces/robot_interfaces/msg/detail/control__rosidl_typesupport_introspection_c.h
-- Symlinking: /home/fhs/ros2_ws/install/robot_interfaces/include/robot_interfaces/robot_interfaces/msg/detail/robot_state__rosidl_typesupport_introspection_c.h
-- Symlinking: /home/fhs/ros2_ws/install/robot_interfaces/include/robot_interfaces/robot_interfaces/msg/detail/target__rosidl_typesupport_introspection_c.h
-- Symlinking: /home/fhs/ros2_ws/install/robot_interfaces/include/robot_interfaces/robot_interfaces/msg/rosidl_typesupport_introspection_c__visibility_control.h
-- Symlinking: /home/fhs/ros2_ws/install/robot_interfaces/include/robot_interfaces/robot_interfaces/srv/detail/set_mode__rosidl_typesupport_introspection_c.h
-- Symlinking: /home/fhs/ros2_ws/install/robot_interfaces/include/robot_interfaces/robot_interfaces/action/collect.hpp
-- Symlinking: /home/fhs/ros2_ws/install/robot_interfaces/include/robot_interfaces/robot_interfaces/action/detail/collect__builder.hpp
-- Symlinking: /home/fhs/ros2_ws/install/robot_interfaces/include/robot_interfaces/robot_interfaces/action/detail/collect__struct.hpp
-- Symlinking: /home/fhs/ros2_ws/install/robot_interfaces/include/robot_interfaces/robot_interfaces/action/detail/collect__traits.hpp
-- Symlinking: /home/fhs/ros2_ws/install/robot_interfaces/include/robot_interfaces/robot_interfaces/action/detail/collect__type_support.hpp
-- Symlinking: /home/fhs/ros2_ws/install/robot_interfaces/include/robot_interfaces/robot_interfaces/msg/control.hpp
-- Symlinking: /home/fhs/ros2_ws/install/robot_interfaces/include/robot_interfaces/robot_interfaces/msg/detail/control__builder.hpp
-- Symlinking: /home/fhs/ros2_ws/install/robot_interfaces/include/robot_interfaces/robot_interfaces/msg/detail/control__struct.hpp
-- Symlinking: /home/fhs/ros2_ws/install/robot_interfaces/include/robot_interfaces/robot_interfaces/msg/detail/control__traits.hpp
-- Symlinking: /home/fhs/ros2_ws/install/robot_interfaces/include/robot_interfaces/robot_interfaces/msg/detail/control__type_support.hpp
-- Symlinking: /home/fhs/ros2_ws/install/robot_interfaces/include/robot_interfaces/robot_interfaces/msg/detail/robot_state__builder.hpp
-- Symlinking: /home/fhs/ros2_ws/install/robot_interfaces/include/robot_interfaces/robot_interfaces/msg/detail/robot_state__struct.hpp
-- Symlinking: /home/fhs/ros2_ws/install/robot_interfaces/include/robot_interfaces/robot_interfaces/msg/detail/robot_state__traits.hpp
-- Symlinking: /home/fhs/ros2_ws/install/robot_interfaces/include/robot_interfaces/robot_interfaces/msg/detail/robot_state__type_support.hpp
-- Symlinking: /home/fhs/ros2_ws/install/robot_interfaces/include/robot_interfaces/robot_interfaces/msg/detail/target__builder.hpp
-- Symlinking: /home/fhs/ros2_ws/install/robot_interfaces/include/robot_interfaces/robot_interfaces/msg/detail/target__struct.hpp
-- Symlinking: /home/fhs/ros2_ws/install/robot_interfaces/include/robot_interfaces/robot_interfaces/msg/detail/target__traits.hpp
-- Symlinking: /home/fhs/ros2_ws/install/robot_interfaces/include/robot_interfaces/robot_interfaces/msg/detail/target__type_support.hpp
-- Symlinking: /home/fhs/ros2_ws/install/robot_interfaces/include/robot_interfaces/robot_interfaces/msg/robot_state.hpp
-- Symlinking: /home/fhs/ros2_ws/install/robot_interfaces/include/robot_interfaces/robot_interfaces/msg/rosidl_generator_cpp__visibility_control.hpp
-- Symlinking: /home/fhs/ros2_ws/install/robot_interfaces/include/robot_interfaces/robot_interfaces/msg/target.hpp
-- Symlinking: /home/fhs/ros2_ws/install/robot_interfaces/include/robot_interfaces/robot_interfaces/srv/detail/set_mode__builder.hpp
-- Symlinking: /home/fhs/ros2_ws/install/robot_interfaces/include/robot_interfaces/robot_interfaces/srv/detail/set_mode__struct.hpp
-- Symlinking: /home/fhs/ros2_ws/install/robot_interfaces/include/robot_interfaces/robot_interfaces/srv/detail/set_mode__traits.hpp
-- Symlinking: /home/fhs/ros2_ws/install/robot_interfaces/include/robot_interfaces/robot_interfaces/srv/detail/set_mode__type_support.hpp
-- Symlinking: /home/fhs/ros2_ws/install/robot_interfaces/include/robot_interfaces/robot_interfaces/srv/set_mode.hpp
-- Symlinking: /home/fhs/ros2_ws/install/robot_interfaces/include/robot_interfaces/robot_interfaces/action/detail/collect__rosidl_typesupport_fastrtps_cpp.hpp
-- Symlinking: /home/fhs/ros2_ws/install/robot_interfaces/include/robot_interfaces/robot_interfaces/msg/detail/control__rosidl_typesupport_fastrtps_cpp.hpp
-- Symlinking: /home/fhs/ros2_ws/install/robot_interfaces/include/robot_interfaces/robot_interfaces/msg/detail/robot_state__rosidl_typesupport_fastrtps_cpp.hpp
-- Symlinking: /home/fhs/ros2_ws/install/robot_interfaces/include/robot_interfaces/robot_interfaces/msg/detail/target__rosidl_typesupport_fastrtps_cpp.hpp
-- Symlinking: /home/fhs/ros2_ws/install/robot_interfaces/include/robot_interfaces/robot_interfaces/msg/rosidl_typesupport_fastrtps_cpp__visibility_control.h
-- Symlinking: /home/fhs/ros2_ws/install/robot_interfaces/include/robot_interfaces/robot_interfaces/srv/detail/set_mode__rosidl_typesupport_fastrtps_cpp.hpp
-- Symlinking: /home/fhs/ros2_ws/install/robot_interfaces/include/robot_interfaces/robot_interfaces/action/detail/collect__rosidl_typesupport_introspection_cpp.hpp
-- Symlinking: /home/fhs/ros2_ws/install/robot_interfaces/include/robot_interfaces/robot_interfaces/msg/detail/control__rosidl_typesupport_introspection_cpp.hpp
-- Symlinking: /home/fhs/ros2_ws/install/robot_interfaces/include/robot_interfaces/robot_interfaces/msg/detail/robot_state__rosidl_typesupport_introspection_cpp.hpp
-- Symlinking: /home/fhs/ros2_ws/install/robot_interfaces/include/robot_interfaces/robot_interfaces/msg/detail/target__rosidl_typesupport_introspection_cpp.hpp
-- Symlinking: /home/fhs/ros2_ws/install/robot_interfaces/include/robot_interfaces/robot_interfaces/srv/detail/set_mode__rosidl_typesupport_introspection_cpp.hpp
-- Symlinking: /home/fhs/ros2_ws/install/robot_interfaces/share/robot_interfaces/environment/pythonpath.sh
-- Symlinking: /home/fhs/ros2_ws/install/robot_interfaces/share/robot_interfaces/environment/pythonpath.dsv
-- Symlinking: /home/fhs/ros2_ws/install/robot_interfaces/lib/python3.12/site-packages/robot_interfaces-0.0.0-py3.12.egg-info/PKG-INFO
-- Symlinking: /home/fhs/ros2_ws/install/robot_interfaces/lib/python3.12/site-packages/robot_interfaces-0.0.0-py3.12.egg-info/SOURCES.txt
-- Symlinking: /home/fhs/ros2_ws/install/robot_interfaces/lib/python3.12/site-packages/robot_interfaces-0.0.0-py3.12.egg-info/dependency_links.txt
-- Symlinking: /home/fhs/ros2_ws/install/robot_interfaces/lib/python3.12/site-packages/robot_interfaces-0.0.0-py3.12.egg-info/top_level.txt
-- Symlinking: /home/fhs/ros2_ws/install/robot_interfaces/lib/python3.12/site-packages/robot_interfaces/__init__.py
-- Symlinking: /home/fhs/ros2_ws/install/robot_interfaces/lib/python3.12/site-packages/robot_interfaces/_robot_interfaces_s.ep.rosidl_typesupport_c.c
-- Symlinking: /home/fhs/ros2_ws/install/robot_interfaces/lib/python3.12/site-packages/robot_interfaces/_robot_interfaces_s.ep.rosidl_typesupport_fastrtps_c.c
-- Symlinking: /home/fhs/ros2_ws/install/robot_interfaces/lib/python3.12/site-packages/robot_interfaces/_robot_interfaces_s.ep.rosidl_typesupport_introspection_c.c
-- Symlinking: /home/fhs/ros2_ws/install/robot_interfaces/lib/python3.12/site-packages/robot_interfaces/action/__init__.py
-- Symlinking: /home/fhs/ros2_ws/install/robot_interfaces/lib/python3.12/site-packages/robot_interfaces/action/_collect.py
-- Symlinking: /home/fhs/ros2_ws/install/robot_interfaces/lib/python3.12/site-packages/robot_interfaces/action/_collect_s.c
-- Symlinking: /home/fhs/ros2_ws/install/robot_interfaces/lib/python3.12/site-packages/robot_interfaces/librobot_interfaces__rosidl_generator_py.so
-- Symlinking: /home/fhs/ros2_ws/install/robot_interfaces/lib/python3.12/site-packages/robot_interfaces/msg/__init__.py
-- Symlinking: /home/fhs/ros2_ws/install/robot_interfaces/lib/python3.12/site-packages/robot_interfaces/msg/_control.py
-- Symlinking: /home/fhs/ros2_ws/install/robot_interfaces/lib/python3.12/site-packages/robot_interfaces/msg/_control_s.c
-- Symlinking: /home/fhs/ros2_ws/install/robot_interfaces/lib/python3.12/site-packages/robot_interfaces/msg/_robot_state.py
-- Symlinking: /home/fhs/ros2_ws/install/robot_interfaces/lib/python3.12/site-packages/robot_interfaces/msg/_robot_state_s.c
-- Symlinking: /home/fhs/ros2_ws/install/robot_interfaces/lib/python3.12/site-packages/robot_interfaces/msg/_target.py
-- Symlinking: /home/fhs/ros2_ws/install/robot_interfaces/lib/python3.12/site-packages/robot_interfaces/msg/_target_s.c
-- Symlinking: /home/fhs/ros2_ws/install/robot_interfaces/lib/python3.12/site-packages/robot_interfaces/robot_interfaces_s__rosidl_typesupport_c.cpython-310-x86_64-linux-gnu.so
-- Symlinking: /home/fhs/ros2_ws/install/robot_interfaces/lib/python3.12/site-packages/robot_interfaces/robot_interfaces_s__rosidl_typesupport_fastrtps_c.cpython-310-x86_64-linux-gnu.so
-- Symlinking: /home/fhs/ros2_ws/install/robot_interfaces/lib/python3.12/site-packages/robot_interfaces/robot_interfaces_s__rosidl_typesupport_introspection_c.cpython-310-x86_64-linux-gnu.so
-- Symlinking: /home/fhs/ros2_ws/install/robot_interfaces/lib/python3.12/site-packages/robot_interfaces/srv/__init__.py
-- Symlinking: /home/fhs/ros2_ws/install/robot_interfaces/lib/python3.12/site-packages/robot_interfaces/srv/_set_mode.py
-- Symlinking: /home/fhs/ros2_ws/install/robot_interfaces/lib/python3.12/site-packages/robot_interfaces/srv/_set_mode_s.c
-- Up-to-date symlink: /home/fhs/ros2_ws/install/robot_interfaces/lib/python3.12/site-packages/robot_interfaces/robot_interfaces_s__rosidl_typesupport_fastrtps_c.cpython-310-x86_64-linux-gnu.so
-- Up-to-date symlink: /home/fhs/ros2_ws/install/robot_interfaces/lib/python3.12/site-packages/robot_interfaces/robot_interfaces_s__rosidl_typesupport_introspection_c.cpython-310-x86_64-linux-gnu.so
-- Up-to-date symlink: /home/fhs/ros2_ws/install/robot_interfaces/lib/python3.12/site-packages/robot_interfaces/robot_interfaces_s__rosidl_typesupport_c.cpython-310-x86_64-linux-gnu.so
-- Symlinking: /home/fhs/ros2_ws/install/robot_interfaces/share/robot_interfaces/msg/Target.idl
-- Symlinking: /home/fhs/ros2_ws/install/robot_interfaces/share/robot_interfaces/msg/Control.idl
-- Symlinking: /home/fhs/ros2_ws/install/robot_interfaces/share/robot_interfaces/msg/RobotState.idl
-- Symlinking: /home/fhs/ros2_ws/install/robot_interfaces/share/robot_interfaces/srv/SetMode.idl
-- Symlinking: /home/fhs/ros2_ws/install/robot_interfaces/share/robot_interfaces/action/Collect.idl
-- Symlinking: /home/fhs/ros2_ws/install/robot_interfaces/share/robot_interfaces/msg/Target.msg
-- Symlinking: /home/fhs/ros2_ws/install/robot_interfaces/share/robot_interfaces/msg/Control.msg
-- Symlinking: /home/fhs/ros2_ws/install/robot_interfaces/share/robot_interfaces/msg/RobotState.msg
-- Symlinking: /home/fhs/ros2_ws/install/robot_interfaces/share/robot_interfaces/srv/SetMode.srv
-- Symlinking: /home/fhs/ros2_ws/install/robot_interfaces/share/robot_interfaces/srv/SetMode_Request.msg
-- Symlinking: /home/fhs/ros2_ws/install/robot_interfaces/share/robot_interfaces/srv/SetMode_Response.msg
-- Symlinking: /home/fhs/ros2_ws/install/robot_interfaces/share/robot_interfaces/action/Collect.action
-- Symlinking: /home/fhs/ros2_ws/install/robot_interfaces/share/ament_index/resource_index/package_run_dependencies/robot_interfaces
-- Symlinking: /home/fhs/ros2_ws/install/robot_interfaces/share/ament_index/resource_index/parent_prefix_path/robot_interfaces
-- Symlinking: /home/fhs/ros2_ws/install/robot_interfaces/share/robot_interfaces/environment/ament_prefix_path.sh
-- Symlinking: /home/fhs/ros2_ws/install/robot_interfaces/share/robot_interfaces/environment/ament_prefix_path.dsv
-- Symlinking: /home/fhs/ros2_ws/install/robot_interfaces/share/robot_interfaces/environment/path.sh
-- Symlinking: /home/fhs/ros2_ws/install/robot_interfaces/share/robot_interfaces/environment/path.dsv
-- Symlinking: /home/fhs/ros2_ws/install/robot_interfaces/share/robot_interfaces/local_setup.bash
-- Symlinking: /home/fhs/ros2_ws/install/robot_interfaces/share/robot_interfaces/local_setup.sh
-- Symlinking: /home/fhs/ros2_ws/install/robot_interfaces/share/robot_interfaces/local_setup.zsh
-- Symlinking: /home/fhs/ros2_ws/install/robot_interfaces/share/robot_interfaces/local_setup.dsv
-- Symlinking: /home/fhs/ros2_ws/install/robot_interfaces/share/robot_interfaces/package.dsv
-- Symlinking: /home/fhs/ros2_ws/install/robot_interfaces/share/ament_index/resource_index/packages/robot_interfaces
-- Symlinking: /home/fhs/ros2_ws/install/robot_interfaces/share/robot_interfaces/cmake/rosidl_cmake-extras.cmake
-- Symlinking: /home/fhs/ros2_ws/install/robot_interfaces/share/robot_interfaces/cmake/ament_cmake_export_dependencies-extras.cmake
-- Symlinking: /home/fhs/ros2_ws/install/robot_interfaces/share/robot_interfaces/cmake/ament_cmake_export_include_directories-extras.cmake
-- Symlinking: /home/fhs/ros2_ws/install/robot_interfaces/share/robot_interfaces/cmake/ament_cmake_export_libraries-extras.cmake
-- Symlinking: /home/fhs/ros2_ws/install/robot_interfaces/share/robot_interfaces/cmake/ament_cmake_export_targets-extras.cmake
-- Symlinking: /home/fhs/ros2_ws/install/robot_interfaces/share/robot_interfaces/cmake/rosidl_cmake_export_typesupport_targets-extras.cmake
-- Symlinking: /home/fhs/ros2_ws/install/robot_interfaces/share/robot_interfaces/cmake/rosidl_cmake_export_typesupport_libraries-extras.cmake
-- Symlinking: /home/fhs/ros2_ws/install/robot_interfaces/share/robot_interfaces/cmake/robot_interfacesConfig.cmake
-- Symlinking: /home/fhs/ros2_ws/install/robot_interfaces/share/robot_interfaces/cmake/robot_interfacesConfig-version.cmake
-- Symlinking: /home/fhs/ros2_ws/install/robot_interfaces/share/robot_interfaces/package.xml
-- Installing: /home/fhs/ros2_ws/install/robot_interfaces/lib/librobot_interfaces__rosidl_generator_c.so
-- Set runtime path of "/home/fhs/ros2_ws/install/robot_interfaces/lib/librobot_interfaces__rosidl_generator_c.so" to ""
-- Installing: /home/fhs/ros2_ws/install/robot_interfaces/lib/librobot_interfaces__rosidl_typesupport_fastrtps_c.so
-- Set runtime path of "/home/fhs/ros2_ws/install/robot_interfaces/lib/librobot_interfaces__rosidl_typesupport_fastrtps_c.so" to ""
-- Installing: /home/fhs/ros2_ws/install/robot_interfaces/lib/librobot_interfaces__rosidl_typesupport_introspection_c.so
-- Set runtime path of "/home/fhs/ros2_ws/install/robot_interfaces/lib/librobot_interfaces__rosidl_typesupport_introspection_c.so" to ""
-- Installing: /home/fhs/ros2_ws/install/robot_interfaces/lib/librobot_interfaces__rosidl_typesupport_c.so
-- Set runtime path of "/home/fhs/ros2_ws/install/robot_interfaces/lib/librobot_interfaces__rosidl_typesupport_c.so" to ""
-- Installing: /home/fhs/ros2_ws/install/robot_interfaces/lib/librobot_interfaces__rosidl_typesupport_fastrtps_cpp.so
-- Set runtime path of "/home/fhs/ros2_ws/install/robot_interfaces/lib/librobot_interfaces__rosidl_typesupport_fastrtps_cpp.so" to ""
-- Installing: /home/fhs/ros2_ws/install/robot_interfaces/lib/librobot_interfaces__rosidl_typesupport_introspection_cpp.so
-- Set runtime path of "/home/fhs/ros2_ws/install/robot_interfaces/lib/librobot_interfaces__rosidl_typesupport_introspection_cpp.so" to ""
-- Installing: /home/fhs/ros2_ws/install/robot_interfaces/lib/librobot_interfaces__rosidl_typesupport_cpp.so
-- Set runtime path of "/home/fhs/ros2_ws/install/robot_interfaces/lib/librobot_interfaces__rosidl_typesupport_cpp.so" to ""
Listing '/home/fhs/ros2_ws/install/robot_interfaces/lib/python3.12/site-packages/robot_interfaces'...
Compiling '/home/fhs/ros2_ws/install/robot_interfaces/lib/python3.12/site-packages/robot_interfaces/__init__.py'...
Listing '/home/fhs/ros2_ws/install/robot_interfaces/lib/python3.12/site-packages/robot_interfaces/action'...
Compiling '/home/fhs/ros2_ws/install/robot_interfaces/lib/python3.12/site-packages/robot_interfaces/action/__init__.py'...
Compiling '/home/fhs/ros2_ws/install/robot_interfaces/lib/python3.12/site-packages/robot_interfaces/action/_collect.py'...
Listing '/home/fhs/ros2_ws/install/robot_interfaces/lib/python3.12/site-packages/robot_interfaces/msg'...
Compiling '/home/fhs/ros2_ws/install/robot_interfaces/lib/python3.12/site-packages/robot_interfaces/msg/__init__.py'...
Compiling '/home/fhs/ros2_ws/install/robot_interfaces/lib/python3.12/site-packages/robot_interfaces/msg/_control.py'...
Compiling '/home/fhs/ros2_ws/install/robot_interfaces/lib/python3.12/site-packages/robot_interfaces/msg/_robot_state.py'...
Compiling '/home/fhs/ros2_ws/install/robot_interfaces/lib/python3.12/site-packages/robot_interfaces/msg/_target.py'...
Listing '/home/fhs/ros2_ws/install/robot_interfaces/lib/python3.12/site-packages/robot_interfaces/srv'...
Compiling '/home/fhs/ros2_ws/install/robot_interfaces/lib/python3.12/site-packages/robot_interfaces/srv/__init__.py'...
Compiling '/home/fhs/ros2_ws/install/robot_interfaces/lib/python3.12/site-packages/robot_interfaces/srv/_set_mode.py'...
-- Installing: /home/fhs/ros2_ws/install/robot_interfaces/lib/librobot_interfaces__rosidl_generator_py.so
-- Set runtime path of "/home/fhs/ros2_ws/install/robot_interfaces/lib/librobot_interfaces__rosidl_generator_py.so" to ""
-- Installing: /home/fhs/ros2_ws/install/robot_interfaces/share/robot_interfaces/cmake/export_robot_interfaces__rosidl_generator_cExport.cmake
-- Installing: /home/fhs/ros2_ws/install/robot_interfaces/share/robot_interfaces/cmake/export_robot_interfaces__rosidl_generator_cExport-release.cmake
-- Installing: /home/fhs/ros2_ws/install/robot_interfaces/share/robot_interfaces/cmake/export_robot_interfaces__rosidl_typesupport_fastrtps_cExport.cmake
-- Installing: /home/fhs/ros2_ws/install/robot_interfaces/share/robot_interfaces/cmake/export_robot_interfaces__rosidl_typesupport_fastrtps_cExport-release.cmake
-- Installing: /home/fhs/ros2_ws/install/robot_interfaces/share/robot_interfaces/cmake/robot_interfaces__rosidl_typesupport_introspection_cExport.cmake
-- Installing: /home/fhs/ros2_ws/install/robot_interfaces/share/robot_interfaces/cmake/robot_interfaces__rosidl_typesupport_introspection_cExport-release.cmake
-- Installing: /home/fhs/ros2_ws/install/robot_interfaces/share/robot_interfaces/cmake/robot_interfaces__rosidl_typesupport_cExport.cmake
-- Installing: /home/fhs/ros2_ws/install/robot_interfaces/share/robot_interfaces/cmake/robot_interfaces__rosidl_typesupport_cExport-release.cmake
-- Installing: /home/fhs/ros2_ws/install/robot_interfaces/share/robot_interfaces/cmake/export_robot_interfaces__rosidl_generator_cppExport.cmake
-- Installing: /home/fhs/ros2_ws/install/robot_interfaces/share/robot_interfaces/cmake/export_robot_interfaces__rosidl_typesupport_fastrtps_cppExport.cmake
-- Installing: /home/fhs/ros2_ws/install/robot_interfaces/share/robot_interfaces/cmake/export_robot_interfaces__rosidl_typesupport_fastrtps_cppExport-release.cmake
-- Installing: /home/fhs/ros2_ws/install/robot_interfaces/share/robot_interfaces/cmake/robot_interfaces__rosidl_typesupport_introspection_cppExport.cmake
-- Installing: /home/fhs/ros2_ws/install/robot_interfaces/share/robot_interfaces/cmake/robot_interfaces__rosidl_typesupport_introspection_cppExport-release.cmake
-- Installing: /home/fhs/ros2_ws/install/robot_interfaces/share/robot_interfaces/cmake/robot_interfaces__rosidl_typesupport_cppExport.cmake
-- Installing: /home/fhs/ros2_ws/install/robot_interfaces/share/robot_interfaces/cmake/robot_interfaces__rosidl_typesupport_cppExport-release.cmake
-- Installing: /home/fhs/ros2_ws/install/robot_interfaces/share/robot_interfaces/cmake/export_robot_interfaces__rosidl_generator_pyExport.cmake
-- Installing: /home/fhs/ros2_ws/install/robot_interfaces/share/robot_interfaces/cmake/export_robot_interfaces__rosidl_generator_pyExport-release.cmake
