[0.114s] DEBUG:colcon:Command line arguments: ['/usr/bin/colcon', 'build']
[0.114s] DEBUG:colcon:Parsed command line arguments: Namespace(log_base=None, log_level=None, verb_name='build', build_base='build', install_base='install', merge_install=False, symlink_install=False, test_result_base=None, continue_on_error=False, executor='parallel', parallel_workers=20, event_handlers=None, ignore_user_meta=False, metas=['./colcon.meta'], base_paths=['.'], packages_ignore=None, packages_ignore_regex=None, paths=None, packages_up_to=None, packages_up_to_regex=None, packages_above=None, packages_above_and_dependencies=None, packages_above_depth=None, packages_select_by_dep=None, packages_skip_by_dep=None, packages_skip_up_to=None, packages_select_build_failed=False, packages_skip_build_finished=False, packages_select_test_failures=False, packages_skip_test_passed=False, packages_select=None, packages_skip=None, packages_select_regex=None, packages_skip_regex=None, packages_start=None, packages_end=None, allow_overriding=[], cmake_args=None, cmake_target=None, cmake_target_skip_unavailable=False, cmake_clean_cache=False, cmake_clean_first=False, cmake_force_configure=False, ament_cmake_args=None, catkin_cmake_args=None, catkin_skip_building_tests=False, verb_parser=<colcon_defaults.argument_parser.defaults.DefaultArgumentsDecorator object at 0x79227304ceb0>, verb_extension=<colcon_core.verb.build.BuildVerb object at 0x79227304c970>, main=<bound method BuildVerb.main of <colcon_core.verb.build.BuildVerb object at 0x79227304c970>>)
[0.279s] Level 1:colcon.colcon_core.package_discovery:discover_packages(colcon_meta) check parameters
[0.279s] Level 1:colcon.colcon_core.package_discovery:discover_packages(recursive) check parameters
[0.279s] Level 1:colcon.colcon_core.package_discovery:discover_packages(ignore) check parameters
[0.279s] Level 1:colcon.colcon_core.package_discovery:discover_packages(path) check parameters
[0.279s] Level 1:colcon.colcon_core.package_discovery:discover_packages(colcon_meta) discover
[0.279s] Level 1:colcon.colcon_core.package_discovery:discover_packages(recursive) discover
[0.279s] INFO:colcon.colcon_core.package_discovery:Crawling recursively for packages in '/home/fhs/ros2_ws'
[0.279s] Level 1:colcon.colcon_core.package_identification:_identify(.) by extensions ['ignore', 'ignore_ament_install']
[0.279s] Level 1:colcon.colcon_core.package_identification:_identify(.) by extension 'ignore'
[0.279s] Level 1:colcon.colcon_core.package_identification:_identify(.) by extension 'ignore_ament_install'
[0.279s] Level 1:colcon.colcon_core.package_identification:_identify(.) by extensions ['colcon_pkg']
[0.279s] Level 1:colcon.colcon_core.package_identification:_identify(.) by extension 'colcon_pkg'
[0.279s] Level 1:colcon.colcon_core.package_identification:_identify(.) by extensions ['colcon_meta']
[0.279s] Level 1:colcon.colcon_core.package_identification:_identify(.) by extension 'colcon_meta'
[0.279s] Level 1:colcon.colcon_core.package_identification:_identify(.) by extensions ['ros']
[0.279s] Level 1:colcon.colcon_core.package_identification:_identify(.) by extension 'ros'
[0.292s] Level 1:colcon.colcon_core.package_identification:_identify(.) by extensions ['cmake', 'python']
[0.292s] Level 1:colcon.colcon_core.package_identification:_identify(.) by extension 'cmake'
[0.293s] Level 1:colcon.colcon_core.package_identification:_identify(.) by extension 'python'
[0.293s] Level 1:colcon.colcon_core.package_identification:_identify(.) by extensions ['python_setup_py']
[0.293s] Level 1:colcon.colcon_core.package_identification:_identify(.) by extension 'python_setup_py'
[0.293s] Level 1:colcon.colcon_core.package_identification:_identify(build) by extensions ['ignore', 'ignore_ament_install']
[0.293s] Level 1:colcon.colcon_core.package_identification:_identify(build) by extension 'ignore'
[0.293s] Level 1:colcon.colcon_core.package_identification:_identify(build) ignored
[0.293s] Level 1:colcon.colcon_core.package_identification:_identify(install) by extensions ['ignore', 'ignore_ament_install']
[0.293s] Level 1:colcon.colcon_core.package_identification:_identify(install) by extension 'ignore'
[0.293s] Level 1:colcon.colcon_core.package_identification:_identify(install) ignored
[0.293s] Level 1:colcon.colcon_core.package_identification:_identify(log) by extensions ['ignore', 'ignore_ament_install']
[0.293s] Level 1:colcon.colcon_core.package_identification:_identify(log) by extension 'ignore'
[0.293s] Level 1:colcon.colcon_core.package_identification:_identify(log) ignored
[0.293s] Level 1:colcon.colcon_core.package_identification:_identify(src) by extensions ['ignore', 'ignore_ament_install']
[0.294s] Level 1:colcon.colcon_core.package_identification:_identify(src) by extension 'ignore'
[0.294s] Level 1:colcon.colcon_core.package_identification:_identify(src) by extension 'ignore_ament_install'
[0.294s] Level 1:colcon.colcon_core.package_identification:_identify(src) by extensions ['colcon_pkg']
[0.294s] Level 1:colcon.colcon_core.package_identification:_identify(src) by extension 'colcon_pkg'
[0.294s] Level 1:colcon.colcon_core.package_identification:_identify(src) by extensions ['colcon_meta']
[0.294s] Level 1:colcon.colcon_core.package_identification:_identify(src) by extension 'colcon_meta'
[0.294s] Level 1:colcon.colcon_core.package_identification:_identify(src) by extensions ['ros']
[0.294s] Level 1:colcon.colcon_core.package_identification:_identify(src) by extension 'ros'
[0.294s] Level 1:colcon.colcon_core.package_identification:_identify(src) by extensions ['cmake', 'python']
[0.294s] Level 1:colcon.colcon_core.package_identification:_identify(src) by extension 'cmake'
[0.294s] Level 1:colcon.colcon_core.package_identification:_identify(src) by extension 'python'
[0.294s] Level 1:colcon.colcon_core.package_identification:_identify(src) by extensions ['python_setup_py']
[0.294s] Level 1:colcon.colcon_core.package_identification:_identify(src) by extension 'python_setup_py'
[0.294s] Level 1:colcon.colcon_core.package_identification:_identify(src/robot_bringup) by extensions ['ignore', 'ignore_ament_install']
[0.294s] Level 1:colcon.colcon_core.package_identification:_identify(src/robot_bringup) by extension 'ignore'
[0.294s] Level 1:colcon.colcon_core.package_identification:_identify(src/robot_bringup) by extension 'ignore_ament_install'
[0.294s] Level 1:colcon.colcon_core.package_identification:_identify(src/robot_bringup) by extensions ['colcon_pkg']
[0.294s] Level 1:colcon.colcon_core.package_identification:_identify(src/robot_bringup) by extension 'colcon_pkg'
[0.294s] Level 1:colcon.colcon_core.package_identification:_identify(src/robot_bringup) by extensions ['colcon_meta']
[0.294s] Level 1:colcon.colcon_core.package_identification:_identify(src/robot_bringup) by extension 'colcon_meta'
[0.294s] Level 1:colcon.colcon_core.package_identification:_identify(src/robot_bringup) by extensions ['ros']
[0.294s] Level 1:colcon.colcon_core.package_identification:_identify(src/robot_bringup) by extension 'ros'
[0.297s] DEBUG:colcon.colcon_core.package_identification:Package 'src/robot_bringup' with type 'ros.ament_python' and name 'robot_bringup'
[0.297s] Level 1:colcon.colcon_core.package_identification:_identify(src/robot_controller) by extensions ['ignore', 'ignore_ament_install']
[0.297s] Level 1:colcon.colcon_core.package_identification:_identify(src/robot_controller) by extension 'ignore'
[0.297s] Level 1:colcon.colcon_core.package_identification:_identify(src/robot_controller) by extension 'ignore_ament_install'
[0.297s] Level 1:colcon.colcon_core.package_identification:_identify(src/robot_controller) by extensions ['colcon_pkg']
[0.297s] Level 1:colcon.colcon_core.package_identification:_identify(src/robot_controller) by extension 'colcon_pkg'
[0.297s] Level 1:colcon.colcon_core.package_identification:_identify(src/robot_controller) by extensions ['colcon_meta']
[0.297s] Level 1:colcon.colcon_core.package_identification:_identify(src/robot_controller) by extension 'colcon_meta'
[0.298s] Level 1:colcon.colcon_core.package_identification:_identify(src/robot_controller) by extensions ['ros']
[0.298s] Level 1:colcon.colcon_core.package_identification:_identify(src/robot_controller) by extension 'ros'
[0.299s] DEBUG:colcon.colcon_core.package_identification:Package 'src/robot_controller' with type 'ros.ament_python' and name 'robot_controller'
[0.299s] Level 1:colcon.colcon_core.package_identification:_identify(src/robot_interfaces) by extensions ['ignore', 'ignore_ament_install']
[0.299s] Level 1:colcon.colcon_core.package_identification:_identify(src/robot_interfaces) by extension 'ignore'
[0.299s] Level 1:colcon.colcon_core.package_identification:_identify(src/robot_interfaces) by extension 'ignore_ament_install'
[0.299s] Level 1:colcon.colcon_core.package_identification:_identify(src/robot_interfaces) by extensions ['colcon_pkg']
[0.299s] Level 1:colcon.colcon_core.package_identification:_identify(src/robot_interfaces) by extension 'colcon_pkg'
[0.299s] Level 1:colcon.colcon_core.package_identification:_identify(src/robot_interfaces) by extensions ['colcon_meta']
[0.299s] Level 1:colcon.colcon_core.package_identification:_identify(src/robot_interfaces) by extension 'colcon_meta'
[0.299s] Level 1:colcon.colcon_core.package_identification:_identify(src/robot_interfaces) by extensions ['ros']
[0.299s] Level 1:colcon.colcon_core.package_identification:_identify(src/robot_interfaces) by extension 'ros'
[0.300s] DEBUG:colcon.colcon_core.package_identification:Package 'src/robot_interfaces' with type 'ros.ament_cmake' and name 'robot_interfaces'
[0.300s] Level 1:colcon.colcon_core.package_identification:_identify(src/robot_sensor) by extensions ['ignore', 'ignore_ament_install']
[0.300s] Level 1:colcon.colcon_core.package_identification:_identify(src/robot_sensor) by extension 'ignore'
[0.300s] Level 1:colcon.colcon_core.package_identification:_identify(src/robot_sensor) by extension 'ignore_ament_install'
[0.300s] Level 1:colcon.colcon_core.package_identification:_identify(src/robot_sensor) by extensions ['colcon_pkg']
[0.300s] Level 1:colcon.colcon_core.package_identification:_identify(src/robot_sensor) by extension 'colcon_pkg'
[0.300s] Level 1:colcon.colcon_core.package_identification:_identify(src/robot_sensor) by extensions ['colcon_meta']
[0.300s] Level 1:colcon.colcon_core.package_identification:_identify(src/robot_sensor) by extension 'colcon_meta'
[0.301s] Level 1:colcon.colcon_core.package_identification:_identify(src/robot_sensor) by extensions ['ros']
[0.301s] Level 1:colcon.colcon_core.package_identification:_identify(src/robot_sensor) by extension 'ros'
[0.302s] DEBUG:colcon.colcon_core.package_identification:Package 'src/robot_sensor' with type 'ros.ament_python' and name 'robot_sensor'
[0.302s] Level 1:colcon.colcon_core.package_identification:_identify(src/robot_solver) by extensions ['ignore', 'ignore_ament_install']
[0.302s] Level 1:colcon.colcon_core.package_identification:_identify(src/robot_solver) by extension 'ignore'
[0.302s] Level 1:colcon.colcon_core.package_identification:_identify(src/robot_solver) by extension 'ignore_ament_install'
[0.302s] Level 1:colcon.colcon_core.package_identification:_identify(src/robot_solver) by extensions ['colcon_pkg']
[0.302s] Level 1:colcon.colcon_core.package_identification:_identify(src/robot_solver) by extension 'colcon_pkg'
[0.302s] Level 1:colcon.colcon_core.package_identification:_identify(src/robot_solver) by extensions ['colcon_meta']
[0.302s] Level 1:colcon.colcon_core.package_identification:_identify(src/robot_solver) by extension 'colcon_meta'
[0.302s] Level 1:colcon.colcon_core.package_identification:_identify(src/robot_solver) by extensions ['ros']
[0.302s] Level 1:colcon.colcon_core.package_identification:_identify(src/robot_solver) by extension 'ros'
[0.303s] DEBUG:colcon.colcon_core.package_identification:Package 'src/robot_solver' with type 'ros.ament_python' and name 'robot_solver'
[0.303s] Level 1:colcon.colcon_core.package_identification:_identify(src/robot_tracker) by extensions ['ignore', 'ignore_ament_install']
[0.303s] Level 1:colcon.colcon_core.package_identification:_identify(src/robot_tracker) by extension 'ignore'
[0.303s] Level 1:colcon.colcon_core.package_identification:_identify(src/robot_tracker) by extension 'ignore_ament_install'
[0.303s] Level 1:colcon.colcon_core.package_identification:_identify(src/robot_tracker) by extensions ['colcon_pkg']
[0.303s] Level 1:colcon.colcon_core.package_identification:_identify(src/robot_tracker) by extension 'colcon_pkg'
[0.303s] Level 1:colcon.colcon_core.package_identification:_identify(src/robot_tracker) by extensions ['colcon_meta']
[0.303s] Level 1:colcon.colcon_core.package_identification:_identify(src/robot_tracker) by extension 'colcon_meta'
[0.303s] Level 1:colcon.colcon_core.package_identification:_identify(src/robot_tracker) by extensions ['ros']
[0.303s] Level 1:colcon.colcon_core.package_identification:_identify(src/robot_tracker) by extension 'ros'
[0.304s] DEBUG:colcon.colcon_core.package_identification:Package 'src/robot_tracker' with type 'ros.ament_python' and name 'robot_tracker'
[0.304s] Level 1:colcon.colcon_core.package_discovery:discover_packages(recursive) using defaults
[0.305s] Level 1:colcon.colcon_core.package_discovery:discover_packages(ignore) discover
[0.305s] Level 1:colcon.colcon_core.package_discovery:discover_packages(ignore) using defaults
[0.305s] Level 1:colcon.colcon_core.package_discovery:discover_packages(path) discover
[0.305s] Level 1:colcon.colcon_core.package_discovery:discover_packages(path) using defaults
[0.337s] Level 1:colcon.colcon_core.package_discovery:discover_packages(prefix_path) check parameters
[0.337s] Level 1:colcon.colcon_core.package_discovery:discover_packages(prefix_path) discover
[0.339s] DEBUG:colcon.colcon_installed_package_information.package_discovery:Found 6 installed packages in /home/fhs/ros2_ws/install
[0.341s] DEBUG:colcon.colcon_installed_package_information.package_discovery:Found 288 installed packages in /opt/ros/humble
[0.342s] Level 1:colcon.colcon_core.package_discovery:discover_packages(prefix_path) using defaults
[0.381s] Level 5:colcon.colcon_core.verb:set package 'robot_bringup' build argument 'cmake_args' from command line to 'None'
[0.381s] Level 5:colcon.colcon_core.verb:set package 'robot_bringup' build argument 'cmake_target' from command line to 'None'
[0.381s] Level 5:colcon.colcon_core.verb:set package 'robot_bringup' build argument 'cmake_target_skip_unavailable' from command line to 'False'
[0.381s] Level 5:colcon.colcon_core.verb:set package 'robot_bringup' build argument 'cmake_clean_cache' from command line to 'False'
[0.381s] Level 5:colcon.colcon_core.verb:set package 'robot_bringup' build argument 'cmake_clean_first' from command line to 'False'
[0.381s] Level 5:colcon.colcon_core.verb:set package 'robot_bringup' build argument 'cmake_force_configure' from command line to 'False'
[0.381s] Level 5:colcon.colcon_core.verb:set package 'robot_bringup' build argument 'ament_cmake_args' from command line to 'None'
[0.381s] Level 5:colcon.colcon_core.verb:set package 'robot_bringup' build argument 'catkin_cmake_args' from command line to 'None'
[0.381s] Level 5:colcon.colcon_core.verb:set package 'robot_bringup' build argument 'catkin_skip_building_tests' from command line to 'False'
[0.381s] DEBUG:colcon.colcon_core.verb:Building package 'robot_bringup' with the following arguments: {'ament_cmake_args': None, 'build_base': '/home/fhs/ros2_ws/build/robot_bringup', 'catkin_cmake_args': None, 'catkin_skip_building_tests': False, 'cmake_args': None, 'cmake_clean_cache': False, 'cmake_clean_first': False, 'cmake_force_configure': False, 'cmake_target': None, 'cmake_target_skip_unavailable': False, 'install_base': '/home/fhs/ros2_ws/install/robot_bringup', 'merge_install': False, 'path': '/home/fhs/ros2_ws/src/robot_bringup', 'symlink_install': False, 'test_result_base': None}
[0.382s] Level 5:colcon.colcon_core.verb:set package 'robot_interfaces' build argument 'cmake_args' from command line to 'None'
[0.382s] Level 5:colcon.colcon_core.verb:set package 'robot_interfaces' build argument 'cmake_target' from command line to 'None'
[0.382s] Level 5:colcon.colcon_core.verb:set package 'robot_interfaces' build argument 'cmake_target_skip_unavailable' from command line to 'False'
[0.382s] Level 5:colcon.colcon_core.verb:set package 'robot_interfaces' build argument 'cmake_clean_cache' from command line to 'False'
[0.382s] Level 5:colcon.colcon_core.verb:set package 'robot_interfaces' build argument 'cmake_clean_first' from command line to 'False'
[0.382s] Level 5:colcon.colcon_core.verb:set package 'robot_interfaces' build argument 'cmake_force_configure' from command line to 'False'
[0.382s] Level 5:colcon.colcon_core.verb:set package 'robot_interfaces' build argument 'ament_cmake_args' from command line to 'None'
[0.382s] Level 5:colcon.colcon_core.verb:set package 'robot_interfaces' build argument 'catkin_cmake_args' from command line to 'None'
[0.382s] Level 5:colcon.colcon_core.verb:set package 'robot_interfaces' build argument 'catkin_skip_building_tests' from command line to 'False'
[0.382s] DEBUG:colcon.colcon_core.verb:Building package 'robot_interfaces' with the following arguments: {'ament_cmake_args': None, 'build_base': '/home/fhs/ros2_ws/build/robot_interfaces', 'catkin_cmake_args': None, 'catkin_skip_building_tests': False, 'cmake_args': None, 'cmake_clean_cache': False, 'cmake_clean_first': False, 'cmake_force_configure': False, 'cmake_target': None, 'cmake_target_skip_unavailable': False, 'install_base': '/home/fhs/ros2_ws/install/robot_interfaces', 'merge_install': False, 'path': '/home/fhs/ros2_ws/src/robot_interfaces', 'symlink_install': False, 'test_result_base': None}
[0.382s] Level 5:colcon.colcon_core.verb:set package 'robot_sensor' build argument 'cmake_args' from command line to 'None'
[0.382s] Level 5:colcon.colcon_core.verb:set package 'robot_sensor' build argument 'cmake_target' from command line to 'None'
[0.382s] Level 5:colcon.colcon_core.verb:set package 'robot_sensor' build argument 'cmake_target_skip_unavailable' from command line to 'False'
[0.382s] Level 5:colcon.colcon_core.verb:set package 'robot_sensor' build argument 'cmake_clean_cache' from command line to 'False'
[0.382s] Level 5:colcon.colcon_core.verb:set package 'robot_sensor' build argument 'cmake_clean_first' from command line to 'False'
[0.382s] Level 5:colcon.colcon_core.verb:set package 'robot_sensor' build argument 'cmake_force_configure' from command line to 'False'
[0.382s] Level 5:colcon.colcon_core.verb:set package 'robot_sensor' build argument 'ament_cmake_args' from command line to 'None'
[0.382s] Level 5:colcon.colcon_core.verb:set package 'robot_sensor' build argument 'catkin_cmake_args' from command line to 'None'
[0.382s] Level 5:colcon.colcon_core.verb:set package 'robot_sensor' build argument 'catkin_skip_building_tests' from command line to 'False'
[0.382s] DEBUG:colcon.colcon_core.verb:Building package 'robot_sensor' with the following arguments: {'ament_cmake_args': None, 'build_base': '/home/fhs/ros2_ws/build/robot_sensor', 'catkin_cmake_args': None, 'catkin_skip_building_tests': False, 'cmake_args': None, 'cmake_clean_cache': False, 'cmake_clean_first': False, 'cmake_force_configure': False, 'cmake_target': None, 'cmake_target_skip_unavailable': False, 'install_base': '/home/fhs/ros2_ws/install/robot_sensor', 'merge_install': False, 'path': '/home/fhs/ros2_ws/src/robot_sensor', 'symlink_install': False, 'test_result_base': None}
[0.383s] Level 5:colcon.colcon_core.verb:set package 'robot_tracker' build argument 'cmake_args' from command line to 'None'
[0.383s] Level 5:colcon.colcon_core.verb:set package 'robot_tracker' build argument 'cmake_target' from command line to 'None'
[0.383s] Level 5:colcon.colcon_core.verb:set package 'robot_tracker' build argument 'cmake_target_skip_unavailable' from command line to 'False'
[0.383s] Level 5:colcon.colcon_core.verb:set package 'robot_tracker' build argument 'cmake_clean_cache' from command line to 'False'
[0.383s] Level 5:colcon.colcon_core.verb:set package 'robot_tracker' build argument 'cmake_clean_first' from command line to 'False'
[0.383s] Level 5:colcon.colcon_core.verb:set package 'robot_tracker' build argument 'cmake_force_configure' from command line to 'False'
[0.383s] Level 5:colcon.colcon_core.verb:set package 'robot_tracker' build argument 'ament_cmake_args' from command line to 'None'
[0.383s] Level 5:colcon.colcon_core.verb:set package 'robot_tracker' build argument 'catkin_cmake_args' from command line to 'None'
[0.383s] Level 5:colcon.colcon_core.verb:set package 'robot_tracker' build argument 'catkin_skip_building_tests' from command line to 'False'
[0.383s] DEBUG:colcon.colcon_core.verb:Building package 'robot_tracker' with the following arguments: {'ament_cmake_args': None, 'build_base': '/home/fhs/ros2_ws/build/robot_tracker', 'catkin_cmake_args': None, 'catkin_skip_building_tests': False, 'cmake_args': None, 'cmake_clean_cache': False, 'cmake_clean_first': False, 'cmake_force_configure': False, 'cmake_target': None, 'cmake_target_skip_unavailable': False, 'install_base': '/home/fhs/ros2_ws/install/robot_tracker', 'merge_install': False, 'path': '/home/fhs/ros2_ws/src/robot_tracker', 'symlink_install': False, 'test_result_base': None}
[0.383s] Level 5:colcon.colcon_core.verb:set package 'robot_controller' build argument 'cmake_args' from command line to 'None'
[0.383s] Level 5:colcon.colcon_core.verb:set package 'robot_controller' build argument 'cmake_target' from command line to 'None'
[0.383s] Level 5:colcon.colcon_core.verb:set package 'robot_controller' build argument 'cmake_target_skip_unavailable' from command line to 'False'
[0.383s] Level 5:colcon.colcon_core.verb:set package 'robot_controller' build argument 'cmake_clean_cache' from command line to 'False'
[0.383s] Level 5:colcon.colcon_core.verb:set package 'robot_controller' build argument 'cmake_clean_first' from command line to 'False'
[0.383s] Level 5:colcon.colcon_core.verb:set package 'robot_controller' build argument 'cmake_force_configure' from command line to 'False'
[0.383s] Level 5:colcon.colcon_core.verb:set package 'robot_controller' build argument 'ament_cmake_args' from command line to 'None'
[0.383s] Level 5:colcon.colcon_core.verb:set package 'robot_controller' build argument 'catkin_cmake_args' from command line to 'None'
[0.383s] Level 5:colcon.colcon_core.verb:set package 'robot_controller' build argument 'catkin_skip_building_tests' from command line to 'False'
[0.384s] DEBUG:colcon.colcon_core.verb:Building package 'robot_controller' with the following arguments: {'ament_cmake_args': None, 'build_base': '/home/fhs/ros2_ws/build/robot_controller', 'catkin_cmake_args': None, 'catkin_skip_building_tests': False, 'cmake_args': None, 'cmake_clean_cache': False, 'cmake_clean_first': False, 'cmake_force_configure': False, 'cmake_target': None, 'cmake_target_skip_unavailable': False, 'install_base': '/home/fhs/ros2_ws/install/robot_controller', 'merge_install': False, 'path': '/home/fhs/ros2_ws/src/robot_controller', 'symlink_install': False, 'test_result_base': None}
[0.384s] Level 5:colcon.colcon_core.verb:set package 'robot_solver' build argument 'cmake_args' from command line to 'None'
[0.384s] Level 5:colcon.colcon_core.verb:set package 'robot_solver' build argument 'cmake_target' from command line to 'None'
[0.384s] Level 5:colcon.colcon_core.verb:set package 'robot_solver' build argument 'cmake_target_skip_unavailable' from command line to 'False'
[0.384s] Level 5:colcon.colcon_core.verb:set package 'robot_solver' build argument 'cmake_clean_cache' from command line to 'False'
[0.384s] Level 5:colcon.colcon_core.verb:set package 'robot_solver' build argument 'cmake_clean_first' from command line to 'False'
[0.384s] Level 5:colcon.colcon_core.verb:set package 'robot_solver' build argument 'cmake_force_configure' from command line to 'False'
[0.384s] Level 5:colcon.colcon_core.verb:set package 'robot_solver' build argument 'ament_cmake_args' from command line to 'None'
[0.384s] Level 5:colcon.colcon_core.verb:set package 'robot_solver' build argument 'catkin_cmake_args' from command line to 'None'
[0.384s] Level 5:colcon.colcon_core.verb:set package 'robot_solver' build argument 'catkin_skip_building_tests' from command line to 'False'
[0.384s] DEBUG:colcon.colcon_core.verb:Building package 'robot_solver' with the following arguments: {'ament_cmake_args': None, 'build_base': '/home/fhs/ros2_ws/build/robot_solver', 'catkin_cmake_args': None, 'catkin_skip_building_tests': False, 'cmake_args': None, 'cmake_clean_cache': False, 'cmake_clean_first': False, 'cmake_force_configure': False, 'cmake_target': None, 'cmake_target_skip_unavailable': False, 'install_base': '/home/fhs/ros2_ws/install/robot_solver', 'merge_install': False, 'path': '/home/fhs/ros2_ws/src/robot_solver', 'symlink_install': False, 'test_result_base': None}
[0.384s] INFO:colcon.colcon_core.executor:Executing jobs using 'parallel' executor
[0.386s] DEBUG:colcon.colcon_parallel_executor.executor.parallel:run_until_complete
[0.386s] INFO:colcon.colcon_ros.task.ament_cmake.build:Building ROS package in '/home/fhs/ros2_ws/src/robot_interfaces' with build type 'ament_cmake'
[0.386s] INFO:colcon.colcon_cmake.task.cmake.build:Building CMake package in '/home/fhs/ros2_ws/src/robot_interfaces'
[0.388s] INFO:colcon.colcon_core.plugin_system:Skipping extension 'colcon_core.shell.bat': Not used on non-Windows systems
[0.388s] INFO:colcon.colcon_core.shell:Skip shell extension 'powershell' for command environment: Not usable outside of PowerShell
[0.388s] DEBUG:colcon.colcon_core.shell:Skip shell extension 'dsv' for command environment
[0.392s] INFO:colcon.colcon_ros.task.ament_python.build:Building ROS package in '/home/fhs/ros2_ws/src/robot_bringup' with build type 'ament_python'
[0.392s] Level 1:colcon.colcon_core.shell:create_environment_hook('robot_bringup', 'ament_prefix_path')
[0.392s] INFO:colcon.colcon_core.shell:Creating environment hook '/home/fhs/ros2_ws/install/robot_bringup/share/robot_bringup/hook/ament_prefix_path.ps1'
[0.393s] INFO:colcon.colcon_core.shell:Creating environment descriptor '/home/fhs/ros2_ws/install/robot_bringup/share/robot_bringup/hook/ament_prefix_path.dsv'
[0.393s] INFO:colcon.colcon_core.shell:Creating environment hook '/home/fhs/ros2_ws/install/robot_bringup/share/robot_bringup/hook/ament_prefix_path.sh'
[0.394s] INFO:colcon.colcon_core.shell:Skip shell extension 'powershell' for command environment: Not usable outside of PowerShell
[0.394s] DEBUG:colcon.colcon_core.shell:Skip shell extension 'dsv' for command environment
[0.398s] INFO:colcon.colcon_ros.task.ament_python.build:Building ROS package in '/home/fhs/ros2_ws/src/robot_sensor' with build type 'ament_python'
[0.398s] Level 1:colcon.colcon_core.shell:create_environment_hook('robot_sensor', 'ament_prefix_path')
[0.398s] INFO:colcon.colcon_core.shell:Creating environment hook '/home/fhs/ros2_ws/install/robot_sensor/share/robot_sensor/hook/ament_prefix_path.ps1'
[0.399s] INFO:colcon.colcon_core.shell:Creating environment descriptor '/home/fhs/ros2_ws/install/robot_sensor/share/robot_sensor/hook/ament_prefix_path.dsv'
[0.399s] INFO:colcon.colcon_core.shell:Creating environment hook '/home/fhs/ros2_ws/install/robot_sensor/share/robot_sensor/hook/ament_prefix_path.sh'
[0.399s] INFO:colcon.colcon_core.shell:Skip shell extension 'powershell' for command environment: Not usable outside of PowerShell
[0.400s] DEBUG:colcon.colcon_core.shell:Skip shell extension 'dsv' for command environment
[0.403s] INFO:colcon.colcon_ros.task.ament_python.build:Building ROS package in '/home/fhs/ros2_ws/src/robot_tracker' with build type 'ament_python'
[0.403s] Level 1:colcon.colcon_core.shell:create_environment_hook('robot_tracker', 'ament_prefix_path')
[0.403s] INFO:colcon.colcon_core.shell:Creating environment hook '/home/fhs/ros2_ws/install/robot_tracker/share/robot_tracker/hook/ament_prefix_path.ps1'
[0.404s] INFO:colcon.colcon_core.shell:Creating environment descriptor '/home/fhs/ros2_ws/install/robot_tracker/share/robot_tracker/hook/ament_prefix_path.dsv'
[0.404s] INFO:colcon.colcon_core.shell:Creating environment hook '/home/fhs/ros2_ws/install/robot_tracker/share/robot_tracker/hook/ament_prefix_path.sh'
[0.405s] INFO:colcon.colcon_core.shell:Skip shell extension 'powershell' for command environment: Not usable outside of PowerShell
[0.405s] DEBUG:colcon.colcon_core.shell:Skip shell extension 'dsv' for command environment
[0.414s] DEBUG:colcon.colcon_core.event_handler.log_command:Invoking command in '/home/fhs/ros2_ws/build/robot_interfaces': CMAKE_PREFIX_PATH=${CMAKE_PREFIX_PATH}:/home/fhs/ros2_ws/install/robot_tracker:/home/fhs/ros2_ws/install/robot_sensor:/home/fhs/ros2_ws/install/robot_controller:/home/fhs/ros2_ws/install/robot_bringup:/opt/ros/humble CONDA_PROMPT_MODIFIER=(base) /usr/bin/cmake --build /home/fhs/ros2_ws/build/robot_interfaces -- -j20 -l20
[0.632s] INFO:colcon.colcon_core.task.python.build:Building Python package in '/home/fhs/ros2_ws/src/robot_bringup'
[0.632s] INFO:colcon.colcon_core.shell:Skip shell extension 'powershell' for command environment: Not usable outside of PowerShell
[0.633s] DEBUG:colcon.colcon_core.shell:Skip shell extension 'dsv' for command environment
[0.856s] INFO:colcon.colcon_core.task.python.build:Building Python package in '/home/fhs/ros2_ws/src/robot_sensor'
[0.857s] INFO:colcon.colcon_core.shell:Skip shell extension 'powershell' for command environment: Not usable outside of PowerShell
[0.857s] DEBUG:colcon.colcon_core.shell:Skip shell extension 'dsv' for command environment
[1.078s] INFO:colcon.colcon_core.task.python.build:Building Python package in '/home/fhs/ros2_ws/src/robot_tracker'
[1.078s] INFO:colcon.colcon_core.shell:Skip shell extension 'powershell' for command environment: Not usable outside of PowerShell
[1.078s] DEBUG:colcon.colcon_core.shell:Skip shell extension 'dsv' for command environment
[1.363s] DEBUG:colcon.colcon_core.event_handler.log_command:Invoking command in '/home/fhs/ros2_ws/src/robot_bringup': CONDA_PROMPT_MODIFIER=(base) PYTHONPATH=/home/fhs/ros2_ws/build/robot_bringup/prefix_override:/usr/lib/python3/dist-packages/colcon_core/task/python/colcon_distutils_commands:/home/fhs/ros2_ws/install/robot_bringup/lib/python3.10/site-packages:${PYTHONPATH} /usr/bin/python3 -W ignore:setup.py install is deprecated -W ignore:easy_install command is deprecated setup.py egg_info --egg-base ../../build/robot_bringup build --build-base /home/fhs/ros2_ws/build/robot_bringup/build install --record /home/fhs/ros2_ws/build/robot_bringup/install.log --single-version-externally-managed install_data
[1.428s] DEBUG:colcon.colcon_core.event_handler.log_command:Invoking command in '/home/fhs/ros2_ws/src/robot_tracker': CONDA_PROMPT_MODIFIER=(base) PYTHONPATH=/home/fhs/ros2_ws/build/robot_tracker/prefix_override:/usr/lib/python3/dist-packages/colcon_core/task/python/colcon_distutils_commands:/home/fhs/ros2_ws/install/robot_tracker/lib/python3.10/site-packages:${PYTHONPATH} /usr/bin/python3 -W ignore:setup.py install is deprecated -W ignore:easy_install command is deprecated setup.py egg_info --egg-base ../../build/robot_tracker build --build-base /home/fhs/ros2_ws/build/robot_tracker/build install --record /home/fhs/ros2_ws/build/robot_tracker/install.log --single-version-externally-managed install_data
[1.430s] DEBUG:colcon.colcon_core.event_handler.log_command:Invoking command in '/home/fhs/ros2_ws/src/robot_sensor': CONDA_PROMPT_MODIFIER=(base) PYTHONPATH=/home/fhs/ros2_ws/build/robot_sensor/prefix_override:/usr/lib/python3/dist-packages/colcon_core/task/python/colcon_distutils_commands:/home/fhs/ros2_ws/install/robot_sensor/lib/python3.10/site-packages:${PYTHONPATH} /usr/bin/python3 -W ignore:setup.py install is deprecated -W ignore:easy_install command is deprecated setup.py egg_info --egg-base ../../build/robot_sensor build --build-base /home/fhs/ros2_ws/build/robot_sensor/build install --record /home/fhs/ros2_ws/build/robot_sensor/install.log --single-version-externally-managed install_data
[1.608s] DEBUG:colcon.colcon_core.event_handler.log_command:Invoked command in '/home/fhs/ros2_ws/src/robot_bringup' returned '0': CONDA_PROMPT_MODIFIER=(base) PYTHONPATH=/home/fhs/ros2_ws/build/robot_bringup/prefix_override:/usr/lib/python3/dist-packages/colcon_core/task/python/colcon_distutils_commands:/home/fhs/ros2_ws/install/robot_bringup/lib/python3.10/site-packages:${PYTHONPATH} /usr/bin/python3 -W ignore:setup.py install is deprecated -W ignore:easy_install command is deprecated setup.py egg_info --egg-base ../../build/robot_bringup build --build-base /home/fhs/ros2_ws/build/robot_bringup/build install --record /home/fhs/ros2_ws/build/robot_bringup/install.log --single-version-externally-managed install_data
[1.612s] Level 1:colcon.colcon_core.environment:checking '/home/fhs/ros2_ws/install/robot_bringup' for CMake module files
[1.612s] Level 1:colcon.colcon_core.environment:checking '/home/fhs/ros2_ws/install/robot_bringup' for CMake config files
[1.613s] Level 1:colcon.colcon_core.environment:checking '/home/fhs/ros2_ws/install/robot_bringup/lib'
[1.613s] Level 1:colcon.colcon_core.environment:checking '/home/fhs/ros2_ws/install/robot_bringup/bin'
[1.613s] Level 1:colcon.colcon_core.environment:checking '/home/fhs/ros2_ws/install/robot_bringup/lib/pkgconfig/robot_bringup.pc'
[1.613s] Level 1:colcon.colcon_core.environment:checking '/home/fhs/ros2_ws/install/robot_bringup/lib/python3.10/site-packages'
[1.613s] Level 1:colcon.colcon_core.shell:create_environment_hook('robot_bringup', 'pythonpath')
[1.614s] INFO:colcon.colcon_core.shell:Creating environment hook '/home/fhs/ros2_ws/install/robot_bringup/share/robot_bringup/hook/pythonpath.ps1'
[1.614s] INFO:colcon.colcon_core.shell:Creating environment descriptor '/home/fhs/ros2_ws/install/robot_bringup/share/robot_bringup/hook/pythonpath.dsv'
[1.615s] INFO:colcon.colcon_core.shell:Creating environment hook '/home/fhs/ros2_ws/install/robot_bringup/share/robot_bringup/hook/pythonpath.sh'
[1.615s] Level 1:colcon.colcon_core.environment:checking '/home/fhs/ros2_ws/install/robot_bringup/bin'
[1.615s] Level 1:colcon.colcon_core.environment:create_environment_scripts_only(robot_bringup)
[1.616s] INFO:colcon.colcon_core.shell:Creating package script '/home/fhs/ros2_ws/install/robot_bringup/share/robot_bringup/package.ps1'
[1.617s] INFO:colcon.colcon_core.shell:Creating package descriptor '/home/fhs/ros2_ws/install/robot_bringup/share/robot_bringup/package.dsv'
[1.618s] INFO:colcon.colcon_core.shell:Creating package script '/home/fhs/ros2_ws/install/robot_bringup/share/robot_bringup/package.sh'
[1.619s] INFO:colcon.colcon_core.shell:Creating package script '/home/fhs/ros2_ws/install/robot_bringup/share/robot_bringup/package.bash'
[1.619s] INFO:colcon.colcon_core.shell:Creating package script '/home/fhs/ros2_ws/install/robot_bringup/share/robot_bringup/package.zsh'
[1.620s] Level 1:colcon.colcon_core.environment:create_file_with_runtime_dependencies(/home/fhs/ros2_ws/install/robot_bringup/share/colcon-core/packages/robot_bringup)
[1.687s] Level 1:colcon.colcon_core.environment:checking '/home/fhs/ros2_ws/install/robot_tracker' for CMake module files
[1.687s] DEBUG:colcon.colcon_core.event_handler.log_command:Invoked command in '/home/fhs/ros2_ws/src/robot_tracker' returned '0': CONDA_PROMPT_MODIFIER=(base) PYTHONPATH=/home/fhs/ros2_ws/build/robot_tracker/prefix_override:/usr/lib/python3/dist-packages/colcon_core/task/python/colcon_distutils_commands:/home/fhs/ros2_ws/install/robot_tracker/lib/python3.10/site-packages:${PYTHONPATH} /usr/bin/python3 -W ignore:setup.py install is deprecated -W ignore:easy_install command is deprecated setup.py egg_info --egg-base ../../build/robot_tracker build --build-base /home/fhs/ros2_ws/build/robot_tracker/build install --record /home/fhs/ros2_ws/build/robot_tracker/install.log --single-version-externally-managed install_data
[1.688s] Level 1:colcon.colcon_core.environment:checking '/home/fhs/ros2_ws/install/robot_tracker' for CMake config files
[1.688s] Level 1:colcon.colcon_core.environment:checking '/home/fhs/ros2_ws/install/robot_tracker/lib'
[1.688s] Level 1:colcon.colcon_core.environment:checking '/home/fhs/ros2_ws/install/robot_tracker/bin'
[1.688s] Level 1:colcon.colcon_core.environment:checking '/home/fhs/ros2_ws/install/robot_tracker/lib/pkgconfig/robot_tracker.pc'
[1.688s] Level 1:colcon.colcon_core.environment:checking '/home/fhs/ros2_ws/install/robot_tracker/lib/python3.10/site-packages'
[1.688s] Level 1:colcon.colcon_core.shell:create_environment_hook('robot_tracker', 'pythonpath')
[1.689s] INFO:colcon.colcon_core.shell:Creating environment hook '/home/fhs/ros2_ws/install/robot_tracker/share/robot_tracker/hook/pythonpath.ps1'
[1.689s] INFO:colcon.colcon_core.shell:Creating environment descriptor '/home/fhs/ros2_ws/install/robot_tracker/share/robot_tracker/hook/pythonpath.dsv'
[1.690s] INFO:colcon.colcon_core.shell:Creating environment hook '/home/fhs/ros2_ws/install/robot_tracker/share/robot_tracker/hook/pythonpath.sh'
[1.690s] Level 1:colcon.colcon_core.environment:checking '/home/fhs/ros2_ws/install/robot_tracker/bin'
[1.690s] Level 1:colcon.colcon_core.environment:create_environment_scripts_only(robot_tracker)
[1.691s] INFO:colcon.colcon_core.shell:Creating package script '/home/fhs/ros2_ws/install/robot_tracker/share/robot_tracker/package.ps1'
[1.691s] INFO:colcon.colcon_core.shell:Creating package descriptor '/home/fhs/ros2_ws/install/robot_tracker/share/robot_tracker/package.dsv'
[1.691s] INFO:colcon.colcon_core.shell:Creating package script '/home/fhs/ros2_ws/install/robot_tracker/share/robot_tracker/package.sh'
[1.692s] INFO:colcon.colcon_core.shell:Creating package script '/home/fhs/ros2_ws/install/robot_tracker/share/robot_tracker/package.bash'
[1.692s] INFO:colcon.colcon_core.shell:Creating package script '/home/fhs/ros2_ws/install/robot_tracker/share/robot_tracker/package.zsh'
[1.692s] Level 1:colcon.colcon_core.environment:create_file_with_runtime_dependencies(/home/fhs/ros2_ws/install/robot_tracker/share/colcon-core/packages/robot_tracker)
[1.727s] Level 1:colcon.colcon_core.environment:checking '/home/fhs/ros2_ws/install/robot_sensor' for CMake module files
[1.728s] DEBUG:colcon.colcon_core.event_handler.log_command:Invoked command in '/home/fhs/ros2_ws/src/robot_sensor' returned '0': CONDA_PROMPT_MODIFIER=(base) PYTHONPATH=/home/fhs/ros2_ws/build/robot_sensor/prefix_override:/usr/lib/python3/dist-packages/colcon_core/task/python/colcon_distutils_commands:/home/fhs/ros2_ws/install/robot_sensor/lib/python3.10/site-packages:${PYTHONPATH} /usr/bin/python3 -W ignore:setup.py install is deprecated -W ignore:easy_install command is deprecated setup.py egg_info --egg-base ../../build/robot_sensor build --build-base /home/fhs/ros2_ws/build/robot_sensor/build install --record /home/fhs/ros2_ws/build/robot_sensor/install.log --single-version-externally-managed install_data
[1.728s] Level 1:colcon.colcon_core.environment:checking '/home/fhs/ros2_ws/install/robot_sensor' for CMake config files
[1.729s] Level 1:colcon.colcon_core.environment:checking '/home/fhs/ros2_ws/install/robot_sensor/lib'
[1.729s] Level 1:colcon.colcon_core.environment:checking '/home/fhs/ros2_ws/install/robot_sensor/bin'
[1.729s] Level 1:colcon.colcon_core.environment:checking '/home/fhs/ros2_ws/install/robot_sensor/lib/pkgconfig/robot_sensor.pc'
[1.729s] Level 1:colcon.colcon_core.environment:checking '/home/fhs/ros2_ws/install/robot_sensor/lib/python3.10/site-packages'
[1.729s] Level 1:colcon.colcon_core.shell:create_environment_hook('robot_sensor', 'pythonpath')
[1.729s] INFO:colcon.colcon_core.shell:Creating environment hook '/home/fhs/ros2_ws/install/robot_sensor/share/robot_sensor/hook/pythonpath.ps1'
[1.730s] INFO:colcon.colcon_core.shell:Creating environment descriptor '/home/fhs/ros2_ws/install/robot_sensor/share/robot_sensor/hook/pythonpath.dsv'
[1.730s] INFO:colcon.colcon_core.shell:Creating environment hook '/home/fhs/ros2_ws/install/robot_sensor/share/robot_sensor/hook/pythonpath.sh'
[1.731s] Level 1:colcon.colcon_core.environment:checking '/home/fhs/ros2_ws/install/robot_sensor/bin'
[1.731s] Level 1:colcon.colcon_core.environment:create_environment_scripts_only(robot_sensor)
[1.732s] INFO:colcon.colcon_core.shell:Creating package script '/home/fhs/ros2_ws/install/robot_sensor/share/robot_sensor/package.ps1'
[1.732s] INFO:colcon.colcon_core.shell:Creating package descriptor '/home/fhs/ros2_ws/install/robot_sensor/share/robot_sensor/package.dsv'
[1.732s] INFO:colcon.colcon_core.shell:Creating package script '/home/fhs/ros2_ws/install/robot_sensor/share/robot_sensor/package.sh'
[1.733s] INFO:colcon.colcon_core.shell:Creating package script '/home/fhs/ros2_ws/install/robot_sensor/share/robot_sensor/package.bash'
[1.733s] INFO:colcon.colcon_core.shell:Creating package script '/home/fhs/ros2_ws/install/robot_sensor/share/robot_sensor/package.zsh'
[1.733s] Level 1:colcon.colcon_core.environment:create_file_with_runtime_dependencies(/home/fhs/ros2_ws/install/robot_sensor/share/colcon-core/packages/robot_sensor)
[5.303s] DEBUG:colcon.colcon_core.event_handler.log_command:Invoked command in '/home/fhs/ros2_ws/build/robot_interfaces' returned '0': CMAKE_PREFIX_PATH=${CMAKE_PREFIX_PATH}:/home/fhs/ros2_ws/install/robot_tracker:/home/fhs/ros2_ws/install/robot_sensor:/home/fhs/ros2_ws/install/robot_controller:/home/fhs/ros2_ws/install/robot_bringup:/opt/ros/humble CONDA_PROMPT_MODIFIER=(base) /usr/bin/cmake --build /home/fhs/ros2_ws/build/robot_interfaces -- -j20 -l20
[5.316s] DEBUG:colcon.colcon_core.event_handler.log_command:Invoking command in '/home/fhs/ros2_ws/build/robot_interfaces': CMAKE_PREFIX_PATH=${CMAKE_PREFIX_PATH}:/home/fhs/ros2_ws/install/robot_tracker:/home/fhs/ros2_ws/install/robot_sensor:/home/fhs/ros2_ws/install/robot_controller:/home/fhs/ros2_ws/install/robot_bringup:/opt/ros/humble CONDA_PROMPT_MODIFIER=(base) /usr/bin/cmake --install /home/fhs/ros2_ws/build/robot_interfaces
[5.407s] Level 1:colcon.colcon_core.environment:create_environment_scripts_only(robot_interfaces)
[5.408s] DEBUG:colcon.colcon_core.event_handler.log_command:Invoked command in '/home/fhs/ros2_ws/build/robot_interfaces' returned '0': CMAKE_PREFIX_PATH=${CMAKE_PREFIX_PATH}:/home/fhs/ros2_ws/install/robot_tracker:/home/fhs/ros2_ws/install/robot_sensor:/home/fhs/ros2_ws/install/robot_controller:/home/fhs/ros2_ws/install/robot_bringup:/opt/ros/humble CONDA_PROMPT_MODIFIER=(base) /usr/bin/cmake --install /home/fhs/ros2_ws/build/robot_interfaces
[5.408s] Level 1:colcon.colcon_core.environment:checking '/home/fhs/ros2_ws/install/robot_interfaces' for CMake module files
[5.410s] Level 1:colcon.colcon_core.environment:checking '/home/fhs/ros2_ws/install/robot_interfaces' for CMake config files
[5.410s] Level 1:colcon.colcon_core.shell:create_environment_hook('robot_interfaces', 'cmake_prefix_path')
[5.410s] INFO:colcon.colcon_core.shell:Creating environment hook '/home/fhs/ros2_ws/install/robot_interfaces/share/robot_interfaces/hook/cmake_prefix_path.ps1'
[5.411s] INFO:colcon.colcon_core.shell:Creating environment descriptor '/home/fhs/ros2_ws/install/robot_interfaces/share/robot_interfaces/hook/cmake_prefix_path.dsv'
[5.411s] INFO:colcon.colcon_core.shell:Creating environment hook '/home/fhs/ros2_ws/install/robot_interfaces/share/robot_interfaces/hook/cmake_prefix_path.sh'
[5.412s] Level 1:colcon.colcon_core.environment:checking '/home/fhs/ros2_ws/install/robot_interfaces/lib'
[5.412s] Level 1:colcon.colcon_core.shell:create_environment_hook('robot_interfaces', 'ld_library_path_lib')
[5.412s] INFO:colcon.colcon_core.shell:Creating environment hook '/home/fhs/ros2_ws/install/robot_interfaces/share/robot_interfaces/hook/ld_library_path_lib.ps1'
[5.413s] INFO:colcon.colcon_core.shell:Creating environment descriptor '/home/fhs/ros2_ws/install/robot_interfaces/share/robot_interfaces/hook/ld_library_path_lib.dsv'
[5.413s] INFO:colcon.colcon_core.shell:Creating environment hook '/home/fhs/ros2_ws/install/robot_interfaces/share/robot_interfaces/hook/ld_library_path_lib.sh'
[5.413s] Level 1:colcon.colcon_core.environment:checking '/home/fhs/ros2_ws/install/robot_interfaces/bin'
[5.413s] Level 1:colcon.colcon_core.environment:checking '/home/fhs/ros2_ws/install/robot_interfaces/lib/pkgconfig/robot_interfaces.pc'
[5.413s] Level 1:colcon.colcon_core.environment:checking '/home/fhs/ros2_ws/install/robot_interfaces/lib/python3.10/site-packages'
[5.414s] Level 1:colcon.colcon_core.environment:checking '/home/fhs/ros2_ws/install/robot_interfaces/bin'
[5.414s] INFO:colcon.colcon_core.shell:Creating package script '/home/fhs/ros2_ws/install/robot_interfaces/share/robot_interfaces/package.ps1'
[5.414s] INFO:colcon.colcon_core.shell:Creating package descriptor '/home/fhs/ros2_ws/install/robot_interfaces/share/robot_interfaces/package.dsv'
[5.415s] INFO:colcon.colcon_core.shell:Creating package script '/home/fhs/ros2_ws/install/robot_interfaces/share/robot_interfaces/package.sh'
[5.415s] INFO:colcon.colcon_core.shell:Creating package script '/home/fhs/ros2_ws/install/robot_interfaces/share/robot_interfaces/package.bash'
[5.415s] INFO:colcon.colcon_core.shell:Creating package script '/home/fhs/ros2_ws/install/robot_interfaces/share/robot_interfaces/package.zsh'
[5.416s] Level 1:colcon.colcon_core.environment:create_file_with_runtime_dependencies(/home/fhs/ros2_ws/install/robot_interfaces/share/colcon-core/packages/robot_interfaces)
[5.416s] Level 1:colcon.colcon_core.environment:create_environment_scripts_only(robot_interfaces)
[5.416s] Level 1:colcon.colcon_core.environment:checking '/home/fhs/ros2_ws/install/robot_interfaces' for CMake module files
[5.417s] Level 1:colcon.colcon_core.environment:checking '/home/fhs/ros2_ws/install/robot_interfaces' for CMake config files
[5.417s] Level 1:colcon.colcon_core.shell:create_environment_hook('robot_interfaces', 'cmake_prefix_path')
[5.418s] INFO:colcon.colcon_core.shell:Creating environment hook '/home/fhs/ros2_ws/install/robot_interfaces/share/robot_interfaces/hook/cmake_prefix_path.ps1'
[5.418s] INFO:colcon.colcon_core.shell:Creating environment descriptor '/home/fhs/ros2_ws/install/robot_interfaces/share/robot_interfaces/hook/cmake_prefix_path.dsv'
[5.418s] INFO:colcon.colcon_core.shell:Creating environment hook '/home/fhs/ros2_ws/install/robot_interfaces/share/robot_interfaces/hook/cmake_prefix_path.sh'
[5.419s] Level 1:colcon.colcon_core.environment:checking '/home/fhs/ros2_ws/install/robot_interfaces/lib'
[5.419s] Level 1:colcon.colcon_core.shell:create_environment_hook('robot_interfaces', 'ld_library_path_lib')
[5.419s] INFO:colcon.colcon_core.shell:Creating environment hook '/home/fhs/ros2_ws/install/robot_interfaces/share/robot_interfaces/hook/ld_library_path_lib.ps1'
[5.419s] INFO:colcon.colcon_core.shell:Creating environment descriptor '/home/fhs/ros2_ws/install/robot_interfaces/share/robot_interfaces/hook/ld_library_path_lib.dsv'
[5.419s] INFO:colcon.colcon_core.shell:Creating environment hook '/home/fhs/ros2_ws/install/robot_interfaces/share/robot_interfaces/hook/ld_library_path_lib.sh'
[5.420s] Level 1:colcon.colcon_core.environment:checking '/home/fhs/ros2_ws/install/robot_interfaces/bin'
[5.420s] Level 1:colcon.colcon_core.environment:checking '/home/fhs/ros2_ws/install/robot_interfaces/lib/pkgconfig/robot_interfaces.pc'
[5.420s] Level 1:colcon.colcon_core.environment:checking '/home/fhs/ros2_ws/install/robot_interfaces/lib/python3.10/site-packages'
[5.420s] Level 1:colcon.colcon_core.environment:checking '/home/fhs/ros2_ws/install/robot_interfaces/bin'
[5.421s] INFO:colcon.colcon_core.shell:Creating package script '/home/fhs/ros2_ws/install/robot_interfaces/share/robot_interfaces/package.ps1'
[5.421s] INFO:colcon.colcon_core.shell:Creating package descriptor '/home/fhs/ros2_ws/install/robot_interfaces/share/robot_interfaces/package.dsv'
[5.422s] INFO:colcon.colcon_core.shell:Creating package script '/home/fhs/ros2_ws/install/robot_interfaces/share/robot_interfaces/package.sh'
[5.422s] INFO:colcon.colcon_core.shell:Creating package script '/home/fhs/ros2_ws/install/robot_interfaces/share/robot_interfaces/package.bash'
[5.422s] INFO:colcon.colcon_core.shell:Creating package script '/home/fhs/ros2_ws/install/robot_interfaces/share/robot_interfaces/package.zsh'
[5.423s] Level 1:colcon.colcon_core.environment:create_file_with_runtime_dependencies(/home/fhs/ros2_ws/install/robot_interfaces/share/colcon-core/packages/robot_interfaces)
[5.423s] INFO:colcon.colcon_ros.task.ament_python.build:Building ROS package in '/home/fhs/ros2_ws/src/robot_controller' with build type 'ament_python'
[5.423s] Level 1:colcon.colcon_core.shell:create_environment_hook('robot_controller', 'ament_prefix_path')
[5.423s] INFO:colcon.colcon_core.shell:Creating environment hook '/home/fhs/ros2_ws/install/robot_controller/share/robot_controller/hook/ament_prefix_path.ps1'
[5.424s] INFO:colcon.colcon_core.shell:Creating environment descriptor '/home/fhs/ros2_ws/install/robot_controller/share/robot_controller/hook/ament_prefix_path.dsv'
[5.424s] INFO:colcon.colcon_core.shell:Creating environment hook '/home/fhs/ros2_ws/install/robot_controller/share/robot_controller/hook/ament_prefix_path.sh'
[5.425s] INFO:colcon.colcon_core.shell:Skip shell extension 'powershell' for command environment: Not usable outside of PowerShell
[5.425s] DEBUG:colcon.colcon_core.shell:Skip shell extension 'dsv' for command environment
[5.428s] INFO:colcon.colcon_ros.task.ament_python.build:Building ROS package in '/home/fhs/ros2_ws/src/robot_solver' with build type 'ament_python'
[5.428s] Level 1:colcon.colcon_core.shell:create_environment_hook('robot_solver', 'ament_prefix_path')
[5.428s] INFO:colcon.colcon_core.shell:Creating environment hook '/home/fhs/ros2_ws/install/robot_solver/share/robot_solver/hook/ament_prefix_path.ps1'
[5.428s] INFO:colcon.colcon_core.shell:Creating environment descriptor '/home/fhs/ros2_ws/install/robot_solver/share/robot_solver/hook/ament_prefix_path.dsv'
[5.429s] INFO:colcon.colcon_core.shell:Creating environment hook '/home/fhs/ros2_ws/install/robot_solver/share/robot_solver/hook/ament_prefix_path.sh'
[5.429s] INFO:colcon.colcon_core.shell:Skip shell extension 'powershell' for command environment: Not usable outside of PowerShell
[5.429s] DEBUG:colcon.colcon_core.shell:Skip shell extension 'dsv' for command environment
[5.655s] INFO:colcon.colcon_core.task.python.build:Building Python package in '/home/fhs/ros2_ws/src/robot_controller'
[5.656s] INFO:colcon.colcon_core.shell:Skip shell extension 'powershell' for command environment: Not usable outside of PowerShell
[5.656s] DEBUG:colcon.colcon_core.shell:Skip shell extension 'dsv' for command environment
[5.880s] INFO:colcon.colcon_core.task.python.build:Building Python package in '/home/fhs/ros2_ws/src/robot_solver'
[5.881s] INFO:colcon.colcon_core.shell:Skip shell extension 'powershell' for command environment: Not usable outside of PowerShell
[5.881s] DEBUG:colcon.colcon_core.shell:Skip shell extension 'dsv' for command environment
[6.165s] DEBUG:colcon.colcon_core.event_handler.log_command:Invoking command in '/home/fhs/ros2_ws/src/robot_controller': CMAKE_PREFIX_PATH=/home/fhs/ros2_ws/install/robot_interfaces:/home/fhs/ros2_ws/install/robot_solver CONDA_PROMPT_MODIFIER=(base) LD_LIBRARY_PATH=/home/fhs/ros2_ws/install/robot_interfaces/lib:/home/fhs/ros2_ws/install/robot_solver/lib:/opt/ros/humble/opt/rviz_ogre_vendor/lib:/opt/ros/humble/lib/x86_64-linux-gnu:/opt/ros/humble/lib:/usr/local/cuda-12.6/lib64:/usr/local/cuda-12.6/lib64:/opt/ros/humble/opt/rviz_ogre_vendor/lib:/opt/ros/humble/lib/x86_64-linux-gnu:/opt/ros/humble/lib:/usr/local/cuda-12.6/lib64 PYTHONPATH=/home/fhs/ros2_ws/build/robot_controller/prefix_override:/usr/lib/python3/dist-packages/colcon_core/task/python/colcon_distutils_commands:/home/fhs/ros2_ws/install/robot_controller/lib/python3.10/site-packages:${PYTHONPATH} /usr/bin/python3 -W ignore:setup.py install is deprecated -W ignore:easy_install command is deprecated setup.py egg_info --egg-base ../../build/robot_controller build --build-base /home/fhs/ros2_ws/build/robot_controller/build install --record /home/fhs/ros2_ws/build/robot_controller/install.log --single-version-externally-managed install_data
[6.177s] DEBUG:colcon.colcon_core.event_handler.log_command:Invoking command in '/home/fhs/ros2_ws/src/robot_solver': CMAKE_PREFIX_PATH=/home/fhs/ros2_ws/install/robot_interfaces:/home/fhs/ros2_ws/install/robot_solver CONDA_PROMPT_MODIFIER=(base) LD_LIBRARY_PATH=/home/fhs/ros2_ws/install/robot_interfaces/lib:/home/fhs/ros2_ws/install/robot_solver/lib:/opt/ros/humble/opt/rviz_ogre_vendor/lib:/opt/ros/humble/lib/x86_64-linux-gnu:/opt/ros/humble/lib:/usr/local/cuda-12.6/lib64:/usr/local/cuda-12.6/lib64:/opt/ros/humble/opt/rviz_ogre_vendor/lib:/opt/ros/humble/lib/x86_64-linux-gnu:/opt/ros/humble/lib:/usr/local/cuda-12.6/lib64 PYTHONPATH=/home/fhs/ros2_ws/build/robot_solver/prefix_override:/usr/lib/python3/dist-packages/colcon_core/task/python/colcon_distutils_commands:/home/fhs/ros2_ws/install/robot_solver/lib/python3.10/site-packages:${PYTHONPATH} /usr/bin/python3 -W ignore:setup.py install is deprecated -W ignore:easy_install command is deprecated setup.py egg_info --egg-base ../../build/robot_solver build --build-base /home/fhs/ros2_ws/build/robot_solver/build install --record /home/fhs/ros2_ws/build/robot_solver/install.log --single-version-externally-managed install_data
[6.421s] Level 1:colcon.colcon_core.environment:checking '/home/fhs/ros2_ws/install/robot_controller' for CMake module files
[6.421s] Level 1:colcon.colcon_core.environment:checking '/home/fhs/ros2_ws/install/robot_controller' for CMake config files
[6.421s] DEBUG:colcon.colcon_core.event_handler.log_command:Invoked command in '/home/fhs/ros2_ws/src/robot_controller' returned '0': CMAKE_PREFIX_PATH=/home/fhs/ros2_ws/install/robot_interfaces:/home/fhs/ros2_ws/install/robot_solver CONDA_PROMPT_MODIFIER=(base) LD_LIBRARY_PATH=/home/fhs/ros2_ws/install/robot_interfaces/lib:/home/fhs/ros2_ws/install/robot_solver/lib:/opt/ros/humble/opt/rviz_ogre_vendor/lib:/opt/ros/humble/lib/x86_64-linux-gnu:/opt/ros/humble/lib:/usr/local/cuda-12.6/lib64:/usr/local/cuda-12.6/lib64:/opt/ros/humble/opt/rviz_ogre_vendor/lib:/opt/ros/humble/lib/x86_64-linux-gnu:/opt/ros/humble/lib:/usr/local/cuda-12.6/lib64 PYTHONPATH=/home/fhs/ros2_ws/build/robot_controller/prefix_override:/usr/lib/python3/dist-packages/colcon_core/task/python/colcon_distutils_commands:/home/fhs/ros2_ws/install/robot_controller/lib/python3.10/site-packages:${PYTHONPATH} /usr/bin/python3 -W ignore:setup.py install is deprecated -W ignore:easy_install command is deprecated setup.py egg_info --egg-base ../../build/robot_controller build --build-base /home/fhs/ros2_ws/build/robot_controller/build install --record /home/fhs/ros2_ws/build/robot_controller/install.log --single-version-externally-managed install_data
[6.422s] Level 1:colcon.colcon_core.environment:checking '/home/fhs/ros2_ws/install/robot_controller/lib'
[6.422s] Level 1:colcon.colcon_core.environment:checking '/home/fhs/ros2_ws/install/robot_controller/bin'
[6.422s] Level 1:colcon.colcon_core.environment:checking '/home/fhs/ros2_ws/install/robot_controller/lib/pkgconfig/robot_controller.pc'
[6.422s] Level 1:colcon.colcon_core.environment:checking '/home/fhs/ros2_ws/install/robot_controller/lib/python3.10/site-packages'
[6.422s] Level 1:colcon.colcon_core.shell:create_environment_hook('robot_controller', 'pythonpath')
[6.423s] INFO:colcon.colcon_core.shell:Creating environment hook '/home/fhs/ros2_ws/install/robot_controller/share/robot_controller/hook/pythonpath.ps1'
[6.423s] INFO:colcon.colcon_core.shell:Creating environment descriptor '/home/fhs/ros2_ws/install/robot_controller/share/robot_controller/hook/pythonpath.dsv'
[6.423s] INFO:colcon.colcon_core.shell:Creating environment hook '/home/fhs/ros2_ws/install/robot_controller/share/robot_controller/hook/pythonpath.sh'
[6.424s] Level 1:colcon.colcon_core.environment:checking '/home/fhs/ros2_ws/install/robot_controller/bin'
[6.424s] Level 1:colcon.colcon_core.environment:create_environment_scripts_only(robot_controller)
[6.424s] INFO:colcon.colcon_core.shell:Creating package script '/home/fhs/ros2_ws/install/robot_controller/share/robot_controller/package.ps1'
[6.425s] INFO:colcon.colcon_core.shell:Creating package descriptor '/home/fhs/ros2_ws/install/robot_controller/share/robot_controller/package.dsv'
[6.425s] INFO:colcon.colcon_core.shell:Creating package script '/home/fhs/ros2_ws/install/robot_controller/share/robot_controller/package.sh'
[6.425s] INFO:colcon.colcon_core.shell:Creating package script '/home/fhs/ros2_ws/install/robot_controller/share/robot_controller/package.bash'
[6.426s] INFO:colcon.colcon_core.shell:Creating package script '/home/fhs/ros2_ws/install/robot_controller/share/robot_controller/package.zsh'
[6.426s] Level 1:colcon.colcon_core.environment:create_file_with_runtime_dependencies(/home/fhs/ros2_ws/install/robot_controller/share/colcon-core/packages/robot_controller)
[6.427s] Level 1:colcon.colcon_core.environment:checking '/home/fhs/ros2_ws/install/robot_solver' for CMake module files
[6.428s] DEBUG:colcon.colcon_core.event_handler.log_command:Invoked command in '/home/fhs/ros2_ws/src/robot_solver' returned '0': CMAKE_PREFIX_PATH=/home/fhs/ros2_ws/install/robot_interfaces:/home/fhs/ros2_ws/install/robot_solver CONDA_PROMPT_MODIFIER=(base) LD_LIBRARY_PATH=/home/fhs/ros2_ws/install/robot_interfaces/lib:/home/fhs/ros2_ws/install/robot_solver/lib:/opt/ros/humble/opt/rviz_ogre_vendor/lib:/opt/ros/humble/lib/x86_64-linux-gnu:/opt/ros/humble/lib:/usr/local/cuda-12.6/lib64:/usr/local/cuda-12.6/lib64:/opt/ros/humble/opt/rviz_ogre_vendor/lib:/opt/ros/humble/lib/x86_64-linux-gnu:/opt/ros/humble/lib:/usr/local/cuda-12.6/lib64 PYTHONPATH=/home/fhs/ros2_ws/build/robot_solver/prefix_override:/usr/lib/python3/dist-packages/colcon_core/task/python/colcon_distutils_commands:/home/fhs/ros2_ws/install/robot_solver/lib/python3.10/site-packages:${PYTHONPATH} /usr/bin/python3 -W ignore:setup.py install is deprecated -W ignore:easy_install command is deprecated setup.py egg_info --egg-base ../../build/robot_solver build --build-base /home/fhs/ros2_ws/build/robot_solver/build install --record /home/fhs/ros2_ws/build/robot_solver/install.log --single-version-externally-managed install_data
[6.428s] Level 1:colcon.colcon_core.environment:checking '/home/fhs/ros2_ws/install/robot_solver' for CMake config files
[6.429s] Level 1:colcon.colcon_core.shell:create_environment_hook('robot_solver', 'cmake_prefix_path')
[6.429s] INFO:colcon.colcon_core.shell:Creating environment hook '/home/fhs/ros2_ws/install/robot_solver/share/robot_solver/hook/cmake_prefix_path.ps1'
[6.429s] INFO:colcon.colcon_core.shell:Creating environment descriptor '/home/fhs/ros2_ws/install/robot_solver/share/robot_solver/hook/cmake_prefix_path.dsv'
[6.430s] INFO:colcon.colcon_core.shell:Creating environment hook '/home/fhs/ros2_ws/install/robot_solver/share/robot_solver/hook/cmake_prefix_path.sh'
[6.430s] Level 1:colcon.colcon_core.environment:checking '/home/fhs/ros2_ws/install/robot_solver/lib'
[6.430s] Level 1:colcon.colcon_core.shell:create_environment_hook('robot_solver', 'ld_library_path_lib')
[6.430s] INFO:colcon.colcon_core.shell:Creating environment hook '/home/fhs/ros2_ws/install/robot_solver/share/robot_solver/hook/ld_library_path_lib.ps1'
[6.431s] INFO:colcon.colcon_core.shell:Creating environment descriptor '/home/fhs/ros2_ws/install/robot_solver/share/robot_solver/hook/ld_library_path_lib.dsv'
[6.431s] INFO:colcon.colcon_core.shell:Creating environment hook '/home/fhs/ros2_ws/install/robot_solver/share/robot_solver/hook/ld_library_path_lib.sh'
[6.431s] Level 1:colcon.colcon_core.environment:checking '/home/fhs/ros2_ws/install/robot_solver/bin'
[6.431s] Level 1:colcon.colcon_core.environment:checking '/home/fhs/ros2_ws/install/robot_solver/lib/pkgconfig/robot_solver.pc'
[6.432s] Level 1:colcon.colcon_core.environment:checking '/home/fhs/ros2_ws/install/robot_solver/lib/python3.10/site-packages'
[6.432s] Level 1:colcon.colcon_core.shell:create_environment_hook('robot_solver', 'pythonpath')
[6.432s] INFO:colcon.colcon_core.shell:Creating environment hook '/home/fhs/ros2_ws/install/robot_solver/share/robot_solver/hook/pythonpath.ps1'
[6.432s] INFO:colcon.colcon_core.shell:Creating environment descriptor '/home/fhs/ros2_ws/install/robot_solver/share/robot_solver/hook/pythonpath.dsv'
[6.432s] INFO:colcon.colcon_core.shell:Creating environment hook '/home/fhs/ros2_ws/install/robot_solver/share/robot_solver/hook/pythonpath.sh'
[6.433s] Level 1:colcon.colcon_core.environment:checking '/home/fhs/ros2_ws/install/robot_solver/bin'
[6.433s] Level 1:colcon.colcon_core.environment:create_environment_scripts_only(robot_solver)
[6.433s] INFO:colcon.colcon_core.shell:Creating package script '/home/fhs/ros2_ws/install/robot_solver/share/robot_solver/package.ps1'
[6.434s] INFO:colcon.colcon_core.shell:Creating package descriptor '/home/fhs/ros2_ws/install/robot_solver/share/robot_solver/package.dsv'
[6.434s] INFO:colcon.colcon_core.shell:Creating package script '/home/fhs/ros2_ws/install/robot_solver/share/robot_solver/package.sh'
[6.435s] INFO:colcon.colcon_core.shell:Creating package script '/home/fhs/ros2_ws/install/robot_solver/share/robot_solver/package.bash'
[6.435s] INFO:colcon.colcon_core.shell:Creating package script '/home/fhs/ros2_ws/install/robot_solver/share/robot_solver/package.zsh'
[6.435s] Level 1:colcon.colcon_core.environment:create_file_with_runtime_dependencies(/home/fhs/ros2_ws/install/robot_solver/share/colcon-core/packages/robot_solver)
[6.436s] DEBUG:colcon.colcon_parallel_executor.executor.parallel:closing loop
[6.436s] DEBUG:colcon.colcon_parallel_executor.executor.parallel:loop closed
[6.436s] DEBUG:colcon.colcon_parallel_executor.executor.parallel:run_until_complete finished with '0'
[6.436s] DEBUG:colcon.colcon_core.event_reactor:joining thread
[6.441s] INFO:colcon.colcon_core.plugin_system:Skipping extension 'colcon_notification.desktop_notification.terminal_notifier': Not used on non-Darwin systems
[6.441s] INFO:colcon.colcon_core.plugin_system:Skipping extension 'colcon_notification.desktop_notification.win32': Not used on non-Windows systems
[6.441s] INFO:colcon.colcon_notification.desktop_notification:Sending desktop notification using 'notify2'
[6.452s] DEBUG:colcon.colcon_core.event_reactor:joined thread
[6.452s] INFO:colcon.colcon_core.shell:Creating prefix script '/home/fhs/ros2_ws/install/local_setup.ps1'
[6.453s] INFO:colcon.colcon_core.shell:Creating prefix util module '/home/fhs/ros2_ws/install/_local_setup_util_ps1.py'
[6.454s] INFO:colcon.colcon_core.shell:Creating prefix chain script '/home/fhs/ros2_ws/install/setup.ps1'
[6.455s] INFO:colcon.colcon_core.shell:Creating prefix script '/home/fhs/ros2_ws/install/local_setup.sh'
[6.455s] INFO:colcon.colcon_core.shell:Creating prefix util module '/home/fhs/ros2_ws/install/_local_setup_util_sh.py'
[6.456s] INFO:colcon.colcon_core.shell:Creating prefix chain script '/home/fhs/ros2_ws/install/setup.sh'
[6.457s] INFO:colcon.colcon_core.shell:Creating prefix script '/home/fhs/ros2_ws/install/local_setup.bash'
[6.457s] INFO:colcon.colcon_core.shell:Creating prefix chain script '/home/fhs/ros2_ws/install/setup.bash'
[6.458s] INFO:colcon.colcon_core.shell:Creating prefix script '/home/fhs/ros2_ws/install/local_setup.zsh'
[6.459s] INFO:colcon.colcon_core.shell:Creating prefix chain script '/home/fhs/ros2_ws/install/setup.zsh'
