running egg_info
writing ../../build/robot_solver/robot_solver.egg-info/PKG-INFO
writing dependency_links to ../../build/robot_solver/robot_solver.egg-info/dependency_links.txt
writing entry points to ../../build/robot_solver/robot_solver.egg-info/entry_points.txt
writing requirements to ../../build/robot_solver/robot_solver.egg-info/requires.txt
writing top-level names to ../../build/robot_solver/robot_solver.egg-info/top_level.txt
reading manifest file '../../build/robot_solver/robot_solver.egg-info/SOURCES.txt'
writing manifest file '../../build/robot_solver/robot_solver.egg-info/SOURCES.txt'
running build
running build_py
copying robot_solver/robot_solver_node.py -> /home/fhs/ros2_ws/build/robot_solver/build/lib/robot_solver
running install
running install_lib
copying /home/fhs/ros2_ws/build/robot_solver/build/lib/robot_solver/robot_solver_node.py -> /home/fhs/ros2_ws/install/robot_solver/lib/python3.10/site-packages/robot_solver
byte-compiling /home/fhs/ros2_ws/install/robot_solver/lib/python3.10/site-packages/robot_solver/robot_solver_node.py to robot_solver_node.cpython-310.pyc
running install_data
running install_egg_info
removing '/home/fhs/ros2_ws/install/robot_solver/lib/python3.10/site-packages/robot_solver-0.0.0-py3.10.egg-info' (and everything under it)
Copying ../../build/robot_solver/robot_solver.egg-info to /home/fhs/ros2_ws/install/robot_solver/lib/python3.10/site-packages/robot_solver-0.0.0-py3.10.egg-info
running install_scripts
Installing robot_solver_node script to /home/fhs/ros2_ws/install/robot_solver/lib/robot_solver
writing list of installed files to '/home/fhs/ros2_ws/build/robot_solver/install.log'
