[0.287s] Invoking command in '/home/fhs/ros2_ws/build/robot_controller_cpp': CMAKE_PREFIX_PATH=/opt/ros/humble CONDA_PROMPT_MODIFIER=(base) /usr/bin/cmake --build /home/fhs/ros2_ws/build/robot_controller_cpp -- -j20 -l20
[0.544s] -- Found ament_cmake: 1.3.12 (/opt/ros/humble/share/ament_cmake/cmake)
[0.544s] -- Found rclcpp: 16.0.15 (/opt/ros/humble/share/rclcpp/cmake)
[0.544s] -- Found rosidl_generator_c: 3.1.7 (/opt/ros/humble/share/rosidl_generator_c/cmake)
[0.544s] -- Found rosidl_adapter: 3.1.7 (/opt/ros/humble/share/rosidl_adapter/cmake)
[0.544s] -- Found rosidl_generator_cpp: 3.1.7 (/opt/ros/humble/share/rosidl_generator_cpp/cmake)
[0.545s] -- Using all available rosidl_typesupport_c: rosidl_typesupport_fastrtps_c;rosidl_typesupport_introspection_c
[0.561s] -- Using all available rosidl_typesupport_cpp: rosidl_typesupport_fastrtps_cpp;rosidl_typesupport_introspection_cpp
[0.590s] -- Found rmw_implementation_cmake: 6.1.2 (/opt/ros/humble/share/rmw_implementation_cmake/cmake)
[0.591s] -- Found rmw_fastrtps_cpp: 6.2.9 (/opt/ros/humble/share/rmw_fastrtps_cpp/cmake)
[0.705s] -- Using RMW implementation 'rmw_fastrtps_cpp' as default
[0.755s] -- Found rclcpp_action: 16.0.15 (/opt/ros/humble/share/rclcpp_action/cmake)
[0.782s] -- Found geometry_msgs: 4.9.0 (/opt/ros/humble/share/geometry_msgs/cmake)
[0.793s] -- Found tf2_ros: 0.25.16 (/opt/ros/humble/share/tf2_ros/cmake)
[0.841s] -- Found tf2_geometry_msgs: 0.25.16 (/opt/ros/humble/share/tf2_geometry_msgs/cmake)
[0.844s] -- Found eigen3_cmake_module: 0.1.1 (/opt/ros/humble/share/eigen3_cmake_module/cmake)
[0.846s] -- Ensuring Eigen3 include directory is part of orocos-kdl CMake target
[0.857s] [31mCMake Error at CMakeLists.txt:21 (find_package):
[0.857s]   By not providing "Findrobot_interfaces.cmake" in CMAKE_MODULE_PATH this
[0.857s]   project has asked CMake to find a package configuration file provided by
[0.857s]   "robot_interfaces", but CMake did not find one.
[0.857s] 
[0.857s]   Could not find a package configuration file provided by "robot_interfaces"
[0.857s]   with any of the following names:
[0.857s] 
[0.857s]     robot_interfacesConfig.cmake
[0.857s]     robot_interfaces-config.cmake
[0.857s] 
[0.857s]   Add the installation prefix of "robot_interfaces" to CMAKE_PREFIX_PATH or
[0.857s]   set "robot_interfaces_DIR" to a directory containing one of the above
[0.857s]   files.  If "robot_interfaces" provides a separate development package or
[0.857s]   SDK, be sure it has been installed.
[0.857s] 
[0.857s] [0m
[0.857s] -- Configuring incomplete, errors occurred!
[0.857s] See also "/home/fhs/ros2_ws/build/robot_controller_cpp/CMakeFiles/CMakeOutput.log".
[0.863s] gmake: *** [Makefile:267：cmake_check_build_system] 错误 1
[0.865s] Invoked command in '/home/fhs/ros2_ws/build/robot_controller_cpp' returned '2': CMAKE_PREFIX_PATH=/opt/ros/humble CONDA_PROMPT_MODIFIER=(base) /usr/bin/cmake --build /home/fhs/ros2_ws/build/robot_controller_cpp -- -j20 -l20
