[0.025s] Invoking command in '/home/fhs/ros2_ws/build/robot_interfaces': CMAKE_PREFIX_PATH=/opt/ros/humble CONDA_PROMPT_MODIFIER=(base) /usr/bin/cmake /home/fhs/ros2_ws/src/robot_interfaces -DCMAKE_EXPORT_COMPILE_COMMANDS=ON -DCMAKE_INSTALL_PREFIX=/home/fhs/ros2_ws/install/robot_interfaces
[0.450s] -- Found ament_cmake: 1.3.12 (/opt/ros/humble/share/ament_cmake/cmake)
[0.451s] -- Override CMake install command with custom implementation using symlinks instead of copying resources
[0.452s] -- Found rosidl_default_generators: 1.2.0 (/opt/ros/humble/share/rosidl_default_generators/cmake)
[0.452s] -- Using all available rosidl_typesupport_c: rosidl_typesupport_fastrtps_c;rosidl_typesupport_introspection_c
[0.452s] -- Found rosidl_adapter: 3.1.7 (/opt/ros/humble/share/rosidl_adapter/cmake)
[0.452s] -- Using all available rosidl_typesupport_cpp: rosidl_typesupport_fastrtps_cpp;rosidl_typesupport_introspection_cpp
[0.453s] -- Found geometry_msgs: 4.9.0 (/opt/ros/humble/share/geometry_msgs/cmake)
[0.783s] -- Found ament_cmake_ros: 0.10.0 (/opt/ros/humble/share/ament_cmake_ros/cmake)
[1.074s] -- Using all available rosidl_typesupport_c: rosidl_typesupport_fastrtps_c;rosidl_typesupport_introspection_c
[1.412s] -- Using all available rosidl_typesupport_cpp: rosidl_typesupport_fastrtps_cpp;rosidl_typesupport_introspection_cpp
[1.437s] -- Found python_cmake_module: 0.10.0 (/opt/ros/humble/share/python_cmake_module/cmake)
[1.463s] -- Using PYTHON_EXECUTABLE: /usr/bin/python3
[1.463s] -- Using PYTHON_INCLUDE_DIRS: /usr/include/python3.10
[1.463s] -- Using PYTHON_LIBRARIES: /usr/lib/x86_64-linux-gnu/libpython3.10.so
[1.506s] -- Found ament_lint_auto: 0.12.14 (/opt/ros/humble/share/ament_lint_auto/cmake)
[1.533s] -- Added test 'copyright' to check source files copyright and LICENSE
[1.536s] -- Added test 'lint_cmake' to check CMake code style
[1.538s] -- Added test 'xmllint' to check XML markup files
[1.541s] -- Configuring done
[1.588s] -- Generating done
[1.600s] -- Build files have been written to: /home/fhs/ros2_ws/build/robot_interfaces
[1.607s] Invoked command in '/home/fhs/ros2_ws/build/robot_interfaces' returned '0': CMAKE_PREFIX_PATH=/opt/ros/humble CONDA_PROMPT_MODIFIER=(base) /usr/bin/cmake /home/fhs/ros2_ws/src/robot_interfaces -DCMAKE_EXPORT_COMPILE_COMMANDS=ON -DCMAKE_INSTALL_PREFIX=/home/fhs/ros2_ws/install/robot_interfaces
[1.611s] Invoking command in '/home/fhs/ros2_ws/build/robot_interfaces': CMAKE_PREFIX_PATH=/opt/ros/humble CONDA_PROMPT_MODIFIER=(base) /usr/bin/cmake --build /home/fhs/ros2_ws/build/robot_interfaces -- -j20 -l20
[1.668s] [35m[1mConsolidate compiler generated dependencies of target robot_interfaces__rosidl_generator_c[0m
[1.679s] [  1%] Built target robot_interfaces__cpp
[1.689s] [  1%] Built target ament_cmake_python_symlink_robot_interfaces
[1.692s] [ 12%] Built target robot_interfaces__rosidl_generator_c
[1.693s] [35m[1mConsolidate compiler generated dependencies of target robot_interfaces__rosidl_typesupport_fastrtps_cpp[0m
[1.694s] [35m[1mConsolidate compiler generated dependencies of target robot_interfaces__rosidl_typesupport_cpp[0m
[1.695s] [35m[1mConsolidate compiler generated dependencies of target robot_interfaces__rosidl_typesupport_introspection_cpp[0m
[1.710s] [35m[1mConsolidate compiler generated dependencies of target robot_interfaces__rosidl_typesupport_fastrtps_c[0m
[1.711s] [35m[1mConsolidate compiler generated dependencies of target robot_interfaces__rosidl_typesupport_c[0m
[1.713s] [35m[1mConsolidate compiler generated dependencies of target robot_interfaces__rosidl_typesupport_introspection_c[0m
[1.724s] [ 23%] Built target robot_interfaces__rosidl_typesupport_introspection_cpp
[1.725s] [ 39%] Built target robot_interfaces__rosidl_typesupport_fastrtps_cpp
[1.725s] [ 46%] Built target robot_interfaces__rosidl_typesupport_cpp
[1.729s] [ 57%] Built target robot_interfaces__rosidl_typesupport_c
[1.732s] [ 68%] Built target robot_interfaces__rosidl_typesupport_fastrtps_c
[1.735s] [ 79%] Built target robot_interfaces__rosidl_typesupport_introspection_c
[1.759s] [ 79%] Built target robot_interfaces
[1.786s] [ 80%] Built target robot_interfaces__py
[1.799s] [35m[1mConsolidate compiler generated dependencies of target robot_interfaces__rosidl_generator_py[0m
[1.818s] [ 90%] Built target robot_interfaces__rosidl_generator_py
[1.834s] [35m[1mConsolidate compiler generated dependencies of target robot_interfaces__rosidl_typesupport_introspection_c__pyext[0m
[1.834s] [35m[1mConsolidate compiler generated dependencies of target robot_interfaces__rosidl_typesupport_fastrtps_c__pyext[0m
[1.834s] [35m[1mConsolidate compiler generated dependencies of target robot_interfaces__rosidl_typesupport_c__pyext[0m
[1.847s] [ 93%] Built target robot_interfaces__rosidl_typesupport_c__pyext
[1.851s] [ 96%] Built target robot_interfaces__rosidl_typesupport_fastrtps_c__pyext
[1.851s] [100%] Built target robot_interfaces__rosidl_typesupport_introspection_c__pyext
[1.989s] running egg_info
[2.012s] writing robot_interfaces.egg-info/PKG-INFO
[2.012s] writing dependency_links to robot_interfaces.egg-info/dependency_links.txt
[2.012s] writing top-level names to robot_interfaces.egg-info/top_level.txt
[2.082s] reading manifest file 'robot_interfaces.egg-info/SOURCES.txt'
[2.083s] writing manifest file 'robot_interfaces.egg-info/SOURCES.txt'
[2.117s] [100%] Built target ament_cmake_python_build_robot_interfaces_egg
[2.131s] Invoked command in '/home/fhs/ros2_ws/build/robot_interfaces' returned '0': CMAKE_PREFIX_PATH=/opt/ros/humble CONDA_PROMPT_MODIFIER=(base) /usr/bin/cmake --build /home/fhs/ros2_ws/build/robot_interfaces -- -j20 -l20
[2.144s] Invoking command in '/home/fhs/ros2_ws/build/robot_interfaces': CMAKE_PREFIX_PATH=/opt/ros/humble CONDA_PROMPT_MODIFIER=(base) /usr/bin/cmake --install /home/fhs/ros2_ws/build/robot_interfaces
[2.152s] -- Install configuration: "Release"
[2.153s] -- Execute custom install script
[2.153s] -- Up-to-date symlink: /home/fhs/ros2_ws/install/robot_interfaces/share/ament_index/resource_index/rosidl_interfaces/robot_interfaces
[2.154s] -- Up-to-date symlink: /home/fhs/ros2_ws/install/robot_interfaces/include/robot_interfaces/robot_interfaces/action/collect.h
[2.154s] -- Up-to-date symlink: /home/fhs/ros2_ws/install/robot_interfaces/include/robot_interfaces/robot_interfaces/action/detail/collect__functions.h
[2.154s] -- Up-to-date symlink: /home/fhs/ros2_ws/install/robot_interfaces/include/robot_interfaces/robot_interfaces/action/detail/collect__struct.h
[2.154s] -- Up-to-date symlink: /home/fhs/ros2_ws/install/robot_interfaces/include/robot_interfaces/robot_interfaces/action/detail/collect__type_support.h
[2.154s] -- Up-to-date symlink: /home/fhs/ros2_ws/install/robot_interfaces/include/robot_interfaces/robot_interfaces/msg/control.h
[2.154s] -- Up-to-date symlink: /home/fhs/ros2_ws/install/robot_interfaces/include/robot_interfaces/robot_interfaces/msg/detail/control__functions.h
[2.154s] -- Up-to-date symlink: /home/fhs/ros2_ws/install/robot_interfaces/include/robot_interfaces/robot_interfaces/msg/detail/control__struct.h
[2.154s] -- Up-to-date symlink: /home/fhs/ros2_ws/install/robot_interfaces/include/robot_interfaces/robot_interfaces/msg/detail/control__type_support.h
[2.154s] -- Up-to-date symlink: /home/fhs/ros2_ws/install/robot_interfaces/include/robot_interfaces/robot_interfaces/msg/detail/robot_state__functions.h
[2.154s] -- Up-to-date symlink: /home/fhs/ros2_ws/install/robot_interfaces/include/robot_interfaces/robot_interfaces/msg/detail/robot_state__struct.h
[2.154s] -- Up-to-date symlink: /home/fhs/ros2_ws/install/robot_interfaces/include/robot_interfaces/robot_interfaces/msg/detail/robot_state__type_support.h
[2.155s] -- Up-to-date symlink: /home/fhs/ros2_ws/install/robot_interfaces/include/robot_interfaces/robot_interfaces/msg/detail/target__functions.h
[2.155s] -- Up-to-date symlink: /home/fhs/ros2_ws/install/robot_interfaces/include/robot_interfaces/robot_interfaces/msg/detail/target__struct.h
[2.155s] -- Up-to-date symlink: /home/fhs/ros2_ws/install/robot_interfaces/include/robot_interfaces/robot_interfaces/msg/detail/target__type_support.h
[2.155s] -- Up-to-date symlink: /home/fhs/ros2_ws/install/robot_interfaces/include/robot_interfaces/robot_interfaces/msg/robot_state.h
[2.155s] -- Up-to-date symlink: /home/fhs/ros2_ws/install/robot_interfaces/include/robot_interfaces/robot_interfaces/msg/rosidl_generator_c__visibility_control.h
[2.155s] -- Up-to-date symlink: /home/fhs/ros2_ws/install/robot_interfaces/include/robot_interfaces/robot_interfaces/msg/target.h
[2.155s] -- Up-to-date symlink: /home/fhs/ros2_ws/install/robot_interfaces/include/robot_interfaces/robot_interfaces/srv/detail/set_mode__functions.h
[2.155s] -- Up-to-date symlink: /home/fhs/ros2_ws/install/robot_interfaces/include/robot_interfaces/robot_interfaces/srv/detail/set_mode__struct.h
[2.155s] -- Up-to-date symlink: /home/fhs/ros2_ws/install/robot_interfaces/include/robot_interfaces/robot_interfaces/srv/detail/set_mode__type_support.h
[2.155s] -- Up-to-date symlink: /home/fhs/ros2_ws/install/robot_interfaces/include/robot_interfaces/robot_interfaces/srv/set_mode.h
[2.155s] -- Up-to-date symlink: /home/fhs/ros2_ws/install/robot_interfaces/share/robot_interfaces/environment/library_path.sh
[2.155s] -- Up-to-date symlink: /home/fhs/ros2_ws/install/robot_interfaces/share/robot_interfaces/environment/library_path.dsv
[2.156s] -- Up-to-date symlink: /home/fhs/ros2_ws/install/robot_interfaces/include/robot_interfaces/robot_interfaces/action/detail/collect__rosidl_typesupport_fastrtps_c.h
[2.156s] -- Up-to-date symlink: /home/fhs/ros2_ws/install/robot_interfaces/include/robot_interfaces/robot_interfaces/msg/detail/control__rosidl_typesupport_fastrtps_c.h
[2.156s] -- Up-to-date symlink: /home/fhs/ros2_ws/install/robot_interfaces/include/robot_interfaces/robot_interfaces/msg/detail/robot_state__rosidl_typesupport_fastrtps_c.h
[2.156s] -- Up-to-date symlink: /home/fhs/ros2_ws/install/robot_interfaces/include/robot_interfaces/robot_interfaces/msg/detail/target__rosidl_typesupport_fastrtps_c.h
[2.156s] -- Up-to-date symlink: /home/fhs/ros2_ws/install/robot_interfaces/include/robot_interfaces/robot_interfaces/msg/rosidl_typesupport_fastrtps_c__visibility_control.h
[2.156s] -- Up-to-date symlink: /home/fhs/ros2_ws/install/robot_interfaces/include/robot_interfaces/robot_interfaces/srv/detail/set_mode__rosidl_typesupport_fastrtps_c.h
[2.156s] -- Up-to-date symlink: /home/fhs/ros2_ws/install/robot_interfaces/include/robot_interfaces/robot_interfaces/action/detail/collect__rosidl_typesupport_introspection_c.h
[2.156s] -- Up-to-date symlink: /home/fhs/ros2_ws/install/robot_interfaces/include/robot_interfaces/robot_interfaces/msg/detail/control__rosidl_typesupport_introspection_c.h
[2.156s] -- Up-to-date symlink: /home/fhs/ros2_ws/install/robot_interfaces/include/robot_interfaces/robot_interfaces/msg/detail/robot_state__rosidl_typesupport_introspection_c.h
[2.156s] -- Up-to-date symlink: /home/fhs/ros2_ws/install/robot_interfaces/include/robot_interfaces/robot_interfaces/msg/detail/target__rosidl_typesupport_introspection_c.h
[2.156s] -- Up-to-date symlink: /home/fhs/ros2_ws/install/robot_interfaces/include/robot_interfaces/robot_interfaces/msg/rosidl_typesupport_introspection_c__visibility_control.h
[2.157s] -- Up-to-date symlink: /home/fhs/ros2_ws/install/robot_interfaces/include/robot_interfaces/robot_interfaces/srv/detail/set_mode__rosidl_typesupport_introspection_c.h
[2.157s] -- Up-to-date symlink: /home/fhs/ros2_ws/install/robot_interfaces/include/robot_interfaces/robot_interfaces/action/collect.hpp
[2.157s] -- Up-to-date symlink: /home/fhs/ros2_ws/install/robot_interfaces/include/robot_interfaces/robot_interfaces/action/detail/collect__builder.hpp
[2.157s] -- Up-to-date symlink: /home/fhs/ros2_ws/install/robot_interfaces/include/robot_interfaces/robot_interfaces/action/detail/collect__struct.hpp
[2.157s] -- Up-to-date symlink: /home/fhs/ros2_ws/install/robot_interfaces/include/robot_interfaces/robot_interfaces/action/detail/collect__traits.hpp
[2.157s] -- Up-to-date symlink: /home/fhs/ros2_ws/install/robot_interfaces/include/robot_interfaces/robot_interfaces/action/detail/collect__type_support.hpp
[2.157s] -- Up-to-date symlink: /home/fhs/ros2_ws/install/robot_interfaces/include/robot_interfaces/robot_interfaces/msg/control.hpp
[2.157s] -- Up-to-date symlink: /home/fhs/ros2_ws/install/robot_interfaces/include/robot_interfaces/robot_interfaces/msg/detail/control__builder.hpp
[2.157s] -- Up-to-date symlink: /home/fhs/ros2_ws/install/robot_interfaces/include/robot_interfaces/robot_interfaces/msg/detail/control__struct.hpp
[2.158s] -- Up-to-date symlink: /home/fhs/ros2_ws/install/robot_interfaces/include/robot_interfaces/robot_interfaces/msg/detail/control__traits.hpp
[2.158s] -- Up-to-date symlink: /home/fhs/ros2_ws/install/robot_interfaces/include/robot_interfaces/robot_interfaces/msg/detail/control__type_support.hpp
[2.158s] -- Up-to-date symlink: /home/fhs/ros2_ws/install/robot_interfaces/include/robot_interfaces/robot_interfaces/msg/detail/robot_state__builder.hpp
[2.158s] -- Up-to-date symlink: /home/fhs/ros2_ws/install/robot_interfaces/include/robot_interfaces/robot_interfaces/msg/detail/robot_state__struct.hpp
[2.158s] -- Up-to-date symlink: /home/fhs/ros2_ws/install/robot_interfaces/include/robot_interfaces/robot_interfaces/msg/detail/robot_state__traits.hpp
[2.158s] -- Up-to-date symlink: /home/fhs/ros2_ws/install/robot_interfaces/include/robot_interfaces/robot_interfaces/msg/detail/robot_state__type_support.hpp
[2.158s] -- Up-to-date symlink: /home/fhs/ros2_ws/install/robot_interfaces/include/robot_interfaces/robot_interfaces/msg/detail/target__builder.hpp
[2.158s] -- Up-to-date symlink: /home/fhs/ros2_ws/install/robot_interfaces/include/robot_interfaces/robot_interfaces/msg/detail/target__struct.hpp
[2.158s] -- Up-to-date symlink: /home/fhs/ros2_ws/install/robot_interfaces/include/robot_interfaces/robot_interfaces/msg/detail/target__traits.hpp
[2.158s] -- Up-to-date symlink: /home/fhs/ros2_ws/install/robot_interfaces/include/robot_interfaces/robot_interfaces/msg/detail/target__type_support.hpp
[2.158s] -- Up-to-date symlink: /home/fhs/ros2_ws/install/robot_interfaces/include/robot_interfaces/robot_interfaces/msg/robot_state.hpp
[2.158s] -- Up-to-date symlink: /home/fhs/ros2_ws/install/robot_interfaces/include/robot_interfaces/robot_interfaces/msg/rosidl_generator_cpp__visibility_control.hpp
[2.158s] -- Up-to-date symlink: /home/fhs/ros2_ws/install/robot_interfaces/include/robot_interfaces/robot_interfaces/msg/target.hpp
[2.158s] -- Up-to-date symlink: /home/fhs/ros2_ws/install/robot_interfaces/include/robot_interfaces/robot_interfaces/srv/detail/set_mode__builder.hpp
[2.159s] -- Up-to-date symlink: /home/fhs/ros2_ws/install/robot_interfaces/include/robot_interfaces/robot_interfaces/srv/detail/set_mode__struct.hpp
[2.159s] -- Up-to-date symlink: /home/fhs/ros2_ws/install/robot_interfaces/include/robot_interfaces/robot_interfaces/srv/detail/set_mode__traits.hpp
[2.159s] -- Up-to-date symlink: /home/fhs/ros2_ws/install/robot_interfaces/include/robot_interfaces/robot_interfaces/srv/detail/set_mode__type_support.hpp
[2.159s] -- Up-to-date symlink: /home/fhs/ros2_ws/install/robot_interfaces/include/robot_interfaces/robot_interfaces/srv/set_mode.hpp
[2.159s] -- Up-to-date symlink: /home/fhs/ros2_ws/install/robot_interfaces/include/robot_interfaces/robot_interfaces/action/detail/collect__rosidl_typesupport_fastrtps_cpp.hpp
[2.159s] -- Up-to-date symlink: /home/fhs/ros2_ws/install/robot_interfaces/include/robot_interfaces/robot_interfaces/msg/detail/control__rosidl_typesupport_fastrtps_cpp.hpp
[2.160s] -- Up-to-date symlink: /home/fhs/ros2_ws/install/robot_interfaces/include/robot_interfaces/robot_interfaces/msg/detail/robot_state__rosidl_typesupport_fastrtps_cpp.hpp
[2.160s] -- Up-to-date symlink: /home/fhs/ros2_ws/install/robot_interfaces/include/robot_interfaces/robot_interfaces/msg/detail/target__rosidl_typesupport_fastrtps_cpp.hpp
[2.160s] -- Up-to-date symlink: /home/fhs/ros2_ws/install/robot_interfaces/include/robot_interfaces/robot_interfaces/msg/rosidl_typesupport_fastrtps_cpp__visibility_control.h
[2.160s] -- Up-to-date symlink: /home/fhs/ros2_ws/install/robot_interfaces/include/robot_interfaces/robot_interfaces/srv/detail/set_mode__rosidl_typesupport_fastrtps_cpp.hpp
[2.160s] -- Up-to-date symlink: /home/fhs/ros2_ws/install/robot_interfaces/include/robot_interfaces/robot_interfaces/action/detail/collect__rosidl_typesupport_introspection_cpp.hpp
[2.160s] -- Up-to-date symlink: /home/fhs/ros2_ws/install/robot_interfaces/include/robot_interfaces/robot_interfaces/msg/detail/control__rosidl_typesupport_introspection_cpp.hpp
[2.160s] -- Up-to-date symlink: /home/fhs/ros2_ws/install/robot_interfaces/include/robot_interfaces/robot_interfaces/msg/detail/robot_state__rosidl_typesupport_introspection_cpp.hpp
[2.160s] -- Up-to-date symlink: /home/fhs/ros2_ws/install/robot_interfaces/include/robot_interfaces/robot_interfaces/msg/detail/target__rosidl_typesupport_introspection_cpp.hpp
[2.160s] -- Up-to-date symlink: /home/fhs/ros2_ws/install/robot_interfaces/include/robot_interfaces/robot_interfaces/srv/detail/set_mode__rosidl_typesupport_introspection_cpp.hpp
[2.160s] -- Up-to-date symlink: /home/fhs/ros2_ws/install/robot_interfaces/share/robot_interfaces/environment/pythonpath.sh
[2.161s] -- Up-to-date symlink: /home/fhs/ros2_ws/install/robot_interfaces/share/robot_interfaces/environment/pythonpath.dsv
[2.161s] -- Up-to-date symlink: /home/fhs/ros2_ws/install/robot_interfaces/lib/python3.12/site-packages/robot_interfaces-0.0.0-py3.12.egg-info/PKG-INFO
[2.161s] -- Up-to-date symlink: /home/fhs/ros2_ws/install/robot_interfaces/lib/python3.12/site-packages/robot_interfaces-0.0.0-py3.12.egg-info/SOURCES.txt
[2.161s] -- Up-to-date symlink: /home/fhs/ros2_ws/install/robot_interfaces/lib/python3.12/site-packages/robot_interfaces-0.0.0-py3.12.egg-info/dependency_links.txt
[2.161s] -- Up-to-date symlink: /home/fhs/ros2_ws/install/robot_interfaces/lib/python3.12/site-packages/robot_interfaces-0.0.0-py3.12.egg-info/top_level.txt
[2.161s] -- Up-to-date symlink: /home/fhs/ros2_ws/install/robot_interfaces/lib/python3.12/site-packages/robot_interfaces/__init__.py
[2.161s] -- Up-to-date symlink: /home/fhs/ros2_ws/install/robot_interfaces/lib/python3.12/site-packages/robot_interfaces/_robot_interfaces_s.ep.rosidl_typesupport_c.c
[2.161s] -- Up-to-date symlink: /home/fhs/ros2_ws/install/robot_interfaces/lib/python3.12/site-packages/robot_interfaces/_robot_interfaces_s.ep.rosidl_typesupport_fastrtps_c.c
[2.162s] -- Up-to-date symlink: /home/fhs/ros2_ws/install/robot_interfaces/lib/python3.12/site-packages/robot_interfaces/_robot_interfaces_s.ep.rosidl_typesupport_introspection_c.c
[2.162s] -- Up-to-date symlink: /home/fhs/ros2_ws/install/robot_interfaces/lib/python3.12/site-packages/robot_interfaces/action/__init__.py
[2.162s] -- Up-to-date symlink: /home/fhs/ros2_ws/install/robot_interfaces/lib/python3.12/site-packages/robot_interfaces/action/_collect.py
[2.162s] -- Up-to-date symlink: /home/fhs/ros2_ws/install/robot_interfaces/lib/python3.12/site-packages/robot_interfaces/action/_collect_s.c
[2.162s] -- Up-to-date symlink: /home/fhs/ros2_ws/install/robot_interfaces/lib/python3.12/site-packages/robot_interfaces/librobot_interfaces__rosidl_generator_py.so
[2.162s] -- Up-to-date symlink: /home/fhs/ros2_ws/install/robot_interfaces/lib/python3.12/site-packages/robot_interfaces/msg/__init__.py
[2.162s] -- Up-to-date symlink: /home/fhs/ros2_ws/install/robot_interfaces/lib/python3.12/site-packages/robot_interfaces/msg/_control.py
[2.162s] -- Up-to-date symlink: /home/fhs/ros2_ws/install/robot_interfaces/lib/python3.12/site-packages/robot_interfaces/msg/_control_s.c
[2.162s] -- Up-to-date symlink: /home/fhs/ros2_ws/install/robot_interfaces/lib/python3.12/site-packages/robot_interfaces/msg/_robot_state.py
[2.162s] -- Up-to-date symlink: /home/fhs/ros2_ws/install/robot_interfaces/lib/python3.12/site-packages/robot_interfaces/msg/_robot_state_s.c
[2.162s] -- Up-to-date symlink: /home/fhs/ros2_ws/install/robot_interfaces/lib/python3.12/site-packages/robot_interfaces/msg/_target.py
[2.162s] -- Up-to-date symlink: /home/fhs/ros2_ws/install/robot_interfaces/lib/python3.12/site-packages/robot_interfaces/msg/_target_s.c
[2.162s] -- Up-to-date symlink: /home/fhs/ros2_ws/install/robot_interfaces/lib/python3.12/site-packages/robot_interfaces/robot_interfaces_s__rosidl_typesupport_c.cpython-310-x86_64-linux-gnu.so
[2.162s] -- Up-to-date symlink: /home/fhs/ros2_ws/install/robot_interfaces/lib/python3.12/site-packages/robot_interfaces/robot_interfaces_s__rosidl_typesupport_fastrtps_c.cpython-310-x86_64-linux-gnu.so
[2.162s] -- Up-to-date symlink: /home/fhs/ros2_ws/install/robot_interfaces/lib/python3.12/site-packages/robot_interfaces/robot_interfaces_s__rosidl_typesupport_introspection_c.cpython-310-x86_64-linux-gnu.so
[2.163s] -- Up-to-date symlink: /home/fhs/ros2_ws/install/robot_interfaces/lib/python3.12/site-packages/robot_interfaces/srv/__init__.py
[2.163s] -- Up-to-date symlink: /home/fhs/ros2_ws/install/robot_interfaces/lib/python3.12/site-packages/robot_interfaces/srv/_set_mode.py
[2.163s] -- Up-to-date symlink: /home/fhs/ros2_ws/install/robot_interfaces/lib/python3.12/site-packages/robot_interfaces/srv/_set_mode_s.c
[2.163s] -- Up-to-date symlink: /home/fhs/ros2_ws/install/robot_interfaces/lib/python3.12/site-packages/robot_interfaces/robot_interfaces_s__rosidl_typesupport_fastrtps_c.cpython-310-x86_64-linux-gnu.so
[2.163s] -- Up-to-date symlink: /home/fhs/ros2_ws/install/robot_interfaces/lib/python3.12/site-packages/robot_interfaces/robot_interfaces_s__rosidl_typesupport_introspection_c.cpython-310-x86_64-linux-gnu.so
[2.163s] -- Up-to-date symlink: /home/fhs/ros2_ws/install/robot_interfaces/lib/python3.12/site-packages/robot_interfaces/robot_interfaces_s__rosidl_typesupport_c.cpython-310-x86_64-linux-gnu.so
[2.163s] -- Up-to-date symlink: /home/fhs/ros2_ws/install/robot_interfaces/share/robot_interfaces/msg/Target.idl
[2.163s] -- Up-to-date symlink: /home/fhs/ros2_ws/install/robot_interfaces/share/robot_interfaces/msg/Control.idl
[2.163s] -- Up-to-date symlink: /home/fhs/ros2_ws/install/robot_interfaces/share/robot_interfaces/msg/RobotState.idl
[2.164s] -- Up-to-date symlink: /home/fhs/ros2_ws/install/robot_interfaces/share/robot_interfaces/srv/SetMode.idl
[2.164s] -- Up-to-date symlink: /home/fhs/ros2_ws/install/robot_interfaces/share/robot_interfaces/action/Collect.idl
[2.164s] -- Up-to-date symlink: /home/fhs/ros2_ws/install/robot_interfaces/share/robot_interfaces/msg/Target.msg
[2.164s] -- Up-to-date symlink: /home/fhs/ros2_ws/install/robot_interfaces/share/robot_interfaces/msg/Control.msg
[2.164s] -- Up-to-date symlink: /home/fhs/ros2_ws/install/robot_interfaces/share/robot_interfaces/msg/RobotState.msg
[2.164s] -- Up-to-date symlink: /home/fhs/ros2_ws/install/robot_interfaces/share/robot_interfaces/srv/SetMode.srv
[2.164s] -- Up-to-date symlink: /home/fhs/ros2_ws/install/robot_interfaces/share/robot_interfaces/srv/SetMode_Request.msg
[2.164s] -- Up-to-date symlink: /home/fhs/ros2_ws/install/robot_interfaces/share/robot_interfaces/srv/SetMode_Response.msg
[2.164s] -- Up-to-date symlink: /home/fhs/ros2_ws/install/robot_interfaces/share/robot_interfaces/action/Collect.action
[2.164s] -- Up-to-date symlink: /home/fhs/ros2_ws/install/robot_interfaces/share/ament_index/resource_index/package_run_dependencies/robot_interfaces
[2.165s] -- Up-to-date symlink: /home/fhs/ros2_ws/install/robot_interfaces/share/ament_index/resource_index/parent_prefix_path/robot_interfaces
[2.165s] -- Up-to-date symlink: /home/fhs/ros2_ws/install/robot_interfaces/share/robot_interfaces/environment/ament_prefix_path.sh
[2.165s] -- Up-to-date symlink: /home/fhs/ros2_ws/install/robot_interfaces/share/robot_interfaces/environment/ament_prefix_path.dsv
[2.165s] -- Up-to-date symlink: /home/fhs/ros2_ws/install/robot_interfaces/share/robot_interfaces/environment/path.sh
[2.165s] -- Up-to-date symlink: /home/fhs/ros2_ws/install/robot_interfaces/share/robot_interfaces/environment/path.dsv
[2.165s] -- Up-to-date symlink: /home/fhs/ros2_ws/install/robot_interfaces/share/robot_interfaces/local_setup.bash
[2.165s] -- Up-to-date symlink: /home/fhs/ros2_ws/install/robot_interfaces/share/robot_interfaces/local_setup.sh
[2.165s] -- Up-to-date symlink: /home/fhs/ros2_ws/install/robot_interfaces/share/robot_interfaces/local_setup.zsh
[2.165s] -- Up-to-date symlink: /home/fhs/ros2_ws/install/robot_interfaces/share/robot_interfaces/local_setup.dsv
[2.165s] -- Symlinking: /home/fhs/ros2_ws/install/robot_interfaces/share/robot_interfaces/package.dsv
[2.174s] -- Up-to-date symlink: /home/fhs/ros2_ws/install/robot_interfaces/share/ament_index/resource_index/packages/robot_interfaces
[2.174s] -- Up-to-date symlink: /home/fhs/ros2_ws/install/robot_interfaces/share/robot_interfaces/cmake/rosidl_cmake-extras.cmake
[2.174s] -- Up-to-date symlink: /home/fhs/ros2_ws/install/robot_interfaces/share/robot_interfaces/cmake/ament_cmake_export_dependencies-extras.cmake
[2.174s] -- Up-to-date symlink: /home/fhs/ros2_ws/install/robot_interfaces/share/robot_interfaces/cmake/ament_cmake_export_include_directories-extras.cmake
[2.174s] -- Up-to-date symlink: /home/fhs/ros2_ws/install/robot_interfaces/share/robot_interfaces/cmake/ament_cmake_export_libraries-extras.cmake
[2.174s] -- Up-to-date symlink: /home/fhs/ros2_ws/install/robot_interfaces/share/robot_interfaces/cmake/ament_cmake_export_targets-extras.cmake
[2.174s] -- Up-to-date symlink: /home/fhs/ros2_ws/install/robot_interfaces/share/robot_interfaces/cmake/rosidl_cmake_export_typesupport_targets-extras.cmake
[2.175s] -- Up-to-date symlink: /home/fhs/ros2_ws/install/robot_interfaces/share/robot_interfaces/cmake/rosidl_cmake_export_typesupport_libraries-extras.cmake
[2.175s] -- Up-to-date symlink: /home/fhs/ros2_ws/install/robot_interfaces/share/robot_interfaces/cmake/robot_interfacesConfig.cmake
[2.175s] -- Up-to-date symlink: /home/fhs/ros2_ws/install/robot_interfaces/share/robot_interfaces/cmake/robot_interfacesConfig-version.cmake
[2.175s] -- Up-to-date symlink: /home/fhs/ros2_ws/install/robot_interfaces/share/robot_interfaces/package.xml
[2.175s] -- Up-to-date: /home/fhs/ros2_ws/install/robot_interfaces/lib/librobot_interfaces__rosidl_generator_c.so
[2.175s] -- Up-to-date: /home/fhs/ros2_ws/install/robot_interfaces/lib/librobot_interfaces__rosidl_typesupport_fastrtps_c.so
[2.175s] -- Up-to-date: /home/fhs/ros2_ws/install/robot_interfaces/lib/librobot_interfaces__rosidl_typesupport_introspection_c.so
[2.176s] -- Up-to-date: /home/fhs/ros2_ws/install/robot_interfaces/lib/librobot_interfaces__rosidl_typesupport_c.so
[2.176s] -- Up-to-date: /home/fhs/ros2_ws/install/robot_interfaces/lib/librobot_interfaces__rosidl_typesupport_fastrtps_cpp.so
[2.177s] -- Up-to-date: /home/fhs/ros2_ws/install/robot_interfaces/lib/librobot_interfaces__rosidl_typesupport_introspection_cpp.so
[2.177s] -- Up-to-date: /home/fhs/ros2_ws/install/robot_interfaces/lib/librobot_interfaces__rosidl_typesupport_cpp.so
[2.221s] Listing '/home/fhs/ros2_ws/install/robot_interfaces/lib/python3.12/site-packages/robot_interfaces'...
[2.221s] Compiling '/home/fhs/ros2_ws/install/robot_interfaces/lib/python3.12/site-packages/robot_interfaces/__init__.py'...
[2.221s] Listing '/home/fhs/ros2_ws/install/robot_interfaces/lib/python3.12/site-packages/robot_interfaces/action'...
[2.221s] Listing '/home/fhs/ros2_ws/install/robot_interfaces/lib/python3.12/site-packages/robot_interfaces/msg'...
[2.221s] Listing '/home/fhs/ros2_ws/install/robot_interfaces/lib/python3.12/site-packages/robot_interfaces/srv'...
[2.226s] -- Up-to-date: /home/fhs/ros2_ws/install/robot_interfaces/lib/librobot_interfaces__rosidl_generator_py.so
[2.226s] -- Up-to-date: /home/fhs/ros2_ws/install/robot_interfaces/share/robot_interfaces/cmake/export_robot_interfaces__rosidl_generator_cExport.cmake
[2.226s] -- Up-to-date: /home/fhs/ros2_ws/install/robot_interfaces/share/robot_interfaces/cmake/export_robot_interfaces__rosidl_generator_cExport-release.cmake
[2.226s] -- Up-to-date: /home/fhs/ros2_ws/install/robot_interfaces/share/robot_interfaces/cmake/export_robot_interfaces__rosidl_typesupport_fastrtps_cExport.cmake
[2.226s] -- Up-to-date: /home/fhs/ros2_ws/install/robot_interfaces/share/robot_interfaces/cmake/export_robot_interfaces__rosidl_typesupport_fastrtps_cExport-release.cmake
[2.226s] -- Up-to-date: /home/fhs/ros2_ws/install/robot_interfaces/share/robot_interfaces/cmake/robot_interfaces__rosidl_typesupport_introspection_cExport.cmake
[2.226s] -- Up-to-date: /home/fhs/ros2_ws/install/robot_interfaces/share/robot_interfaces/cmake/robot_interfaces__rosidl_typesupport_introspection_cExport-release.cmake
[2.226s] -- Up-to-date: /home/fhs/ros2_ws/install/robot_interfaces/share/robot_interfaces/cmake/robot_interfaces__rosidl_typesupport_cExport.cmake
[2.226s] -- Up-to-date: /home/fhs/ros2_ws/install/robot_interfaces/share/robot_interfaces/cmake/robot_interfaces__rosidl_typesupport_cExport-release.cmake
[2.226s] -- Up-to-date: /home/fhs/ros2_ws/install/robot_interfaces/share/robot_interfaces/cmake/export_robot_interfaces__rosidl_generator_cppExport.cmake
[2.227s] -- Up-to-date: /home/fhs/ros2_ws/install/robot_interfaces/share/robot_interfaces/cmake/export_robot_interfaces__rosidl_typesupport_fastrtps_cppExport.cmake
[2.227s] -- Up-to-date: /home/fhs/ros2_ws/install/robot_interfaces/share/robot_interfaces/cmake/export_robot_interfaces__rosidl_typesupport_fastrtps_cppExport-release.cmake
[2.227s] -- Up-to-date: /home/fhs/ros2_ws/install/robot_interfaces/share/robot_interfaces/cmake/robot_interfaces__rosidl_typesupport_introspection_cppExport.cmake
[2.227s] -- Up-to-date: /home/fhs/ros2_ws/install/robot_interfaces/share/robot_interfaces/cmake/robot_interfaces__rosidl_typesupport_introspection_cppExport-release.cmake
[2.227s] -- Up-to-date: /home/fhs/ros2_ws/install/robot_interfaces/share/robot_interfaces/cmake/robot_interfaces__rosidl_typesupport_cppExport.cmake
[2.227s] -- Up-to-date: /home/fhs/ros2_ws/install/robot_interfaces/share/robot_interfaces/cmake/robot_interfaces__rosidl_typesupport_cppExport-release.cmake
[2.227s] -- Up-to-date: /home/fhs/ros2_ws/install/robot_interfaces/share/robot_interfaces/cmake/export_robot_interfaces__rosidl_generator_pyExport.cmake
[2.227s] -- Up-to-date: /home/fhs/ros2_ws/install/robot_interfaces/share/robot_interfaces/cmake/export_robot_interfaces__rosidl_generator_pyExport-release.cmake
[2.230s] Invoked command in '/home/fhs/ros2_ws/build/robot_interfaces' returned '0': CMAKE_PREFIX_PATH=/opt/ros/humble CONDA_PROMPT_MODIFIER=(base) /usr/bin/cmake --install /home/fhs/ros2_ws/build/robot_interfaces
