[0.802s] Invoking command in '/home/fhs/ros2_ws/src/robot_sensor': CONDA_PROMPT_MODIFIER=(base) PYTHONPATH=/home/fhs/ros2_ws/build/robot_sensor/prefix_override:/usr/lib/python3/dist-packages/colcon_core/task/python/colcon_distutils_commands:/home/fhs/ros2_ws/install/robot_sensor/lib/python3.10/site-packages:${PYTHONPATH} /usr/bin/python3 -W ignore:setup.py install is deprecated -W ignore:easy_install command is deprecated setup.py egg_info --egg-base ../../build/robot_sensor build --build-base /home/fhs/ros2_ws/build/robot_sensor/build install --record /home/fhs/ros2_ws/build/robot_sensor/install.log --single-version-externally-managed install_data
[1.012s] running egg_info
[1.012s] writing ../../build/robot_sensor/robot_sensor.egg-info/PKG-INFO
[1.013s] writing dependency_links to ../../build/robot_sensor/robot_sensor.egg-info/dependency_links.txt
[1.013s] writing entry points to ../../build/robot_sensor/robot_sensor.egg-info/entry_points.txt
[1.013s] writing requirements to ../../build/robot_sensor/robot_sensor.egg-info/requires.txt
[1.013s] writing top-level names to ../../build/robot_sensor/robot_sensor.egg-info/top_level.txt
[1.014s] reading manifest file '../../build/robot_sensor/robot_sensor.egg-info/SOURCES.txt'
[1.015s] writing manifest file '../../build/robot_sensor/robot_sensor.egg-info/SOURCES.txt'
[1.015s] running build
[1.015s] running build_py
[1.016s] running install
[1.016s] running install_lib
[1.017s] running install_data
[1.017s] running install_egg_info
[1.019s] removing '/home/fhs/ros2_ws/install/robot_sensor/lib/python3.10/site-packages/robot_sensor-0.0.0-py3.10.egg-info' (and everything under it)
[1.019s] Copying ../../build/robot_sensor/robot_sensor.egg-info to /home/fhs/ros2_ws/install/robot_sensor/lib/python3.10/site-packages/robot_sensor-0.0.0-py3.10.egg-info
[1.019s] running install_scripts
[1.040s] Installing generate_sensor_data script to /home/fhs/ros2_ws/install/robot_sensor/lib/robot_sensor
[1.041s] Installing robot_sensor_node script to /home/fhs/ros2_ws/install/robot_sensor/lib/robot_sensor
[1.041s] writing list of installed files to '/home/fhs/ros2_ws/build/robot_sensor/install.log'
[1.064s] Invoked command in '/home/fhs/ros2_ws/src/robot_sensor' returned '0': CONDA_PROMPT_MODIFIER=(base) PYTHONPATH=/home/fhs/ros2_ws/build/robot_sensor/prefix_override:/usr/lib/python3/dist-packages/colcon_core/task/python/colcon_distutils_commands:/home/fhs/ros2_ws/install/robot_sensor/lib/python3.10/site-packages:${PYTHONPATH} /usr/bin/python3 -W ignore:setup.py install is deprecated -W ignore:easy_install command is deprecated setup.py egg_info --egg-base ../../build/robot_sensor build --build-base /home/fhs/ros2_ws/build/robot_sensor/build install --record /home/fhs/ros2_ws/build/robot_sensor/install.log --single-version-externally-managed install_data
