running egg_info
writing ../../build/robot_tracker/robot_tracker.egg-info/PKG-INFO
writing dependency_links to ../../build/robot_tracker/robot_tracker.egg-info/dependency_links.txt
writing entry points to ../../build/robot_tracker/robot_tracker.egg-info/entry_points.txt
writing requirements to ../../build/robot_tracker/robot_tracker.egg-info/requires.txt
writing top-level names to ../../build/robot_tracker/robot_tracker.egg-info/top_level.txt
reading manifest file '../../build/robot_tracker/robot_tracker.egg-info/SOURCES.txt'
writing manifest file '../../build/robot_tracker/robot_tracker.egg-info/SOURCES.txt'
running build
running build_py
copying robot_tracker/robot_tracker_node.py -> /home/fhs/ros2_ws/build/robot_tracker/build/lib/robot_tracker
running install
running install_lib
copying /home/fhs/ros2_ws/build/robot_tracker/build/lib/robot_tracker/robot_tracker_node.py -> /home/fhs/ros2_ws/install/robot_tracker/lib/python3.10/site-packages/robot_tracker
byte-compiling /home/fhs/ros2_ws/install/robot_tracker/lib/python3.10/site-packages/robot_tracker/robot_tracker_node.py to robot_tracker_node.cpython-310.pyc
running install_data
running install_egg_info
removing '/home/fhs/ros2_ws/install/robot_tracker/lib/python3.10/site-packages/robot_tracker-0.0.0-py3.10.egg-info' (and everything under it)
Copying ../../build/robot_tracker/robot_tracker.egg-info to /home/fhs/ros2_ws/install/robot_tracker/lib/python3.10/site-packages/robot_tracker-0.0.0-py3.10.egg-info
running install_scripts
Installing robot_tracker_node script to /home/fhs/ros2_ws/install/robot_tracker/lib/robot_tracker
writing list of installed files to '/home/fhs/ros2_ws/build/robot_tracker/install.log'
