[0.030s] Invoking command in '/home/fhs/ros2_ws/build/robot_interfaces': CMAKE_PREFIX_PATH=${CMAKE_PREFIX_PATH}:/home/fhs/ros2_ws/install/robot_tracker:/home/fhs/ros2_ws/install/robot_sensor:/home/fhs/ros2_ws/install/robot_controller:/home/fhs/ros2_ws/install/robot_bringup:/opt/ros/humble CONDA_PROMPT_MODIFIER=(base) /usr/bin/cmake --build /home/fhs/ros2_ws/build/robot_interfaces -- -j20 -l20
[0.567s] [  1%] Built target robot_interfaces__cpp
[0.567s] [ 12%] Built target robot_interfaces__rosidl_generator_c
[0.567s] [ 12%] Built target ament_cmake_python_symlink_robot_interfaces
[0.567s] [ 23%] Built target robot_interfaces__rosidl_typesupport_introspection_c
[0.567s] [ 34%] Built target robot_interfaces__rosidl_typesupport_fastrtps_c
[0.567s] [ 46%] Built target robot_interfaces__rosidl_typesupport_c
[0.567s] [ 57%] Built target robot_interfaces__rosidl_typesupport_cpp
[0.567s] [ 68%] Built target robot_interfaces__rosidl_typesupport_fastrtps_cpp
[0.567s] [ 79%] Built target robot_interfaces__rosidl_typesupport_introspection_cpp
[0.567s] [ 79%] Built target robot_interfaces
[0.567s] [ 80%] Built target robot_interfaces__py
[0.567s] [ 90%] Built target robot_interfaces__rosidl_generator_py
[0.567s] [ 93%] Built target robot_interfaces__rosidl_typesupport_introspection_c__pyext
[0.567s] [ 96%] Built target robot_interfaces__rosidl_typesupport_c__pyext
[0.567s] [100%] Built target robot_interfaces__rosidl_typesupport_fastrtps_c__pyext
[0.568s] running egg_info
[0.568s] writing robot_interfaces.egg-info/PKG-INFO
[0.568s] writing dependency_links to robot_interfaces.egg-info/dependency_links.txt
[0.568s] writing top-level names to robot_interfaces.egg-info/top_level.txt
[0.568s] reading manifest file 'robot_interfaces.egg-info/SOURCES.txt'
[0.568s] writing manifest file 'robot_interfaces.egg-info/SOURCES.txt'
[0.568s] [100%] Built target ament_cmake_python_build_robot_interfaces_egg
[0.846s] Invoked command in '/home/fhs/ros2_ws/build/robot_interfaces' returned '0': CMAKE_PREFIX_PATH=${CMAKE_PREFIX_PATH}:/home/fhs/ros2_ws/install/robot_tracker:/home/fhs/ros2_ws/install/robot_sensor:/home/fhs/ros2_ws/install/robot_controller:/home/fhs/ros2_ws/install/robot_bringup:/opt/ros/humble CONDA_PROMPT_MODIFIER=(base) /usr/bin/cmake --build /home/fhs/ros2_ws/build/robot_interfaces -- -j20 -l20
[0.859s] Invoking command in '/home/fhs/ros2_ws/build/robot_interfaces': CMAKE_PREFIX_PATH=${CMAKE_PREFIX_PATH}:/home/fhs/ros2_ws/install/robot_tracker:/home/fhs/ros2_ws/install/robot_sensor:/home/fhs/ros2_ws/install/robot_controller:/home/fhs/ros2_ws/install/robot_bringup:/opt/ros/humble CONDA_PROMPT_MODIFIER=(base) /usr/bin/cmake --install /home/fhs/ros2_ws/build/robot_interfaces
