[0.993s] Invoking command in '/home/fhs/ros2_ws/src/robot_solver': CMAKE_PREFIX_PATH=/home/fhs/ros2_ws/install/robot_interfaces:/home/fhs/ros2_ws/install/robot_solver:/home/fhs/ros2_ws/install/robot_controller:/home/fhs/ros2_ws/install/robot_controller_cpp CONDA_PROMPT_MODIFIER=(base) LD_LIBRARY_PATH=/home/fhs/ros2_ws/install/robot_interfaces/lib:/home/fhs/ros2_ws/install/robot_solver/lib:/opt/intel/openvino_2024.6.0/runtime/3rdparty/tbb/lib:/opt/intel/openvino_2024.6.0/runtime/lib/intel64:/opt/intel/openvino_2024.6.0/runtime/3rdparty/tbb/lib:/opt/intel/openvino_2024.6.0/runtime/lib/intel64:/opt/ros/humble/opt/rviz_ogre_vendor/lib:/opt/ros/humble/lib/x86_64-linux-gnu:/opt/ros/humble/lib:/usr/local/cuda-12.6/lib64:/usr/local/cuda-12.6/lib64:/opt/intel/openvino_2024.6.0/runtime/3rdparty/tbb/lib:/opt/intel/openvino_2024.6.0/runtime/lib/intel64:/opt/ros/humble/opt/rviz_ogre_vendor/lib:/opt/ros/humble/lib/x86_64-linux-gnu:/opt/ros/humble/lib:/usr/local/cuda-12.6/lib64 PYTHONPATH=/home/fhs/ros2_ws/build/robot_solver/prefix_override:/usr/lib/python3/dist-packages/colcon_core/task/python/colcon_distutils_commands:/home/fhs/ros2_ws/install/robot_solver/lib/python3.10/site-packages:${PYTHONPATH} /usr/bin/python3 -W ignore:setup.py install is deprecated -W ignore:easy_install command is deprecated setup.py egg_info --egg-base ../../build/robot_solver build --build-base /home/fhs/ros2_ws/build/robot_solver/build install --record /home/fhs/ros2_ws/build/robot_solver/install.log --single-version-externally-managed install_data
[1.200s] running egg_info
[1.200s] writing ../../build/robot_solver/robot_solver.egg-info/PKG-INFO
[1.200s] writing dependency_links to ../../build/robot_solver/robot_solver.egg-info/dependency_links.txt
[1.201s] writing entry points to ../../build/robot_solver/robot_solver.egg-info/entry_points.txt
[1.201s] writing requirements to ../../build/robot_solver/robot_solver.egg-info/requires.txt
[1.201s] writing top-level names to ../../build/robot_solver/robot_solver.egg-info/top_level.txt
[1.202s] reading manifest file '../../build/robot_solver/robot_solver.egg-info/SOURCES.txt'
[1.203s] writing manifest file '../../build/robot_solver/robot_solver.egg-info/SOURCES.txt'
[1.204s] running build
[1.204s] running build_py
[1.204s] running install
[1.204s] running install_lib
[1.205s] running install_data
[1.205s] running install_egg_info
[1.207s] removing '/home/fhs/ros2_ws/install/robot_solver/lib/python3.10/site-packages/robot_solver-0.0.0-py3.10.egg-info' (and everything under it)
[1.208s] Copying ../../build/robot_solver/robot_solver.egg-info to /home/fhs/ros2_ws/install/robot_solver/lib/python3.10/site-packages/robot_solver-0.0.0-py3.10.egg-info
[1.208s] running install_scripts
[1.228s] Installing robot_solver_node script to /home/fhs/ros2_ws/install/robot_solver/lib/robot_solver
[1.229s] writing list of installed files to '/home/fhs/ros2_ws/build/robot_solver/install.log'
[1.271s] Invoked command in '/home/fhs/ros2_ws/src/robot_solver' returned '0': CMAKE_PREFIX_PATH=/home/fhs/ros2_ws/install/robot_interfaces:/home/fhs/ros2_ws/install/robot_solver:/home/fhs/ros2_ws/install/robot_controller:/home/fhs/ros2_ws/install/robot_controller_cpp CONDA_PROMPT_MODIFIER=(base) LD_LIBRARY_PATH=/home/fhs/ros2_ws/install/robot_interfaces/lib:/home/fhs/ros2_ws/install/robot_solver/lib:/opt/intel/openvino_2024.6.0/runtime/3rdparty/tbb/lib:/opt/intel/openvino_2024.6.0/runtime/lib/intel64:/opt/intel/openvino_2024.6.0/runtime/3rdparty/tbb/lib:/opt/intel/openvino_2024.6.0/runtime/lib/intel64:/opt/ros/humble/opt/rviz_ogre_vendor/lib:/opt/ros/humble/lib/x86_64-linux-gnu:/opt/ros/humble/lib:/usr/local/cuda-12.6/lib64:/usr/local/cuda-12.6/lib64:/opt/intel/openvino_2024.6.0/runtime/3rdparty/tbb/lib:/opt/intel/openvino_2024.6.0/runtime/lib/intel64:/opt/ros/humble/opt/rviz_ogre_vendor/lib:/opt/ros/humble/lib/x86_64-linux-gnu:/opt/ros/humble/lib:/usr/local/cuda-12.6/lib64 PYTHONPATH=/home/fhs/ros2_ws/build/robot_solver/prefix_override:/usr/lib/python3/dist-packages/colcon_core/task/python/colcon_distutils_commands:/home/fhs/ros2_ws/install/robot_solver/lib/python3.10/site-packages:${PYTHONPATH} /usr/bin/python3 -W ignore:setup.py install is deprecated -W ignore:easy_install command is deprecated setup.py egg_info --egg-base ../../build/robot_solver build --build-base /home/fhs/ros2_ws/build/robot_solver/build install --record /home/fhs/ros2_ws/build/robot_solver/install.log --single-version-externally-managed install_data
