[0.278s] Invoking command in '/home/fhs/ros2_ws/build/robot_controller_cpp': CMAKE_PREFIX_PATH=/opt/ros/humble CONDA_PROMPT_MODIFIER=(base) /usr/bin/cmake --build /home/fhs/ros2_ws/build/robot_controller_cpp -- -j20 -l20
[0.731s] Invoked command in '/home/fhs/ros2_ws/build/robot_controller_cpp' returned '0': CMAKE_PREFIX_PATH=/opt/ros/humble CONDA_PROMPT_MODIFIER=(base) /usr/bin/cmake --build /home/fhs/ros2_ws/build/robot_controller_cpp -- -j20 -l20
[0.741s] Invoking command in '/home/fhs/ros2_ws/build/robot_controller_cpp': CMAKE_PREFIX_PATH=/opt/ros/humble CONDA_PROMPT_MODIFIER=(base) /usr/bin/cmake --install /home/fhs/ros2_ws/build/robot_controller_cpp
[0.752s] -- Install configuration: ""
[0.752s] -- Up-to-date: /home/fhs/ros2_ws/install/robot_controller_cpp/share/ament_index/resource_index/package_run_dependencies/robot_controller_cpp
[0.752s] -- Up-to-date: /home/fhs/ros2_ws/install/robot_controller_cpp/share/ament_index/resource_index/parent_prefix_path/robot_controller_cpp
[0.753s] -- Up-to-date: /home/fhs/ros2_ws/install/robot_controller_cpp/share/robot_controller_cpp/environment/ament_prefix_path.sh
[0.753s] -- Up-to-date: /home/fhs/ros2_ws/install/robot_controller_cpp/share/robot_controller_cpp/environment/ament_prefix_path.dsv
[0.753s] -- Up-to-date: /home/fhs/ros2_ws/install/robot_controller_cpp/share/robot_controller_cpp/environment/path.sh
[0.753s] -- Up-to-date: /home/fhs/ros2_ws/install/robot_controller_cpp/share/robot_controller_cpp/environment/path.dsv
[0.753s] -- Up-to-date: /home/fhs/ros2_ws/install/robot_controller_cpp/share/robot_controller_cpp/local_setup.bash
[0.753s] -- Up-to-date: /home/fhs/ros2_ws/install/robot_controller_cpp/share/robot_controller_cpp/local_setup.sh
[0.753s] -- Up-to-date: /home/fhs/ros2_ws/install/robot_controller_cpp/share/robot_controller_cpp/local_setup.zsh
[0.753s] -- Up-to-date: /home/fhs/ros2_ws/install/robot_controller_cpp/share/robot_controller_cpp/local_setup.dsv
[0.753s] -- Up-to-date: /home/fhs/ros2_ws/install/robot_controller_cpp/share/robot_controller_cpp/package.dsv
[0.754s] -- Up-to-date: /home/fhs/ros2_ws/install/robot_controller_cpp/share/ament_index/resource_index/packages/robot_controller_cpp
[0.754s] -- Up-to-date: /home/fhs/ros2_ws/install/robot_controller_cpp/share/robot_controller_cpp/cmake/robot_controller_cppConfig.cmake
[0.754s] -- Up-to-date: /home/fhs/ros2_ws/install/robot_controller_cpp/share/robot_controller_cpp/cmake/robot_controller_cppConfig-version.cmake
[0.755s] -- Up-to-date: /home/fhs/ros2_ws/install/robot_controller_cpp/share/robot_controller_cpp/package.xml
[0.755s] Invoked command in '/home/fhs/ros2_ws/build/robot_controller_cpp' returned '0': CMAKE_PREFIX_PATH=/opt/ros/humble CONDA_PROMPT_MODIFIER=(base) /usr/bin/cmake --install /home/fhs/ros2_ws/build/robot_controller_cpp
