[0.724s] Invoking command in '/home/fhs/ros2_ws/src/robot_controller': AMENT_PREFIX_PATH=/home/fhs/ros2_ws/install/robot_interfaces:${AMENT_PREFIX_PATH} CMAKE_PREFIX_PATH=/home/fhs/ros2_ws/install/robot_interfaces CONDA_PROMPT_MODIFIER=(base) LD_LIBRARY_PATH=/home/fhs/ros2_ws/install/robot_interfaces/lib:/opt/ros/humble/opt/rviz_ogre_vendor/lib:/opt/ros/humble/lib/x86_64-linux-gnu:/opt/ros/humble/lib:/usr/local/cuda-12.6/lib64:/usr/local/cuda-12.6/lib64:/opt/ros/humble/opt/rviz_ogre_vendor/lib:/opt/ros/humble/lib/x86_64-linux-gnu:/opt/ros/humble/lib:/usr/local/cuda-12.6/lib64 PYTHONPATH=/home/fhs/ros2_ws/build/robot_controller/prefix_override:/usr/lib/python3/dist-packages/colcon_core/task/python/colcon_distutils_commands:/home/fhs/ros2_ws/install/robot_controller/lib/python3.10/site-packages:/home/fhs/ros2_ws/install/robot_interfaces/lib/python3.12/site-packages:${PYTHONPATH} /usr/bin/python3 -W ignore:setup.py install is deprecated -W ignore:easy_install command is deprecated setup.py egg_info --egg-base ../../build/robot_controller build --build-base /home/fhs/ros2_ws/build/robot_controller/build install --record /home/fhs/ros2_ws/build/robot_controller/install.log --single-version-externally-managed install_data
[0.921s] running egg_info
[0.922s] writing ../../build/robot_controller/robot_controller.egg-info/PKG-INFO
[0.922s] writing dependency_links to ../../build/robot_controller/robot_controller.egg-info/dependency_links.txt
[0.922s] writing entry points to ../../build/robot_controller/robot_controller.egg-info/entry_points.txt
[0.922s] writing requirements to ../../build/robot_controller/robot_controller.egg-info/requires.txt
[0.922s] writing top-level names to ../../build/robot_controller/robot_controller.egg-info/top_level.txt
[0.923s] reading manifest file '../../build/robot_controller/robot_controller.egg-info/SOURCES.txt'
[0.924s] writing manifest file '../../build/robot_controller/robot_controller.egg-info/SOURCES.txt'
[0.925s] running build
[0.925s] running build_py
[0.925s] running install
[0.925s] running install_lib
[0.926s] running install_data
[0.926s] running install_egg_info
[0.927s] removing '/home/fhs/ros2_ws/install/robot_controller/lib/python3.10/site-packages/robot_controller-0.0.0-py3.10.egg-info' (and everything under it)
[0.928s] Copying ../../build/robot_controller/robot_controller.egg-info to /home/fhs/ros2_ws/install/robot_controller/lib/python3.10/site-packages/robot_controller-0.0.0-py3.10.egg-info
[0.929s] running install_scripts
[0.948s] writing list of installed files to '/home/fhs/ros2_ws/build/robot_controller/install.log'
[0.973s] Invoked command in '/home/fhs/ros2_ws/src/robot_controller' returned '0': AMENT_PREFIX_PATH=/home/fhs/ros2_ws/install/robot_interfaces:${AMENT_PREFIX_PATH} CMAKE_PREFIX_PATH=/home/fhs/ros2_ws/install/robot_interfaces CONDA_PROMPT_MODIFIER=(base) LD_LIBRARY_PATH=/home/fhs/ros2_ws/install/robot_interfaces/lib:/opt/ros/humble/opt/rviz_ogre_vendor/lib:/opt/ros/humble/lib/x86_64-linux-gnu:/opt/ros/humble/lib:/usr/local/cuda-12.6/lib64:/usr/local/cuda-12.6/lib64:/opt/ros/humble/opt/rviz_ogre_vendor/lib:/opt/ros/humble/lib/x86_64-linux-gnu:/opt/ros/humble/lib:/usr/local/cuda-12.6/lib64 PYTHONPATH=/home/fhs/ros2_ws/build/robot_controller/prefix_override:/usr/lib/python3/dist-packages/colcon_core/task/python/colcon_distutils_commands:/home/fhs/ros2_ws/install/robot_controller/lib/python3.10/site-packages:/home/fhs/ros2_ws/install/robot_interfaces/lib/python3.12/site-packages:${PYTHONPATH} /usr/bin/python3 -W ignore:setup.py install is deprecated -W ignore:easy_install command is deprecated setup.py egg_info --egg-base ../../build/robot_controller build --build-base /home/fhs/ros2_ws/build/robot_controller/build install --record /home/fhs/ros2_ws/build/robot_controller/install.log --single-version-externally-managed install_data
