[0.236s] Invoking command in '/home/fhs/ros2_ws/build/robot_controller_cpp': CMAKE_PREFIX_PATH=/opt/ros/humble CONDA_PROMPT_MODIFIER=(base) /usr/bin/cmake /home/fhs/ros2_ws/src/robot_controller_cpp -DCMAKE_INSTALL_PREFIX=/home/fhs/ros2_ws/install/robot_controller_cpp
[0.460s] -- The C compiler identification is GNU 11.4.0
[0.460s] -- The CXX compiler identification is GNU 11.4.0
[0.460s] -- Detecting C compiler ABI info
[0.460s] -- Detecting C compiler ABI info - done
[0.460s] -- Check for working C compiler: /usr/bin/cc - skipped
[0.461s] -- Detecting C compile features
[0.461s] -- Detecting C compile features - done
[0.463s] -- Detecting CXX compiler ABI info
[0.545s] -- Detecting CXX compiler ABI info - done
[0.552s] -- Check for working CXX compiler: /usr/bin/c++ - skipped
[0.552s] -- Detecting CXX compile features
[0.553s] -- Detecting CXX compile features - done
[0.554s] -- Found ament_cmake: 1.3.12 (/opt/ros/humble/share/ament_cmake/cmake)
[0.930s] -- Found Python3: /home/fhs/anaconda3/bin/python3 (found version "3.12.2") found components: Interpreter 
[1.028s] -- Found rclcpp: 16.0.15 (/opt/ros/humble/share/rclcpp/cmake)
[1.063s] -- Found rosidl_generator_c: 3.1.7 (/opt/ros/humble/share/rosidl_generator_c/cmake)
[1.067s] -- Found rosidl_adapter: 3.1.7 (/opt/ros/humble/share/rosidl_adapter/cmake)
[1.074s] -- Found rosidl_generator_cpp: 3.1.7 (/opt/ros/humble/share/rosidl_generator_cpp/cmake)
[1.084s] -- Using all available rosidl_typesupport_c: rosidl_typesupport_fastrtps_c;rosidl_typesupport_introspection_c
[1.098s] -- Using all available rosidl_typesupport_cpp: rosidl_typesupport_fastrtps_cpp;rosidl_typesupport_introspection_cpp
[1.136s] -- Found rmw_implementation_cmake: 6.1.2 (/opt/ros/humble/share/rmw_implementation_cmake/cmake)
[1.137s] -- Found rmw_fastrtps_cpp: 6.2.9 (/opt/ros/humble/share/rmw_fastrtps_cpp/cmake)
[1.238s] -- Found OpenSSL: /usr/lib/x86_64-linux-gnu/libcrypto.so (found version "3.0.2")  
[1.267s] -- Found FastRTPS: /opt/ros/humble/include  
[1.309s] -- Using RMW implementation 'rmw_fastrtps_cpp' as default
[1.316s] -- Looking for pthread.h
[1.399s] -- Looking for pthread.h - found
[1.399s] -- Performing Test CMAKE_HAVE_LIBC_PTHREAD
[1.491s] -- Performing Test CMAKE_HAVE_LIBC_PTHREAD - Success
[1.491s] -- Found Threads: TRUE  
[1.538s] -- Found rclcpp_action: 16.0.15 (/opt/ros/humble/share/rclcpp_action/cmake)
[1.569s] -- Found geometry_msgs: 4.9.0 (/opt/ros/humble/share/geometry_msgs/cmake)
[1.581s] -- Found tf2_ros: 0.25.16 (/opt/ros/humble/share/tf2_ros/cmake)
[1.640s] -- Found tf2_geometry_msgs: 0.25.16 (/opt/ros/humble/share/tf2_geometry_msgs/cmake)
[1.654s] -- Found eigen3_cmake_module: 0.1.1 (/opt/ros/humble/share/eigen3_cmake_module/cmake)
[1.655s] -- Found Eigen3: TRUE (found version "3.4.0") 
[1.655s] -- Ensuring Eigen3 include directory is part of orocos-kdl CMake target
[1.657s] -- Found ament_lint_auto: 0.12.14 (/opt/ros/humble/share/ament_lint_auto/cmake)
[1.757s] -- Added test 'cppcheck' to perform static code analysis on C / C++ code
[1.757s] -- Configured cppcheck include dirs: 
[1.757s] -- Configured cppcheck exclude dirs and/or files: 
[1.757s] -- Added test 'flake8' to check Python code syntax and style conventions
[1.758s] -- Added test 'lint_cmake' to check CMake code style
[1.758s] -- Added test 'pep257' to check Python code against some of the docstring style conventions in PEP 257
[1.759s] -- Added test 'uncrustify' to check C / C++ code style
[1.759s] -- Configured uncrustify additional arguments: 
[1.759s] -- Added test 'xmllint' to check XML markup files
[1.760s] -- Configuring done
[1.763s] -- Generating done
[1.765s] -- Build files have been written to: /home/fhs/ros2_ws/build/robot_controller_cpp
[1.775s] Invoked command in '/home/fhs/ros2_ws/build/robot_controller_cpp' returned '0': CMAKE_PREFIX_PATH=/opt/ros/humble CONDA_PROMPT_MODIFIER=(base) /usr/bin/cmake /home/fhs/ros2_ws/src/robot_controller_cpp -DCMAKE_INSTALL_PREFIX=/home/fhs/ros2_ws/install/robot_controller_cpp
[1.777s] Invoking command in '/home/fhs/ros2_ws/build/robot_controller_cpp': CMAKE_PREFIX_PATH=/opt/ros/humble CONDA_PROMPT_MODIFIER=(base) /usr/bin/cmake --build /home/fhs/ros2_ws/build/robot_controller_cpp -- -j20 -l20
[1.826s] Invoked command in '/home/fhs/ros2_ws/build/robot_controller_cpp' returned '0': CMAKE_PREFIX_PATH=/opt/ros/humble CONDA_PROMPT_MODIFIER=(base) /usr/bin/cmake --build /home/fhs/ros2_ws/build/robot_controller_cpp -- -j20 -l20
[1.837s] Invoking command in '/home/fhs/ros2_ws/build/robot_controller_cpp': CMAKE_PREFIX_PATH=/opt/ros/humble CONDA_PROMPT_MODIFIER=(base) /usr/bin/cmake --install /home/fhs/ros2_ws/build/robot_controller_cpp
[1.843s] -- Install configuration: ""
[1.843s] -- Installing: /home/fhs/ros2_ws/install/robot_controller_cpp/share/ament_index/resource_index/package_run_dependencies/robot_controller_cpp
[1.843s] -- Installing: /home/fhs/ros2_ws/install/robot_controller_cpp/share/ament_index/resource_index/parent_prefix_path/robot_controller_cpp
[1.844s] -- Installing: /home/fhs/ros2_ws/install/robot_controller_cpp/share/robot_controller_cpp/environment/ament_prefix_path.sh
[1.844s] -- Installing: /home/fhs/ros2_ws/install/robot_controller_cpp/share/robot_controller_cpp/environment/ament_prefix_path.dsv
[1.844s] -- Installing: /home/fhs/ros2_ws/install/robot_controller_cpp/share/robot_controller_cpp/environment/path.sh
[1.844s] -- Installing: /home/fhs/ros2_ws/install/robot_controller_cpp/share/robot_controller_cpp/environment/path.dsv
[1.844s] -- Installing: /home/fhs/ros2_ws/install/robot_controller_cpp/share/robot_controller_cpp/local_setup.bash
[1.844s] -- Installing: /home/fhs/ros2_ws/install/robot_controller_cpp/share/robot_controller_cpp/local_setup.sh
[1.844s] -- Installing: /home/fhs/ros2_ws/install/robot_controller_cpp/share/robot_controller_cpp/local_setup.zsh
[1.844s] -- Installing: /home/fhs/ros2_ws/install/robot_controller_cpp/share/robot_controller_cpp/local_setup.dsv
[1.845s] -- Installing: /home/fhs/ros2_ws/install/robot_controller_cpp/share/robot_controller_cpp/package.dsv
[1.845s] -- Installing: /home/fhs/ros2_ws/install/robot_controller_cpp/share/ament_index/resource_index/packages/robot_controller_cpp
[1.845s] -- Installing: /home/fhs/ros2_ws/install/robot_controller_cpp/share/robot_controller_cpp/cmake/robot_controller_cppConfig.cmake
[1.845s] -- Installing: /home/fhs/ros2_ws/install/robot_controller_cpp/share/robot_controller_cpp/cmake/robot_controller_cppConfig-version.cmake
[1.845s] -- Installing: /home/fhs/ros2_ws/install/robot_controller_cpp/share/robot_controller_cpp/package.xml
[1.847s] Invoked command in '/home/fhs/ros2_ws/build/robot_controller_cpp' returned '0': CMAKE_PREFIX_PATH=/opt/ros/humble CONDA_PROMPT_MODIFIER=(base) /usr/bin/cmake --install /home/fhs/ros2_ws/build/robot_controller_cpp
