[0.672s] Invoking command in '/home/fhs/ros2_ws/build/robot_controller': AMENT_PREFIX_PATH=/home/fhs/ros2_ws/install/robot_interfaces:${AMENT_PREFIX_PATH} CMAKE_PREFIX_PATH=/home/fhs/ros2_ws/install/robot_interfaces:/opt/ros/humble CONDA_PROMPT_MODIFIER=(base) LD_LIBRARY_PATH=/home/fhs/ros2_ws/install/robot_interfaces/lib:/opt/intel/openvino_2024.6.0/runtime/3rdparty/tbb/lib:/opt/intel/openvino_2024.6.0/runtime/lib/intel64:/opt/intel/openvino_2024.6.0/runtime/3rdparty/tbb/lib:/opt/intel/openvino_2024.6.0/runtime/lib/intel64:/opt/ros/humble/opt/rviz_ogre_vendor/lib:/opt/ros/humble/lib/x86_64-linux-gnu:/opt/ros/humble/lib:/usr/local/cuda-12.6/lib64:/usr/local/cuda-12.6/lib64:/opt/intel/openvino_2024.6.0/runtime/3rdparty/tbb/lib:/opt/intel/openvino_2024.6.0/runtime/lib/intel64:/opt/ros/humble/opt/rviz_ogre_vendor/lib:/opt/ros/humble/lib/x86_64-linux-gnu:/opt/ros/humble/lib:/usr/local/cuda-12.6/lib64 PYTHONPATH=/home/fhs/ros2_ws/install/robot_interfaces/lib/python3.12/site-packages:${PYTHONPATH} /usr/bin/cmake --build /home/fhs/ros2_ws/build/robot_controller -- -j20 -l20
[0.747s] [100%] Built target robot_controller_node
[0.761s] Invoked command in '/home/fhs/ros2_ws/build/robot_controller' returned '0': AMENT_PREFIX_PATH=/home/fhs/ros2_ws/install/robot_interfaces:${AMENT_PREFIX_PATH} CMAKE_PREFIX_PATH=/home/fhs/ros2_ws/install/robot_interfaces:/opt/ros/humble CONDA_PROMPT_MODIFIER=(base) LD_LIBRARY_PATH=/home/fhs/ros2_ws/install/robot_interfaces/lib:/opt/intel/openvino_2024.6.0/runtime/3rdparty/tbb/lib:/opt/intel/openvino_2024.6.0/runtime/lib/intel64:/opt/intel/openvino_2024.6.0/runtime/3rdparty/tbb/lib:/opt/intel/openvino_2024.6.0/runtime/lib/intel64:/opt/ros/humble/opt/rviz_ogre_vendor/lib:/opt/ros/humble/lib/x86_64-linux-gnu:/opt/ros/humble/lib:/usr/local/cuda-12.6/lib64:/usr/local/cuda-12.6/lib64:/opt/intel/openvino_2024.6.0/runtime/3rdparty/tbb/lib:/opt/intel/openvino_2024.6.0/runtime/lib/intel64:/opt/ros/humble/opt/rviz_ogre_vendor/lib:/opt/ros/humble/lib/x86_64-linux-gnu:/opt/ros/humble/lib:/usr/local/cuda-12.6/lib64 PYTHONPATH=/home/fhs/ros2_ws/install/robot_interfaces/lib/python3.12/site-packages:${PYTHONPATH} /usr/bin/cmake --build /home/fhs/ros2_ws/build/robot_controller -- -j20 -l20
[0.773s] Invoking command in '/home/fhs/ros2_ws/build/robot_controller': AMENT_PREFIX_PATH=/home/fhs/ros2_ws/install/robot_interfaces:${AMENT_PREFIX_PATH} CMAKE_PREFIX_PATH=/home/fhs/ros2_ws/install/robot_interfaces:/opt/ros/humble CONDA_PROMPT_MODIFIER=(base) LD_LIBRARY_PATH=/home/fhs/ros2_ws/install/robot_interfaces/lib:/opt/intel/openvino_2024.6.0/runtime/3rdparty/tbb/lib:/opt/intel/openvino_2024.6.0/runtime/lib/intel64:/opt/intel/openvino_2024.6.0/runtime/3rdparty/tbb/lib:/opt/intel/openvino_2024.6.0/runtime/lib/intel64:/opt/ros/humble/opt/rviz_ogre_vendor/lib:/opt/ros/humble/lib/x86_64-linux-gnu:/opt/ros/humble/lib:/usr/local/cuda-12.6/lib64:/usr/local/cuda-12.6/lib64:/opt/intel/openvino_2024.6.0/runtime/3rdparty/tbb/lib:/opt/intel/openvino_2024.6.0/runtime/lib/intel64:/opt/ros/humble/opt/rviz_ogre_vendor/lib:/opt/ros/humble/lib/x86_64-linux-gnu:/opt/ros/humble/lib:/usr/local/cuda-12.6/lib64 PYTHONPATH=/home/fhs/ros2_ws/install/robot_interfaces/lib/python3.12/site-packages:${PYTHONPATH} /usr/bin/cmake --install /home/fhs/ros2_ws/build/robot_controller
[0.781s] -- Install configuration: ""
[0.781s] -- Up-to-date: /home/fhs/ros2_ws/install/robot_controller/lib/robot_controller/robot_controller_node
[0.781s] -- Up-to-date: /home/fhs/ros2_ws/install/robot_controller/share/robot_controller/config
[0.781s] -- Up-to-date: /home/fhs/ros2_ws/install/robot_controller/share/robot_controller/config/params.yaml
[0.781s] -- Up-to-date: /home/fhs/ros2_ws/install/robot_controller/share/ament_index/resource_index/package_run_dependencies/robot_controller
[0.782s] -- Up-to-date: /home/fhs/ros2_ws/install/robot_controller/share/ament_index/resource_index/parent_prefix_path/robot_controller
[0.782s] -- Up-to-date: /home/fhs/ros2_ws/install/robot_controller/share/robot_controller/environment/ament_prefix_path.sh
[0.782s] -- Up-to-date: /home/fhs/ros2_ws/install/robot_controller/share/robot_controller/environment/ament_prefix_path.dsv
[0.782s] -- Up-to-date: /home/fhs/ros2_ws/install/robot_controller/share/robot_controller/environment/path.sh
[0.782s] -- Up-to-date: /home/fhs/ros2_ws/install/robot_controller/share/robot_controller/environment/path.dsv
[0.782s] -- Up-to-date: /home/fhs/ros2_ws/install/robot_controller/share/robot_controller/local_setup.bash
[0.782s] -- Up-to-date: /home/fhs/ros2_ws/install/robot_controller/share/robot_controller/local_setup.sh
[0.782s] -- Up-to-date: /home/fhs/ros2_ws/install/robot_controller/share/robot_controller/local_setup.zsh
[0.782s] -- Up-to-date: /home/fhs/ros2_ws/install/robot_controller/share/robot_controller/local_setup.dsv
[0.783s] -- Up-to-date: /home/fhs/ros2_ws/install/robot_controller/share/robot_controller/package.dsv
[0.783s] -- Up-to-date: /home/fhs/ros2_ws/install/robot_controller/share/ament_index/resource_index/packages/robot_controller
[0.783s] -- Up-to-date: /home/fhs/ros2_ws/install/robot_controller/share/robot_controller/cmake/robot_controllerConfig.cmake
[0.783s] -- Up-to-date: /home/fhs/ros2_ws/install/robot_controller/share/robot_controller/cmake/robot_controllerConfig-version.cmake
[0.783s] -- Up-to-date: /home/fhs/ros2_ws/install/robot_controller/share/robot_controller/package.xml
[0.783s] -- Up-to-date: /home/fhs/ros2_ws/install/robot_controller/share/robot_controller/launch
[0.783s] -- Up-to-date: /home/fhs/ros2_ws/install/robot_controller/share/robot_controller/launch/robot_controller.launch.py
[0.785s] Invoked command in '/home/fhs/ros2_ws/build/robot_controller' returned '0': AMENT_PREFIX_PATH=/home/fhs/ros2_ws/install/robot_interfaces:${AMENT_PREFIX_PATH} CMAKE_PREFIX_PATH=/home/fhs/ros2_ws/install/robot_interfaces:/opt/ros/humble CONDA_PROMPT_MODIFIER=(base) LD_LIBRARY_PATH=/home/fhs/ros2_ws/install/robot_interfaces/lib:/opt/intel/openvino_2024.6.0/runtime/3rdparty/tbb/lib:/opt/intel/openvino_2024.6.0/runtime/lib/intel64:/opt/intel/openvino_2024.6.0/runtime/3rdparty/tbb/lib:/opt/intel/openvino_2024.6.0/runtime/lib/intel64:/opt/ros/humble/opt/rviz_ogre_vendor/lib:/opt/ros/humble/lib/x86_64-linux-gnu:/opt/ros/humble/lib:/usr/local/cuda-12.6/lib64:/usr/local/cuda-12.6/lib64:/opt/intel/openvino_2024.6.0/runtime/3rdparty/tbb/lib:/opt/intel/openvino_2024.6.0/runtime/lib/intel64:/opt/ros/humble/opt/rviz_ogre_vendor/lib:/opt/ros/humble/lib/x86_64-linux-gnu:/opt/ros/humble/lib:/usr/local/cuda-12.6/lib64 PYTHONPATH=/home/fhs/ros2_ws/install/robot_interfaces/lib/python3.12/site-packages:${PYTHONPATH} /usr/bin/cmake --install /home/fhs/ros2_ws/build/robot_controller
