[0.110s] DEBUG:colcon:Command line arguments: ['/usr/bin/colcon', 'build']
[0.110s] DEBUG:colcon:Parsed command line arguments: Namespace(log_base=None, log_level=None, verb_name='build', build_base='build', install_base='install', merge_install=False, symlink_install=False, test_result_base=None, continue_on_error=False, executor='parallel', parallel_workers=20, event_handlers=None, ignore_user_meta=False, metas=['./colcon.meta'], base_paths=['.'], packages_ignore=None, packages_ignore_regex=None, paths=None, packages_up_to=None, packages_up_to_regex=None, packages_above=None, packages_above_and_dependencies=None, packages_above_depth=None, packages_select_by_dep=None, packages_skip_by_dep=None, packages_skip_up_to=None, packages_select_build_failed=False, packages_skip_build_finished=False, packages_select_test_failures=False, packages_skip_test_passed=False, packages_select=None, packages_skip=None, packages_select_regex=None, packages_skip_regex=None, packages_start=None, packages_end=None, allow_overriding=[], cmake_args=None, cmake_target=None, cmake_target_skip_unavailable=False, cmake_clean_cache=False, cmake_clean_first=False, cmake_force_configure=False, ament_cmake_args=None, catkin_cmake_args=None, catkin_skip_building_tests=False, verb_parser=<colcon_defaults.argument_parser.defaults.DefaultArgumentsDecorator object at 0x78d04f068e20>, verb_extension=<colcon_core.verb.build.BuildVerb object at 0x78d04f0688e0>, main=<bound method BuildVerb.main of <colcon_core.verb.build.BuildVerb object at 0x78d04f0688e0>>)
[0.272s] Level 1:colcon.colcon_core.package_discovery:discover_packages(colcon_meta) check parameters
[0.272s] Level 1:colcon.colcon_core.package_discovery:discover_packages(recursive) check parameters
[0.272s] Level 1:colcon.colcon_core.package_discovery:discover_packages(ignore) check parameters
[0.272s] Level 1:colcon.colcon_core.package_discovery:discover_packages(path) check parameters
[0.272s] Level 1:colcon.colcon_core.package_discovery:discover_packages(colcon_meta) discover
[0.272s] Level 1:colcon.colcon_core.package_discovery:discover_packages(recursive) discover
[0.272s] INFO:colcon.colcon_core.package_discovery:Crawling recursively for packages in '/home/fhs/ros2_ws'
[0.272s] Level 1:colcon.colcon_core.package_identification:_identify(.) by extensions ['ignore', 'ignore_ament_install']
[0.272s] Level 1:colcon.colcon_core.package_identification:_identify(.) by extension 'ignore'
[0.272s] Level 1:colcon.colcon_core.package_identification:_identify(.) by extension 'ignore_ament_install'
[0.272s] Level 1:colcon.colcon_core.package_identification:_identify(.) by extensions ['colcon_pkg']
[0.273s] Level 1:colcon.colcon_core.package_identification:_identify(.) by extension 'colcon_pkg'
[0.273s] Level 1:colcon.colcon_core.package_identification:_identify(.) by extensions ['colcon_meta']
[0.273s] Level 1:colcon.colcon_core.package_identification:_identify(.) by extension 'colcon_meta'
[0.273s] Level 1:colcon.colcon_core.package_identification:_identify(.) by extensions ['ros']
[0.273s] Level 1:colcon.colcon_core.package_identification:_identify(.) by extension 'ros'
[0.285s] Level 1:colcon.colcon_core.package_identification:_identify(.) by extensions ['cmake', 'python']
[0.286s] Level 1:colcon.colcon_core.package_identification:_identify(.) by extension 'cmake'
[0.286s] Level 1:colcon.colcon_core.package_identification:_identify(.) by extension 'python'
[0.286s] Level 1:colcon.colcon_core.package_identification:_identify(.) by extensions ['python_setup_py']
[0.286s] Level 1:colcon.colcon_core.package_identification:_identify(.) by extension 'python_setup_py'
[0.286s] Level 1:colcon.colcon_core.package_identification:_identify(build) by extensions ['ignore', 'ignore_ament_install']
[0.286s] Level 1:colcon.colcon_core.package_identification:_identify(build) by extension 'ignore'
[0.286s] Level 1:colcon.colcon_core.package_identification:_identify(build) ignored
[0.286s] Level 1:colcon.colcon_core.package_identification:_identify(install) by extensions ['ignore', 'ignore_ament_install']
[0.286s] Level 1:colcon.colcon_core.package_identification:_identify(install) by extension 'ignore'
[0.286s] Level 1:colcon.colcon_core.package_identification:_identify(install) ignored
[0.286s] Level 1:colcon.colcon_core.package_identification:_identify(log) by extensions ['ignore', 'ignore_ament_install']
[0.286s] Level 1:colcon.colcon_core.package_identification:_identify(log) by extension 'ignore'
[0.286s] Level 1:colcon.colcon_core.package_identification:_identify(log) ignored
[0.287s] Level 1:colcon.colcon_core.package_identification:_identify(src) by extensions ['ignore', 'ignore_ament_install']
[0.287s] Level 1:colcon.colcon_core.package_identification:_identify(src) by extension 'ignore'
[0.287s] Level 1:colcon.colcon_core.package_identification:_identify(src) by extension 'ignore_ament_install'
[0.287s] Level 1:colcon.colcon_core.package_identification:_identify(src) by extensions ['colcon_pkg']
[0.287s] Level 1:colcon.colcon_core.package_identification:_identify(src) by extension 'colcon_pkg'
[0.287s] Level 1:colcon.colcon_core.package_identification:_identify(src) by extensions ['colcon_meta']
[0.287s] Level 1:colcon.colcon_core.package_identification:_identify(src) by extension 'colcon_meta'
[0.287s] Level 1:colcon.colcon_core.package_identification:_identify(src) by extensions ['ros']
[0.287s] Level 1:colcon.colcon_core.package_identification:_identify(src) by extension 'ros'
[0.287s] Level 1:colcon.colcon_core.package_identification:_identify(src) by extensions ['cmake', 'python']
[0.287s] Level 1:colcon.colcon_core.package_identification:_identify(src) by extension 'cmake'
[0.287s] Level 1:colcon.colcon_core.package_identification:_identify(src) by extension 'python'
[0.287s] Level 1:colcon.colcon_core.package_identification:_identify(src) by extensions ['python_setup_py']
[0.287s] Level 1:colcon.colcon_core.package_identification:_identify(src) by extension 'python_setup_py'
[0.287s] Level 1:colcon.colcon_core.package_identification:_identify(src/robot_bringup) by extensions ['ignore', 'ignore_ament_install']
[0.287s] Level 1:colcon.colcon_core.package_identification:_identify(src/robot_bringup) by extension 'ignore'
[0.287s] Level 1:colcon.colcon_core.package_identification:_identify(src/robot_bringup) by extension 'ignore_ament_install'
[0.287s] Level 1:colcon.colcon_core.package_identification:_identify(src/robot_bringup) by extensions ['colcon_pkg']
[0.287s] Level 1:colcon.colcon_core.package_identification:_identify(src/robot_bringup) by extension 'colcon_pkg'
[0.287s] Level 1:colcon.colcon_core.package_identification:_identify(src/robot_bringup) by extensions ['colcon_meta']
[0.287s] Level 1:colcon.colcon_core.package_identification:_identify(src/robot_bringup) by extension 'colcon_meta'
[0.287s] Level 1:colcon.colcon_core.package_identification:_identify(src/robot_bringup) by extensions ['ros']
[0.288s] Level 1:colcon.colcon_core.package_identification:_identify(src/robot_bringup) by extension 'ros'
[0.290s] DEBUG:colcon.colcon_core.package_identification:Package 'src/robot_bringup' with type 'ros.ament_python' and name 'robot_bringup'
[0.290s] Level 1:colcon.colcon_core.package_identification:_identify(src/robot_controller) by extensions ['ignore', 'ignore_ament_install']
[0.290s] Level 1:colcon.colcon_core.package_identification:_identify(src/robot_controller) by extension 'ignore'
[0.290s] Level 1:colcon.colcon_core.package_identification:_identify(src/robot_controller) by extension 'ignore_ament_install'
[0.290s] Level 1:colcon.colcon_core.package_identification:_identify(src/robot_controller) by extensions ['colcon_pkg']
[0.290s] Level 1:colcon.colcon_core.package_identification:_identify(src/robot_controller) by extension 'colcon_pkg'
[0.290s] Level 1:colcon.colcon_core.package_identification:_identify(src/robot_controller) by extensions ['colcon_meta']
[0.291s] Level 1:colcon.colcon_core.package_identification:_identify(src/robot_controller) by extension 'colcon_meta'
[0.291s] Level 1:colcon.colcon_core.package_identification:_identify(src/robot_controller) by extensions ['ros']
[0.291s] Level 1:colcon.colcon_core.package_identification:_identify(src/robot_controller) by extension 'ros'
[0.292s] DEBUG:colcon.colcon_core.package_identification:Package 'src/robot_controller' with type 'ros.ament_python' and name 'robot_controller'
[0.292s] Level 1:colcon.colcon_core.package_identification:_identify(src/robot_interfaces) by extensions ['ignore', 'ignore_ament_install']
[0.292s] Level 1:colcon.colcon_core.package_identification:_identify(src/robot_interfaces) by extension 'ignore'
[0.292s] Level 1:colcon.colcon_core.package_identification:_identify(src/robot_interfaces) by extension 'ignore_ament_install'
[0.292s] Level 1:colcon.colcon_core.package_identification:_identify(src/robot_interfaces) by extensions ['colcon_pkg']
[0.292s] Level 1:colcon.colcon_core.package_identification:_identify(src/robot_interfaces) by extension 'colcon_pkg'
[0.292s] Level 1:colcon.colcon_core.package_identification:_identify(src/robot_interfaces) by extensions ['colcon_meta']
[0.292s] Level 1:colcon.colcon_core.package_identification:_identify(src/robot_interfaces) by extension 'colcon_meta'
[0.292s] Level 1:colcon.colcon_core.package_identification:_identify(src/robot_interfaces) by extensions ['ros']
[0.292s] Level 1:colcon.colcon_core.package_identification:_identify(src/robot_interfaces) by extension 'ros'
[0.293s] DEBUG:colcon.colcon_core.package_identification:Package 'src/robot_interfaces' with type 'ros.ament_cmake' and name 'robot_interfaces'
[0.293s] Level 1:colcon.colcon_core.package_identification:_identify(src/robot_sensor) by extensions ['ignore', 'ignore_ament_install']
[0.293s] Level 1:colcon.colcon_core.package_identification:_identify(src/robot_sensor) by extension 'ignore'
[0.293s] Level 1:colcon.colcon_core.package_identification:_identify(src/robot_sensor) by extension 'ignore_ament_install'
[0.293s] Level 1:colcon.colcon_core.package_identification:_identify(src/robot_sensor) by extensions ['colcon_pkg']
[0.293s] Level 1:colcon.colcon_core.package_identification:_identify(src/robot_sensor) by extension 'colcon_pkg'
[0.293s] Level 1:colcon.colcon_core.package_identification:_identify(src/robot_sensor) by extensions ['colcon_meta']
[0.293s] Level 1:colcon.colcon_core.package_identification:_identify(src/robot_sensor) by extension 'colcon_meta'
[0.294s] Level 1:colcon.colcon_core.package_identification:_identify(src/robot_sensor) by extensions ['ros']
[0.294s] Level 1:colcon.colcon_core.package_identification:_identify(src/robot_sensor) by extension 'ros'
[0.295s] DEBUG:colcon.colcon_core.package_identification:Package 'src/robot_sensor' with type 'ros.ament_python' and name 'robot_sensor'
[0.295s] Level 1:colcon.colcon_core.package_identification:_identify(src/robot_solver) by extensions ['ignore', 'ignore_ament_install']
[0.295s] Level 1:colcon.colcon_core.package_identification:_identify(src/robot_solver) by extension 'ignore'
[0.295s] Level 1:colcon.colcon_core.package_identification:_identify(src/robot_solver) by extension 'ignore_ament_install'
[0.295s] Level 1:colcon.colcon_core.package_identification:_identify(src/robot_solver) by extensions ['colcon_pkg']
[0.295s] Level 1:colcon.colcon_core.package_identification:_identify(src/robot_solver) by extension 'colcon_pkg'
[0.295s] Level 1:colcon.colcon_core.package_identification:_identify(src/robot_solver) by extensions ['colcon_meta']
[0.295s] Level 1:colcon.colcon_core.package_identification:_identify(src/robot_solver) by extension 'colcon_meta'
[0.295s] Level 1:colcon.colcon_core.package_identification:_identify(src/robot_solver) by extensions ['ros']
[0.295s] Level 1:colcon.colcon_core.package_identification:_identify(src/robot_solver) by extension 'ros'
[0.296s] DEBUG:colcon.colcon_core.package_identification:Package 'src/robot_solver' with type 'ros.ament_python' and name 'robot_solver'
[0.296s] Level 1:colcon.colcon_core.package_identification:_identify(src/robot_tracker) by extensions ['ignore', 'ignore_ament_install']
[0.296s] Level 1:colcon.colcon_core.package_identification:_identify(src/robot_tracker) by extension 'ignore'
[0.296s] Level 1:colcon.colcon_core.package_identification:_identify(src/robot_tracker) by extension 'ignore_ament_install'
[0.296s] Level 1:colcon.colcon_core.package_identification:_identify(src/robot_tracker) by extensions ['colcon_pkg']
[0.296s] Level 1:colcon.colcon_core.package_identification:_identify(src/robot_tracker) by extension 'colcon_pkg'
[0.296s] Level 1:colcon.colcon_core.package_identification:_identify(src/robot_tracker) by extensions ['colcon_meta']
[0.296s] Level 1:colcon.colcon_core.package_identification:_identify(src/robot_tracker) by extension 'colcon_meta'
[0.296s] Level 1:colcon.colcon_core.package_identification:_identify(src/robot_tracker) by extensions ['ros']
[0.296s] Level 1:colcon.colcon_core.package_identification:_identify(src/robot_tracker) by extension 'ros'
[0.297s] DEBUG:colcon.colcon_core.package_identification:Package 'src/robot_tracker' with type 'ros.ament_python' and name 'robot_tracker'
[0.297s] Level 1:colcon.colcon_core.package_discovery:discover_packages(recursive) using defaults
[0.298s] Level 1:colcon.colcon_core.package_discovery:discover_packages(ignore) discover
[0.298s] Level 1:colcon.colcon_core.package_discovery:discover_packages(ignore) using defaults
[0.298s] Level 1:colcon.colcon_core.package_discovery:discover_packages(path) discover
[0.298s] Level 1:colcon.colcon_core.package_discovery:discover_packages(path) using defaults
[0.330s] Level 1:colcon.colcon_core.package_discovery:discover_packages(prefix_path) check parameters
[0.330s] Level 1:colcon.colcon_core.package_discovery:discover_packages(prefix_path) discover
[0.332s] DEBUG:colcon.colcon_installed_package_information.package_discovery:Found 6 installed packages in /home/fhs/ros2_ws/install
[0.333s] DEBUG:colcon.colcon_installed_package_information.package_discovery:Found 288 installed packages in /opt/ros/humble
[0.334s] Level 1:colcon.colcon_core.package_discovery:discover_packages(prefix_path) using defaults
[0.373s] Level 5:colcon.colcon_core.verb:set package 'robot_bringup' build argument 'cmake_args' from command line to 'None'
[0.373s] Level 5:colcon.colcon_core.verb:set package 'robot_bringup' build argument 'cmake_target' from command line to 'None'
[0.373s] Level 5:colcon.colcon_core.verb:set package 'robot_bringup' build argument 'cmake_target_skip_unavailable' from command line to 'False'
[0.373s] Level 5:colcon.colcon_core.verb:set package 'robot_bringup' build argument 'cmake_clean_cache' from command line to 'False'
[0.373s] Level 5:colcon.colcon_core.verb:set package 'robot_bringup' build argument 'cmake_clean_first' from command line to 'False'
[0.373s] Level 5:colcon.colcon_core.verb:set package 'robot_bringup' build argument 'cmake_force_configure' from command line to 'False'
[0.373s] Level 5:colcon.colcon_core.verb:set package 'robot_bringup' build argument 'ament_cmake_args' from command line to 'None'
[0.373s] Level 5:colcon.colcon_core.verb:set package 'robot_bringup' build argument 'catkin_cmake_args' from command line to 'None'
[0.373s] Level 5:colcon.colcon_core.verb:set package 'robot_bringup' build argument 'catkin_skip_building_tests' from command line to 'False'
[0.373s] DEBUG:colcon.colcon_core.verb:Building package 'robot_bringup' with the following arguments: {'ament_cmake_args': None, 'build_base': '/home/fhs/ros2_ws/build/robot_bringup', 'catkin_cmake_args': None, 'catkin_skip_building_tests': False, 'cmake_args': None, 'cmake_clean_cache': False, 'cmake_clean_first': False, 'cmake_force_configure': False, 'cmake_target': None, 'cmake_target_skip_unavailable': False, 'install_base': '/home/fhs/ros2_ws/install/robot_bringup', 'merge_install': False, 'path': '/home/fhs/ros2_ws/src/robot_bringup', 'symlink_install': False, 'test_result_base': None}
[0.374s] Level 5:colcon.colcon_core.verb:set package 'robot_interfaces' build argument 'cmake_args' from command line to 'None'
[0.374s] Level 5:colcon.colcon_core.verb:set package 'robot_interfaces' build argument 'cmake_target' from command line to 'None'
[0.374s] Level 5:colcon.colcon_core.verb:set package 'robot_interfaces' build argument 'cmake_target_skip_unavailable' from command line to 'False'
[0.374s] Level 5:colcon.colcon_core.verb:set package 'robot_interfaces' build argument 'cmake_clean_cache' from command line to 'False'
[0.374s] Level 5:colcon.colcon_core.verb:set package 'robot_interfaces' build argument 'cmake_clean_first' from command line to 'False'
[0.374s] Level 5:colcon.colcon_core.verb:set package 'robot_interfaces' build argument 'cmake_force_configure' from command line to 'False'
[0.374s] Level 5:colcon.colcon_core.verb:set package 'robot_interfaces' build argument 'ament_cmake_args' from command line to 'None'
[0.374s] Level 5:colcon.colcon_core.verb:set package 'robot_interfaces' build argument 'catkin_cmake_args' from command line to 'None'
[0.374s] Level 5:colcon.colcon_core.verb:set package 'robot_interfaces' build argument 'catkin_skip_building_tests' from command line to 'False'
[0.374s] DEBUG:colcon.colcon_core.verb:Building package 'robot_interfaces' with the following arguments: {'ament_cmake_args': None, 'build_base': '/home/fhs/ros2_ws/build/robot_interfaces', 'catkin_cmake_args': None, 'catkin_skip_building_tests': False, 'cmake_args': None, 'cmake_clean_cache': False, 'cmake_clean_first': False, 'cmake_force_configure': False, 'cmake_target': None, 'cmake_target_skip_unavailable': False, 'install_base': '/home/fhs/ros2_ws/install/robot_interfaces', 'merge_install': False, 'path': '/home/fhs/ros2_ws/src/robot_interfaces', 'symlink_install': False, 'test_result_base': None}
[0.374s] Level 5:colcon.colcon_core.verb:set package 'robot_sensor' build argument 'cmake_args' from command line to 'None'
[0.374s] Level 5:colcon.colcon_core.verb:set package 'robot_sensor' build argument 'cmake_target' from command line to 'None'
[0.374s] Level 5:colcon.colcon_core.verb:set package 'robot_sensor' build argument 'cmake_target_skip_unavailable' from command line to 'False'
[0.374s] Level 5:colcon.colcon_core.verb:set package 'robot_sensor' build argument 'cmake_clean_cache' from command line to 'False'
[0.374s] Level 5:colcon.colcon_core.verb:set package 'robot_sensor' build argument 'cmake_clean_first' from command line to 'False'
[0.374s] Level 5:colcon.colcon_core.verb:set package 'robot_sensor' build argument 'cmake_force_configure' from command line to 'False'
[0.374s] Level 5:colcon.colcon_core.verb:set package 'robot_sensor' build argument 'ament_cmake_args' from command line to 'None'
[0.374s] Level 5:colcon.colcon_core.verb:set package 'robot_sensor' build argument 'catkin_cmake_args' from command line to 'None'
[0.374s] Level 5:colcon.colcon_core.verb:set package 'robot_sensor' build argument 'catkin_skip_building_tests' from command line to 'False'
[0.374s] DEBUG:colcon.colcon_core.verb:Building package 'robot_sensor' with the following arguments: {'ament_cmake_args': None, 'build_base': '/home/fhs/ros2_ws/build/robot_sensor', 'catkin_cmake_args': None, 'catkin_skip_building_tests': False, 'cmake_args': None, 'cmake_clean_cache': False, 'cmake_clean_first': False, 'cmake_force_configure': False, 'cmake_target': None, 'cmake_target_skip_unavailable': False, 'install_base': '/home/fhs/ros2_ws/install/robot_sensor', 'merge_install': False, 'path': '/home/fhs/ros2_ws/src/robot_sensor', 'symlink_install': False, 'test_result_base': None}
[0.375s] Level 5:colcon.colcon_core.verb:set package 'robot_tracker' build argument 'cmake_args' from command line to 'None'
[0.375s] Level 5:colcon.colcon_core.verb:set package 'robot_tracker' build argument 'cmake_target' from command line to 'None'
[0.375s] Level 5:colcon.colcon_core.verb:set package 'robot_tracker' build argument 'cmake_target_skip_unavailable' from command line to 'False'
[0.375s] Level 5:colcon.colcon_core.verb:set package 'robot_tracker' build argument 'cmake_clean_cache' from command line to 'False'
[0.375s] Level 5:colcon.colcon_core.verb:set package 'robot_tracker' build argument 'cmake_clean_first' from command line to 'False'
[0.375s] Level 5:colcon.colcon_core.verb:set package 'robot_tracker' build argument 'cmake_force_configure' from command line to 'False'
[0.375s] Level 5:colcon.colcon_core.verb:set package 'robot_tracker' build argument 'ament_cmake_args' from command line to 'None'
[0.375s] Level 5:colcon.colcon_core.verb:set package 'robot_tracker' build argument 'catkin_cmake_args' from command line to 'None'
[0.375s] Level 5:colcon.colcon_core.verb:set package 'robot_tracker' build argument 'catkin_skip_building_tests' from command line to 'False'
[0.375s] DEBUG:colcon.colcon_core.verb:Building package 'robot_tracker' with the following arguments: {'ament_cmake_args': None, 'build_base': '/home/fhs/ros2_ws/build/robot_tracker', 'catkin_cmake_args': None, 'catkin_skip_building_tests': False, 'cmake_args': None, 'cmake_clean_cache': False, 'cmake_clean_first': False, 'cmake_force_configure': False, 'cmake_target': None, 'cmake_target_skip_unavailable': False, 'install_base': '/home/fhs/ros2_ws/install/robot_tracker', 'merge_install': False, 'path': '/home/fhs/ros2_ws/src/robot_tracker', 'symlink_install': False, 'test_result_base': None}
[0.375s] Level 5:colcon.colcon_core.verb:set package 'robot_controller' build argument 'cmake_args' from command line to 'None'
[0.375s] Level 5:colcon.colcon_core.verb:set package 'robot_controller' build argument 'cmake_target' from command line to 'None'
[0.375s] Level 5:colcon.colcon_core.verb:set package 'robot_controller' build argument 'cmake_target_skip_unavailable' from command line to 'False'
[0.375s] Level 5:colcon.colcon_core.verb:set package 'robot_controller' build argument 'cmake_clean_cache' from command line to 'False'
[0.375s] Level 5:colcon.colcon_core.verb:set package 'robot_controller' build argument 'cmake_clean_first' from command line to 'False'
[0.375s] Level 5:colcon.colcon_core.verb:set package 'robot_controller' build argument 'cmake_force_configure' from command line to 'False'
[0.376s] Level 5:colcon.colcon_core.verb:set package 'robot_controller' build argument 'ament_cmake_args' from command line to 'None'
[0.376s] Level 5:colcon.colcon_core.verb:set package 'robot_controller' build argument 'catkin_cmake_args' from command line to 'None'
[0.376s] Level 5:colcon.colcon_core.verb:set package 'robot_controller' build argument 'catkin_skip_building_tests' from command line to 'False'
[0.376s] DEBUG:colcon.colcon_core.verb:Building package 'robot_controller' with the following arguments: {'ament_cmake_args': None, 'build_base': '/home/fhs/ros2_ws/build/robot_controller', 'catkin_cmake_args': None, 'catkin_skip_building_tests': False, 'cmake_args': None, 'cmake_clean_cache': False, 'cmake_clean_first': False, 'cmake_force_configure': False, 'cmake_target': None, 'cmake_target_skip_unavailable': False, 'install_base': '/home/fhs/ros2_ws/install/robot_controller', 'merge_install': False, 'path': '/home/fhs/ros2_ws/src/robot_controller', 'symlink_install': False, 'test_result_base': None}
[0.376s] Level 5:colcon.colcon_core.verb:set package 'robot_solver' build argument 'cmake_args' from command line to 'None'
[0.376s] Level 5:colcon.colcon_core.verb:set package 'robot_solver' build argument 'cmake_target' from command line to 'None'
[0.376s] Level 5:colcon.colcon_core.verb:set package 'robot_solver' build argument 'cmake_target_skip_unavailable' from command line to 'False'
[0.376s] Level 5:colcon.colcon_core.verb:set package 'robot_solver' build argument 'cmake_clean_cache' from command line to 'False'
[0.376s] Level 5:colcon.colcon_core.verb:set package 'robot_solver' build argument 'cmake_clean_first' from command line to 'False'
[0.376s] Level 5:colcon.colcon_core.verb:set package 'robot_solver' build argument 'cmake_force_configure' from command line to 'False'
[0.376s] Level 5:colcon.colcon_core.verb:set package 'robot_solver' build argument 'ament_cmake_args' from command line to 'None'
[0.376s] Level 5:colcon.colcon_core.verb:set package 'robot_solver' build argument 'catkin_cmake_args' from command line to 'None'
[0.376s] Level 5:colcon.colcon_core.verb:set package 'robot_solver' build argument 'catkin_skip_building_tests' from command line to 'False'
[0.376s] DEBUG:colcon.colcon_core.verb:Building package 'robot_solver' with the following arguments: {'ament_cmake_args': None, 'build_base': '/home/fhs/ros2_ws/build/robot_solver', 'catkin_cmake_args': None, 'catkin_skip_building_tests': False, 'cmake_args': None, 'cmake_clean_cache': False, 'cmake_clean_first': False, 'cmake_force_configure': False, 'cmake_target': None, 'cmake_target_skip_unavailable': False, 'install_base': '/home/fhs/ros2_ws/install/robot_solver', 'merge_install': False, 'path': '/home/fhs/ros2_ws/src/robot_solver', 'symlink_install': False, 'test_result_base': None}
[0.376s] INFO:colcon.colcon_core.executor:Executing jobs using 'parallel' executor
[0.378s] DEBUG:colcon.colcon_parallel_executor.executor.parallel:run_until_complete
[0.378s] INFO:colcon.colcon_ros.task.ament_cmake.build:Building ROS package in '/home/fhs/ros2_ws/src/robot_interfaces' with build type 'ament_cmake'
[0.378s] INFO:colcon.colcon_cmake.task.cmake.build:Building CMake package in '/home/fhs/ros2_ws/src/robot_interfaces'
[0.381s] INFO:colcon.colcon_core.plugin_system:Skipping extension 'colcon_core.shell.bat': Not used on non-Windows systems
[0.381s] INFO:colcon.colcon_core.shell:Skip shell extension 'powershell' for command environment: Not usable outside of PowerShell
[0.381s] DEBUG:colcon.colcon_core.shell:Skip shell extension 'dsv' for command environment
[0.385s] INFO:colcon.colcon_ros.task.ament_python.build:Building ROS package in '/home/fhs/ros2_ws/src/robot_bringup' with build type 'ament_python'
[0.385s] Level 1:colcon.colcon_core.shell:create_environment_hook('robot_bringup', 'ament_prefix_path')
[0.385s] INFO:colcon.colcon_core.shell:Creating environment hook '/home/fhs/ros2_ws/install/robot_bringup/share/robot_bringup/hook/ament_prefix_path.ps1'
[0.386s] INFO:colcon.colcon_core.shell:Creating environment descriptor '/home/fhs/ros2_ws/install/robot_bringup/share/robot_bringup/hook/ament_prefix_path.dsv'
[0.386s] INFO:colcon.colcon_core.shell:Creating environment hook '/home/fhs/ros2_ws/install/robot_bringup/share/robot_bringup/hook/ament_prefix_path.sh'
[0.387s] INFO:colcon.colcon_core.shell:Skip shell extension 'powershell' for command environment: Not usable outside of PowerShell
[0.387s] DEBUG:colcon.colcon_core.shell:Skip shell extension 'dsv' for command environment
[0.390s] INFO:colcon.colcon_ros.task.ament_python.build:Building ROS package in '/home/fhs/ros2_ws/src/robot_sensor' with build type 'ament_python'
[0.390s] Level 1:colcon.colcon_core.shell:create_environment_hook('robot_sensor', 'ament_prefix_path')
[0.391s] INFO:colcon.colcon_core.shell:Creating environment hook '/home/fhs/ros2_ws/install/robot_sensor/share/robot_sensor/hook/ament_prefix_path.ps1'
[0.391s] INFO:colcon.colcon_core.shell:Creating environment descriptor '/home/fhs/ros2_ws/install/robot_sensor/share/robot_sensor/hook/ament_prefix_path.dsv'
[0.392s] INFO:colcon.colcon_core.shell:Creating environment hook '/home/fhs/ros2_ws/install/robot_sensor/share/robot_sensor/hook/ament_prefix_path.sh'
[0.392s] INFO:colcon.colcon_core.shell:Skip shell extension 'powershell' for command environment: Not usable outside of PowerShell
[0.392s] DEBUG:colcon.colcon_core.shell:Skip shell extension 'dsv' for command environment
[0.395s] INFO:colcon.colcon_ros.task.ament_python.build:Building ROS package in '/home/fhs/ros2_ws/src/robot_tracker' with build type 'ament_python'
[0.396s] Level 1:colcon.colcon_core.shell:create_environment_hook('robot_tracker', 'ament_prefix_path')
[0.396s] INFO:colcon.colcon_core.shell:Creating environment hook '/home/fhs/ros2_ws/install/robot_tracker/share/robot_tracker/hook/ament_prefix_path.ps1'
[0.397s] INFO:colcon.colcon_core.shell:Creating environment descriptor '/home/fhs/ros2_ws/install/robot_tracker/share/robot_tracker/hook/ament_prefix_path.dsv'
[0.397s] INFO:colcon.colcon_core.shell:Creating environment hook '/home/fhs/ros2_ws/install/robot_tracker/share/robot_tracker/hook/ament_prefix_path.sh'
[0.397s] INFO:colcon.colcon_core.shell:Skip shell extension 'powershell' for command environment: Not usable outside of PowerShell
[0.398s] DEBUG:colcon.colcon_core.shell:Skip shell extension 'dsv' for command environment
[0.406s] DEBUG:colcon.colcon_core.event_handler.log_command:Invoking command in '/home/fhs/ros2_ws/build/robot_interfaces': CMAKE_PREFIX_PATH=${CMAKE_PREFIX_PATH}:/home/fhs/ros2_ws/install/robot_tracker:/home/fhs/ros2_ws/install/robot_sensor:/home/fhs/ros2_ws/install/robot_controller:/home/fhs/ros2_ws/install/robot_bringup:/opt/ros/humble /usr/bin/cmake /home/fhs/ros2_ws/src/robot_interfaces -DCMAKE_INSTALL_PREFIX=/home/fhs/ros2_ws/install/robot_interfaces
[0.659s] INFO:colcon.colcon_core.task.python.build:Building Python package in '/home/fhs/ros2_ws/src/robot_bringup'
[0.660s] INFO:colcon.colcon_core.shell:Skip shell extension 'powershell' for command environment: Not usable outside of PowerShell
[0.660s] DEBUG:colcon.colcon_core.shell:Skip shell extension 'dsv' for command environment
[0.877s] INFO:colcon.colcon_core.task.python.build:Building Python package in '/home/fhs/ros2_ws/src/robot_sensor'
[0.877s] INFO:colcon.colcon_core.shell:Skip shell extension 'powershell' for command environment: Not usable outside of PowerShell
[0.877s] DEBUG:colcon.colcon_core.shell:Skip shell extension 'dsv' for command environment
[1.101s] INFO:colcon.colcon_core.task.python.build:Building Python package in '/home/fhs/ros2_ws/src/robot_tracker'
[1.102s] INFO:colcon.colcon_core.shell:Skip shell extension 'powershell' for command environment: Not usable outside of PowerShell
[1.102s] DEBUG:colcon.colcon_core.shell:Skip shell extension 'dsv' for command environment
[1.394s] DEBUG:colcon.colcon_core.event_handler.log_command:Invoking command in '/home/fhs/ros2_ws/src/robot_bringup': PYTHONPATH=/home/fhs/ros2_ws/build/robot_bringup/prefix_override:/usr/lib/python3/dist-packages/colcon_core/task/python/colcon_distutils_commands:/home/fhs/ros2_ws/install/robot_bringup/lib/python3.10/site-packages:${PYTHONPATH} /usr/bin/python3 -W ignore:setup.py install is deprecated -W ignore:easy_install command is deprecated setup.py egg_info --egg-base ../../build/robot_bringup build --build-base /home/fhs/ros2_ws/build/robot_bringup/build install --record /home/fhs/ros2_ws/build/robot_bringup/install.log --single-version-externally-managed install_data
[1.396s] DEBUG:colcon.colcon_core.event_handler.log_command:Invoking command in '/home/fhs/ros2_ws/src/robot_tracker': PYTHONPATH=/home/fhs/ros2_ws/build/robot_tracker/prefix_override:/usr/lib/python3/dist-packages/colcon_core/task/python/colcon_distutils_commands:/home/fhs/ros2_ws/install/robot_tracker/lib/python3.10/site-packages:${PYTHONPATH} /usr/bin/python3 -W ignore:setup.py install is deprecated -W ignore:easy_install command is deprecated setup.py egg_info --egg-base ../../build/robot_tracker build --build-base /home/fhs/ros2_ws/build/robot_tracker/build install --record /home/fhs/ros2_ws/build/robot_tracker/install.log --single-version-externally-managed install_data
[1.443s] DEBUG:colcon.colcon_core.event_handler.log_command:Invoking command in '/home/fhs/ros2_ws/src/robot_sensor': PYTHONPATH=/home/fhs/ros2_ws/build/robot_sensor/prefix_override:/usr/lib/python3/dist-packages/colcon_core/task/python/colcon_distutils_commands:/home/fhs/ros2_ws/install/robot_sensor/lib/python3.10/site-packages:${PYTHONPATH} /usr/bin/python3 -W ignore:setup.py install is deprecated -W ignore:easy_install command is deprecated setup.py egg_info --egg-base ../../build/robot_sensor build --build-base /home/fhs/ros2_ws/build/robot_sensor/build install --record /home/fhs/ros2_ws/build/robot_sensor/install.log --single-version-externally-managed install_data
[1.645s] DEBUG:colcon.colcon_core.event_handler.log_command:Invoked command in '/home/fhs/ros2_ws/src/robot_bringup' returned '0': PYTHONPATH=/home/fhs/ros2_ws/build/robot_bringup/prefix_override:/usr/lib/python3/dist-packages/colcon_core/task/python/colcon_distutils_commands:/home/fhs/ros2_ws/install/robot_bringup/lib/python3.10/site-packages:${PYTHONPATH} /usr/bin/python3 -W ignore:setup.py install is deprecated -W ignore:easy_install command is deprecated setup.py egg_info --egg-base ../../build/robot_bringup build --build-base /home/fhs/ros2_ws/build/robot_bringup/build install --record /home/fhs/ros2_ws/build/robot_bringup/install.log --single-version-externally-managed install_data
[1.651s] Level 1:colcon.colcon_core.environment:checking '/home/fhs/ros2_ws/install/robot_bringup' for CMake module files
[1.653s] Level 1:colcon.colcon_core.environment:checking '/home/fhs/ros2_ws/install/robot_bringup' for CMake config files
[1.654s] Level 1:colcon.colcon_core.environment:checking '/home/fhs/ros2_ws/install/robot_bringup/lib'
[1.654s] Level 1:colcon.colcon_core.environment:checking '/home/fhs/ros2_ws/install/robot_bringup/bin'
[1.654s] Level 1:colcon.colcon_core.environment:checking '/home/fhs/ros2_ws/install/robot_bringup/lib/pkgconfig/robot_bringup.pc'
[1.654s] Level 1:colcon.colcon_core.environment:checking '/home/fhs/ros2_ws/install/robot_bringup/lib/python3.10/site-packages'
[1.654s] Level 1:colcon.colcon_core.shell:create_environment_hook('robot_bringup', 'pythonpath')
[1.655s] INFO:colcon.colcon_core.shell:Creating environment hook '/home/fhs/ros2_ws/install/robot_bringup/share/robot_bringup/hook/pythonpath.ps1'
[1.655s] INFO:colcon.colcon_core.shell:Creating environment descriptor '/home/fhs/ros2_ws/install/robot_bringup/share/robot_bringup/hook/pythonpath.dsv'
[1.656s] INFO:colcon.colcon_core.shell:Creating environment hook '/home/fhs/ros2_ws/install/robot_bringup/share/robot_bringup/hook/pythonpath.sh'
[1.657s] Level 1:colcon.colcon_core.environment:checking '/home/fhs/ros2_ws/install/robot_bringup/bin'
[1.657s] Level 1:colcon.colcon_core.environment:create_environment_scripts_only(robot_bringup)
[1.657s] INFO:colcon.colcon_core.shell:Creating package script '/home/fhs/ros2_ws/install/robot_bringup/share/robot_bringup/package.ps1'
[1.658s] INFO:colcon.colcon_core.shell:Creating package descriptor '/home/fhs/ros2_ws/install/robot_bringup/share/robot_bringup/package.dsv'
[1.659s] INFO:colcon.colcon_core.shell:Creating package script '/home/fhs/ros2_ws/install/robot_bringup/share/robot_bringup/package.sh'
[1.660s] INFO:colcon.colcon_core.shell:Creating package script '/home/fhs/ros2_ws/install/robot_bringup/share/robot_bringup/package.bash'
[1.661s] INFO:colcon.colcon_core.shell:Creating package script '/home/fhs/ros2_ws/install/robot_bringup/share/robot_bringup/package.zsh'
[1.662s] Level 1:colcon.colcon_core.environment:create_file_with_runtime_dependencies(/home/fhs/ros2_ws/install/robot_bringup/share/colcon-core/packages/robot_bringup)
[1.701s] Level 1:colcon.colcon_core.environment:checking '/home/fhs/ros2_ws/install/robot_tracker' for CMake module files
[1.702s] DEBUG:colcon.colcon_core.event_handler.log_command:Invoked command in '/home/fhs/ros2_ws/src/robot_tracker' returned '0': PYTHONPATH=/home/fhs/ros2_ws/build/robot_tracker/prefix_override:/usr/lib/python3/dist-packages/colcon_core/task/python/colcon_distutils_commands:/home/fhs/ros2_ws/install/robot_tracker/lib/python3.10/site-packages:${PYTHONPATH} /usr/bin/python3 -W ignore:setup.py install is deprecated -W ignore:easy_install command is deprecated setup.py egg_info --egg-base ../../build/robot_tracker build --build-base /home/fhs/ros2_ws/build/robot_tracker/build install --record /home/fhs/ros2_ws/build/robot_tracker/install.log --single-version-externally-managed install_data
[1.702s] Level 1:colcon.colcon_core.environment:checking '/home/fhs/ros2_ws/install/robot_tracker' for CMake config files
[1.703s] Level 1:colcon.colcon_core.environment:checking '/home/fhs/ros2_ws/install/robot_tracker/lib'
[1.703s] Level 1:colcon.colcon_core.environment:checking '/home/fhs/ros2_ws/install/robot_tracker/bin'
[1.703s] Level 1:colcon.colcon_core.environment:checking '/home/fhs/ros2_ws/install/robot_tracker/lib/pkgconfig/robot_tracker.pc'
[1.703s] Level 1:colcon.colcon_core.environment:checking '/home/fhs/ros2_ws/install/robot_tracker/lib/python3.10/site-packages'
[1.703s] Level 1:colcon.colcon_core.shell:create_environment_hook('robot_tracker', 'pythonpath')
[1.703s] INFO:colcon.colcon_core.shell:Creating environment hook '/home/fhs/ros2_ws/install/robot_tracker/share/robot_tracker/hook/pythonpath.ps1'
[1.704s] INFO:colcon.colcon_core.shell:Creating environment descriptor '/home/fhs/ros2_ws/install/robot_tracker/share/robot_tracker/hook/pythonpath.dsv'
[1.704s] INFO:colcon.colcon_core.shell:Creating environment hook '/home/fhs/ros2_ws/install/robot_tracker/share/robot_tracker/hook/pythonpath.sh'
[1.705s] Level 1:colcon.colcon_core.environment:checking '/home/fhs/ros2_ws/install/robot_tracker/bin'
[1.705s] Level 1:colcon.colcon_core.environment:create_environment_scripts_only(robot_tracker)
[1.705s] INFO:colcon.colcon_core.shell:Creating package script '/home/fhs/ros2_ws/install/robot_tracker/share/robot_tracker/package.ps1'
[1.706s] INFO:colcon.colcon_core.shell:Creating package descriptor '/home/fhs/ros2_ws/install/robot_tracker/share/robot_tracker/package.dsv'
[1.706s] INFO:colcon.colcon_core.shell:Creating package script '/home/fhs/ros2_ws/install/robot_tracker/share/robot_tracker/package.sh'
[1.706s] INFO:colcon.colcon_core.shell:Creating package script '/home/fhs/ros2_ws/install/robot_tracker/share/robot_tracker/package.bash'
[1.707s] INFO:colcon.colcon_core.shell:Creating package script '/home/fhs/ros2_ws/install/robot_tracker/share/robot_tracker/package.zsh'
[1.707s] Level 1:colcon.colcon_core.environment:create_file_with_runtime_dependencies(/home/fhs/ros2_ws/install/robot_tracker/share/colcon-core/packages/robot_tracker)
[1.708s] Level 1:colcon.colcon_core.environment:checking '/home/fhs/ros2_ws/install/robot_sensor' for CMake module files
[1.710s] DEBUG:colcon.colcon_core.event_handler.log_command:Invoked command in '/home/fhs/ros2_ws/src/robot_sensor' returned '0': PYTHONPATH=/home/fhs/ros2_ws/build/robot_sensor/prefix_override:/usr/lib/python3/dist-packages/colcon_core/task/python/colcon_distutils_commands:/home/fhs/ros2_ws/install/robot_sensor/lib/python3.10/site-packages:${PYTHONPATH} /usr/bin/python3 -W ignore:setup.py install is deprecated -W ignore:easy_install command is deprecated setup.py egg_info --egg-base ../../build/robot_sensor build --build-base /home/fhs/ros2_ws/build/robot_sensor/build install --record /home/fhs/ros2_ws/build/robot_sensor/install.log --single-version-externally-managed install_data
[1.710s] Level 1:colcon.colcon_core.environment:checking '/home/fhs/ros2_ws/install/robot_sensor' for CMake config files
[1.711s] Level 1:colcon.colcon_core.environment:checking '/home/fhs/ros2_ws/install/robot_sensor/lib'
[1.711s] Level 1:colcon.colcon_core.environment:checking '/home/fhs/ros2_ws/install/robot_sensor/bin'
[1.711s] Level 1:colcon.colcon_core.environment:checking '/home/fhs/ros2_ws/install/robot_sensor/lib/pkgconfig/robot_sensor.pc'
[1.712s] Level 1:colcon.colcon_core.environment:checking '/home/fhs/ros2_ws/install/robot_sensor/lib/python3.10/site-packages'
[1.712s] Level 1:colcon.colcon_core.shell:create_environment_hook('robot_sensor', 'pythonpath')
[1.712s] INFO:colcon.colcon_core.shell:Creating environment hook '/home/fhs/ros2_ws/install/robot_sensor/share/robot_sensor/hook/pythonpath.ps1'
[1.712s] INFO:colcon.colcon_core.shell:Creating environment descriptor '/home/fhs/ros2_ws/install/robot_sensor/share/robot_sensor/hook/pythonpath.dsv'
[1.713s] INFO:colcon.colcon_core.shell:Creating environment hook '/home/fhs/ros2_ws/install/robot_sensor/share/robot_sensor/hook/pythonpath.sh'
[1.713s] Level 1:colcon.colcon_core.environment:checking '/home/fhs/ros2_ws/install/robot_sensor/bin'
[1.713s] Level 1:colcon.colcon_core.environment:create_environment_scripts_only(robot_sensor)
[1.714s] INFO:colcon.colcon_core.shell:Creating package script '/home/fhs/ros2_ws/install/robot_sensor/share/robot_sensor/package.ps1'
[1.714s] INFO:colcon.colcon_core.shell:Creating package descriptor '/home/fhs/ros2_ws/install/robot_sensor/share/robot_sensor/package.dsv'
[1.714s] INFO:colcon.colcon_core.shell:Creating package script '/home/fhs/ros2_ws/install/robot_sensor/share/robot_sensor/package.sh'
[1.715s] INFO:colcon.colcon_core.shell:Creating package script '/home/fhs/ros2_ws/install/robot_sensor/share/robot_sensor/package.bash'
[1.715s] INFO:colcon.colcon_core.shell:Creating package script '/home/fhs/ros2_ws/install/robot_sensor/share/robot_sensor/package.zsh'
[1.715s] Level 1:colcon.colcon_core.environment:create_file_with_runtime_dependencies(/home/fhs/ros2_ws/install/robot_sensor/share/colcon-core/packages/robot_sensor)
[1.971s] DEBUG:colcon.colcon_core.event_handler.log_command:Invoked command in '/home/fhs/ros2_ws/build/robot_interfaces' returned '0': CMAKE_PREFIX_PATH=${CMAKE_PREFIX_PATH}:/home/fhs/ros2_ws/install/robot_tracker:/home/fhs/ros2_ws/install/robot_sensor:/home/fhs/ros2_ws/install/robot_controller:/home/fhs/ros2_ws/install/robot_bringup:/opt/ros/humble /usr/bin/cmake /home/fhs/ros2_ws/src/robot_interfaces -DCMAKE_INSTALL_PREFIX=/home/fhs/ros2_ws/install/robot_interfaces
[1.973s] DEBUG:colcon.colcon_core.event_handler.log_command:Invoking command in '/home/fhs/ros2_ws/build/robot_interfaces': CMAKE_PREFIX_PATH=${CMAKE_PREFIX_PATH}:/home/fhs/ros2_ws/install/robot_tracker:/home/fhs/ros2_ws/install/robot_sensor:/home/fhs/ros2_ws/install/robot_controller:/home/fhs/ros2_ws/install/robot_bringup:/opt/ros/humble /usr/bin/cmake --build /home/fhs/ros2_ws/build/robot_interfaces -- -j20 -l20
[2.499s] DEBUG:colcon.colcon_core.event_handler.log_command:Invoked command in '/home/fhs/ros2_ws/build/robot_interfaces' returned '0': CMAKE_PREFIX_PATH=${CMAKE_PREFIX_PATH}:/home/fhs/ros2_ws/install/robot_tracker:/home/fhs/ros2_ws/install/robot_sensor:/home/fhs/ros2_ws/install/robot_controller:/home/fhs/ros2_ws/install/robot_bringup:/opt/ros/humble /usr/bin/cmake --build /home/fhs/ros2_ws/build/robot_interfaces -- -j20 -l20
[2.509s] DEBUG:colcon.colcon_core.event_handler.log_command:Invoking command in '/home/fhs/ros2_ws/build/robot_interfaces': CMAKE_PREFIX_PATH=${CMAKE_PREFIX_PATH}:/home/fhs/ros2_ws/install/robot_tracker:/home/fhs/ros2_ws/install/robot_sensor:/home/fhs/ros2_ws/install/robot_controller:/home/fhs/ros2_ws/install/robot_bringup:/opt/ros/humble /usr/bin/cmake --install /home/fhs/ros2_ws/build/robot_interfaces
[2.608s] Level 1:colcon.colcon_core.environment:create_environment_scripts_only(robot_interfaces)
[2.608s] Level 1:colcon.colcon_core.environment:checking '/home/fhs/ros2_ws/install/robot_interfaces' for CMake module files
[2.609s] DEBUG:colcon.colcon_core.event_handler.log_command:Invoked command in '/home/fhs/ros2_ws/build/robot_interfaces' returned '0': CMAKE_PREFIX_PATH=${CMAKE_PREFIX_PATH}:/home/fhs/ros2_ws/install/robot_tracker:/home/fhs/ros2_ws/install/robot_sensor:/home/fhs/ros2_ws/install/robot_controller:/home/fhs/ros2_ws/install/robot_bringup:/opt/ros/humble /usr/bin/cmake --install /home/fhs/ros2_ws/build/robot_interfaces
[2.610s] Level 1:colcon.colcon_core.environment:checking '/home/fhs/ros2_ws/install/robot_interfaces' for CMake config files
[2.612s] Level 1:colcon.colcon_core.shell:create_environment_hook('robot_interfaces', 'cmake_prefix_path')
[2.613s] INFO:colcon.colcon_core.shell:Creating environment hook '/home/fhs/ros2_ws/install/robot_interfaces/share/robot_interfaces/hook/cmake_prefix_path.ps1'
[2.613s] INFO:colcon.colcon_core.shell:Creating environment descriptor '/home/fhs/ros2_ws/install/robot_interfaces/share/robot_interfaces/hook/cmake_prefix_path.dsv'
[2.614s] INFO:colcon.colcon_core.shell:Creating environment hook '/home/fhs/ros2_ws/install/robot_interfaces/share/robot_interfaces/hook/cmake_prefix_path.sh'
[2.615s] Level 1:colcon.colcon_core.environment:checking '/home/fhs/ros2_ws/install/robot_interfaces/lib'
[2.615s] Level 1:colcon.colcon_core.shell:create_environment_hook('robot_interfaces', 'ld_library_path_lib')
[2.615s] INFO:colcon.colcon_core.shell:Creating environment hook '/home/fhs/ros2_ws/install/robot_interfaces/share/robot_interfaces/hook/ld_library_path_lib.ps1'
[2.616s] INFO:colcon.colcon_core.shell:Creating environment descriptor '/home/fhs/ros2_ws/install/robot_interfaces/share/robot_interfaces/hook/ld_library_path_lib.dsv'
[2.617s] INFO:colcon.colcon_core.shell:Creating environment hook '/home/fhs/ros2_ws/install/robot_interfaces/share/robot_interfaces/hook/ld_library_path_lib.sh'
[2.617s] Level 1:colcon.colcon_core.environment:checking '/home/fhs/ros2_ws/install/robot_interfaces/bin'
[2.617s] Level 1:colcon.colcon_core.environment:checking '/home/fhs/ros2_ws/install/robot_interfaces/lib/pkgconfig/robot_interfaces.pc'
[2.618s] Level 1:colcon.colcon_core.environment:checking '/home/fhs/ros2_ws/install/robot_interfaces/lib/python3.10/site-packages'
[2.618s] Level 1:colcon.colcon_core.environment:checking '/home/fhs/ros2_ws/install/robot_interfaces/bin'
[2.619s] INFO:colcon.colcon_core.shell:Creating package script '/home/fhs/ros2_ws/install/robot_interfaces/share/robot_interfaces/package.ps1'
[2.619s] INFO:colcon.colcon_core.shell:Creating package descriptor '/home/fhs/ros2_ws/install/robot_interfaces/share/robot_interfaces/package.dsv'
[2.620s] INFO:colcon.colcon_core.shell:Creating package script '/home/fhs/ros2_ws/install/robot_interfaces/share/robot_interfaces/package.sh'
[2.620s] INFO:colcon.colcon_core.shell:Creating package script '/home/fhs/ros2_ws/install/robot_interfaces/share/robot_interfaces/package.bash'
[2.620s] INFO:colcon.colcon_core.shell:Creating package script '/home/fhs/ros2_ws/install/robot_interfaces/share/robot_interfaces/package.zsh'
[2.621s] Level 1:colcon.colcon_core.environment:create_file_with_runtime_dependencies(/home/fhs/ros2_ws/install/robot_interfaces/share/colcon-core/packages/robot_interfaces)
[2.621s] Level 1:colcon.colcon_core.environment:create_environment_scripts_only(robot_interfaces)
[2.622s] Level 1:colcon.colcon_core.environment:checking '/home/fhs/ros2_ws/install/robot_interfaces' for CMake module files
[2.622s] Level 1:colcon.colcon_core.environment:checking '/home/fhs/ros2_ws/install/robot_interfaces' for CMake config files
[2.623s] Level 1:colcon.colcon_core.shell:create_environment_hook('robot_interfaces', 'cmake_prefix_path')
[2.624s] INFO:colcon.colcon_core.shell:Creating environment hook '/home/fhs/ros2_ws/install/robot_interfaces/share/robot_interfaces/hook/cmake_prefix_path.ps1'
[2.624s] INFO:colcon.colcon_core.shell:Creating environment descriptor '/home/fhs/ros2_ws/install/robot_interfaces/share/robot_interfaces/hook/cmake_prefix_path.dsv'
[2.624s] INFO:colcon.colcon_core.shell:Creating environment hook '/home/fhs/ros2_ws/install/robot_interfaces/share/robot_interfaces/hook/cmake_prefix_path.sh'
[2.625s] Level 1:colcon.colcon_core.environment:checking '/home/fhs/ros2_ws/install/robot_interfaces/lib'
[2.625s] Level 1:colcon.colcon_core.shell:create_environment_hook('robot_interfaces', 'ld_library_path_lib')
[2.625s] INFO:colcon.colcon_core.shell:Creating environment hook '/home/fhs/ros2_ws/install/robot_interfaces/share/robot_interfaces/hook/ld_library_path_lib.ps1'
[2.626s] INFO:colcon.colcon_core.shell:Creating environment descriptor '/home/fhs/ros2_ws/install/robot_interfaces/share/robot_interfaces/hook/ld_library_path_lib.dsv'
[2.626s] INFO:colcon.colcon_core.shell:Creating environment hook '/home/fhs/ros2_ws/install/robot_interfaces/share/robot_interfaces/hook/ld_library_path_lib.sh'
[2.626s] Level 1:colcon.colcon_core.environment:checking '/home/fhs/ros2_ws/install/robot_interfaces/bin'
[2.626s] Level 1:colcon.colcon_core.environment:checking '/home/fhs/ros2_ws/install/robot_interfaces/lib/pkgconfig/robot_interfaces.pc'
[2.627s] Level 1:colcon.colcon_core.environment:checking '/home/fhs/ros2_ws/install/robot_interfaces/lib/python3.10/site-packages'
[2.627s] Level 1:colcon.colcon_core.environment:checking '/home/fhs/ros2_ws/install/robot_interfaces/bin'
[2.627s] INFO:colcon.colcon_core.shell:Creating package script '/home/fhs/ros2_ws/install/robot_interfaces/share/robot_interfaces/package.ps1'
[2.628s] INFO:colcon.colcon_core.shell:Creating package descriptor '/home/fhs/ros2_ws/install/robot_interfaces/share/robot_interfaces/package.dsv'
[2.628s] INFO:colcon.colcon_core.shell:Creating package script '/home/fhs/ros2_ws/install/robot_interfaces/share/robot_interfaces/package.sh'
[2.629s] INFO:colcon.colcon_core.shell:Creating package script '/home/fhs/ros2_ws/install/robot_interfaces/share/robot_interfaces/package.bash'
[2.629s] INFO:colcon.colcon_core.shell:Creating package script '/home/fhs/ros2_ws/install/robot_interfaces/share/robot_interfaces/package.zsh'
[2.629s] Level 1:colcon.colcon_core.environment:create_file_with_runtime_dependencies(/home/fhs/ros2_ws/install/robot_interfaces/share/colcon-core/packages/robot_interfaces)
[2.630s] INFO:colcon.colcon_ros.task.ament_python.build:Building ROS package in '/home/fhs/ros2_ws/src/robot_controller' with build type 'ament_python'
[2.630s] Level 1:colcon.colcon_core.shell:create_environment_hook('robot_controller', 'ament_prefix_path')
[2.630s] INFO:colcon.colcon_core.shell:Creating environment hook '/home/fhs/ros2_ws/install/robot_controller/share/robot_controller/hook/ament_prefix_path.ps1'
[2.631s] INFO:colcon.colcon_core.shell:Creating environment descriptor '/home/fhs/ros2_ws/install/robot_controller/share/robot_controller/hook/ament_prefix_path.dsv'
[2.631s] INFO:colcon.colcon_core.shell:Creating environment hook '/home/fhs/ros2_ws/install/robot_controller/share/robot_controller/hook/ament_prefix_path.sh'
[2.632s] INFO:colcon.colcon_core.shell:Skip shell extension 'powershell' for command environment: Not usable outside of PowerShell
[2.632s] DEBUG:colcon.colcon_core.shell:Skip shell extension 'dsv' for command environment
[2.635s] INFO:colcon.colcon_ros.task.ament_python.build:Building ROS package in '/home/fhs/ros2_ws/src/robot_solver' with build type 'ament_python'
[2.636s] Level 1:colcon.colcon_core.shell:create_environment_hook('robot_solver', 'ament_prefix_path')
[2.636s] INFO:colcon.colcon_core.shell:Creating environment hook '/home/fhs/ros2_ws/install/robot_solver/share/robot_solver/hook/ament_prefix_path.ps1'
[2.636s] INFO:colcon.colcon_core.shell:Creating environment descriptor '/home/fhs/ros2_ws/install/robot_solver/share/robot_solver/hook/ament_prefix_path.dsv'
[2.637s] INFO:colcon.colcon_core.shell:Creating environment hook '/home/fhs/ros2_ws/install/robot_solver/share/robot_solver/hook/ament_prefix_path.sh'
[2.637s] INFO:colcon.colcon_core.shell:Skip shell extension 'powershell' for command environment: Not usable outside of PowerShell
[2.637s] DEBUG:colcon.colcon_core.shell:Skip shell extension 'dsv' for command environment
[2.856s] INFO:colcon.colcon_core.task.python.build:Building Python package in '/home/fhs/ros2_ws/src/robot_controller'
[2.856s] INFO:colcon.colcon_core.shell:Skip shell extension 'powershell' for command environment: Not usable outside of PowerShell
[2.856s] DEBUG:colcon.colcon_core.shell:Skip shell extension 'dsv' for command environment
[3.079s] INFO:colcon.colcon_core.task.python.build:Building Python package in '/home/fhs/ros2_ws/src/robot_solver'
[3.079s] INFO:colcon.colcon_core.shell:Skip shell extension 'powershell' for command environment: Not usable outside of PowerShell
[3.079s] DEBUG:colcon.colcon_core.shell:Skip shell extension 'dsv' for command environment
[3.373s] DEBUG:colcon.colcon_core.event_handler.log_command:Invoking command in '/home/fhs/ros2_ws/src/robot_controller': CMAKE_PREFIX_PATH=/home/fhs/ros2_ws/install/robot_interfaces:/home/fhs/ros2_ws/install/robot_solver LD_LIBRARY_PATH=/home/fhs/ros2_ws/install/robot_interfaces/lib:/home/fhs/ros2_ws/install/robot_solver/lib:/opt/ros/humble/opt/rviz_ogre_vendor/lib:/opt/ros/humble/lib/x86_64-linux-gnu:/opt/ros/humble/lib:/usr/local/cuda-12.6/lib64:/usr/local/cuda-12.6/lib64:/opt/ros/humble/opt/rviz_ogre_vendor/lib:/opt/ros/humble/lib/x86_64-linux-gnu:/opt/ros/humble/lib:/usr/local/cuda-12.6/lib64 PYTHONPATH=/home/fhs/ros2_ws/build/robot_controller/prefix_override:/usr/lib/python3/dist-packages/colcon_core/task/python/colcon_distutils_commands:/home/fhs/ros2_ws/install/robot_controller/lib/python3.10/site-packages:${PYTHONPATH} /usr/bin/python3 -W ignore:setup.py install is deprecated -W ignore:easy_install command is deprecated setup.py egg_info --egg-base ../../build/robot_controller build --build-base /home/fhs/ros2_ws/build/robot_controller/build install --record /home/fhs/ros2_ws/build/robot_controller/install.log --single-version-externally-managed install_data
[3.374s] DEBUG:colcon.colcon_core.event_handler.log_command:Invoking command in '/home/fhs/ros2_ws/src/robot_solver': CMAKE_PREFIX_PATH=/home/fhs/ros2_ws/install/robot_interfaces:/home/fhs/ros2_ws/install/robot_solver LD_LIBRARY_PATH=/home/fhs/ros2_ws/install/robot_interfaces/lib:/home/fhs/ros2_ws/install/robot_solver/lib:/opt/ros/humble/opt/rviz_ogre_vendor/lib:/opt/ros/humble/lib/x86_64-linux-gnu:/opt/ros/humble/lib:/usr/local/cuda-12.6/lib64:/usr/local/cuda-12.6/lib64:/opt/ros/humble/opt/rviz_ogre_vendor/lib:/opt/ros/humble/lib/x86_64-linux-gnu:/opt/ros/humble/lib:/usr/local/cuda-12.6/lib64 PYTHONPATH=/home/fhs/ros2_ws/build/robot_solver/prefix_override:/usr/lib/python3/dist-packages/colcon_core/task/python/colcon_distutils_commands:/home/fhs/ros2_ws/install/robot_solver/lib/python3.10/site-packages:${PYTHONPATH} /usr/bin/python3 -W ignore:setup.py install is deprecated -W ignore:easy_install command is deprecated setup.py egg_info --egg-base ../../build/robot_solver build --build-base /home/fhs/ros2_ws/build/robot_solver/build install --record /home/fhs/ros2_ws/build/robot_solver/install.log --single-version-externally-managed install_data
[3.623s] Level 1:colcon.colcon_core.environment:checking '/home/fhs/ros2_ws/install/robot_controller' for CMake module files
[3.624s] DEBUG:colcon.colcon_core.event_handler.log_command:Invoked command in '/home/fhs/ros2_ws/src/robot_controller' returned '0': CMAKE_PREFIX_PATH=/home/fhs/ros2_ws/install/robot_interfaces:/home/fhs/ros2_ws/install/robot_solver LD_LIBRARY_PATH=/home/fhs/ros2_ws/install/robot_interfaces/lib:/home/fhs/ros2_ws/install/robot_solver/lib:/opt/ros/humble/opt/rviz_ogre_vendor/lib:/opt/ros/humble/lib/x86_64-linux-gnu:/opt/ros/humble/lib:/usr/local/cuda-12.6/lib64:/usr/local/cuda-12.6/lib64:/opt/ros/humble/opt/rviz_ogre_vendor/lib:/opt/ros/humble/lib/x86_64-linux-gnu:/opt/ros/humble/lib:/usr/local/cuda-12.6/lib64 PYTHONPATH=/home/fhs/ros2_ws/build/robot_controller/prefix_override:/usr/lib/python3/dist-packages/colcon_core/task/python/colcon_distutils_commands:/home/fhs/ros2_ws/install/robot_controller/lib/python3.10/site-packages:${PYTHONPATH} /usr/bin/python3 -W ignore:setup.py install is deprecated -W ignore:easy_install command is deprecated setup.py egg_info --egg-base ../../build/robot_controller build --build-base /home/fhs/ros2_ws/build/robot_controller/build install --record /home/fhs/ros2_ws/build/robot_controller/install.log --single-version-externally-managed install_data
[3.624s] Level 1:colcon.colcon_core.environment:checking '/home/fhs/ros2_ws/install/robot_controller' for CMake config files
[3.624s] Level 1:colcon.colcon_core.environment:checking '/home/fhs/ros2_ws/install/robot_controller/lib'
[3.624s] Level 1:colcon.colcon_core.environment:checking '/home/fhs/ros2_ws/install/robot_controller/bin'
[3.624s] Level 1:colcon.colcon_core.environment:checking '/home/fhs/ros2_ws/install/robot_controller/lib/pkgconfig/robot_controller.pc'
[3.625s] Level 1:colcon.colcon_core.environment:checking '/home/fhs/ros2_ws/install/robot_controller/lib/python3.10/site-packages'
[3.625s] Level 1:colcon.colcon_core.shell:create_environment_hook('robot_controller', 'pythonpath')
[3.625s] INFO:colcon.colcon_core.shell:Creating environment hook '/home/fhs/ros2_ws/install/robot_controller/share/robot_controller/hook/pythonpath.ps1'
[3.625s] INFO:colcon.colcon_core.shell:Creating environment descriptor '/home/fhs/ros2_ws/install/robot_controller/share/robot_controller/hook/pythonpath.dsv'
[3.626s] INFO:colcon.colcon_core.shell:Creating environment hook '/home/fhs/ros2_ws/install/robot_controller/share/robot_controller/hook/pythonpath.sh'
[3.626s] Level 1:colcon.colcon_core.environment:checking '/home/fhs/ros2_ws/install/robot_controller/bin'
[3.626s] Level 1:colcon.colcon_core.environment:create_environment_scripts_only(robot_controller)
[3.627s] INFO:colcon.colcon_core.shell:Creating package script '/home/fhs/ros2_ws/install/robot_controller/share/robot_controller/package.ps1'
[3.627s] INFO:colcon.colcon_core.shell:Creating package descriptor '/home/fhs/ros2_ws/install/robot_controller/share/robot_controller/package.dsv'
[3.627s] INFO:colcon.colcon_core.shell:Creating package script '/home/fhs/ros2_ws/install/robot_controller/share/robot_controller/package.sh'
[3.628s] INFO:colcon.colcon_core.shell:Creating package script '/home/fhs/ros2_ws/install/robot_controller/share/robot_controller/package.bash'
[3.628s] INFO:colcon.colcon_core.shell:Creating package script '/home/fhs/ros2_ws/install/robot_controller/share/robot_controller/package.zsh'
[3.628s] Level 1:colcon.colcon_core.environment:create_file_with_runtime_dependencies(/home/fhs/ros2_ws/install/robot_controller/share/colcon-core/packages/robot_controller)
[3.629s] Level 1:colcon.colcon_core.environment:checking '/home/fhs/ros2_ws/install/robot_solver' for CMake module files
[3.630s] DEBUG:colcon.colcon_core.event_handler.log_command:Invoked command in '/home/fhs/ros2_ws/src/robot_solver' returned '0': CMAKE_PREFIX_PATH=/home/fhs/ros2_ws/install/robot_interfaces:/home/fhs/ros2_ws/install/robot_solver LD_LIBRARY_PATH=/home/fhs/ros2_ws/install/robot_interfaces/lib:/home/fhs/ros2_ws/install/robot_solver/lib:/opt/ros/humble/opt/rviz_ogre_vendor/lib:/opt/ros/humble/lib/x86_64-linux-gnu:/opt/ros/humble/lib:/usr/local/cuda-12.6/lib64:/usr/local/cuda-12.6/lib64:/opt/ros/humble/opt/rviz_ogre_vendor/lib:/opt/ros/humble/lib/x86_64-linux-gnu:/opt/ros/humble/lib:/usr/local/cuda-12.6/lib64 PYTHONPATH=/home/fhs/ros2_ws/build/robot_solver/prefix_override:/usr/lib/python3/dist-packages/colcon_core/task/python/colcon_distutils_commands:/home/fhs/ros2_ws/install/robot_solver/lib/python3.10/site-packages:${PYTHONPATH} /usr/bin/python3 -W ignore:setup.py install is deprecated -W ignore:easy_install command is deprecated setup.py egg_info --egg-base ../../build/robot_solver build --build-base /home/fhs/ros2_ws/build/robot_solver/build install --record /home/fhs/ros2_ws/build/robot_solver/install.log --single-version-externally-managed install_data
[3.630s] Level 1:colcon.colcon_core.environment:checking '/home/fhs/ros2_ws/install/robot_solver' for CMake config files
[3.631s] Level 1:colcon.colcon_core.shell:create_environment_hook('robot_solver', 'cmake_prefix_path')
[3.631s] INFO:colcon.colcon_core.shell:Creating environment hook '/home/fhs/ros2_ws/install/robot_solver/share/robot_solver/hook/cmake_prefix_path.ps1'
[3.632s] INFO:colcon.colcon_core.shell:Creating environment descriptor '/home/fhs/ros2_ws/install/robot_solver/share/robot_solver/hook/cmake_prefix_path.dsv'
[3.632s] INFO:colcon.colcon_core.shell:Creating environment hook '/home/fhs/ros2_ws/install/robot_solver/share/robot_solver/hook/cmake_prefix_path.sh'
[3.632s] Level 1:colcon.colcon_core.environment:checking '/home/fhs/ros2_ws/install/robot_solver/lib'
[3.632s] Level 1:colcon.colcon_core.shell:create_environment_hook('robot_solver', 'ld_library_path_lib')
[3.633s] INFO:colcon.colcon_core.shell:Creating environment hook '/home/fhs/ros2_ws/install/robot_solver/share/robot_solver/hook/ld_library_path_lib.ps1'
[3.633s] INFO:colcon.colcon_core.shell:Creating environment descriptor '/home/fhs/ros2_ws/install/robot_solver/share/robot_solver/hook/ld_library_path_lib.dsv'
[3.633s] INFO:colcon.colcon_core.shell:Creating environment hook '/home/fhs/ros2_ws/install/robot_solver/share/robot_solver/hook/ld_library_path_lib.sh'
[3.633s] Level 1:colcon.colcon_core.environment:checking '/home/fhs/ros2_ws/install/robot_solver/bin'
[3.633s] Level 1:colcon.colcon_core.environment:checking '/home/fhs/ros2_ws/install/robot_solver/lib/pkgconfig/robot_solver.pc'
[3.634s] Level 1:colcon.colcon_core.environment:checking '/home/fhs/ros2_ws/install/robot_solver/lib/python3.10/site-packages'
[3.634s] Level 1:colcon.colcon_core.shell:create_environment_hook('robot_solver', 'pythonpath')
[3.634s] INFO:colcon.colcon_core.shell:Creating environment hook '/home/fhs/ros2_ws/install/robot_solver/share/robot_solver/hook/pythonpath.ps1'
[3.634s] INFO:colcon.colcon_core.shell:Creating environment descriptor '/home/fhs/ros2_ws/install/robot_solver/share/robot_solver/hook/pythonpath.dsv'
[3.634s] INFO:colcon.colcon_core.shell:Creating environment hook '/home/fhs/ros2_ws/install/robot_solver/share/robot_solver/hook/pythonpath.sh'
[3.635s] Level 1:colcon.colcon_core.environment:checking '/home/fhs/ros2_ws/install/robot_solver/bin'
[3.635s] Level 1:colcon.colcon_core.environment:create_environment_scripts_only(robot_solver)
[3.635s] INFO:colcon.colcon_core.shell:Creating package script '/home/fhs/ros2_ws/install/robot_solver/share/robot_solver/package.ps1'
[3.636s] INFO:colcon.colcon_core.shell:Creating package descriptor '/home/fhs/ros2_ws/install/robot_solver/share/robot_solver/package.dsv'
[3.636s] INFO:colcon.colcon_core.shell:Creating package script '/home/fhs/ros2_ws/install/robot_solver/share/robot_solver/package.sh'
[3.637s] INFO:colcon.colcon_core.shell:Creating package script '/home/fhs/ros2_ws/install/robot_solver/share/robot_solver/package.bash'
[3.637s] INFO:colcon.colcon_core.shell:Creating package script '/home/fhs/ros2_ws/install/robot_solver/share/robot_solver/package.zsh'
[3.637s] Level 1:colcon.colcon_core.environment:create_file_with_runtime_dependencies(/home/fhs/ros2_ws/install/robot_solver/share/colcon-core/packages/robot_solver)
[3.637s] DEBUG:colcon.colcon_parallel_executor.executor.parallel:closing loop
[3.638s] DEBUG:colcon.colcon_parallel_executor.executor.parallel:loop closed
[3.638s] DEBUG:colcon.colcon_parallel_executor.executor.parallel:run_until_complete finished with '0'
[3.638s] DEBUG:colcon.colcon_core.event_reactor:joining thread
[3.643s] INFO:colcon.colcon_core.plugin_system:Skipping extension 'colcon_notification.desktop_notification.terminal_notifier': Not used on non-Darwin systems
[3.643s] INFO:colcon.colcon_core.plugin_system:Skipping extension 'colcon_notification.desktop_notification.win32': Not used on non-Windows systems
[3.643s] INFO:colcon.colcon_notification.desktop_notification:Sending desktop notification using 'notify2'
[3.653s] DEBUG:colcon.colcon_core.event_reactor:joined thread
[3.654s] INFO:colcon.colcon_core.shell:Creating prefix script '/home/fhs/ros2_ws/install/local_setup.ps1'
[3.655s] INFO:colcon.colcon_core.shell:Creating prefix util module '/home/fhs/ros2_ws/install/_local_setup_util_ps1.py'
[3.656s] INFO:colcon.colcon_core.shell:Creating prefix chain script '/home/fhs/ros2_ws/install/setup.ps1'
[3.657s] INFO:colcon.colcon_core.shell:Creating prefix script '/home/fhs/ros2_ws/install/local_setup.sh'
[3.657s] INFO:colcon.colcon_core.shell:Creating prefix util module '/home/fhs/ros2_ws/install/_local_setup_util_sh.py'
[3.658s] INFO:colcon.colcon_core.shell:Creating prefix chain script '/home/fhs/ros2_ws/install/setup.sh'
[3.658s] INFO:colcon.colcon_core.shell:Creating prefix script '/home/fhs/ros2_ws/install/local_setup.bash'
[3.659s] INFO:colcon.colcon_core.shell:Creating prefix chain script '/home/fhs/ros2_ws/install/setup.bash'
[3.660s] INFO:colcon.colcon_core.shell:Creating prefix script '/home/fhs/ros2_ws/install/local_setup.zsh'
[3.660s] INFO:colcon.colcon_core.shell:Creating prefix chain script '/home/fhs/ros2_ws/install/setup.zsh'
