-- Found rclcpp: 16.0.15 (/opt/ros/humble/share/rclcpp/cmake)
-- Found rosidl_generator_c: 3.1.7 (/opt/ros/humble/share/rosidl_generator_c/cmake)
-- Found rosidl_adapter: 3.1.7 (/opt/ros/humble/share/rosidl_adapter/cmake)
-- Found rosidl_generator_cpp: 3.1.7 (/opt/ros/humble/share/rosidl_generator_cpp/cmake)
-- Using all available rosidl_typesupport_c: rosidl_typesupport_fastrtps_c;rosidl_typesupport_introspection_c
-- Using all available rosidl_typesupport_cpp: rosidl_typesupport_fastrtps_cpp;rosidl_typesupport_introspection_cpp
-- Found rmw_implementation_cmake: 6.1.2 (/opt/ros/humble/share/rmw_implementation_cmake/cmake)
-- Found rmw_fastrtps_cpp: 6.2.9 (/opt/ros/humble/share/rmw_fastrtps_cpp/cmake)
-- Using RMW implementation 'rmw_fastrtps_cpp' as default
-- Found robot_interfaces: 0.0.0 (/home/fhs/ros2_ws/install/robot_interfaces/share/robot_interfaces/cmake)
-- Found tf2_ros: 0.25.16 (/opt/ros/humble/share/tf2_ros/cmake)
-- Found ament_lint_auto: 0.12.14 (/opt/ros/humble/share/ament_lint_auto/cmake)
-- Added test 'cppcheck' to perform static code analysis on C / C++ code
-- Configured cppcheck include dirs: $<BUILD_INTERFACE:/home/fhs/ros2_ws/src/robot_controller/include>
-- Configured cppcheck exclude dirs and/or files: 
-- Added test 'flake8' to check Python code syntax and style conventions
-- Added test 'lint_cmake' to check CMake code style
-- Added test 'pep257' to check Python code against some of the docstring style conventions in PEP 257
-- Added test 'uncrustify' to check C / C++ code style
-- Configured uncrustify additional arguments: 
-- Added test 'xmllint' to check XML markup files
-- Configuring done
-- Generating done
-- Build files have been written to: /home/fhs/ros2_ws/build/robot_controller
[35m[1mConsolidate compiler generated dependencies of target robot_controller_node[0m
[100%] Built target robot_controller_node
-- Install configuration: ""
-- Up-to-date: /home/fhs/ros2_ws/install/robot_controller/lib/robot_controller/robot_controller_node
-- Installing: /home/fhs/ros2_ws/install/robot_controller/share/robot_controller/config
-- Installing: /home/fhs/ros2_ws/install/robot_controller/share/robot_controller/config/params.yaml
-- Up-to-date: /home/fhs/ros2_ws/install/robot_controller/share/ament_index/resource_index/package_run_dependencies/robot_controller
-- Up-to-date: /home/fhs/ros2_ws/install/robot_controller/share/ament_index/resource_index/parent_prefix_path/robot_controller
-- Up-to-date: /home/fhs/ros2_ws/install/robot_controller/share/robot_controller/environment/ament_prefix_path.sh
-- Installing: /home/fhs/ros2_ws/install/robot_controller/share/robot_controller/environment/ament_prefix_path.dsv
-- Up-to-date: /home/fhs/ros2_ws/install/robot_controller/share/robot_controller/environment/path.sh
-- Installing: /home/fhs/ros2_ws/install/robot_controller/share/robot_controller/environment/path.dsv
-- Up-to-date: /home/fhs/ros2_ws/install/robot_controller/share/robot_controller/local_setup.bash
-- Up-to-date: /home/fhs/ros2_ws/install/robot_controller/share/robot_controller/local_setup.sh
-- Up-to-date: /home/fhs/ros2_ws/install/robot_controller/share/robot_controller/local_setup.zsh
-- Installing: /home/fhs/ros2_ws/install/robot_controller/share/robot_controller/local_setup.dsv
-- Installing: /home/fhs/ros2_ws/install/robot_controller/share/robot_controller/package.dsv
-- Up-to-date: /home/fhs/ros2_ws/install/robot_controller/share/ament_index/resource_index/packages/robot_controller
-- Up-to-date: /home/fhs/ros2_ws/install/robot_controller/share/robot_controller/cmake/robot_controllerConfig.cmake
-- Up-to-date: /home/fhs/ros2_ws/install/robot_controller/share/robot_controller/cmake/robot_controllerConfig-version.cmake
-- Up-to-date: /home/fhs/ros2_ws/install/robot_controller/share/robot_controller/package.xml
-- Up-to-date: /home/fhs/ros2_ws/install/robot_controller/share/robot_controller/launch
-- Up-to-date: /home/fhs/ros2_ws/install/robot_controller/share/robot_controller/launch/robot_controller.launch.py
