[0.027s] Invoking command in '/home/fhs/ros2_ws/build/robot_interfaces': CMAKE_PREFIX_PATH=${CMAKE_PREFIX_PATH}:/home/fhs/ros2_ws/install/robot_tracker:/home/fhs/ros2_ws/install/robot_sensor:/home/fhs/ros2_ws/install/robot_controller:/home/fhs/ros2_ws/install/robot_bringup:/opt/ros/humble CONDA_PROMPT_MODIFIER=(base) /usr/bin/cmake --build /home/fhs/ros2_ws/build/robot_interfaces -- -j20 -l20
[0.475s] -- Found ament_cmake: 1.3.12 (/opt/ros/humble/share/ament_cmake/cmake)
[0.476s] -- Found rosidl_default_generators: 1.2.0 (/opt/ros/humble/share/rosidl_default_generators/cmake)
[0.476s] -- Using all available rosidl_typesupport_c: rosidl_typesupport_fastrtps_c;rosidl_typesupport_introspection_c
[0.476s] -- Found rosidl_adapter: 3.1.7 (/opt/ros/humble/share/rosidl_adapter/cmake)
[0.476s] -- Using all available rosidl_typesupport_cpp: rosidl_typesupport_fastrtps_cpp;rosidl_typesupport_introspection_cpp
[0.476s] -- Found geometry_msgs: 4.9.0 (/opt/ros/humble/share/geometry_msgs/cmake)
[0.772s] -- Found ament_cmake_ros: 0.10.0 (/opt/ros/humble/share/ament_cmake_ros/cmake)
[1.016s] -- Using all available rosidl_typesupport_c: rosidl_typesupport_fastrtps_c;rosidl_typesupport_introspection_c
[1.380s] -- Using all available rosidl_typesupport_cpp: rosidl_typesupport_fastrtps_cpp;rosidl_typesupport_introspection_cpp
[1.403s] -- Found python_cmake_module: 0.10.0 (/opt/ros/humble/share/python_cmake_module/cmake)
[1.425s] -- Using PYTHON_EXECUTABLE: /home/fhs/anaconda3/bin/python3
[1.425s] -- Using PYTHON_INCLUDE_DIRS: /home/fhs/anaconda3/include/python3.12
[1.425s] -- Using PYTHON_LIBRARIES: /home/fhs/anaconda3/lib/libpython3.12.so
[1.586s] -- Using numpy include directory: /home/fhs/anaconda3/lib/python3.12/site-packages/numpy/core/include
[1.601s] -- Found ament_lint_auto: 0.12.14 (/opt/ros/humble/share/ament_lint_auto/cmake)
[1.609s] -- Added test 'copyright' to check source files copyright and LICENSE
[1.610s] -- Added test 'lint_cmake' to check CMake code style
[1.611s] -- Added test 'xmllint' to check XML markup files
[1.612s] -- Configuring done
[1.650s] -- Generating done
[1.663s] -- Build files have been written to: /home/fhs/ros2_ws/build/robot_interfaces
[1.693s] [  1%] [34m[1mGenerating C code for ROS interfaces[0m
[1.704s] [  3%] [34m[1mGenerating C++ code for ROS interfaces[0m
[1.716s] [  3%] Built target ament_cmake_python_copy_robot_interfaces
[1.970s] running egg_info
[1.993s] writing robot_interfaces.egg-info/PKG-INFO
[1.994s] writing dependency_links to robot_interfaces.egg-info/dependency_links.txt
[1.994s] writing top-level names to robot_interfaces.egg-info/top_level.txt
[2.063s] reading manifest file 'robot_interfaces.egg-info/SOURCES.txt'
[2.064s] writing manifest file 'robot_interfaces.egg-info/SOURCES.txt'
[2.095s] [  3%] Built target ament_cmake_python_build_robot_interfaces_egg
[2.193s] [35m[1mConsolidate compiler generated dependencies of target robot_interfaces__rosidl_generator_c[0m
[2.199s] [  3%] Built target robot_interfaces__cpp
[2.205s] [  4%] [32mBuilding C object CMakeFiles/robot_interfaces__rosidl_generator_c.dir/rosidl_generator_c/robot_interfaces/msg/detail/target__functions.c.o[0m
[2.205s] [  6%] [32mBuilding C object CMakeFiles/robot_interfaces__rosidl_generator_c.dir/rosidl_generator_c/robot_interfaces/srv/detail/set_mode__functions.c.o[0m
[2.206s] [  7%] [32mBuilding C object CMakeFiles/robot_interfaces__rosidl_generator_c.dir/rosidl_generator_c/robot_interfaces/action/detail/collect__functions.c.o[0m
[2.208s] [  9%] [34m[1mGenerating C++ type support for eProsima Fast-RTPS[0m
[2.209s] [ 11%] [32mBuilding C object CMakeFiles/robot_interfaces__rosidl_generator_c.dir/rosidl_generator_c/robot_interfaces/msg/detail/control__functions.c.o[0m
[2.209s] [ 12%] [34m[1mGenerating C++ type support dispatch for ROS interfaces[0m
[2.209s] [ 14%] [32mBuilding C object CMakeFiles/robot_interfaces__rosidl_generator_c.dir/rosidl_generator_c/robot_interfaces/msg/detail/robot_state__functions.c.o[0m
[2.213s] [ 15%] [34m[1mGenerating C++ introspection for ROS interfaces[0m
[2.333s] [ 17%] [32m[1mLinking C shared library librobot_interfaces__rosidl_generator_c.so[0m
[2.382s] [ 17%] Built target robot_interfaces__rosidl_generator_c
[2.398s] [ 19%] [34m[1mGenerating C type support for eProsima Fast-RTPS[0m
[2.399s] [ 22%] [34m[1mGenerating C type support dispatch for ROS interfaces[0m
[2.399s] [ 22%] [34m[1mGenerating C introspection for ROS interfaces[0m
[2.577s] [35m[1mConsolidate compiler generated dependencies of target robot_interfaces__rosidl_typesupport_cpp[0m
[2.592s] [ 23%] [32mBuilding CXX object CMakeFiles/robot_interfaces__rosidl_typesupport_cpp.dir/rosidl_typesupport_cpp/robot_interfaces/msg/target__type_support.cpp.o[0m
[2.592s] [ 25%] [32mBuilding CXX object CMakeFiles/robot_interfaces__rosidl_typesupport_cpp.dir/rosidl_typesupport_cpp/robot_interfaces/msg/control__type_support.cpp.o[0m
[2.593s] [ 26%] [32mBuilding CXX object CMakeFiles/robot_interfaces__rosidl_typesupport_cpp.dir/rosidl_typesupport_cpp/robot_interfaces/srv/set_mode__type_support.cpp.o[0m
[2.593s] [ 28%] [32mBuilding CXX object CMakeFiles/robot_interfaces__rosidl_typesupport_cpp.dir/rosidl_typesupport_cpp/robot_interfaces/msg/robot_state__type_support.cpp.o[0m
[2.598s] [ 30%] [32mBuilding CXX object CMakeFiles/robot_interfaces__rosidl_typesupport_cpp.dir/rosidl_typesupport_cpp/robot_interfaces/action/collect__type_support.cpp.o[0m
[2.602s] [35m[1mConsolidate compiler generated dependencies of target robot_interfaces__rosidl_typesupport_introspection_cpp[0m
[2.623s] [ 33%] [32mBuilding CXX object CMakeFiles/robot_interfaces__rosidl_typesupport_introspection_cpp.dir/rosidl_typesupport_introspection_cpp/robot_interfaces/msg/detail/control__type_support.cpp.o[0m
[2.624s] [ 34%] [32mBuilding CXX object CMakeFiles/robot_interfaces__rosidl_typesupport_introspection_cpp.dir/rosidl_typesupport_introspection_cpp/robot_interfaces/srv/detail/set_mode__type_support.cpp.o[0m
[2.625s] [ 36%] [32mBuilding CXX object CMakeFiles/robot_interfaces__rosidl_typesupport_introspection_cpp.dir/rosidl_typesupport_introspection_cpp/robot_interfaces/msg/detail/target__type_support.cpp.o[0m
[2.625s] [ 33%] [32mBuilding CXX object CMakeFiles/robot_interfaces__rosidl_typesupport_introspection_cpp.dir/rosidl_typesupport_introspection_cpp/robot_interfaces/msg/detail/robot_state__type_support.cpp.o[0m
[2.625s] [ 38%] [32mBuilding CXX object CMakeFiles/robot_interfaces__rosidl_typesupport_introspection_cpp.dir/rosidl_typesupport_introspection_cpp/robot_interfaces/action/detail/collect__type_support.cpp.o[0m
[2.643s] [35m[1mConsolidate compiler generated dependencies of target robot_interfaces__rosidl_typesupport_fastrtps_cpp[0m
[2.661s] [ 39%] [32mBuilding CXX object CMakeFiles/robot_interfaces__rosidl_typesupport_fastrtps_cpp.dir/rosidl_typesupport_fastrtps_cpp/robot_interfaces/msg/detail/dds_fastrtps/target__type_support.cpp.o[0m
[2.661s] [ 42%] [32mBuilding CXX object CMakeFiles/robot_interfaces__rosidl_typesupport_fastrtps_cpp.dir/rosidl_typesupport_fastrtps_cpp/robot_interfaces/msg/detail/dds_fastrtps/robot_state__type_support.cpp.o[0m
[2.661s] [ 42%] [32mBuilding CXX object CMakeFiles/robot_interfaces__rosidl_typesupport_fastrtps_cpp.dir/rosidl_typesupport_fastrtps_cpp/robot_interfaces/msg/detail/dds_fastrtps/control__type_support.cpp.o[0m
[2.661s] [ 44%] [32mBuilding CXX object CMakeFiles/robot_interfaces__rosidl_typesupport_fastrtps_cpp.dir/rosidl_typesupport_fastrtps_cpp/robot_interfaces/srv/detail/dds_fastrtps/set_mode__type_support.cpp.o[0m
[2.661s] [ 46%] [32mBuilding CXX object CMakeFiles/robot_interfaces__rosidl_typesupport_fastrtps_cpp.dir/rosidl_typesupport_fastrtps_cpp/robot_interfaces/action/detail/dds_fastrtps/collect__type_support.cpp.o[0m
[2.883s] [35m[1mConsolidate compiler generated dependencies of target robot_interfaces__rosidl_typesupport_introspection_c[0m
[2.905s] [ 47%] [32mBuilding C object CMakeFiles/robot_interfaces__rosidl_typesupport_introspection_c.dir/rosidl_typesupport_introspection_c/robot_interfaces/msg/detail/target__type_support.c.o[0m
[2.917s] [ 49%] [32mBuilding C object CMakeFiles/robot_interfaces__rosidl_typesupport_introspection_c.dir/rosidl_typesupport_introspection_c/robot_interfaces/msg/detail/control__type_support.c.o[0m
[2.923s] [ 50%] [32mBuilding C object CMakeFiles/robot_interfaces__rosidl_typesupport_introspection_c.dir/rosidl_typesupport_introspection_c/robot_interfaces/msg/detail/robot_state__type_support.c.o[0m
[2.930s] [35m[1mConsolidate compiler generated dependencies of target robot_interfaces__rosidl_typesupport_c[0m
[2.938s] [35m[1mConsolidate compiler generated dependencies of target robot_interfaces__rosidl_typesupport_fastrtps_c[0m
[2.940s] [ 52%] [32mBuilding C object CMakeFiles/robot_interfaces__rosidl_typesupport_introspection_c.dir/rosidl_typesupport_introspection_c/robot_interfaces/srv/detail/set_mode__type_support.c.o[0m
[2.959s] [ 53%] [32mBuilding CXX object CMakeFiles/robot_interfaces__rosidl_typesupport_c.dir/rosidl_typesupport_c/robot_interfaces/msg/target__type_support.cpp.o[0m
[2.959s] [ 55%] [32mBuilding CXX object CMakeFiles/robot_interfaces__rosidl_typesupport_fastrtps_c.dir/rosidl_typesupport_fastrtps_c/robot_interfaces/msg/detail/target__type_support_c.cpp.o[0m
[2.961s] [ 57%] [32mBuilding C object CMakeFiles/robot_interfaces__rosidl_typesupport_introspection_c.dir/rosidl_typesupport_introspection_c/robot_interfaces/action/detail/collect__type_support.c.o[0m
[2.973s] [ 58%] [32mBuilding CXX object CMakeFiles/robot_interfaces__rosidl_typesupport_fastrtps_c.dir/rosidl_typesupport_fastrtps_c/robot_interfaces/msg/detail/control__type_support_c.cpp.o[0m
[2.981s] [ 60%] [32mBuilding CXX object CMakeFiles/robot_interfaces__rosidl_typesupport_c.dir/rosidl_typesupport_c/robot_interfaces/msg/control__type_support.cpp.o[0m
[2.992s] [ 61%] [32mBuilding CXX object CMakeFiles/robot_interfaces__rosidl_typesupport_c.dir/rosidl_typesupport_c/robot_interfaces/msg/robot_state__type_support.cpp.o[0m
[3.009s] [ 63%] [32mBuilding CXX object CMakeFiles/robot_interfaces__rosidl_typesupport_fastrtps_c.dir/rosidl_typesupport_fastrtps_c/robot_interfaces/msg/detail/robot_state__type_support_c.cpp.o[0m
[3.020s] [ 65%] [32mBuilding CXX object CMakeFiles/robot_interfaces__rosidl_typesupport_fastrtps_c.dir/rosidl_typesupport_fastrtps_c/robot_interfaces/srv/detail/set_mode__type_support_c.cpp.o[0m
[3.032s] [ 66%] [32mBuilding CXX object CMakeFiles/robot_interfaces__rosidl_typesupport_c.dir/rosidl_typesupport_c/robot_interfaces/srv/set_mode__type_support.cpp.o[0m
[3.039s] [ 68%] [32m[1mLinking C shared library librobot_interfaces__rosidl_typesupport_introspection_c.so[0m
[3.041s] [ 69%] [32mBuilding CXX object CMakeFiles/robot_interfaces__rosidl_typesupport_fastrtps_c.dir/rosidl_typesupport_fastrtps_c/robot_interfaces/action/detail/collect__type_support_c.cpp.o[0m
[3.046s] [ 71%] [32mBuilding CXX object CMakeFiles/robot_interfaces__rosidl_typesupport_c.dir/rosidl_typesupport_c/robot_interfaces/action/collect__type_support.cpp.o[0m
[3.091s] [ 71%] Built target robot_interfaces__rosidl_typesupport_introspection_c
[3.128s] [ 73%] [32m[1mLinking CXX shared library librobot_interfaces__rosidl_typesupport_c.so[0m
[3.176s] [ 73%] Built target robot_interfaces__rosidl_typesupport_c
[3.335s] [ 74%] [32m[1mLinking CXX shared library librobot_interfaces__rosidl_typesupport_cpp.so[0m
[3.384s] [ 76%] [32m[1mLinking CXX shared library librobot_interfaces__rosidl_typesupport_fastrtps_cpp.so[0m
[3.384s] [ 76%] Built target robot_interfaces__rosidl_typesupport_cpp
[3.469s] [ 76%] Built target robot_interfaces__rosidl_typesupport_fastrtps_cpp
[3.485s] [ 77%] [32m[1mLinking CXX shared library librobot_interfaces__rosidl_typesupport_fastrtps_c.so[0m
[3.498s] [ 79%] [32m[1mLinking CXX shared library librobot_interfaces__rosidl_typesupport_introspection_cpp.so[0m
[3.567s] [ 79%] Built target robot_interfaces__rosidl_typesupport_fastrtps_c
[3.574s] [ 79%] Built target robot_interfaces__rosidl_typesupport_introspection_cpp
[3.600s] [ 79%] Built target robot_interfaces
[3.628s] [ 80%] [34m[1mGenerating Python code for ROS interfaces[0m
[4.432s] [ 80%] Built target robot_interfaces__py
[4.446s] [35m[1mConsolidate compiler generated dependencies of target robot_interfaces__rosidl_generator_py[0m
[4.467s] [ 82%] [32mBuilding C object CMakeFiles/robot_interfaces__rosidl_generator_py.dir/rosidl_generator_py/robot_interfaces/action/_collect_s.c.o[0m
[4.468s] [ 84%] [32mBuilding C object CMakeFiles/robot_interfaces__rosidl_generator_py.dir/rosidl_generator_py/robot_interfaces/msg/_target_s.c.o[0m
[4.469s] [ 85%] [32mBuilding C object CMakeFiles/robot_interfaces__rosidl_generator_py.dir/rosidl_generator_py/robot_interfaces/msg/_robot_state_s.c.o[0m
[4.469s] [ 87%] [32mBuilding C object CMakeFiles/robot_interfaces__rosidl_generator_py.dir/rosidl_generator_py/robot_interfaces/msg/_control_s.c.o[0m
[4.470s] [ 88%] [32mBuilding C object CMakeFiles/robot_interfaces__rosidl_generator_py.dir/rosidl_generator_py/robot_interfaces/srv/_set_mode_s.c.o[0m
[4.608s] [ 90%] [32m[1mLinking C shared library rosidl_generator_py/robot_interfaces/librobot_interfaces__rosidl_generator_py.so[0m
[4.670s] [ 90%] Built target robot_interfaces__rosidl_generator_py
[4.683s] [35m[1mConsolidate compiler generated dependencies of target robot_interfaces__rosidl_typesupport_fastrtps_c__pyext[0m
[4.683s] [35m[1mConsolidate compiler generated dependencies of target robot_interfaces__rosidl_typesupport_c__pyext[0m
[4.686s] [35m[1mConsolidate compiler generated dependencies of target robot_interfaces__rosidl_typesupport_introspection_c__pyext[0m
[4.697s] [ 92%] [32mBuilding C object CMakeFiles/robot_interfaces__rosidl_typesupport_fastrtps_c__pyext.dir/rosidl_generator_py/robot_interfaces/_robot_interfaces_s.ep.rosidl_typesupport_fastrtps_c.c.o[0m
[4.697s] [ 93%] [32mBuilding C object CMakeFiles/robot_interfaces__rosidl_typesupport_c__pyext.dir/rosidl_generator_py/robot_interfaces/_robot_interfaces_s.ep.rosidl_typesupport_c.c.o[0m
[4.705s] [ 95%] [32mBuilding C object CMakeFiles/robot_interfaces__rosidl_typesupport_introspection_c__pyext.dir/rosidl_generator_py/robot_interfaces/_robot_interfaces_s.ep.rosidl_typesupport_introspection_c.c.o[0m
[4.833s] [ 96%] [32m[1mLinking C shared library rosidl_generator_py/robot_interfaces/robot_interfaces_s__rosidl_typesupport_fastrtps_c.cpython-312-x86_64-linux-gnu.so[0m
[4.835s] [ 98%] [32m[1mLinking C shared library rosidl_generator_py/robot_interfaces/robot_interfaces_s__rosidl_typesupport_introspection_c.cpython-312-x86_64-linux-gnu.so[0m
[4.853s] [100%] [32m[1mLinking C shared library rosidl_generator_py/robot_interfaces/robot_interfaces_s__rosidl_typesupport_c.cpython-312-x86_64-linux-gnu.so[0m
[4.882s] [100%] Built target robot_interfaces__rosidl_typesupport_fastrtps_c__pyext
[4.885s] [100%] Built target robot_interfaces__rosidl_typesupport_introspection_c__pyext
[4.901s] [100%] Built target robot_interfaces__rosidl_typesupport_c__pyext
[4.916s] Invoked command in '/home/fhs/ros2_ws/build/robot_interfaces' returned '0': CMAKE_PREFIX_PATH=${CMAKE_PREFIX_PATH}:/home/fhs/ros2_ws/install/robot_tracker:/home/fhs/ros2_ws/install/robot_sensor:/home/fhs/ros2_ws/install/robot_controller:/home/fhs/ros2_ws/install/robot_bringup:/opt/ros/humble CONDA_PROMPT_MODIFIER=(base) /usr/bin/cmake --build /home/fhs/ros2_ws/build/robot_interfaces -- -j20 -l20
[4.930s] Invoking command in '/home/fhs/ros2_ws/build/robot_interfaces': CMAKE_PREFIX_PATH=${CMAKE_PREFIX_PATH}:/home/fhs/ros2_ws/install/robot_tracker:/home/fhs/ros2_ws/install/robot_sensor:/home/fhs/ros2_ws/install/robot_controller:/home/fhs/ros2_ws/install/robot_bringup:/opt/ros/humble CONDA_PROMPT_MODIFIER=(base) /usr/bin/cmake --install /home/fhs/ros2_ws/build/robot_interfaces
[4.940s] -- Install configuration: ""
[4.940s] -- Installing: /home/fhs/ros2_ws/install/robot_interfaces/share/ament_index/resource_index/rosidl_interfaces/robot_interfaces
[4.940s] -- Up-to-date: /home/fhs/ros2_ws/install/robot_interfaces/include/robot_interfaces/robot_interfaces
[4.941s] -- Up-to-date: /home/fhs/ros2_ws/install/robot_interfaces/include/robot_interfaces/robot_interfaces/msg
[4.941s] -- Installing: /home/fhs/ros2_ws/install/robot_interfaces/include/robot_interfaces/robot_interfaces/msg/control.h
[4.941s] -- Up-to-date: /home/fhs/ros2_ws/install/robot_interfaces/include/robot_interfaces/robot_interfaces/msg/detail
[4.941s] -- Installing: /home/fhs/ros2_ws/install/robot_interfaces/include/robot_interfaces/robot_interfaces/msg/detail/target__type_support.h
[4.941s] -- Installing: /home/fhs/ros2_ws/install/robot_interfaces/include/robot_interfaces/robot_interfaces/msg/detail/control__functions.h
[4.941s] -- Installing: /home/fhs/ros2_ws/install/robot_interfaces/include/robot_interfaces/robot_interfaces/msg/detail/control__functions.c
[4.941s] -- Installing: /home/fhs/ros2_ws/install/robot_interfaces/include/robot_interfaces/robot_interfaces/msg/detail/target__functions.h
[4.942s] -- Installing: /home/fhs/ros2_ws/install/robot_interfaces/include/robot_interfaces/robot_interfaces/msg/detail/robot_state__type_support.h
[4.942s] -- Installing: /home/fhs/ros2_ws/install/robot_interfaces/include/robot_interfaces/robot_interfaces/msg/detail/robot_state__functions.h
[4.942s] -- Installing: /home/fhs/ros2_ws/install/robot_interfaces/include/robot_interfaces/robot_interfaces/msg/detail/robot_state__functions.c
[4.942s] -- Installing: /home/fhs/ros2_ws/install/robot_interfaces/include/robot_interfaces/robot_interfaces/msg/detail/target__functions.c
[4.942s] -- Installing: /home/fhs/ros2_ws/install/robot_interfaces/include/robot_interfaces/robot_interfaces/msg/detail/robot_state__struct.h
[4.942s] -- Installing: /home/fhs/ros2_ws/install/robot_interfaces/include/robot_interfaces/robot_interfaces/msg/detail/control__struct.h
[4.942s] -- Installing: /home/fhs/ros2_ws/install/robot_interfaces/include/robot_interfaces/robot_interfaces/msg/detail/target__struct.h
[4.942s] -- Installing: /home/fhs/ros2_ws/install/robot_interfaces/include/robot_interfaces/robot_interfaces/msg/detail/control__type_support.h
[4.943s] -- Installing: /home/fhs/ros2_ws/install/robot_interfaces/include/robot_interfaces/robot_interfaces/msg/target.h
[4.943s] -- Up-to-date: /home/fhs/ros2_ws/install/robot_interfaces/include/robot_interfaces/robot_interfaces/msg/rosidl_generator_c__visibility_control.h
[4.943s] -- Installing: /home/fhs/ros2_ws/install/robot_interfaces/include/robot_interfaces/robot_interfaces/msg/robot_state.h
[4.943s] -- Up-to-date: /home/fhs/ros2_ws/install/robot_interfaces/include/robot_interfaces/robot_interfaces/srv
[4.943s] -- Up-to-date: /home/fhs/ros2_ws/install/robot_interfaces/include/robot_interfaces/robot_interfaces/srv/detail
[4.943s] -- Installing: /home/fhs/ros2_ws/install/robot_interfaces/include/robot_interfaces/robot_interfaces/srv/detail/set_mode__functions.h
[4.943s] -- Installing: /home/fhs/ros2_ws/install/robot_interfaces/include/robot_interfaces/robot_interfaces/srv/detail/set_mode__functions.c
[4.943s] -- Installing: /home/fhs/ros2_ws/install/robot_interfaces/include/robot_interfaces/robot_interfaces/srv/detail/set_mode__type_support.h
[4.944s] -- Installing: /home/fhs/ros2_ws/install/robot_interfaces/include/robot_interfaces/robot_interfaces/srv/detail/set_mode__struct.h
[4.944s] -- Installing: /home/fhs/ros2_ws/install/robot_interfaces/include/robot_interfaces/robot_interfaces/srv/set_mode.h
[4.944s] -- Installing: /home/fhs/ros2_ws/install/robot_interfaces/include/robot_interfaces/robot_interfaces/action
[4.944s] -- Installing: /home/fhs/ros2_ws/install/robot_interfaces/include/robot_interfaces/robot_interfaces/action/detail
[4.944s] -- Installing: /home/fhs/ros2_ws/install/robot_interfaces/include/robot_interfaces/robot_interfaces/action/detail/collect__functions.h
[4.944s] -- Installing: /home/fhs/ros2_ws/install/robot_interfaces/include/robot_interfaces/robot_interfaces/action/detail/collect__functions.c
[4.944s] -- Installing: /home/fhs/ros2_ws/install/robot_interfaces/include/robot_interfaces/robot_interfaces/action/detail/collect__type_support.h
[4.945s] -- Installing: /home/fhs/ros2_ws/install/robot_interfaces/include/robot_interfaces/robot_interfaces/action/detail/collect__struct.h
[4.945s] -- Installing: /home/fhs/ros2_ws/install/robot_interfaces/include/robot_interfaces/robot_interfaces/action/collect.h
[4.945s] -- Up-to-date: /home/fhs/ros2_ws/install/robot_interfaces/share/robot_interfaces/environment/library_path.sh
[4.945s] -- Installing: /home/fhs/ros2_ws/install/robot_interfaces/share/robot_interfaces/environment/library_path.dsv
[4.945s] -- Installing: /home/fhs/ros2_ws/install/robot_interfaces/lib/librobot_interfaces__rosidl_generator_c.so
[4.945s] -- Set runtime path of "/home/fhs/ros2_ws/install/robot_interfaces/lib/librobot_interfaces__rosidl_generator_c.so" to ""
[4.945s] -- Up-to-date: /home/fhs/ros2_ws/install/robot_interfaces/include/robot_interfaces/robot_interfaces
[4.945s] -- Up-to-date: /home/fhs/ros2_ws/install/robot_interfaces/include/robot_interfaces/robot_interfaces/msg
[4.945s] -- Up-to-date: /home/fhs/ros2_ws/install/robot_interfaces/include/robot_interfaces/robot_interfaces/msg/detail
[4.946s] -- Installing: /home/fhs/ros2_ws/install/robot_interfaces/include/robot_interfaces/robot_interfaces/msg/detail/target__rosidl_typesupport_fastrtps_c.h
[4.946s] -- Installing: /home/fhs/ros2_ws/install/robot_interfaces/include/robot_interfaces/robot_interfaces/msg/detail/robot_state__rosidl_typesupport_fastrtps_c.h
[4.946s] -- Installing: /home/fhs/ros2_ws/install/robot_interfaces/include/robot_interfaces/robot_interfaces/msg/detail/control__rosidl_typesupport_fastrtps_c.h
[4.946s] -- Up-to-date: /home/fhs/ros2_ws/install/robot_interfaces/include/robot_interfaces/robot_interfaces/msg/rosidl_typesupport_fastrtps_c__visibility_control.h
[4.946s] -- Up-to-date: /home/fhs/ros2_ws/install/robot_interfaces/include/robot_interfaces/robot_interfaces/srv
[4.946s] -- Up-to-date: /home/fhs/ros2_ws/install/robot_interfaces/include/robot_interfaces/robot_interfaces/srv/detail
[4.946s] -- Installing: /home/fhs/ros2_ws/install/robot_interfaces/include/robot_interfaces/robot_interfaces/srv/detail/set_mode__rosidl_typesupport_fastrtps_c.h
[4.946s] -- Up-to-date: /home/fhs/ros2_ws/install/robot_interfaces/include/robot_interfaces/robot_interfaces/action
[4.947s] -- Up-to-date: /home/fhs/ros2_ws/install/robot_interfaces/include/robot_interfaces/robot_interfaces/action/detail
[4.947s] -- Installing: /home/fhs/ros2_ws/install/robot_interfaces/include/robot_interfaces/robot_interfaces/action/detail/collect__rosidl_typesupport_fastrtps_c.h
[4.947s] -- Installing: /home/fhs/ros2_ws/install/robot_interfaces/lib/librobot_interfaces__rosidl_typesupport_fastrtps_c.so
[4.947s] -- Set runtime path of "/home/fhs/ros2_ws/install/robot_interfaces/lib/librobot_interfaces__rosidl_typesupport_fastrtps_c.so" to ""
[4.947s] -- Up-to-date: /home/fhs/ros2_ws/install/robot_interfaces/include/robot_interfaces/robot_interfaces
[4.947s] -- Up-to-date: /home/fhs/ros2_ws/install/robot_interfaces/include/robot_interfaces/robot_interfaces/msg
[4.947s] -- Up-to-date: /home/fhs/ros2_ws/install/robot_interfaces/include/robot_interfaces/robot_interfaces/msg/rosidl_typesupport_introspection_c__visibility_control.h
[4.947s] -- Up-to-date: /home/fhs/ros2_ws/install/robot_interfaces/include/robot_interfaces/robot_interfaces/msg/detail
[4.948s] -- Installing: /home/fhs/ros2_ws/install/robot_interfaces/include/robot_interfaces/robot_interfaces/msg/detail/robot_state__rosidl_typesupport_introspection_c.h
[4.948s] -- Installing: /home/fhs/ros2_ws/install/robot_interfaces/include/robot_interfaces/robot_interfaces/msg/detail/control__rosidl_typesupport_introspection_c.h
[4.948s] -- Installing: /home/fhs/ros2_ws/install/robot_interfaces/include/robot_interfaces/robot_interfaces/msg/detail/target__type_support.c
[4.948s] -- Installing: /home/fhs/ros2_ws/install/robot_interfaces/include/robot_interfaces/robot_interfaces/msg/detail/robot_state__type_support.c
[4.948s] -- Installing: /home/fhs/ros2_ws/install/robot_interfaces/include/robot_interfaces/robot_interfaces/msg/detail/control__type_support.c
[4.948s] -- Installing: /home/fhs/ros2_ws/install/robot_interfaces/include/robot_interfaces/robot_interfaces/msg/detail/target__rosidl_typesupport_introspection_c.h
[4.948s] -- Up-to-date: /home/fhs/ros2_ws/install/robot_interfaces/include/robot_interfaces/robot_interfaces/srv
[4.948s] -- Up-to-date: /home/fhs/ros2_ws/install/robot_interfaces/include/robot_interfaces/robot_interfaces/srv/detail
[4.949s] -- Installing: /home/fhs/ros2_ws/install/robot_interfaces/include/robot_interfaces/robot_interfaces/srv/detail/set_mode__type_support.c
[4.949s] -- Installing: /home/fhs/ros2_ws/install/robot_interfaces/include/robot_interfaces/robot_interfaces/srv/detail/set_mode__rosidl_typesupport_introspection_c.h
[4.949s] -- Up-to-date: /home/fhs/ros2_ws/install/robot_interfaces/include/robot_interfaces/robot_interfaces/action
[4.949s] -- Up-to-date: /home/fhs/ros2_ws/install/robot_interfaces/include/robot_interfaces/robot_interfaces/action/detail
[4.949s] -- Installing: /home/fhs/ros2_ws/install/robot_interfaces/include/robot_interfaces/robot_interfaces/action/detail/collect__rosidl_typesupport_introspection_c.h
[4.949s] -- Installing: /home/fhs/ros2_ws/install/robot_interfaces/include/robot_interfaces/robot_interfaces/action/detail/collect__type_support.c
[4.949s] -- Installing: /home/fhs/ros2_ws/install/robot_interfaces/lib/librobot_interfaces__rosidl_typesupport_introspection_c.so
[4.949s] -- Set runtime path of "/home/fhs/ros2_ws/install/robot_interfaces/lib/librobot_interfaces__rosidl_typesupport_introspection_c.so" to ""
[4.950s] -- Installing: /home/fhs/ros2_ws/install/robot_interfaces/lib/librobot_interfaces__rosidl_typesupport_c.so
[4.950s] -- Set runtime path of "/home/fhs/ros2_ws/install/robot_interfaces/lib/librobot_interfaces__rosidl_typesupport_c.so" to ""
[4.950s] -- Up-to-date: /home/fhs/ros2_ws/install/robot_interfaces/include/robot_interfaces/robot_interfaces
[4.950s] -- Up-to-date: /home/fhs/ros2_ws/install/robot_interfaces/include/robot_interfaces/robot_interfaces/msg
[4.950s] -- Up-to-date: /home/fhs/ros2_ws/install/robot_interfaces/include/robot_interfaces/robot_interfaces/msg/detail
[4.950s] -- Installing: /home/fhs/ros2_ws/install/robot_interfaces/include/robot_interfaces/robot_interfaces/msg/detail/robot_state__type_support.hpp
[4.950s] -- Installing: /home/fhs/ros2_ws/install/robot_interfaces/include/robot_interfaces/robot_interfaces/msg/detail/robot_state__builder.hpp
[4.950s] -- Installing: /home/fhs/ros2_ws/install/robot_interfaces/include/robot_interfaces/robot_interfaces/msg/detail/target__type_support.hpp
[4.951s] -- Installing: /home/fhs/ros2_ws/install/robot_interfaces/include/robot_interfaces/robot_interfaces/msg/detail/target__builder.hpp
[4.951s] -- Installing: /home/fhs/ros2_ws/install/robot_interfaces/include/robot_interfaces/robot_interfaces/msg/detail/robot_state__struct.hpp
[4.951s] -- Installing: /home/fhs/ros2_ws/install/robot_interfaces/include/robot_interfaces/robot_interfaces/msg/detail/control__traits.hpp
[4.951s] -- Installing: /home/fhs/ros2_ws/install/robot_interfaces/include/robot_interfaces/robot_interfaces/msg/detail/control__type_support.hpp
[4.951s] -- Installing: /home/fhs/ros2_ws/install/robot_interfaces/include/robot_interfaces/robot_interfaces/msg/detail/control__struct.hpp
[4.951s] -- Installing: /home/fhs/ros2_ws/install/robot_interfaces/include/robot_interfaces/robot_interfaces/msg/detail/target__traits.hpp
[4.951s] -- Installing: /home/fhs/ros2_ws/install/robot_interfaces/include/robot_interfaces/robot_interfaces/msg/detail/target__struct.hpp
[4.951s] -- Installing: /home/fhs/ros2_ws/install/robot_interfaces/include/robot_interfaces/robot_interfaces/msg/detail/robot_state__traits.hpp
[4.952s] -- Installing: /home/fhs/ros2_ws/install/robot_interfaces/include/robot_interfaces/robot_interfaces/msg/detail/control__builder.hpp
[4.952s] -- Installing: /home/fhs/ros2_ws/install/robot_interfaces/include/robot_interfaces/robot_interfaces/msg/control.hpp
[4.952s] -- Installing: /home/fhs/ros2_ws/install/robot_interfaces/include/robot_interfaces/robot_interfaces/msg/robot_state.hpp
[4.952s] -- Installing: /home/fhs/ros2_ws/install/robot_interfaces/include/robot_interfaces/robot_interfaces/msg/target.hpp
[4.952s] -- Up-to-date: /home/fhs/ros2_ws/install/robot_interfaces/include/robot_interfaces/robot_interfaces/msg/rosidl_generator_cpp__visibility_control.hpp
[4.952s] -- Up-to-date: /home/fhs/ros2_ws/install/robot_interfaces/include/robot_interfaces/robot_interfaces/srv
[4.952s] -- Up-to-date: /home/fhs/ros2_ws/install/robot_interfaces/include/robot_interfaces/robot_interfaces/srv/detail
[4.952s] -- Installing: /home/fhs/ros2_ws/install/robot_interfaces/include/robot_interfaces/robot_interfaces/srv/detail/set_mode__type_support.hpp
[4.952s] -- Installing: /home/fhs/ros2_ws/install/robot_interfaces/include/robot_interfaces/robot_interfaces/srv/detail/set_mode__traits.hpp
[4.953s] -- Installing: /home/fhs/ros2_ws/install/robot_interfaces/include/robot_interfaces/robot_interfaces/srv/detail/set_mode__struct.hpp
[4.953s] -- Installing: /home/fhs/ros2_ws/install/robot_interfaces/include/robot_interfaces/robot_interfaces/srv/detail/set_mode__builder.hpp
[4.953s] -- Installing: /home/fhs/ros2_ws/install/robot_interfaces/include/robot_interfaces/robot_interfaces/srv/set_mode.hpp
[4.953s] -- Up-to-date: /home/fhs/ros2_ws/install/robot_interfaces/include/robot_interfaces/robot_interfaces/action
[4.953s] -- Up-to-date: /home/fhs/ros2_ws/install/robot_interfaces/include/robot_interfaces/robot_interfaces/action/detail
[4.953s] -- Installing: /home/fhs/ros2_ws/install/robot_interfaces/include/robot_interfaces/robot_interfaces/action/detail/collect__builder.hpp
[4.953s] -- Installing: /home/fhs/ros2_ws/install/robot_interfaces/include/robot_interfaces/robot_interfaces/action/detail/collect__type_support.hpp
[4.953s] -- Installing: /home/fhs/ros2_ws/install/robot_interfaces/include/robot_interfaces/robot_interfaces/action/detail/collect__traits.hpp
[4.953s] -- Installing: /home/fhs/ros2_ws/install/robot_interfaces/include/robot_interfaces/robot_interfaces/action/detail/collect__struct.hpp
[4.954s] -- Installing: /home/fhs/ros2_ws/install/robot_interfaces/include/robot_interfaces/robot_interfaces/action/collect.hpp
[4.954s] -- Up-to-date: /home/fhs/ros2_ws/install/robot_interfaces/include/robot_interfaces/robot_interfaces
[4.954s] -- Up-to-date: /home/fhs/ros2_ws/install/robot_interfaces/include/robot_interfaces/robot_interfaces/msg
[4.954s] -- Up-to-date: /home/fhs/ros2_ws/install/robot_interfaces/include/robot_interfaces/robot_interfaces/msg/detail
[4.954s] -- Installing: /home/fhs/ros2_ws/install/robot_interfaces/include/robot_interfaces/robot_interfaces/msg/detail/control__rosidl_typesupport_fastrtps_cpp.hpp
[4.954s] -- Installing: /home/fhs/ros2_ws/install/robot_interfaces/include/robot_interfaces/robot_interfaces/msg/detail/robot_state__rosidl_typesupport_fastrtps_cpp.hpp
[4.954s] -- Up-to-date: /home/fhs/ros2_ws/install/robot_interfaces/include/robot_interfaces/robot_interfaces/msg/detail/dds_fastrtps
[4.954s] -- Installing: /home/fhs/ros2_ws/install/robot_interfaces/include/robot_interfaces/robot_interfaces/msg/detail/target__rosidl_typesupport_fastrtps_cpp.hpp
[4.954s] -- Up-to-date: /home/fhs/ros2_ws/install/robot_interfaces/include/robot_interfaces/robot_interfaces/msg/rosidl_typesupport_fastrtps_cpp__visibility_control.h
[4.954s] -- Up-to-date: /home/fhs/ros2_ws/install/robot_interfaces/include/robot_interfaces/robot_interfaces/srv
[4.955s] -- Up-to-date: /home/fhs/ros2_ws/install/robot_interfaces/include/robot_interfaces/robot_interfaces/srv/detail
[4.955s] -- Up-to-date: /home/fhs/ros2_ws/install/robot_interfaces/include/robot_interfaces/robot_interfaces/srv/detail/dds_fastrtps
[4.955s] -- Installing: /home/fhs/ros2_ws/install/robot_interfaces/include/robot_interfaces/robot_interfaces/srv/detail/set_mode__rosidl_typesupport_fastrtps_cpp.hpp
[4.955s] -- Up-to-date: /home/fhs/ros2_ws/install/robot_interfaces/include/robot_interfaces/robot_interfaces/action
[4.955s] -- Up-to-date: /home/fhs/ros2_ws/install/robot_interfaces/include/robot_interfaces/robot_interfaces/action/detail
[4.955s] -- Installing: /home/fhs/ros2_ws/install/robot_interfaces/include/robot_interfaces/robot_interfaces/action/detail/collect__rosidl_typesupport_fastrtps_cpp.hpp
[4.955s] -- Installing: /home/fhs/ros2_ws/install/robot_interfaces/include/robot_interfaces/robot_interfaces/action/detail/dds_fastrtps
[4.955s] -- Installing: /home/fhs/ros2_ws/install/robot_interfaces/lib/librobot_interfaces__rosidl_typesupport_fastrtps_cpp.so
[4.955s] -- Set runtime path of "/home/fhs/ros2_ws/install/robot_interfaces/lib/librobot_interfaces__rosidl_typesupport_fastrtps_cpp.so" to ""
[4.956s] -- Up-to-date: /home/fhs/ros2_ws/install/robot_interfaces/include/robot_interfaces/robot_interfaces
[4.956s] -- Up-to-date: /home/fhs/ros2_ws/install/robot_interfaces/include/robot_interfaces/robot_interfaces/msg
[4.956s] -- Up-to-date: /home/fhs/ros2_ws/install/robot_interfaces/include/robot_interfaces/robot_interfaces/msg/detail
[4.956s] -- Installing: /home/fhs/ros2_ws/install/robot_interfaces/include/robot_interfaces/robot_interfaces/msg/detail/robot_state__rosidl_typesupport_introspection_cpp.hpp
[4.956s] -- Installing: /home/fhs/ros2_ws/install/robot_interfaces/include/robot_interfaces/robot_interfaces/msg/detail/target__type_support.cpp
[4.956s] -- Installing: /home/fhs/ros2_ws/install/robot_interfaces/include/robot_interfaces/robot_interfaces/msg/detail/control__rosidl_typesupport_introspection_cpp.hpp
[4.956s] -- Installing: /home/fhs/ros2_ws/install/robot_interfaces/include/robot_interfaces/robot_interfaces/msg/detail/control__type_support.cpp
[4.956s] -- Installing: /home/fhs/ros2_ws/install/robot_interfaces/include/robot_interfaces/robot_interfaces/msg/detail/target__rosidl_typesupport_introspection_cpp.hpp
[4.956s] -- Installing: /home/fhs/ros2_ws/install/robot_interfaces/include/robot_interfaces/robot_interfaces/msg/detail/robot_state__type_support.cpp
[4.956s] -- Up-to-date: /home/fhs/ros2_ws/install/robot_interfaces/include/robot_interfaces/robot_interfaces/srv
[4.957s] -- Up-to-date: /home/fhs/ros2_ws/install/robot_interfaces/include/robot_interfaces/robot_interfaces/srv/detail
[4.957s] -- Installing: /home/fhs/ros2_ws/install/robot_interfaces/include/robot_interfaces/robot_interfaces/srv/detail/set_mode__rosidl_typesupport_introspection_cpp.hpp
[4.957s] -- Installing: /home/fhs/ros2_ws/install/robot_interfaces/include/robot_interfaces/robot_interfaces/srv/detail/set_mode__type_support.cpp
[4.957s] -- Up-to-date: /home/fhs/ros2_ws/install/robot_interfaces/include/robot_interfaces/robot_interfaces/action
[4.957s] -- Up-to-date: /home/fhs/ros2_ws/install/robot_interfaces/include/robot_interfaces/robot_interfaces/action/detail
[4.957s] -- Installing: /home/fhs/ros2_ws/install/robot_interfaces/include/robot_interfaces/robot_interfaces/action/detail/collect__rosidl_typesupport_introspection_cpp.hpp
[4.957s] -- Installing: /home/fhs/ros2_ws/install/robot_interfaces/include/robot_interfaces/robot_interfaces/action/detail/collect__type_support.cpp
[4.957s] -- Installing: /home/fhs/ros2_ws/install/robot_interfaces/lib/librobot_interfaces__rosidl_typesupport_introspection_cpp.so
[4.957s] -- Set runtime path of "/home/fhs/ros2_ws/install/robot_interfaces/lib/librobot_interfaces__rosidl_typesupport_introspection_cpp.so" to ""
[4.957s] -- Installing: /home/fhs/ros2_ws/install/robot_interfaces/lib/librobot_interfaces__rosidl_typesupport_cpp.so
[4.958s] -- Set runtime path of "/home/fhs/ros2_ws/install/robot_interfaces/lib/librobot_interfaces__rosidl_typesupport_cpp.so" to ""
[4.958s] -- Up-to-date: /home/fhs/ros2_ws/install/robot_interfaces/share/robot_interfaces/environment/pythonpath.sh
[4.958s] -- Installing: /home/fhs/ros2_ws/install/robot_interfaces/share/robot_interfaces/environment/pythonpath.dsv
[4.958s] -- Up-to-date: /home/fhs/ros2_ws/install/robot_interfaces/lib/python3.12/site-packages/robot_interfaces-0.0.0-py3.12.egg-info
[4.958s] -- Installing: /home/fhs/ros2_ws/install/robot_interfaces/lib/python3.12/site-packages/robot_interfaces-0.0.0-py3.12.egg-info/SOURCES.txt
[4.958s] -- Installing: /home/fhs/ros2_ws/install/robot_interfaces/lib/python3.12/site-packages/robot_interfaces-0.0.0-py3.12.egg-info/dependency_links.txt
[4.958s] -- Installing: /home/fhs/ros2_ws/install/robot_interfaces/lib/python3.12/site-packages/robot_interfaces-0.0.0-py3.12.egg-info/PKG-INFO
[4.958s] -- Installing: /home/fhs/ros2_ws/install/robot_interfaces/lib/python3.12/site-packages/robot_interfaces-0.0.0-py3.12.egg-info/top_level.txt
[4.958s] -- Up-to-date: /home/fhs/ros2_ws/install/robot_interfaces/lib/python3.12/site-packages/robot_interfaces
[4.959s] -- Installing: /home/fhs/ros2_ws/install/robot_interfaces/lib/python3.12/site-packages/robot_interfaces/_robot_interfaces_s.ep.rosidl_typesupport_fastrtps_c.c
[4.959s] -- Installing: /home/fhs/ros2_ws/install/robot_interfaces/lib/python3.12/site-packages/robot_interfaces/robot_interfaces_s__rosidl_typesupport_c.cpython-312-x86_64-linux-gnu.so
[4.959s] -- Installing: /home/fhs/ros2_ws/install/robot_interfaces/lib/python3.12/site-packages/robot_interfaces/robot_interfaces_s__rosidl_typesupport_introspection_c.cpython-312-x86_64-linux-gnu.so
[4.959s] -- Installing: /home/fhs/ros2_ws/install/robot_interfaces/lib/python3.12/site-packages/robot_interfaces/_robot_interfaces_s.ep.rosidl_typesupport_introspection_c.c
[4.959s] -- Up-to-date: /home/fhs/ros2_ws/install/robot_interfaces/lib/python3.12/site-packages/robot_interfaces/msg
[4.959s] -- Installing: /home/fhs/ros2_ws/install/robot_interfaces/lib/python3.12/site-packages/robot_interfaces/msg/_control.py
[4.959s] -- Installing: /home/fhs/ros2_ws/install/robot_interfaces/lib/python3.12/site-packages/robot_interfaces/msg/_robot_state_s.c
[4.959s] -- Installing: /home/fhs/ros2_ws/install/robot_interfaces/lib/python3.12/site-packages/robot_interfaces/msg/_target_s.c
[4.959s] -- Installing: /home/fhs/ros2_ws/install/robot_interfaces/lib/python3.12/site-packages/robot_interfaces/msg/_robot_state.py
[4.959s] -- Installing: /home/fhs/ros2_ws/install/robot_interfaces/lib/python3.12/site-packages/robot_interfaces/msg/_target.py
[4.960s] -- Installing: /home/fhs/ros2_ws/install/robot_interfaces/lib/python3.12/site-packages/robot_interfaces/msg/__init__.py
[4.960s] -- Installing: /home/fhs/ros2_ws/install/robot_interfaces/lib/python3.12/site-packages/robot_interfaces/msg/_control_s.c
[4.960s] -- Installing: /home/fhs/ros2_ws/install/robot_interfaces/lib/python3.12/site-packages/robot_interfaces/librobot_interfaces__rosidl_generator_py.so
[4.960s] -- Installing: /home/fhs/ros2_ws/install/robot_interfaces/lib/python3.12/site-packages/robot_interfaces/robot_interfaces_s__rosidl_typesupport_fastrtps_c.cpython-312-x86_64-linux-gnu.so
[4.960s] -- Installing: /home/fhs/ros2_ws/install/robot_interfaces/lib/python3.12/site-packages/robot_interfaces/__init__.py
[4.960s] -- Installing: /home/fhs/ros2_ws/install/robot_interfaces/lib/python3.12/site-packages/robot_interfaces/_robot_interfaces_s.ep.rosidl_typesupport_c.c
[4.960s] -- Up-to-date: /home/fhs/ros2_ws/install/robot_interfaces/lib/python3.12/site-packages/robot_interfaces/srv
[4.960s] -- Installing: /home/fhs/ros2_ws/install/robot_interfaces/lib/python3.12/site-packages/robot_interfaces/srv/_set_mode_s.c
[4.960s] -- Installing: /home/fhs/ros2_ws/install/robot_interfaces/lib/python3.12/site-packages/robot_interfaces/srv/_set_mode.py
[4.960s] -- Installing: /home/fhs/ros2_ws/install/robot_interfaces/lib/python3.12/site-packages/robot_interfaces/srv/__init__.py
[4.961s] -- Installing: /home/fhs/ros2_ws/install/robot_interfaces/lib/python3.12/site-packages/robot_interfaces/action
[4.961s] -- Installing: /home/fhs/ros2_ws/install/robot_interfaces/lib/python3.12/site-packages/robot_interfaces/action/_collect_s.c
[4.961s] -- Installing: /home/fhs/ros2_ws/install/robot_interfaces/lib/python3.12/site-packages/robot_interfaces/action/_collect.py
[4.961s] -- Installing: /home/fhs/ros2_ws/install/robot_interfaces/lib/python3.12/site-packages/robot_interfaces/action/__init__.py
[5.009s] Listing '/home/fhs/ros2_ws/install/robot_interfaces/lib/python3.12/site-packages/robot_interfaces'...
[5.009s] Compiling '/home/fhs/ros2_ws/install/robot_interfaces/lib/python3.12/site-packages/robot_interfaces/__init__.py'...
[5.009s] Listing '/home/fhs/ros2_ws/install/robot_interfaces/lib/python3.12/site-packages/robot_interfaces/action'...
[5.009s] Compiling '/home/fhs/ros2_ws/install/robot_interfaces/lib/python3.12/site-packages/robot_interfaces/action/__init__.py'...
[5.009s] Compiling '/home/fhs/ros2_ws/install/robot_interfaces/lib/python3.12/site-packages/robot_interfaces/action/_collect.py'...
[5.010s] Listing '/home/fhs/ros2_ws/install/robot_interfaces/lib/python3.12/site-packages/robot_interfaces/msg'...
[5.010s] Compiling '/home/fhs/ros2_ws/install/robot_interfaces/lib/python3.12/site-packages/robot_interfaces/msg/__init__.py'...
[5.010s] Compiling '/home/fhs/ros2_ws/install/robot_interfaces/lib/python3.12/site-packages/robot_interfaces/msg/_control.py'...
[5.010s] Compiling '/home/fhs/ros2_ws/install/robot_interfaces/lib/python3.12/site-packages/robot_interfaces/msg/_robot_state.py'...
[5.010s] Compiling '/home/fhs/ros2_ws/install/robot_interfaces/lib/python3.12/site-packages/robot_interfaces/msg/_target.py'...
[5.010s] Listing '/home/fhs/ros2_ws/install/robot_interfaces/lib/python3.12/site-packages/robot_interfaces/srv'...
[5.010s] Compiling '/home/fhs/ros2_ws/install/robot_interfaces/lib/python3.12/site-packages/robot_interfaces/srv/__init__.py'...
[5.010s] Compiling '/home/fhs/ros2_ws/install/robot_interfaces/lib/python3.12/site-packages/robot_interfaces/srv/_set_mode.py'...
[5.014s] -- Installing: /home/fhs/ros2_ws/install/robot_interfaces/lib/python3.12/site-packages/robot_interfaces/robot_interfaces_s__rosidl_typesupport_fastrtps_c.cpython-312-x86_64-linux-gnu.so
[5.014s] -- Set runtime path of "/home/fhs/ros2_ws/install/robot_interfaces/lib/python3.12/site-packages/robot_interfaces/robot_interfaces_s__rosidl_typesupport_fastrtps_c.cpython-312-x86_64-linux-gnu.so" to ""
[5.014s] -- Installing: /home/fhs/ros2_ws/install/robot_interfaces/lib/python3.12/site-packages/robot_interfaces/robot_interfaces_s__rosidl_typesupport_introspection_c.cpython-312-x86_64-linux-gnu.so
[5.015s] -- Set runtime path of "/home/fhs/ros2_ws/install/robot_interfaces/lib/python3.12/site-packages/robot_interfaces/robot_interfaces_s__rosidl_typesupport_introspection_c.cpython-312-x86_64-linux-gnu.so" to ""
[5.015s] -- Installing: /home/fhs/ros2_ws/install/robot_interfaces/lib/python3.12/site-packages/robot_interfaces/robot_interfaces_s__rosidl_typesupport_c.cpython-312-x86_64-linux-gnu.so
[5.015s] -- Set runtime path of "/home/fhs/ros2_ws/install/robot_interfaces/lib/python3.12/site-packages/robot_interfaces/robot_interfaces_s__rosidl_typesupport_c.cpython-312-x86_64-linux-gnu.so" to ""
[5.015s] -- Installing: /home/fhs/ros2_ws/install/robot_interfaces/lib/librobot_interfaces__rosidl_generator_py.so
[5.015s] -- Set runtime path of "/home/fhs/ros2_ws/install/robot_interfaces/lib/librobot_interfaces__rosidl_generator_py.so" to ""
[5.015s] -- Up-to-date: /home/fhs/ros2_ws/install/robot_interfaces/share/robot_interfaces/msg/Target.idl
[5.015s] -- Up-to-date: /home/fhs/ros2_ws/install/robot_interfaces/share/robot_interfaces/msg/Control.idl
[5.016s] -- Up-to-date: /home/fhs/ros2_ws/install/robot_interfaces/share/robot_interfaces/msg/RobotState.idl
[5.016s] -- Up-to-date: /home/fhs/ros2_ws/install/robot_interfaces/share/robot_interfaces/srv/SetMode.idl
[5.016s] -- Installing: /home/fhs/ros2_ws/install/robot_interfaces/share/robot_interfaces/action/Collect.idl
[5.016s] -- Up-to-date: /home/fhs/ros2_ws/install/robot_interfaces/share/robot_interfaces/msg/Target.msg
[5.016s] -- Up-to-date: /home/fhs/ros2_ws/install/robot_interfaces/share/robot_interfaces/msg/Control.msg
[5.016s] -- Up-to-date: /home/fhs/ros2_ws/install/robot_interfaces/share/robot_interfaces/msg/RobotState.msg
[5.016s] -- Up-to-date: /home/fhs/ros2_ws/install/robot_interfaces/share/robot_interfaces/srv/SetMode.srv
[5.016s] -- Up-to-date: /home/fhs/ros2_ws/install/robot_interfaces/share/robot_interfaces/srv/SetMode_Request.msg
[5.016s] -- Up-to-date: /home/fhs/ros2_ws/install/robot_interfaces/share/robot_interfaces/srv/SetMode_Response.msg
[5.016s] -- Installing: /home/fhs/ros2_ws/install/robot_interfaces/share/robot_interfaces/action/Collect.action
[5.016s] -- Up-to-date: /home/fhs/ros2_ws/install/robot_interfaces/share/ament_index/resource_index/package_run_dependencies/robot_interfaces
[5.016s] -- Installing: /home/fhs/ros2_ws/install/robot_interfaces/share/ament_index/resource_index/parent_prefix_path/robot_interfaces
[5.016s] -- Up-to-date: /home/fhs/ros2_ws/install/robot_interfaces/share/robot_interfaces/environment/ament_prefix_path.sh
[5.016s] -- Installing: /home/fhs/ros2_ws/install/robot_interfaces/share/robot_interfaces/environment/ament_prefix_path.dsv
[5.016s] -- Up-to-date: /home/fhs/ros2_ws/install/robot_interfaces/share/robot_interfaces/environment/path.sh
[5.016s] -- Installing: /home/fhs/ros2_ws/install/robot_interfaces/share/robot_interfaces/environment/path.dsv
[5.016s] -- Up-to-date: /home/fhs/ros2_ws/install/robot_interfaces/share/robot_interfaces/local_setup.bash
[5.016s] -- Up-to-date: /home/fhs/ros2_ws/install/robot_interfaces/share/robot_interfaces/local_setup.sh
[5.017s] -- Up-to-date: /home/fhs/ros2_ws/install/robot_interfaces/share/robot_interfaces/local_setup.zsh
[5.017s] -- Installing: /home/fhs/ros2_ws/install/robot_interfaces/share/robot_interfaces/local_setup.dsv
[5.017s] -- Installing: /home/fhs/ros2_ws/install/robot_interfaces/share/robot_interfaces/package.dsv
[5.017s] -- Up-to-date: /home/fhs/ros2_ws/install/robot_interfaces/share/ament_index/resource_index/packages/robot_interfaces
[5.017s] -- Old export file "/home/fhs/ros2_ws/install/robot_interfaces/share/robot_interfaces/cmake/export_robot_interfaces__rosidl_generator_cExport.cmake" will be replaced.  Removing files [/home/fhs/ros2_ws/install/robot_interfaces/share/robot_interfaces/cmake/export_robot_interfaces__rosidl_generator_cExport-noconfig.cmake].
[5.017s] -- Installing: /home/fhs/ros2_ws/install/robot_interfaces/share/robot_interfaces/cmake/export_robot_interfaces__rosidl_generator_cExport.cmake
[5.017s] -- Installing: /home/fhs/ros2_ws/install/robot_interfaces/share/robot_interfaces/cmake/export_robot_interfaces__rosidl_generator_cExport-noconfig.cmake
[5.017s] -- Old export file "/home/fhs/ros2_ws/install/robot_interfaces/share/robot_interfaces/cmake/export_robot_interfaces__rosidl_typesupport_fastrtps_cExport.cmake" will be replaced.  Removing files [/home/fhs/ros2_ws/install/robot_interfaces/share/robot_interfaces/cmake/export_robot_interfaces__rosidl_typesupport_fastrtps_cExport-noconfig.cmake].
[5.017s] -- Installing: /home/fhs/ros2_ws/install/robot_interfaces/share/robot_interfaces/cmake/export_robot_interfaces__rosidl_typesupport_fastrtps_cExport.cmake
[5.017s] -- Installing: /home/fhs/ros2_ws/install/robot_interfaces/share/robot_interfaces/cmake/export_robot_interfaces__rosidl_typesupport_fastrtps_cExport-noconfig.cmake
[5.017s] -- Old export file "/home/fhs/ros2_ws/install/robot_interfaces/share/robot_interfaces/cmake/robot_interfaces__rosidl_typesupport_introspection_cExport.cmake" will be replaced.  Removing files [/home/fhs/ros2_ws/install/robot_interfaces/share/robot_interfaces/cmake/robot_interfaces__rosidl_typesupport_introspection_cExport-noconfig.cmake].
[5.017s] -- Installing: /home/fhs/ros2_ws/install/robot_interfaces/share/robot_interfaces/cmake/robot_interfaces__rosidl_typesupport_introspection_cExport.cmake
[5.017s] -- Installing: /home/fhs/ros2_ws/install/robot_interfaces/share/robot_interfaces/cmake/robot_interfaces__rosidl_typesupport_introspection_cExport-noconfig.cmake
[5.017s] -- Old export file "/home/fhs/ros2_ws/install/robot_interfaces/share/robot_interfaces/cmake/robot_interfaces__rosidl_typesupport_cExport.cmake" will be replaced.  Removing files [/home/fhs/ros2_ws/install/robot_interfaces/share/robot_interfaces/cmake/robot_interfaces__rosidl_typesupport_cExport-noconfig.cmake].
[5.017s] -- Installing: /home/fhs/ros2_ws/install/robot_interfaces/share/robot_interfaces/cmake/robot_interfaces__rosidl_typesupport_cExport.cmake
[5.017s] -- Installing: /home/fhs/ros2_ws/install/robot_interfaces/share/robot_interfaces/cmake/robot_interfaces__rosidl_typesupport_cExport-noconfig.cmake
[5.018s] -- Installing: /home/fhs/ros2_ws/install/robot_interfaces/share/robot_interfaces/cmake/export_robot_interfaces__rosidl_generator_cppExport.cmake
[5.018s] -- Old export file "/home/fhs/ros2_ws/install/robot_interfaces/share/robot_interfaces/cmake/export_robot_interfaces__rosidl_typesupport_fastrtps_cppExport.cmake" will be replaced.  Removing files [/home/fhs/ros2_ws/install/robot_interfaces/share/robot_interfaces/cmake/export_robot_interfaces__rosidl_typesupport_fastrtps_cppExport-noconfig.cmake].
[5.018s] -- Installing: /home/fhs/ros2_ws/install/robot_interfaces/share/robot_interfaces/cmake/export_robot_interfaces__rosidl_typesupport_fastrtps_cppExport.cmake
[5.018s] -- Installing: /home/fhs/ros2_ws/install/robot_interfaces/share/robot_interfaces/cmake/export_robot_interfaces__rosidl_typesupport_fastrtps_cppExport-noconfig.cmake
[5.018s] -- Old export file "/home/fhs/ros2_ws/install/robot_interfaces/share/robot_interfaces/cmake/robot_interfaces__rosidl_typesupport_introspection_cppExport.cmake" will be replaced.  Removing files [/home/fhs/ros2_ws/install/robot_interfaces/share/robot_interfaces/cmake/robot_interfaces__rosidl_typesupport_introspection_cppExport-noconfig.cmake].
[5.018s] -- Installing: /home/fhs/ros2_ws/install/robot_interfaces/share/robot_interfaces/cmake/robot_interfaces__rosidl_typesupport_introspection_cppExport.cmake
[5.018s] -- Installing: /home/fhs/ros2_ws/install/robot_interfaces/share/robot_interfaces/cmake/robot_interfaces__rosidl_typesupport_introspection_cppExport-noconfig.cmake
[5.018s] -- Old export file "/home/fhs/ros2_ws/install/robot_interfaces/share/robot_interfaces/cmake/robot_interfaces__rosidl_typesupport_cppExport.cmake" will be replaced.  Removing files [/home/fhs/ros2_ws/install/robot_interfaces/share/robot_interfaces/cmake/robot_interfaces__rosidl_typesupport_cppExport-noconfig.cmake].
[5.018s] -- Installing: /home/fhs/ros2_ws/install/robot_interfaces/share/robot_interfaces/cmake/robot_interfaces__rosidl_typesupport_cppExport.cmake
[5.018s] -- Installing: /home/fhs/ros2_ws/install/robot_interfaces/share/robot_interfaces/cmake/robot_interfaces__rosidl_typesupport_cppExport-noconfig.cmake
[5.018s] -- Old export file "/home/fhs/ros2_ws/install/robot_interfaces/share/robot_interfaces/cmake/export_robot_interfaces__rosidl_generator_pyExport.cmake" will be replaced.  Removing files [/home/fhs/ros2_ws/install/robot_interfaces/share/robot_interfaces/cmake/export_robot_interfaces__rosidl_generator_pyExport-noconfig.cmake].
[5.018s] -- Installing: /home/fhs/ros2_ws/install/robot_interfaces/share/robot_interfaces/cmake/export_robot_interfaces__rosidl_generator_pyExport.cmake
[5.019s] -- Installing: /home/fhs/ros2_ws/install/robot_interfaces/share/robot_interfaces/cmake/export_robot_interfaces__rosidl_generator_pyExport-noconfig.cmake
[5.019s] -- Installing: /home/fhs/ros2_ws/install/robot_interfaces/share/robot_interfaces/cmake/rosidl_cmake-extras.cmake
[5.019s] -- Installing: /home/fhs/ros2_ws/install/robot_interfaces/share/robot_interfaces/cmake/ament_cmake_export_dependencies-extras.cmake
[5.019s] -- Up-to-date: /home/fhs/ros2_ws/install/robot_interfaces/share/robot_interfaces/cmake/ament_cmake_export_include_directories-extras.cmake
[5.019s] -- Up-to-date: /home/fhs/ros2_ws/install/robot_interfaces/share/robot_interfaces/cmake/ament_cmake_export_libraries-extras.cmake
[5.019s] -- Up-to-date: /home/fhs/ros2_ws/install/robot_interfaces/share/robot_interfaces/cmake/ament_cmake_export_targets-extras.cmake
[5.019s] -- Up-to-date: /home/fhs/ros2_ws/install/robot_interfaces/share/robot_interfaces/cmake/rosidl_cmake_export_typesupport_targets-extras.cmake
[5.019s] -- Up-to-date: /home/fhs/ros2_ws/install/robot_interfaces/share/robot_interfaces/cmake/rosidl_cmake_export_typesupport_libraries-extras.cmake
[5.019s] -- Up-to-date: /home/fhs/ros2_ws/install/robot_interfaces/share/robot_interfaces/cmake/robot_interfacesConfig.cmake
[5.019s] -- Up-to-date: /home/fhs/ros2_ws/install/robot_interfaces/share/robot_interfaces/cmake/robot_interfacesConfig-version.cmake
[5.019s] -- Up-to-date: /home/fhs/ros2_ws/install/robot_interfaces/share/robot_interfaces/package.xml
[5.021s] Invoked command in '/home/fhs/ros2_ws/build/robot_interfaces' returned '0': CMAKE_PREFIX_PATH=${CMAKE_PREFIX_PATH}:/home/fhs/ros2_ws/install/robot_tracker:/home/fhs/ros2_ws/install/robot_sensor:/home/fhs/ros2_ws/install/robot_controller:/home/fhs/ros2_ws/install/robot_bringup:/opt/ros/humble CONDA_PROMPT_MODIFIER=(base) /usr/bin/cmake --install /home/fhs/ros2_ws/build/robot_interfaces
