[0.999s] Invoking command in '/home/fhs/ros2_ws/src/robot_tracker': PYTHONPATH=/home/fhs/ros2_ws/build/robot_tracker/prefix_override:/usr/lib/python3/dist-packages/colcon_core/task/python/colcon_distutils_commands:/home/fhs/ros2_ws/install/robot_tracker/lib/python3.10/site-packages:${PYTHONPATH} /usr/bin/python3 -W ignore:setup.py install is deprecated -W ignore:easy_install command is deprecated setup.py egg_info --egg-base ../../build/robot_tracker build --build-base /home/fhs/ros2_ws/build/robot_tracker/build install --record /home/fhs/ros2_ws/build/robot_tracker/install.log --single-version-externally-managed install_data
[1.245s] running egg_info
[1.247s] writing ../../build/robot_tracker/robot_tracker.egg-info/PKG-INFO
[1.247s] writing dependency_links to ../../build/robot_tracker/robot_tracker.egg-info/dependency_links.txt
[1.248s] writing entry points to ../../build/robot_tracker/robot_tracker.egg-info/entry_points.txt
[1.248s] writing requirements to ../../build/robot_tracker/robot_tracker.egg-info/requires.txt
[1.248s] writing top-level names to ../../build/robot_tracker/robot_tracker.egg-info/top_level.txt
[1.249s] reading manifest file '../../build/robot_tracker/robot_tracker.egg-info/SOURCES.txt'
[1.249s] writing manifest file '../../build/robot_tracker/robot_tracker.egg-info/SOURCES.txt'
[1.249s] running build
[1.250s] running build_py
[1.250s] running install
[1.250s] running install_lib
[1.251s] running install_data
[1.251s] running install_egg_info
[1.253s] removing '/home/fhs/ros2_ws/install/robot_tracker/lib/python3.10/site-packages/robot_tracker-0.0.0-py3.10.egg-info' (and everything under it)
[1.254s] Copying ../../build/robot_tracker/robot_tracker.egg-info to /home/fhs/ros2_ws/install/robot_tracker/lib/python3.10/site-packages/robot_tracker-0.0.0-py3.10.egg-info
[1.254s] running install_scripts
[1.278s] Installing robot_tracker_node script to /home/fhs/ros2_ws/install/robot_tracker/lib/robot_tracker
[1.278s] writing list of installed files to '/home/fhs/ros2_ws/build/robot_tracker/install.log'
[1.305s] Invoked command in '/home/fhs/ros2_ws/src/robot_tracker' returned '0': PYTHONPATH=/home/fhs/ros2_ws/build/robot_tracker/prefix_override:/usr/lib/python3/dist-packages/colcon_core/task/python/colcon_distutils_commands:/home/fhs/ros2_ws/install/robot_tracker/lib/python3.10/site-packages:${PYTHONPATH} /usr/bin/python3 -W ignore:setup.py install is deprecated -W ignore:easy_install command is deprecated setup.py egg_info --egg-base ../../build/robot_tracker build --build-base /home/fhs/ros2_ws/build/robot_tracker/build install --record /home/fhs/ros2_ws/build/robot_tracker/install.log --single-version-externally-managed install_data
