[0.014s] Invoking command in '/home/fhs/ros2_ws/build/robot_controller': CMAKE_PREFIX_PATH=/home/fhs/ros2_ws/install/robot_interfaces:/home/fhs/ros2_ws/install/robot_solver:/home/fhs/ros2_ws/install/robot_controller:/home/fhs/ros2_ws/install/robot_controller_cpp:/home/fhs/ros2_ws/install/robot_tracker:/home/fhs/ros2_ws/install/robot_sensor:/home/fhs/ros2_ws/install/robot_bringup:/opt/ros/humble CONDA_PROMPT_MODIFIER=(base) LD_LIBRARY_PATH=/home/fhs/ros2_ws/install/robot_interfaces/lib:/home/fhs/ros2_ws/install/robot_solver/lib:/opt/intel/openvino_2024.6.0/runtime/3rdparty/tbb/lib:/opt/intel/openvino_2024.6.0/runtime/lib/intel64:/opt/intel/openvino_2024.6.0/runtime/3rdparty/tbb/lib:/opt/intel/openvino_2024.6.0/runtime/lib/intel64:/opt/ros/humble/opt/rviz_ogre_vendor/lib:/opt/ros/humble/lib/x86_64-linux-gnu:/opt/ros/humble/lib:/usr/local/cuda-12.6/lib64:/usr/local/cuda-12.6/lib64:/opt/intel/openvino_2024.6.0/runtime/3rdparty/tbb/lib:/opt/intel/openvino_2024.6.0/runtime/lib/intel64:/opt/ros/humble/opt/rviz_ogre_vendor/lib:/opt/ros/humble/lib/x86_64-linux-gnu:/opt/ros/humble/lib:/usr/local/cuda-12.6/lib64 /usr/bin/cmake --build /home/fhs/ros2_ws/build/robot_controller -- -j20 -l20
[0.062s] -- Found rclcpp: 16.0.15 (/opt/ros/humble/share/rclcpp/cmake)
[0.312s] -- Found rosidl_generator_c: 3.1.7 (/opt/ros/humble/share/rosidl_generator_c/cmake)
[0.318s] -- Found rosidl_adapter: 3.1.7 (/opt/ros/humble/share/rosidl_adapter/cmake)
[0.332s] -- Found rosidl_generator_cpp: 3.1.7 (/opt/ros/humble/share/rosidl_generator_cpp/cmake)
[0.354s] -- Using all available rosidl_typesupport_c: rosidl_typesupport_fastrtps_c;rosidl_typesupport_introspection_c
[0.382s] -- Using all available rosidl_typesupport_cpp: rosidl_typesupport_fastrtps_cpp;rosidl_typesupport_introspection_cpp
[0.448s] -- Found rmw_implementation_cmake: 6.1.2 (/opt/ros/humble/share/rmw_implementation_cmake/cmake)
[0.450s] -- Found rmw_fastrtps_cpp: 6.2.9 (/opt/ros/humble/share/rmw_fastrtps_cpp/cmake)
[0.599s] -- Using RMW implementation 'rmw_fastrtps_cpp' as default
[0.666s] -- Found robot_interfaces: 0.0.0 (/home/fhs/ros2_ws/install/robot_interfaces/share/robot_interfaces/cmake)
[0.728s] -- Found tf2_ros: 0.25.16 (/opt/ros/humble/share/tf2_ros/cmake)
[0.804s] -- Found ament_lint_auto: 0.12.14 (/opt/ros/humble/share/ament_lint_auto/cmake)
[0.928s] -- Added test 'cppcheck' to perform static code analysis on C / C++ code
[0.928s] -- Configured cppcheck include dirs: $<BUILD_INTERFACE:/home/fhs/ros2_ws/src/robot_controller/include>
[0.928s] -- Configured cppcheck exclude dirs and/or files: 
[0.928s] -- Added test 'flake8' to check Python code syntax and style conventions
[0.929s] -- Added test 'lint_cmake' to check CMake code style
[0.930s] -- Added test 'pep257' to check Python code against some of the docstring style conventions in PEP 257
[0.930s] -- Added test 'uncrustify' to check C / C++ code style
[0.931s] -- Configured uncrustify additional arguments: 
[0.931s] -- Added test 'xmllint' to check XML markup files
[0.932s] -- Configuring done
[0.944s] -- Generating done
[0.948s] -- Build files have been written to: /home/fhs/ros2_ws/build/robot_controller
[0.975s] [35m[1mConsolidate compiler generated dependencies of target robot_controller_node[0m
[0.999s] [100%] Built target robot_controller_node
[1.014s] Invoked command in '/home/fhs/ros2_ws/build/robot_controller' returned '0': CMAKE_PREFIX_PATH=/home/fhs/ros2_ws/install/robot_interfaces:/home/fhs/ros2_ws/install/robot_solver:/home/fhs/ros2_ws/install/robot_controller:/home/fhs/ros2_ws/install/robot_controller_cpp:/home/fhs/ros2_ws/install/robot_tracker:/home/fhs/ros2_ws/install/robot_sensor:/home/fhs/ros2_ws/install/robot_bringup:/opt/ros/humble CONDA_PROMPT_MODIFIER=(base) LD_LIBRARY_PATH=/home/fhs/ros2_ws/install/robot_interfaces/lib:/home/fhs/ros2_ws/install/robot_solver/lib:/opt/intel/openvino_2024.6.0/runtime/3rdparty/tbb/lib:/opt/intel/openvino_2024.6.0/runtime/lib/intel64:/opt/intel/openvino_2024.6.0/runtime/3rdparty/tbb/lib:/opt/intel/openvino_2024.6.0/runtime/lib/intel64:/opt/ros/humble/opt/rviz_ogre_vendor/lib:/opt/ros/humble/lib/x86_64-linux-gnu:/opt/ros/humble/lib:/usr/local/cuda-12.6/lib64:/usr/local/cuda-12.6/lib64:/opt/intel/openvino_2024.6.0/runtime/3rdparty/tbb/lib:/opt/intel/openvino_2024.6.0/runtime/lib/intel64:/opt/ros/humble/opt/rviz_ogre_vendor/lib:/opt/ros/humble/lib/x86_64-linux-gnu:/opt/ros/humble/lib:/usr/local/cuda-12.6/lib64 /usr/bin/cmake --build /home/fhs/ros2_ws/build/robot_controller -- -j20 -l20
[1.016s] Invoking command in '/home/fhs/ros2_ws/build/robot_controller': CMAKE_PREFIX_PATH=/home/fhs/ros2_ws/install/robot_interfaces:/home/fhs/ros2_ws/install/robot_solver:/home/fhs/ros2_ws/install/robot_controller:/home/fhs/ros2_ws/install/robot_controller_cpp:/home/fhs/ros2_ws/install/robot_tracker:/home/fhs/ros2_ws/install/robot_sensor:/home/fhs/ros2_ws/install/robot_bringup:/opt/ros/humble CONDA_PROMPT_MODIFIER=(base) LD_LIBRARY_PATH=/home/fhs/ros2_ws/install/robot_interfaces/lib:/home/fhs/ros2_ws/install/robot_solver/lib:/opt/intel/openvino_2024.6.0/runtime/3rdparty/tbb/lib:/opt/intel/openvino_2024.6.0/runtime/lib/intel64:/opt/intel/openvino_2024.6.0/runtime/3rdparty/tbb/lib:/opt/intel/openvino_2024.6.0/runtime/lib/intel64:/opt/ros/humble/opt/rviz_ogre_vendor/lib:/opt/ros/humble/lib/x86_64-linux-gnu:/opt/ros/humble/lib:/usr/local/cuda-12.6/lib64:/usr/local/cuda-12.6/lib64:/opt/intel/openvino_2024.6.0/runtime/3rdparty/tbb/lib:/opt/intel/openvino_2024.6.0/runtime/lib/intel64:/opt/ros/humble/opt/rviz_ogre_vendor/lib:/opt/ros/humble/lib/x86_64-linux-gnu:/opt/ros/humble/lib:/usr/local/cuda-12.6/lib64 /usr/bin/cmake --install /home/fhs/ros2_ws/build/robot_controller
[1.024s] -- Install configuration: ""
[1.024s] -- Up-to-date: /home/fhs/ros2_ws/install/robot_controller/lib/robot_controller/robot_controller_node
[1.024s] -- Installing: /home/fhs/ros2_ws/install/robot_controller/share/ament_index/resource_index/package_run_dependencies/robot_controller
[1.025s] -- Up-to-date: /home/fhs/ros2_ws/install/robot_controller/share/ament_index/resource_index/parent_prefix_path/robot_controller
[1.025s] -- Up-to-date: /home/fhs/ros2_ws/install/robot_controller/share/robot_controller/environment/ament_prefix_path.sh
[1.025s] -- Installing: /home/fhs/ros2_ws/install/robot_controller/share/robot_controller/environment/ament_prefix_path.dsv
[1.025s] -- Up-to-date: /home/fhs/ros2_ws/install/robot_controller/share/robot_controller/environment/path.sh
[1.025s] -- Installing: /home/fhs/ros2_ws/install/robot_controller/share/robot_controller/environment/path.dsv
[1.025s] -- Up-to-date: /home/fhs/ros2_ws/install/robot_controller/share/robot_controller/local_setup.bash
[1.025s] -- Up-to-date: /home/fhs/ros2_ws/install/robot_controller/share/robot_controller/local_setup.sh
[1.025s] -- Up-to-date: /home/fhs/ros2_ws/install/robot_controller/share/robot_controller/local_setup.zsh
[1.025s] -- Installing: /home/fhs/ros2_ws/install/robot_controller/share/robot_controller/local_setup.dsv
[1.025s] -- Installing: /home/fhs/ros2_ws/install/robot_controller/share/robot_controller/package.dsv
[1.026s] -- Up-to-date: /home/fhs/ros2_ws/install/robot_controller/share/ament_index/resource_index/packages/robot_controller
[1.026s] -- Up-to-date: /home/fhs/ros2_ws/install/robot_controller/share/robot_controller/cmake/robot_controllerConfig.cmake
[1.026s] -- Up-to-date: /home/fhs/ros2_ws/install/robot_controller/share/robot_controller/cmake/robot_controllerConfig-version.cmake
[1.026s] -- Installing: /home/fhs/ros2_ws/install/robot_controller/share/robot_controller/package.xml
[1.026s] -- Installing: /home/fhs/ros2_ws/install/robot_controller/share/robot_controller/launch
[1.026s] -- Installing: /home/fhs/ros2_ws/install/robot_controller/share/robot_controller/launch/robot_controller.launch.py
[1.028s] Invoked command in '/home/fhs/ros2_ws/build/robot_controller' returned '0': CMAKE_PREFIX_PATH=/home/fhs/ros2_ws/install/robot_interfaces:/home/fhs/ros2_ws/install/robot_solver:/home/fhs/ros2_ws/install/robot_controller:/home/fhs/ros2_ws/install/robot_controller_cpp:/home/fhs/ros2_ws/install/robot_tracker:/home/fhs/ros2_ws/install/robot_sensor:/home/fhs/ros2_ws/install/robot_bringup:/opt/ros/humble CONDA_PROMPT_MODIFIER=(base) LD_LIBRARY_PATH=/home/fhs/ros2_ws/install/robot_interfaces/lib:/home/fhs/ros2_ws/install/robot_solver/lib:/opt/intel/openvino_2024.6.0/runtime/3rdparty/tbb/lib:/opt/intel/openvino_2024.6.0/runtime/lib/intel64:/opt/intel/openvino_2024.6.0/runtime/3rdparty/tbb/lib:/opt/intel/openvino_2024.6.0/runtime/lib/intel64:/opt/ros/humble/opt/rviz_ogre_vendor/lib:/opt/ros/humble/lib/x86_64-linux-gnu:/opt/ros/humble/lib:/usr/local/cuda-12.6/lib64:/usr/local/cuda-12.6/lib64:/opt/intel/openvino_2024.6.0/runtime/3rdparty/tbb/lib:/opt/intel/openvino_2024.6.0/runtime/lib/intel64:/opt/ros/humble/opt/rviz_ogre_vendor/lib:/opt/ros/humble/lib/x86_64-linux-gnu:/opt/ros/humble/lib:/usr/local/cuda-12.6/lib64 /usr/bin/cmake --install /home/fhs/ros2_ws/build/robot_controller
