[0.090s] DEBUG:colcon:Command line arguments: ['/usr/bin/colcon', 'build']
[0.090s] DEBUG:colcon:Parsed command line arguments: Namespace(log_base=None, log_level=None, verb_name='build', build_base='build', install_base='install', merge_install=False, symlink_install=False, test_result_base=None, continue_on_error=False, executor='parallel', parallel_workers=20, event_handlers=None, ignore_user_meta=False, metas=['./colcon.meta'], base_paths=['.'], packages_ignore=None, packages_ignore_regex=None, paths=None, packages_up_to=None, packages_up_to_regex=None, packages_above=None, packages_above_and_dependencies=None, packages_above_depth=None, packages_select_by_dep=None, packages_skip_by_dep=None, packages_skip_up_to=None, packages_select_build_failed=False, packages_skip_build_finished=False, packages_select_test_failures=False, packages_skip_test_passed=False, packages_select=None, packages_skip=None, packages_select_regex=None, packages_skip_regex=None, packages_start=None, packages_end=None, allow_overriding=[], cmake_args=None, cmake_target=None, cmake_target_skip_unavailable=False, cmake_clean_cache=False, cmake_clean_first=False, cmake_force_configure=False, ament_cmake_args=None, catkin_cmake_args=None, catkin_skip_building_tests=False, verb_parser=<colcon_defaults.argument_parser.defaults.DefaultArgumentsDecorator object at 0x7b09a0637880>, verb_extension=<colcon_core.verb.build.BuildVerb object at 0x7b09a06372e0>, main=<bound method BuildVerb.main of <colcon_core.verb.build.BuildVerb object at 0x7b09a06372e0>>)
[0.220s] Level 1:colcon.colcon_core.package_discovery:discover_packages(colcon_meta) check parameters
[0.220s] Level 1:colcon.colcon_core.package_discovery:discover_packages(recursive) check parameters
[0.220s] Level 1:colcon.colcon_core.package_discovery:discover_packages(ignore) check parameters
[0.220s] Level 1:colcon.colcon_core.package_discovery:discover_packages(path) check parameters
[0.220s] Level 1:colcon.colcon_core.package_discovery:discover_packages(colcon_meta) discover
[0.220s] Level 1:colcon.colcon_core.package_discovery:discover_packages(recursive) discover
[0.220s] INFO:colcon.colcon_core.package_discovery:Crawling recursively for packages in '/home/fhs/ros2_ws'
[0.220s] Level 1:colcon.colcon_core.package_identification:_identify(.) by extensions ['ignore', 'ignore_ament_install']
[0.221s] Level 1:colcon.colcon_core.package_identification:_identify(.) by extension 'ignore'
[0.221s] Level 1:colcon.colcon_core.package_identification:_identify(.) by extension 'ignore_ament_install'
[0.221s] Level 1:colcon.colcon_core.package_identification:_identify(.) by extensions ['colcon_pkg']
[0.221s] Level 1:colcon.colcon_core.package_identification:_identify(.) by extension 'colcon_pkg'
[0.221s] Level 1:colcon.colcon_core.package_identification:_identify(.) by extensions ['colcon_meta']
[0.221s] Level 1:colcon.colcon_core.package_identification:_identify(.) by extension 'colcon_meta'
[0.221s] Level 1:colcon.colcon_core.package_identification:_identify(.) by extensions ['ros']
[0.221s] Level 1:colcon.colcon_core.package_identification:_identify(.) by extension 'ros'
[0.231s] Level 1:colcon.colcon_core.package_identification:_identify(.) by extensions ['cmake', 'python']
[0.232s] Level 1:colcon.colcon_core.package_identification:_identify(.) by extension 'cmake'
[0.232s] Level 1:colcon.colcon_core.package_identification:_identify(.) by extension 'python'
[0.232s] Level 1:colcon.colcon_core.package_identification:_identify(.) by extensions ['python_setup_py']
[0.232s] Level 1:colcon.colcon_core.package_identification:_identify(.) by extension 'python_setup_py'
[0.232s] Level 1:colcon.colcon_core.package_identification:_identify(build) by extensions ['ignore', 'ignore_ament_install']
[0.232s] Level 1:colcon.colcon_core.package_identification:_identify(build) by extension 'ignore'
[0.232s] Level 1:colcon.colcon_core.package_identification:_identify(build) ignored
[0.232s] Level 1:colcon.colcon_core.package_identification:_identify(install) by extensions ['ignore', 'ignore_ament_install']
[0.232s] Level 1:colcon.colcon_core.package_identification:_identify(install) by extension 'ignore'
[0.232s] Level 1:colcon.colcon_core.package_identification:_identify(install) ignored
[0.232s] Level 1:colcon.colcon_core.package_identification:_identify(log) by extensions ['ignore', 'ignore_ament_install']
[0.232s] Level 1:colcon.colcon_core.package_identification:_identify(log) by extension 'ignore'
[0.232s] Level 1:colcon.colcon_core.package_identification:_identify(log) ignored
[0.232s] Level 1:colcon.colcon_core.package_identification:_identify(src) by extensions ['ignore', 'ignore_ament_install']
[0.232s] Level 1:colcon.colcon_core.package_identification:_identify(src) by extension 'ignore'
[0.232s] Level 1:colcon.colcon_core.package_identification:_identify(src) by extension 'ignore_ament_install'
[0.232s] Level 1:colcon.colcon_core.package_identification:_identify(src) by extensions ['colcon_pkg']
[0.233s] Level 1:colcon.colcon_core.package_identification:_identify(src) by extension 'colcon_pkg'
[0.233s] Level 1:colcon.colcon_core.package_identification:_identify(src) by extensions ['colcon_meta']
[0.233s] Level 1:colcon.colcon_core.package_identification:_identify(src) by extension 'colcon_meta'
[0.233s] Level 1:colcon.colcon_core.package_identification:_identify(src) by extensions ['ros']
[0.233s] Level 1:colcon.colcon_core.package_identification:_identify(src) by extension 'ros'
[0.233s] Level 1:colcon.colcon_core.package_identification:_identify(src) by extensions ['cmake', 'python']
[0.233s] Level 1:colcon.colcon_core.package_identification:_identify(src) by extension 'cmake'
[0.233s] Level 1:colcon.colcon_core.package_identification:_identify(src) by extension 'python'
[0.233s] Level 1:colcon.colcon_core.package_identification:_identify(src) by extensions ['python_setup_py']
[0.233s] Level 1:colcon.colcon_core.package_identification:_identify(src) by extension 'python_setup_py'
[0.233s] Level 1:colcon.colcon_core.package_identification:_identify(src/robot_bringup) by extensions ['ignore', 'ignore_ament_install']
[0.233s] Level 1:colcon.colcon_core.package_identification:_identify(src/robot_bringup) by extension 'ignore'
[0.233s] Level 1:colcon.colcon_core.package_identification:_identify(src/robot_bringup) by extension 'ignore_ament_install'
[0.233s] Level 1:colcon.colcon_core.package_identification:_identify(src/robot_bringup) by extensions ['colcon_pkg']
[0.233s] Level 1:colcon.colcon_core.package_identification:_identify(src/robot_bringup) by extension 'colcon_pkg'
[0.233s] Level 1:colcon.colcon_core.package_identification:_identify(src/robot_bringup) by extensions ['colcon_meta']
[0.233s] Level 1:colcon.colcon_core.package_identification:_identify(src/robot_bringup) by extension 'colcon_meta'
[0.233s] Level 1:colcon.colcon_core.package_identification:_identify(src/robot_bringup) by extensions ['ros']
[0.233s] Level 1:colcon.colcon_core.package_identification:_identify(src/robot_bringup) by extension 'ros'
[0.235s] DEBUG:colcon.colcon_core.package_identification:Package 'src/robot_bringup' with type 'ros.ament_python' and name 'robot_bringup'
[0.235s] Level 1:colcon.colcon_core.package_identification:_identify(src/robot_controller_cpp) by extensions ['ignore', 'ignore_ament_install']
[0.235s] Level 1:colcon.colcon_core.package_identification:_identify(src/robot_controller_cpp) by extension 'ignore'
[0.236s] Level 1:colcon.colcon_core.package_identification:_identify(src/robot_controller_cpp) by extension 'ignore_ament_install'
[0.236s] Level 1:colcon.colcon_core.package_identification:_identify(src/robot_controller_cpp) by extensions ['colcon_pkg']
[0.236s] Level 1:colcon.colcon_core.package_identification:_identify(src/robot_controller_cpp) by extension 'colcon_pkg'
[0.236s] Level 1:colcon.colcon_core.package_identification:_identify(src/robot_controller_cpp) by extensions ['colcon_meta']
[0.236s] Level 1:colcon.colcon_core.package_identification:_identify(src/robot_controller_cpp) by extension 'colcon_meta'
[0.236s] Level 1:colcon.colcon_core.package_identification:_identify(src/robot_controller_cpp) by extensions ['ros']
[0.236s] Level 1:colcon.colcon_core.package_identification:_identify(src/robot_controller_cpp) by extension 'ros'
[0.237s] DEBUG:colcon.colcon_core.package_identification:Package 'src/robot_controller_cpp' with type 'ros.ament_cmake' and name 'robot_controller_cpp'
[0.237s] Level 1:colcon.colcon_core.package_identification:_identify(src/robot_interfaces) by extensions ['ignore', 'ignore_ament_install']
[0.237s] Level 1:colcon.colcon_core.package_identification:_identify(src/robot_interfaces) by extension 'ignore'
[0.237s] Level 1:colcon.colcon_core.package_identification:_identify(src/robot_interfaces) by extension 'ignore_ament_install'
[0.237s] Level 1:colcon.colcon_core.package_identification:_identify(src/robot_interfaces) by extensions ['colcon_pkg']
[0.237s] Level 1:colcon.colcon_core.package_identification:_identify(src/robot_interfaces) by extension 'colcon_pkg'
[0.237s] Level 1:colcon.colcon_core.package_identification:_identify(src/robot_interfaces) by extensions ['colcon_meta']
[0.237s] Level 1:colcon.colcon_core.package_identification:_identify(src/robot_interfaces) by extension 'colcon_meta'
[0.237s] Level 1:colcon.colcon_core.package_identification:_identify(src/robot_interfaces) by extensions ['ros']
[0.237s] Level 1:colcon.colcon_core.package_identification:_identify(src/robot_interfaces) by extension 'ros'
[0.238s] DEBUG:colcon.colcon_core.package_identification:Package 'src/robot_interfaces' with type 'ros.ament_cmake' and name 'robot_interfaces'
[0.238s] Level 1:colcon.colcon_core.package_identification:_identify(src/robot_sensor) by extensions ['ignore', 'ignore_ament_install']
[0.238s] Level 1:colcon.colcon_core.package_identification:_identify(src/robot_sensor) by extension 'ignore'
[0.238s] Level 1:colcon.colcon_core.package_identification:_identify(src/robot_sensor) by extension 'ignore_ament_install'
[0.238s] Level 1:colcon.colcon_core.package_identification:_identify(src/robot_sensor) by extensions ['colcon_pkg']
[0.238s] Level 1:colcon.colcon_core.package_identification:_identify(src/robot_sensor) by extension 'colcon_pkg'
[0.238s] Level 1:colcon.colcon_core.package_identification:_identify(src/robot_sensor) by extensions ['colcon_meta']
[0.238s] Level 1:colcon.colcon_core.package_identification:_identify(src/robot_sensor) by extension 'colcon_meta'
[0.238s] Level 1:colcon.colcon_core.package_identification:_identify(src/robot_sensor) by extensions ['ros']
[0.238s] Level 1:colcon.colcon_core.package_identification:_identify(src/robot_sensor) by extension 'ros'
[0.239s] DEBUG:colcon.colcon_core.package_identification:Package 'src/robot_sensor' with type 'ros.ament_python' and name 'robot_sensor'
[0.239s] Level 1:colcon.colcon_core.package_identification:_identify(src/robot_solver) by extensions ['ignore', 'ignore_ament_install']
[0.239s] Level 1:colcon.colcon_core.package_identification:_identify(src/robot_solver) by extension 'ignore'
[0.239s] Level 1:colcon.colcon_core.package_identification:_identify(src/robot_solver) by extension 'ignore_ament_install'
[0.239s] Level 1:colcon.colcon_core.package_identification:_identify(src/robot_solver) by extensions ['colcon_pkg']
[0.239s] Level 1:colcon.colcon_core.package_identification:_identify(src/robot_solver) by extension 'colcon_pkg'
[0.239s] Level 1:colcon.colcon_core.package_identification:_identify(src/robot_solver) by extensions ['colcon_meta']
[0.239s] Level 1:colcon.colcon_core.package_identification:_identify(src/robot_solver) by extension 'colcon_meta'
[0.239s] Level 1:colcon.colcon_core.package_identification:_identify(src/robot_solver) by extensions ['ros']
[0.239s] Level 1:colcon.colcon_core.package_identification:_identify(src/robot_solver) by extension 'ros'
[0.240s] DEBUG:colcon.colcon_core.package_identification:Package 'src/robot_solver' with type 'ros.ament_python' and name 'robot_solver'
[0.240s] Level 1:colcon.colcon_core.package_identification:_identify(src/robot_tracker) by extensions ['ignore', 'ignore_ament_install']
[0.240s] Level 1:colcon.colcon_core.package_identification:_identify(src/robot_tracker) by extension 'ignore'
[0.240s] Level 1:colcon.colcon_core.package_identification:_identify(src/robot_tracker) by extension 'ignore_ament_install'
[0.240s] Level 1:colcon.colcon_core.package_identification:_identify(src/robot_tracker) by extensions ['colcon_pkg']
[0.240s] Level 1:colcon.colcon_core.package_identification:_identify(src/robot_tracker) by extension 'colcon_pkg'
[0.240s] Level 1:colcon.colcon_core.package_identification:_identify(src/robot_tracker) by extensions ['colcon_meta']
[0.240s] Level 1:colcon.colcon_core.package_identification:_identify(src/robot_tracker) by extension 'colcon_meta'
[0.240s] Level 1:colcon.colcon_core.package_identification:_identify(src/robot_tracker) by extensions ['ros']
[0.240s] Level 1:colcon.colcon_core.package_identification:_identify(src/robot_tracker) by extension 'ros'
[0.241s] DEBUG:colcon.colcon_core.package_identification:Package 'src/robot_tracker' with type 'ros.ament_python' and name 'robot_tracker'
[0.241s] Level 1:colcon.colcon_core.package_discovery:discover_packages(recursive) using defaults
[0.241s] Level 1:colcon.colcon_core.package_discovery:discover_packages(ignore) discover
[0.241s] Level 1:colcon.colcon_core.package_discovery:discover_packages(ignore) using defaults
[0.241s] Level 1:colcon.colcon_core.package_discovery:discover_packages(path) discover
[0.241s] Level 1:colcon.colcon_core.package_discovery:discover_packages(path) using defaults
[0.268s] Level 1:colcon.colcon_core.package_discovery:discover_packages(prefix_path) check parameters
[0.268s] Level 1:colcon.colcon_core.package_discovery:discover_packages(prefix_path) discover
[0.270s] DEBUG:colcon.colcon_installed_package_information.package_discovery:Found 288 installed packages in /opt/ros/humble
[0.273s] Level 1:colcon.colcon_core.package_discovery:discover_packages(prefix_path) using defaults
[0.312s] Level 5:colcon.colcon_core.verb:set package 'robot_bringup' build argument 'cmake_args' from command line to 'None'
[0.312s] Level 5:colcon.colcon_core.verb:set package 'robot_bringup' build argument 'cmake_target' from command line to 'None'
[0.312s] Level 5:colcon.colcon_core.verb:set package 'robot_bringup' build argument 'cmake_target_skip_unavailable' from command line to 'False'
[0.312s] Level 5:colcon.colcon_core.verb:set package 'robot_bringup' build argument 'cmake_clean_cache' from command line to 'False'
[0.312s] Level 5:colcon.colcon_core.verb:set package 'robot_bringup' build argument 'cmake_clean_first' from command line to 'False'
[0.312s] Level 5:colcon.colcon_core.verb:set package 'robot_bringup' build argument 'cmake_force_configure' from command line to 'False'
[0.312s] Level 5:colcon.colcon_core.verb:set package 'robot_bringup' build argument 'ament_cmake_args' from command line to 'None'
[0.312s] Level 5:colcon.colcon_core.verb:set package 'robot_bringup' build argument 'catkin_cmake_args' from command line to 'None'
[0.312s] Level 5:colcon.colcon_core.verb:set package 'robot_bringup' build argument 'catkin_skip_building_tests' from command line to 'False'
[0.312s] DEBUG:colcon.colcon_core.verb:Building package 'robot_bringup' with the following arguments: {'ament_cmake_args': None, 'build_base': '/home/fhs/ros2_ws/build/robot_bringup', 'catkin_cmake_args': None, 'catkin_skip_building_tests': False, 'cmake_args': None, 'cmake_clean_cache': False, 'cmake_clean_first': False, 'cmake_force_configure': False, 'cmake_target': None, 'cmake_target_skip_unavailable': False, 'install_base': '/home/fhs/ros2_ws/install/robot_bringup', 'merge_install': False, 'path': '/home/fhs/ros2_ws/src/robot_bringup', 'symlink_install': False, 'test_result_base': None}
[0.313s] Level 5:colcon.colcon_core.verb:set package 'robot_controller_cpp' build argument 'cmake_args' from command line to 'None'
[0.313s] Level 5:colcon.colcon_core.verb:set package 'robot_controller_cpp' build argument 'cmake_target' from command line to 'None'
[0.313s] Level 5:colcon.colcon_core.verb:set package 'robot_controller_cpp' build argument 'cmake_target_skip_unavailable' from command line to 'False'
[0.313s] Level 5:colcon.colcon_core.verb:set package 'robot_controller_cpp' build argument 'cmake_clean_cache' from command line to 'False'
[0.313s] Level 5:colcon.colcon_core.verb:set package 'robot_controller_cpp' build argument 'cmake_clean_first' from command line to 'False'
[0.313s] Level 5:colcon.colcon_core.verb:set package 'robot_controller_cpp' build argument 'cmake_force_configure' from command line to 'False'
[0.313s] Level 5:colcon.colcon_core.verb:set package 'robot_controller_cpp' build argument 'ament_cmake_args' from command line to 'None'
[0.313s] Level 5:colcon.colcon_core.verb:set package 'robot_controller_cpp' build argument 'catkin_cmake_args' from command line to 'None'
[0.313s] Level 5:colcon.colcon_core.verb:set package 'robot_controller_cpp' build argument 'catkin_skip_building_tests' from command line to 'False'
[0.313s] DEBUG:colcon.colcon_core.verb:Building package 'robot_controller_cpp' with the following arguments: {'ament_cmake_args': None, 'build_base': '/home/fhs/ros2_ws/build/robot_controller_cpp', 'catkin_cmake_args': None, 'catkin_skip_building_tests': False, 'cmake_args': None, 'cmake_clean_cache': False, 'cmake_clean_first': False, 'cmake_force_configure': False, 'cmake_target': None, 'cmake_target_skip_unavailable': False, 'install_base': '/home/fhs/ros2_ws/install/robot_controller_cpp', 'merge_install': False, 'path': '/home/fhs/ros2_ws/src/robot_controller_cpp', 'symlink_install': False, 'test_result_base': None}
[0.313s] Level 5:colcon.colcon_core.verb:set package 'robot_interfaces' build argument 'cmake_args' from command line to 'None'
[0.313s] Level 5:colcon.colcon_core.verb:set package 'robot_interfaces' build argument 'cmake_target' from command line to 'None'
[0.313s] Level 5:colcon.colcon_core.verb:set package 'robot_interfaces' build argument 'cmake_target_skip_unavailable' from command line to 'False'
[0.313s] Level 5:colcon.colcon_core.verb:set package 'robot_interfaces' build argument 'cmake_clean_cache' from command line to 'False'
[0.313s] Level 5:colcon.colcon_core.verb:set package 'robot_interfaces' build argument 'cmake_clean_first' from command line to 'False'
[0.313s] Level 5:colcon.colcon_core.verb:set package 'robot_interfaces' build argument 'cmake_force_configure' from command line to 'False'
[0.313s] Level 5:colcon.colcon_core.verb:set package 'robot_interfaces' build argument 'ament_cmake_args' from command line to 'None'
[0.313s] Level 5:colcon.colcon_core.verb:set package 'robot_interfaces' build argument 'catkin_cmake_args' from command line to 'None'
[0.313s] Level 5:colcon.colcon_core.verb:set package 'robot_interfaces' build argument 'catkin_skip_building_tests' from command line to 'False'
[0.313s] DEBUG:colcon.colcon_core.verb:Building package 'robot_interfaces' with the following arguments: {'ament_cmake_args': None, 'build_base': '/home/fhs/ros2_ws/build/robot_interfaces', 'catkin_cmake_args': None, 'catkin_skip_building_tests': False, 'cmake_args': None, 'cmake_clean_cache': False, 'cmake_clean_first': False, 'cmake_force_configure': False, 'cmake_target': None, 'cmake_target_skip_unavailable': False, 'install_base': '/home/fhs/ros2_ws/install/robot_interfaces', 'merge_install': False, 'path': '/home/fhs/ros2_ws/src/robot_interfaces', 'symlink_install': False, 'test_result_base': None}
[0.313s] Level 5:colcon.colcon_core.verb:set package 'robot_sensor' build argument 'cmake_args' from command line to 'None'
[0.314s] Level 5:colcon.colcon_core.verb:set package 'robot_sensor' build argument 'cmake_target' from command line to 'None'
[0.314s] Level 5:colcon.colcon_core.verb:set package 'robot_sensor' build argument 'cmake_target_skip_unavailable' from command line to 'False'
[0.314s] Level 5:colcon.colcon_core.verb:set package 'robot_sensor' build argument 'cmake_clean_cache' from command line to 'False'
[0.314s] Level 5:colcon.colcon_core.verb:set package 'robot_sensor' build argument 'cmake_clean_first' from command line to 'False'
[0.314s] Level 5:colcon.colcon_core.verb:set package 'robot_sensor' build argument 'cmake_force_configure' from command line to 'False'
[0.314s] Level 5:colcon.colcon_core.verb:set package 'robot_sensor' build argument 'ament_cmake_args' from command line to 'None'
[0.314s] Level 5:colcon.colcon_core.verb:set package 'robot_sensor' build argument 'catkin_cmake_args' from command line to 'None'
[0.314s] Level 5:colcon.colcon_core.verb:set package 'robot_sensor' build argument 'catkin_skip_building_tests' from command line to 'False'
[0.314s] DEBUG:colcon.colcon_core.verb:Building package 'robot_sensor' with the following arguments: {'ament_cmake_args': None, 'build_base': '/home/fhs/ros2_ws/build/robot_sensor', 'catkin_cmake_args': None, 'catkin_skip_building_tests': False, 'cmake_args': None, 'cmake_clean_cache': False, 'cmake_clean_first': False, 'cmake_force_configure': False, 'cmake_target': None, 'cmake_target_skip_unavailable': False, 'install_base': '/home/fhs/ros2_ws/install/robot_sensor', 'merge_install': False, 'path': '/home/fhs/ros2_ws/src/robot_sensor', 'symlink_install': False, 'test_result_base': None}
[0.314s] Level 5:colcon.colcon_core.verb:set package 'robot_tracker' build argument 'cmake_args' from command line to 'None'
[0.314s] Level 5:colcon.colcon_core.verb:set package 'robot_tracker' build argument 'cmake_target' from command line to 'None'
[0.314s] Level 5:colcon.colcon_core.verb:set package 'robot_tracker' build argument 'cmake_target_skip_unavailable' from command line to 'False'
[0.314s] Level 5:colcon.colcon_core.verb:set package 'robot_tracker' build argument 'cmake_clean_cache' from command line to 'False'
[0.314s] Level 5:colcon.colcon_core.verb:set package 'robot_tracker' build argument 'cmake_clean_first' from command line to 'False'
[0.314s] Level 5:colcon.colcon_core.verb:set package 'robot_tracker' build argument 'cmake_force_configure' from command line to 'False'
[0.314s] Level 5:colcon.colcon_core.verb:set package 'robot_tracker' build argument 'ament_cmake_args' from command line to 'None'
[0.314s] Level 5:colcon.colcon_core.verb:set package 'robot_tracker' build argument 'catkin_cmake_args' from command line to 'None'
[0.314s] Level 5:colcon.colcon_core.verb:set package 'robot_tracker' build argument 'catkin_skip_building_tests' from command line to 'False'
[0.314s] DEBUG:colcon.colcon_core.verb:Building package 'robot_tracker' with the following arguments: {'ament_cmake_args': None, 'build_base': '/home/fhs/ros2_ws/build/robot_tracker', 'catkin_cmake_args': None, 'catkin_skip_building_tests': False, 'cmake_args': None, 'cmake_clean_cache': False, 'cmake_clean_first': False, 'cmake_force_configure': False, 'cmake_target': None, 'cmake_target_skip_unavailable': False, 'install_base': '/home/fhs/ros2_ws/install/robot_tracker', 'merge_install': False, 'path': '/home/fhs/ros2_ws/src/robot_tracker', 'symlink_install': False, 'test_result_base': None}
[0.314s] Level 5:colcon.colcon_core.verb:set package 'robot_solver' build argument 'cmake_args' from command line to 'None'
[0.314s] Level 5:colcon.colcon_core.verb:set package 'robot_solver' build argument 'cmake_target' from command line to 'None'
[0.314s] Level 5:colcon.colcon_core.verb:set package 'robot_solver' build argument 'cmake_target_skip_unavailable' from command line to 'False'
[0.314s] Level 5:colcon.colcon_core.verb:set package 'robot_solver' build argument 'cmake_clean_cache' from command line to 'False'
[0.314s] Level 5:colcon.colcon_core.verb:set package 'robot_solver' build argument 'cmake_clean_first' from command line to 'False'
[0.315s] Level 5:colcon.colcon_core.verb:set package 'robot_solver' build argument 'cmake_force_configure' from command line to 'False'
[0.315s] Level 5:colcon.colcon_core.verb:set package 'robot_solver' build argument 'ament_cmake_args' from command line to 'None'
[0.315s] Level 5:colcon.colcon_core.verb:set package 'robot_solver' build argument 'catkin_cmake_args' from command line to 'None'
[0.315s] Level 5:colcon.colcon_core.verb:set package 'robot_solver' build argument 'catkin_skip_building_tests' from command line to 'False'
[0.315s] DEBUG:colcon.colcon_core.verb:Building package 'robot_solver' with the following arguments: {'ament_cmake_args': None, 'build_base': '/home/fhs/ros2_ws/build/robot_solver', 'catkin_cmake_args': None, 'catkin_skip_building_tests': False, 'cmake_args': None, 'cmake_clean_cache': False, 'cmake_clean_first': False, 'cmake_force_configure': False, 'cmake_target': None, 'cmake_target_skip_unavailable': False, 'install_base': '/home/fhs/ros2_ws/install/robot_solver', 'merge_install': False, 'path': '/home/fhs/ros2_ws/src/robot_solver', 'symlink_install': False, 'test_result_base': None}
[0.315s] INFO:colcon.colcon_core.executor:Executing jobs using 'parallel' executor
[0.316s] DEBUG:colcon.colcon_parallel_executor.executor.parallel:run_until_complete
[0.316s] INFO:colcon.colcon_ros.task.ament_cmake.build:Building ROS package in '/home/fhs/ros2_ws/src/robot_interfaces' with build type 'ament_cmake'
[0.316s] INFO:colcon.colcon_cmake.task.cmake.build:Building CMake package in '/home/fhs/ros2_ws/src/robot_interfaces'
[0.318s] INFO:colcon.colcon_core.plugin_system:Skipping extension 'colcon_core.shell.bat': Not used on non-Windows systems
[0.318s] INFO:colcon.colcon_core.shell:Skip shell extension 'powershell' for command environment: Not usable outside of PowerShell
[0.318s] DEBUG:colcon.colcon_core.shell:Skip shell extension 'dsv' for command environment
[0.321s] INFO:colcon.colcon_ros.task.ament_python.build:Building ROS package in '/home/fhs/ros2_ws/src/robot_bringup' with build type 'ament_python'
[0.321s] Level 1:colcon.colcon_core.shell:create_environment_hook('robot_bringup', 'ament_prefix_path')
[0.321s] INFO:colcon.colcon_core.shell:Creating environment hook '/home/fhs/ros2_ws/install/robot_bringup/share/robot_bringup/hook/ament_prefix_path.ps1'
[0.322s] INFO:colcon.colcon_core.shell:Creating environment descriptor '/home/fhs/ros2_ws/install/robot_bringup/share/robot_bringup/hook/ament_prefix_path.dsv'
[0.322s] INFO:colcon.colcon_core.shell:Creating environment hook '/home/fhs/ros2_ws/install/robot_bringup/share/robot_bringup/hook/ament_prefix_path.sh'
[0.323s] INFO:colcon.colcon_core.shell:Skip shell extension 'powershell' for command environment: Not usable outside of PowerShell
[0.323s] DEBUG:colcon.colcon_core.shell:Skip shell extension 'dsv' for command environment
[0.325s] INFO:colcon.colcon_ros.task.ament_cmake.build:Building ROS package in '/home/fhs/ros2_ws/src/robot_controller_cpp' with build type 'ament_cmake'
[0.325s] INFO:colcon.colcon_cmake.task.cmake.build:Building CMake package in '/home/fhs/ros2_ws/src/robot_controller_cpp'
[0.325s] INFO:colcon.colcon_core.shell:Skip shell extension 'powershell' for command environment: Not usable outside of PowerShell
[0.325s] DEBUG:colcon.colcon_core.shell:Skip shell extension 'dsv' for command environment
[0.328s] INFO:colcon.colcon_ros.task.ament_python.build:Building ROS package in '/home/fhs/ros2_ws/src/robot_sensor' with build type 'ament_python'
[0.328s] Level 1:colcon.colcon_core.shell:create_environment_hook('robot_sensor', 'ament_prefix_path')
[0.328s] INFO:colcon.colcon_core.shell:Creating environment hook '/home/fhs/ros2_ws/install/robot_sensor/share/robot_sensor/hook/ament_prefix_path.ps1'
[0.329s] INFO:colcon.colcon_core.shell:Creating environment descriptor '/home/fhs/ros2_ws/install/robot_sensor/share/robot_sensor/hook/ament_prefix_path.dsv'
[0.329s] INFO:colcon.colcon_core.shell:Creating environment hook '/home/fhs/ros2_ws/install/robot_sensor/share/robot_sensor/hook/ament_prefix_path.sh'
[0.329s] INFO:colcon.colcon_core.shell:Skip shell extension 'powershell' for command environment: Not usable outside of PowerShell
[0.329s] DEBUG:colcon.colcon_core.shell:Skip shell extension 'dsv' for command environment
[0.332s] INFO:colcon.colcon_ros.task.ament_python.build:Building ROS package in '/home/fhs/ros2_ws/src/robot_tracker' with build type 'ament_python'
[0.332s] Level 1:colcon.colcon_core.shell:create_environment_hook('robot_tracker', 'ament_prefix_path')
[0.333s] INFO:colcon.colcon_core.shell:Creating environment hook '/home/fhs/ros2_ws/install/robot_tracker/share/robot_tracker/hook/ament_prefix_path.ps1'
[0.333s] INFO:colcon.colcon_core.shell:Creating environment descriptor '/home/fhs/ros2_ws/install/robot_tracker/share/robot_tracker/hook/ament_prefix_path.dsv'
[0.334s] INFO:colcon.colcon_core.shell:Creating environment hook '/home/fhs/ros2_ws/install/robot_tracker/share/robot_tracker/hook/ament_prefix_path.sh'
[0.334s] INFO:colcon.colcon_core.shell:Skip shell extension 'powershell' for command environment: Not usable outside of PowerShell
[0.334s] DEBUG:colcon.colcon_core.shell:Skip shell extension 'dsv' for command environment
[0.343s] DEBUG:colcon.colcon_core.event_handler.log_command:Invoking command in '/home/fhs/ros2_ws/build/robot_interfaces': CMAKE_PREFIX_PATH=/opt/ros/humble CONDA_PROMPT_MODIFIER=(base) /usr/bin/cmake --build /home/fhs/ros2_ws/build/robot_interfaces -- -j20 -l20
[0.596s] INFO:colcon.colcon_core.task.python.build:Building Python package in '/home/fhs/ros2_ws/src/robot_bringup'
[0.597s] INFO:colcon.colcon_core.shell:Skip shell extension 'powershell' for command environment: Not usable outside of PowerShell
[0.597s] DEBUG:colcon.colcon_core.shell:Skip shell extension 'dsv' for command environment
[0.604s] DEBUG:colcon.colcon_core.event_handler.log_command:Invoking command in '/home/fhs/ros2_ws/build/robot_controller_cpp': CMAKE_PREFIX_PATH=/opt/ros/humble CONDA_PROMPT_MODIFIER=(base) /usr/bin/cmake --build /home/fhs/ros2_ws/build/robot_controller_cpp -- -j20 -l20
[0.837s] INFO:colcon.colcon_core.task.python.build:Building Python package in '/home/fhs/ros2_ws/src/robot_sensor'
[0.837s] INFO:colcon.colcon_core.shell:Skip shell extension 'powershell' for command environment: Not usable outside of PowerShell
[0.837s] DEBUG:colcon.colcon_core.shell:Skip shell extension 'dsv' for command environment
[1.053s] INFO:colcon.colcon_core.task.python.build:Building Python package in '/home/fhs/ros2_ws/src/robot_tracker'
[1.053s] INFO:colcon.colcon_core.shell:Skip shell extension 'powershell' for command environment: Not usable outside of PowerShell
[1.053s] DEBUG:colcon.colcon_core.shell:Skip shell extension 'dsv' for command environment
[1.057s] DEBUG:colcon.colcon_core.event_handler.log_command:Invoked command in '/home/fhs/ros2_ws/build/robot_controller_cpp' returned '0': CMAKE_PREFIX_PATH=/opt/ros/humble CONDA_PROMPT_MODIFIER=(base) /usr/bin/cmake --build /home/fhs/ros2_ws/build/robot_controller_cpp -- -j20 -l20
[1.067s] DEBUG:colcon.colcon_core.event_handler.log_command:Invoking command in '/home/fhs/ros2_ws/build/robot_controller_cpp': CMAKE_PREFIX_PATH=/opt/ros/humble CONDA_PROMPT_MODIFIER=(base) /usr/bin/cmake --install /home/fhs/ros2_ws/build/robot_controller_cpp
[1.072s] DEBUG:colcon.colcon_core.event_handler.log_command:Invoked command in '/home/fhs/ros2_ws/build/robot_interfaces' returned '0': CMAKE_PREFIX_PATH=/opt/ros/humble CONDA_PROMPT_MODIFIER=(base) /usr/bin/cmake --build /home/fhs/ros2_ws/build/robot_interfaces -- -j20 -l20
[1.074s] DEBUG:colcon.colcon_core.event_handler.log_command:Invoking command in '/home/fhs/ros2_ws/build/robot_interfaces': CMAKE_PREFIX_PATH=/opt/ros/humble CONDA_PROMPT_MODIFIER=(base) /usr/bin/cmake --install /home/fhs/ros2_ws/build/robot_interfaces
[1.081s] Level 1:colcon.colcon_core.environment:create_environment_scripts_only(robot_controller_cpp)
[1.081s] DEBUG:colcon.colcon_core.event_handler.log_command:Invoked command in '/home/fhs/ros2_ws/build/robot_controller_cpp' returned '0': CMAKE_PREFIX_PATH=/opt/ros/humble CONDA_PROMPT_MODIFIER=(base) /usr/bin/cmake --install /home/fhs/ros2_ws/build/robot_controller_cpp
[1.084s] Level 1:colcon.colcon_core.environment:checking '/home/fhs/ros2_ws/install/robot_controller_cpp' for CMake module files
[1.086s] Level 1:colcon.colcon_core.environment:checking '/home/fhs/ros2_ws/install/robot_controller_cpp' for CMake config files
[1.086s] Level 1:colcon.colcon_core.shell:create_environment_hook('robot_controller_cpp', 'cmake_prefix_path')
[1.086s] INFO:colcon.colcon_core.shell:Creating environment hook '/home/fhs/ros2_ws/install/robot_controller_cpp/share/robot_controller_cpp/hook/cmake_prefix_path.ps1'
[1.087s] INFO:colcon.colcon_core.shell:Creating environment descriptor '/home/fhs/ros2_ws/install/robot_controller_cpp/share/robot_controller_cpp/hook/cmake_prefix_path.dsv'
[1.088s] INFO:colcon.colcon_core.shell:Creating environment hook '/home/fhs/ros2_ws/install/robot_controller_cpp/share/robot_controller_cpp/hook/cmake_prefix_path.sh'
[1.089s] Level 1:colcon.colcon_core.environment:checking '/home/fhs/ros2_ws/install/robot_controller_cpp/bin'
[1.089s] Level 1:colcon.colcon_core.environment:checking '/home/fhs/ros2_ws/install/robot_controller_cpp/lib/pkgconfig/robot_controller_cpp.pc'
[1.089s] Level 1:colcon.colcon_core.environment:checking '/home/fhs/ros2_ws/install/robot_controller_cpp/lib/python3.10/site-packages'
[1.089s] Level 1:colcon.colcon_core.environment:checking '/home/fhs/ros2_ws/install/robot_controller_cpp/bin'
[1.090s] INFO:colcon.colcon_core.shell:Creating package script '/home/fhs/ros2_ws/install/robot_controller_cpp/share/robot_controller_cpp/package.ps1'
[1.090s] INFO:colcon.colcon_core.shell:Creating package descriptor '/home/fhs/ros2_ws/install/robot_controller_cpp/share/robot_controller_cpp/package.dsv'
[1.091s] INFO:colcon.colcon_core.shell:Creating package script '/home/fhs/ros2_ws/install/robot_controller_cpp/share/robot_controller_cpp/package.sh'
[1.092s] INFO:colcon.colcon_core.shell:Creating package script '/home/fhs/ros2_ws/install/robot_controller_cpp/share/robot_controller_cpp/package.bash'
[1.093s] INFO:colcon.colcon_core.shell:Creating package script '/home/fhs/ros2_ws/install/robot_controller_cpp/share/robot_controller_cpp/package.zsh'
[1.094s] Level 1:colcon.colcon_core.environment:create_file_with_runtime_dependencies(/home/fhs/ros2_ws/install/robot_controller_cpp/share/colcon-core/packages/robot_controller_cpp)
[1.096s] Level 1:colcon.colcon_core.environment:create_environment_scripts_only(robot_controller_cpp)
[1.097s] Level 1:colcon.colcon_core.environment:checking '/home/fhs/ros2_ws/install/robot_controller_cpp' for CMake module files
[1.102s] Level 1:colcon.colcon_core.environment:checking '/home/fhs/ros2_ws/install/robot_controller_cpp' for CMake config files
[1.104s] Level 1:colcon.colcon_core.shell:create_environment_hook('robot_controller_cpp', 'cmake_prefix_path')
[1.104s] INFO:colcon.colcon_core.shell:Creating environment hook '/home/fhs/ros2_ws/install/robot_controller_cpp/share/robot_controller_cpp/hook/cmake_prefix_path.ps1'
[1.105s] INFO:colcon.colcon_core.shell:Creating environment descriptor '/home/fhs/ros2_ws/install/robot_controller_cpp/share/robot_controller_cpp/hook/cmake_prefix_path.dsv'
[1.106s] INFO:colcon.colcon_core.shell:Creating environment hook '/home/fhs/ros2_ws/install/robot_controller_cpp/share/robot_controller_cpp/hook/cmake_prefix_path.sh'
[1.107s] Level 1:colcon.colcon_core.environment:checking '/home/fhs/ros2_ws/install/robot_controller_cpp/bin'
[1.107s] Level 1:colcon.colcon_core.environment:checking '/home/fhs/ros2_ws/install/robot_controller_cpp/lib/pkgconfig/robot_controller_cpp.pc'
[1.107s] Level 1:colcon.colcon_core.environment:checking '/home/fhs/ros2_ws/install/robot_controller_cpp/lib/python3.10/site-packages'
[1.107s] Level 1:colcon.colcon_core.environment:checking '/home/fhs/ros2_ws/install/robot_controller_cpp/bin'
[1.107s] INFO:colcon.colcon_core.shell:Creating package script '/home/fhs/ros2_ws/install/robot_controller_cpp/share/robot_controller_cpp/package.ps1'
[1.108s] INFO:colcon.colcon_core.shell:Creating package descriptor '/home/fhs/ros2_ws/install/robot_controller_cpp/share/robot_controller_cpp/package.dsv'
[1.109s] INFO:colcon.colcon_core.shell:Creating package script '/home/fhs/ros2_ws/install/robot_controller_cpp/share/robot_controller_cpp/package.sh'
[1.109s] INFO:colcon.colcon_core.shell:Creating package script '/home/fhs/ros2_ws/install/robot_controller_cpp/share/robot_controller_cpp/package.bash'
[1.110s] INFO:colcon.colcon_core.shell:Creating package script '/home/fhs/ros2_ws/install/robot_controller_cpp/share/robot_controller_cpp/package.zsh'
[1.111s] Level 1:colcon.colcon_core.environment:create_file_with_runtime_dependencies(/home/fhs/ros2_ws/install/robot_controller_cpp/share/colcon-core/packages/robot_controller_cpp)
[1.155s] Level 1:colcon.colcon_core.environment:create_environment_scripts_only(robot_interfaces)
[1.155s] Level 1:colcon.colcon_core.environment:checking '/home/fhs/ros2_ws/install/robot_interfaces' for CMake module files
[1.156s] DEBUG:colcon.colcon_core.event_handler.log_command:Invoked command in '/home/fhs/ros2_ws/build/robot_interfaces' returned '0': CMAKE_PREFIX_PATH=/opt/ros/humble CONDA_PROMPT_MODIFIER=(base) /usr/bin/cmake --install /home/fhs/ros2_ws/build/robot_interfaces
[1.157s] Level 1:colcon.colcon_core.environment:checking '/home/fhs/ros2_ws/install/robot_interfaces' for CMake config files
[1.159s] Level 1:colcon.colcon_core.shell:create_environment_hook('robot_interfaces', 'cmake_prefix_path')
[1.160s] INFO:colcon.colcon_core.shell:Creating environment hook '/home/fhs/ros2_ws/install/robot_interfaces/share/robot_interfaces/hook/cmake_prefix_path.ps1'
[1.160s] INFO:colcon.colcon_core.shell:Creating environment descriptor '/home/fhs/ros2_ws/install/robot_interfaces/share/robot_interfaces/hook/cmake_prefix_path.dsv'
[1.161s] INFO:colcon.colcon_core.shell:Creating environment hook '/home/fhs/ros2_ws/install/robot_interfaces/share/robot_interfaces/hook/cmake_prefix_path.sh'
[1.161s] Level 1:colcon.colcon_core.environment:checking '/home/fhs/ros2_ws/install/robot_interfaces/lib'
[1.161s] Level 1:colcon.colcon_core.shell:create_environment_hook('robot_interfaces', 'ld_library_path_lib')
[1.161s] INFO:colcon.colcon_core.shell:Creating environment hook '/home/fhs/ros2_ws/install/robot_interfaces/share/robot_interfaces/hook/ld_library_path_lib.ps1'
[1.162s] INFO:colcon.colcon_core.shell:Creating environment descriptor '/home/fhs/ros2_ws/install/robot_interfaces/share/robot_interfaces/hook/ld_library_path_lib.dsv'
[1.162s] INFO:colcon.colcon_core.shell:Creating environment hook '/home/fhs/ros2_ws/install/robot_interfaces/share/robot_interfaces/hook/ld_library_path_lib.sh'
[1.162s] Level 1:colcon.colcon_core.environment:checking '/home/fhs/ros2_ws/install/robot_interfaces/bin'
[1.162s] Level 1:colcon.colcon_core.environment:checking '/home/fhs/ros2_ws/install/robot_interfaces/lib/pkgconfig/robot_interfaces.pc'
[1.163s] Level 1:colcon.colcon_core.environment:checking '/home/fhs/ros2_ws/install/robot_interfaces/lib/python3.10/site-packages'
[1.163s] Level 1:colcon.colcon_core.environment:checking '/home/fhs/ros2_ws/install/robot_interfaces/bin'
[1.163s] INFO:colcon.colcon_core.shell:Creating package script '/home/fhs/ros2_ws/install/robot_interfaces/share/robot_interfaces/package.ps1'
[1.164s] INFO:colcon.colcon_core.shell:Creating package descriptor '/home/fhs/ros2_ws/install/robot_interfaces/share/robot_interfaces/package.dsv'
[1.164s] INFO:colcon.colcon_core.shell:Creating package script '/home/fhs/ros2_ws/install/robot_interfaces/share/robot_interfaces/package.sh'
[1.164s] INFO:colcon.colcon_core.shell:Creating package script '/home/fhs/ros2_ws/install/robot_interfaces/share/robot_interfaces/package.bash'
[1.165s] INFO:colcon.colcon_core.shell:Creating package script '/home/fhs/ros2_ws/install/robot_interfaces/share/robot_interfaces/package.zsh'
[1.165s] Level 1:colcon.colcon_core.environment:create_file_with_runtime_dependencies(/home/fhs/ros2_ws/install/robot_interfaces/share/colcon-core/packages/robot_interfaces)
[1.165s] Level 1:colcon.colcon_core.environment:create_environment_scripts_only(robot_interfaces)
[1.166s] Level 1:colcon.colcon_core.environment:checking '/home/fhs/ros2_ws/install/robot_interfaces' for CMake module files
[1.166s] Level 1:colcon.colcon_core.environment:checking '/home/fhs/ros2_ws/install/robot_interfaces' for CMake config files
[1.167s] Level 1:colcon.colcon_core.shell:create_environment_hook('robot_interfaces', 'cmake_prefix_path')
[1.167s] INFO:colcon.colcon_core.shell:Creating environment hook '/home/fhs/ros2_ws/install/robot_interfaces/share/robot_interfaces/hook/cmake_prefix_path.ps1'
[1.168s] INFO:colcon.colcon_core.shell:Creating environment descriptor '/home/fhs/ros2_ws/install/robot_interfaces/share/robot_interfaces/hook/cmake_prefix_path.dsv'
[1.168s] INFO:colcon.colcon_core.shell:Creating environment hook '/home/fhs/ros2_ws/install/robot_interfaces/share/robot_interfaces/hook/cmake_prefix_path.sh'
[1.168s] Level 1:colcon.colcon_core.environment:checking '/home/fhs/ros2_ws/install/robot_interfaces/lib'
[1.168s] Level 1:colcon.colcon_core.shell:create_environment_hook('robot_interfaces', 'ld_library_path_lib')
[1.169s] INFO:colcon.colcon_core.shell:Creating environment hook '/home/fhs/ros2_ws/install/robot_interfaces/share/robot_interfaces/hook/ld_library_path_lib.ps1'
[1.169s] INFO:colcon.colcon_core.shell:Creating environment descriptor '/home/fhs/ros2_ws/install/robot_interfaces/share/robot_interfaces/hook/ld_library_path_lib.dsv'
[1.169s] INFO:colcon.colcon_core.shell:Creating environment hook '/home/fhs/ros2_ws/install/robot_interfaces/share/robot_interfaces/hook/ld_library_path_lib.sh'
[1.170s] Level 1:colcon.colcon_core.environment:checking '/home/fhs/ros2_ws/install/robot_interfaces/bin'
[1.170s] Level 1:colcon.colcon_core.environment:checking '/home/fhs/ros2_ws/install/robot_interfaces/lib/pkgconfig/robot_interfaces.pc'
[1.170s] Level 1:colcon.colcon_core.environment:checking '/home/fhs/ros2_ws/install/robot_interfaces/lib/python3.10/site-packages'
[1.170s] Level 1:colcon.colcon_core.environment:checking '/home/fhs/ros2_ws/install/robot_interfaces/bin'
[1.170s] INFO:colcon.colcon_core.shell:Creating package script '/home/fhs/ros2_ws/install/robot_interfaces/share/robot_interfaces/package.ps1'
[1.171s] INFO:colcon.colcon_core.shell:Creating package descriptor '/home/fhs/ros2_ws/install/robot_interfaces/share/robot_interfaces/package.dsv'
[1.171s] INFO:colcon.colcon_core.shell:Creating package script '/home/fhs/ros2_ws/install/robot_interfaces/share/robot_interfaces/package.sh'
[1.172s] INFO:colcon.colcon_core.shell:Creating package script '/home/fhs/ros2_ws/install/robot_interfaces/share/robot_interfaces/package.bash'
[1.172s] INFO:colcon.colcon_core.shell:Creating package script '/home/fhs/ros2_ws/install/robot_interfaces/share/robot_interfaces/package.zsh'
[1.172s] Level 1:colcon.colcon_core.environment:create_file_with_runtime_dependencies(/home/fhs/ros2_ws/install/robot_interfaces/share/colcon-core/packages/robot_interfaces)
[1.173s] INFO:colcon.colcon_ros.task.ament_python.build:Building ROS package in '/home/fhs/ros2_ws/src/robot_solver' with build type 'ament_python'
[1.173s] Level 1:colcon.colcon_core.shell:create_environment_hook('robot_solver', 'ament_prefix_path')
[1.173s] INFO:colcon.colcon_core.shell:Creating environment hook '/home/fhs/ros2_ws/install/robot_solver/share/robot_solver/hook/ament_prefix_path.ps1'
[1.174s] INFO:colcon.colcon_core.shell:Creating environment descriptor '/home/fhs/ros2_ws/install/robot_solver/share/robot_solver/hook/ament_prefix_path.dsv'
[1.174s] INFO:colcon.colcon_core.shell:Creating environment hook '/home/fhs/ros2_ws/install/robot_solver/share/robot_solver/hook/ament_prefix_path.sh'
[1.175s] INFO:colcon.colcon_core.shell:Skip shell extension 'powershell' for command environment: Not usable outside of PowerShell
[1.175s] DEBUG:colcon.colcon_core.shell:Skip shell extension 'dsv' for command environment
[1.396s] INFO:colcon.colcon_core.task.python.build:Building Python package in '/home/fhs/ros2_ws/src/robot_solver'
[1.396s] INFO:colcon.colcon_core.shell:Skip shell extension 'powershell' for command environment: Not usable outside of PowerShell
[1.396s] DEBUG:colcon.colcon_core.shell:Skip shell extension 'dsv' for command environment
[1.403s] DEBUG:colcon.colcon_core.event_handler.log_command:Invoking command in '/home/fhs/ros2_ws/src/robot_bringup': CONDA_PROMPT_MODIFIER=(base) PYTHONPATH=/home/fhs/ros2_ws/build/robot_bringup/prefix_override:/usr/lib/python3/dist-packages/colcon_core/task/python/colcon_distutils_commands:/home/fhs/ros2_ws/install/robot_bringup/lib/python3.10/site-packages:${PYTHONPATH} /usr/bin/python3 -W ignore:setup.py install is deprecated -W ignore:easy_install command is deprecated setup.py egg_info --egg-base ../../build/robot_bringup build --build-base /home/fhs/ros2_ws/build/robot_bringup/build install --record /home/fhs/ros2_ws/build/robot_bringup/install.log --single-version-externally-managed install_data
[1.407s] DEBUG:colcon.colcon_core.event_handler.log_command:Invoking command in '/home/fhs/ros2_ws/src/robot_sensor': CONDA_PROMPT_MODIFIER=(base) PYTHONPATH=/home/fhs/ros2_ws/build/robot_sensor/prefix_override:/usr/lib/python3/dist-packages/colcon_core/task/python/colcon_distutils_commands:/home/fhs/ros2_ws/install/robot_sensor/lib/python3.10/site-packages:${PYTHONPATH} /usr/bin/python3 -W ignore:setup.py install is deprecated -W ignore:easy_install command is deprecated setup.py egg_info --egg-base ../../build/robot_sensor build --build-base /home/fhs/ros2_ws/build/robot_sensor/build install --record /home/fhs/ros2_ws/build/robot_sensor/install.log --single-version-externally-managed install_data
[1.409s] DEBUG:colcon.colcon_core.event_handler.log_command:Invoking command in '/home/fhs/ros2_ws/src/robot_tracker': CONDA_PROMPT_MODIFIER=(base) PYTHONPATH=/home/fhs/ros2_ws/build/robot_tracker/prefix_override:/usr/lib/python3/dist-packages/colcon_core/task/python/colcon_distutils_commands:/home/fhs/ros2_ws/install/robot_tracker/lib/python3.10/site-packages:${PYTHONPATH} /usr/bin/python3 -W ignore:setup.py install is deprecated -W ignore:easy_install command is deprecated setup.py egg_info --egg-base ../../build/robot_tracker build --build-base /home/fhs/ros2_ws/build/robot_tracker/build install --record /home/fhs/ros2_ws/build/robot_tracker/install.log --single-version-externally-managed install_data
[1.647s] Level 1:colcon.colcon_core.environment:checking '/home/fhs/ros2_ws/install/robot_bringup' for CMake module files
[1.647s] DEBUG:colcon.colcon_core.event_handler.log_command:Invoked command in '/home/fhs/ros2_ws/src/robot_bringup' returned '0': CONDA_PROMPT_MODIFIER=(base) PYTHONPATH=/home/fhs/ros2_ws/build/robot_bringup/prefix_override:/usr/lib/python3/dist-packages/colcon_core/task/python/colcon_distutils_commands:/home/fhs/ros2_ws/install/robot_bringup/lib/python3.10/site-packages:${PYTHONPATH} /usr/bin/python3 -W ignore:setup.py install is deprecated -W ignore:easy_install command is deprecated setup.py egg_info --egg-base ../../build/robot_bringup build --build-base /home/fhs/ros2_ws/build/robot_bringup/build install --record /home/fhs/ros2_ws/build/robot_bringup/install.log --single-version-externally-managed install_data
[1.648s] Level 1:colcon.colcon_core.environment:checking '/home/fhs/ros2_ws/install/robot_bringup' for CMake config files
[1.648s] Level 1:colcon.colcon_core.environment:checking '/home/fhs/ros2_ws/install/robot_bringup/lib'
[1.648s] Level 1:colcon.colcon_core.environment:checking '/home/fhs/ros2_ws/install/robot_bringup/bin'
[1.648s] Level 1:colcon.colcon_core.environment:checking '/home/fhs/ros2_ws/install/robot_bringup/lib/pkgconfig/robot_bringup.pc'
[1.649s] Level 1:colcon.colcon_core.environment:checking '/home/fhs/ros2_ws/install/robot_bringup/lib/python3.10/site-packages'
[1.649s] Level 1:colcon.colcon_core.shell:create_environment_hook('robot_bringup', 'pythonpath')
[1.649s] INFO:colcon.colcon_core.shell:Creating environment hook '/home/fhs/ros2_ws/install/robot_bringup/share/robot_bringup/hook/pythonpath.ps1'
[1.649s] INFO:colcon.colcon_core.shell:Creating environment descriptor '/home/fhs/ros2_ws/install/robot_bringup/share/robot_bringup/hook/pythonpath.dsv'
[1.650s] INFO:colcon.colcon_core.shell:Creating environment hook '/home/fhs/ros2_ws/install/robot_bringup/share/robot_bringup/hook/pythonpath.sh'
[1.650s] Level 1:colcon.colcon_core.environment:checking '/home/fhs/ros2_ws/install/robot_bringup/bin'
[1.650s] Level 1:colcon.colcon_core.environment:create_environment_scripts_only(robot_bringup)
[1.651s] INFO:colcon.colcon_core.shell:Creating package script '/home/fhs/ros2_ws/install/robot_bringup/share/robot_bringup/package.ps1'
[1.651s] INFO:colcon.colcon_core.shell:Creating package descriptor '/home/fhs/ros2_ws/install/robot_bringup/share/robot_bringup/package.dsv'
[1.651s] INFO:colcon.colcon_core.shell:Creating package script '/home/fhs/ros2_ws/install/robot_bringup/share/robot_bringup/package.sh'
[1.652s] INFO:colcon.colcon_core.shell:Creating package script '/home/fhs/ros2_ws/install/robot_bringup/share/robot_bringup/package.bash'
[1.652s] INFO:colcon.colcon_core.shell:Creating package script '/home/fhs/ros2_ws/install/robot_bringup/share/robot_bringup/package.zsh'
[1.652s] Level 1:colcon.colcon_core.environment:create_file_with_runtime_dependencies(/home/fhs/ros2_ws/install/robot_bringup/share/colcon-core/packages/robot_bringup)
[1.654s] Level 1:colcon.colcon_core.environment:checking '/home/fhs/ros2_ws/install/robot_sensor' for CMake module files
[1.654s] Level 1:colcon.colcon_core.environment:checking '/home/fhs/ros2_ws/install/robot_sensor' for CMake config files
[1.654s] DEBUG:colcon.colcon_core.event_handler.log_command:Invoked command in '/home/fhs/ros2_ws/src/robot_sensor' returned '0': CONDA_PROMPT_MODIFIER=(base) PYTHONPATH=/home/fhs/ros2_ws/build/robot_sensor/prefix_override:/usr/lib/python3/dist-packages/colcon_core/task/python/colcon_distutils_commands:/home/fhs/ros2_ws/install/robot_sensor/lib/python3.10/site-packages:${PYTHONPATH} /usr/bin/python3 -W ignore:setup.py install is deprecated -W ignore:easy_install command is deprecated setup.py egg_info --egg-base ../../build/robot_sensor build --build-base /home/fhs/ros2_ws/build/robot_sensor/build install --record /home/fhs/ros2_ws/build/robot_sensor/install.log --single-version-externally-managed install_data
[1.655s] Level 1:colcon.colcon_core.environment:checking '/home/fhs/ros2_ws/install/robot_sensor/lib'
[1.655s] Level 1:colcon.colcon_core.environment:checking '/home/fhs/ros2_ws/install/robot_sensor/bin'
[1.655s] Level 1:colcon.colcon_core.environment:checking '/home/fhs/ros2_ws/install/robot_sensor/lib/pkgconfig/robot_sensor.pc'
[1.655s] Level 1:colcon.colcon_core.environment:checking '/home/fhs/ros2_ws/install/robot_sensor/lib/python3.10/site-packages'
[1.655s] Level 1:colcon.colcon_core.shell:create_environment_hook('robot_sensor', 'pythonpath')
[1.655s] INFO:colcon.colcon_core.shell:Creating environment hook '/home/fhs/ros2_ws/install/robot_sensor/share/robot_sensor/hook/pythonpath.ps1'
[1.656s] INFO:colcon.colcon_core.shell:Creating environment descriptor '/home/fhs/ros2_ws/install/robot_sensor/share/robot_sensor/hook/pythonpath.dsv'
[1.656s] INFO:colcon.colcon_core.shell:Creating environment hook '/home/fhs/ros2_ws/install/robot_sensor/share/robot_sensor/hook/pythonpath.sh'
[1.657s] Level 1:colcon.colcon_core.environment:checking '/home/fhs/ros2_ws/install/robot_sensor/bin'
[1.657s] Level 1:colcon.colcon_core.environment:create_environment_scripts_only(robot_sensor)
[1.657s] INFO:colcon.colcon_core.shell:Creating package script '/home/fhs/ros2_ws/install/robot_sensor/share/robot_sensor/package.ps1'
[1.658s] INFO:colcon.colcon_core.shell:Creating package descriptor '/home/fhs/ros2_ws/install/robot_sensor/share/robot_sensor/package.dsv'
[1.658s] INFO:colcon.colcon_core.shell:Creating package script '/home/fhs/ros2_ws/install/robot_sensor/share/robot_sensor/package.sh'
[1.659s] INFO:colcon.colcon_core.shell:Creating package script '/home/fhs/ros2_ws/install/robot_sensor/share/robot_sensor/package.bash'
[1.659s] INFO:colcon.colcon_core.shell:Creating package script '/home/fhs/ros2_ws/install/robot_sensor/share/robot_sensor/package.zsh'
[1.659s] Level 1:colcon.colcon_core.environment:create_file_with_runtime_dependencies(/home/fhs/ros2_ws/install/robot_sensor/share/colcon-core/packages/robot_sensor)
[1.660s] Level 1:colcon.colcon_core.environment:checking '/home/fhs/ros2_ws/install/robot_tracker' for CMake module files
[1.661s] DEBUG:colcon.colcon_core.event_handler.log_command:Invoked command in '/home/fhs/ros2_ws/src/robot_tracker' returned '0': CONDA_PROMPT_MODIFIER=(base) PYTHONPATH=/home/fhs/ros2_ws/build/robot_tracker/prefix_override:/usr/lib/python3/dist-packages/colcon_core/task/python/colcon_distutils_commands:/home/fhs/ros2_ws/install/robot_tracker/lib/python3.10/site-packages:${PYTHONPATH} /usr/bin/python3 -W ignore:setup.py install is deprecated -W ignore:easy_install command is deprecated setup.py egg_info --egg-base ../../build/robot_tracker build --build-base /home/fhs/ros2_ws/build/robot_tracker/build install --record /home/fhs/ros2_ws/build/robot_tracker/install.log --single-version-externally-managed install_data
[1.662s] Level 1:colcon.colcon_core.environment:checking '/home/fhs/ros2_ws/install/robot_tracker' for CMake config files
[1.662s] Level 1:colcon.colcon_core.environment:checking '/home/fhs/ros2_ws/install/robot_tracker/lib'
[1.662s] Level 1:colcon.colcon_core.environment:checking '/home/fhs/ros2_ws/install/robot_tracker/bin'
[1.662s] Level 1:colcon.colcon_core.environment:checking '/home/fhs/ros2_ws/install/robot_tracker/lib/pkgconfig/robot_tracker.pc'
[1.663s] Level 1:colcon.colcon_core.environment:checking '/home/fhs/ros2_ws/install/robot_tracker/lib/python3.10/site-packages'
[1.663s] Level 1:colcon.colcon_core.shell:create_environment_hook('robot_tracker', 'pythonpath')
[1.663s] INFO:colcon.colcon_core.shell:Creating environment hook '/home/fhs/ros2_ws/install/robot_tracker/share/robot_tracker/hook/pythonpath.ps1'
[1.663s] INFO:colcon.colcon_core.shell:Creating environment descriptor '/home/fhs/ros2_ws/install/robot_tracker/share/robot_tracker/hook/pythonpath.dsv'
[1.664s] INFO:colcon.colcon_core.shell:Creating environment hook '/home/fhs/ros2_ws/install/robot_tracker/share/robot_tracker/hook/pythonpath.sh'
[1.664s] Level 1:colcon.colcon_core.environment:checking '/home/fhs/ros2_ws/install/robot_tracker/bin'
[1.664s] Level 1:colcon.colcon_core.environment:create_environment_scripts_only(robot_tracker)
[1.665s] INFO:colcon.colcon_core.shell:Creating package script '/home/fhs/ros2_ws/install/robot_tracker/share/robot_tracker/package.ps1'
[1.665s] INFO:colcon.colcon_core.shell:Creating package descriptor '/home/fhs/ros2_ws/install/robot_tracker/share/robot_tracker/package.dsv'
[1.665s] INFO:colcon.colcon_core.shell:Creating package script '/home/fhs/ros2_ws/install/robot_tracker/share/robot_tracker/package.sh'
[1.666s] INFO:colcon.colcon_core.shell:Creating package script '/home/fhs/ros2_ws/install/robot_tracker/share/robot_tracker/package.bash'
[1.666s] INFO:colcon.colcon_core.shell:Creating package script '/home/fhs/ros2_ws/install/robot_tracker/share/robot_tracker/package.zsh'
[1.666s] Level 1:colcon.colcon_core.environment:create_file_with_runtime_dependencies(/home/fhs/ros2_ws/install/robot_tracker/share/colcon-core/packages/robot_tracker)
[1.695s] DEBUG:colcon.colcon_core.event_handler.log_command:Invoking command in '/home/fhs/ros2_ws/src/robot_solver': AMENT_PREFIX_PATH=/home/fhs/ros2_ws/install/robot_interfaces:${AMENT_PREFIX_PATH} CMAKE_PREFIX_PATH=/home/fhs/ros2_ws/install/robot_interfaces CONDA_PROMPT_MODIFIER=(base) LD_LIBRARY_PATH=/home/fhs/ros2_ws/install/robot_interfaces/lib:/opt/ros/humble/opt/rviz_ogre_vendor/lib:/opt/ros/humble/lib/x86_64-linux-gnu:/opt/ros/humble/lib:/usr/local/cuda-12.6/lib64:/usr/local/cuda-12.6/lib64:/opt/ros/humble/opt/rviz_ogre_vendor/lib:/opt/ros/humble/lib/x86_64-linux-gnu:/opt/ros/humble/lib:/usr/local/cuda-12.6/lib64 PYTHONPATH=/home/fhs/ros2_ws/build/robot_solver/prefix_override:/usr/lib/python3/dist-packages/colcon_core/task/python/colcon_distutils_commands:/home/fhs/ros2_ws/install/robot_solver/lib/python3.10/site-packages:/home/fhs/ros2_ws/install/robot_interfaces/lib/python3.12/site-packages:${PYTHONPATH} /usr/bin/python3 -W ignore:setup.py install is deprecated -W ignore:easy_install command is deprecated setup.py egg_info --egg-base ../../build/robot_solver build --build-base /home/fhs/ros2_ws/build/robot_solver/build install --record /home/fhs/ros2_ws/build/robot_solver/install.log --single-version-externally-managed install_data
[1.939s] Level 1:colcon.colcon_core.environment:checking '/home/fhs/ros2_ws/install/robot_solver' for CMake module files
[1.940s] DEBUG:colcon.colcon_core.event_handler.log_command:Invoked command in '/home/fhs/ros2_ws/src/robot_solver' returned '0': AMENT_PREFIX_PATH=/home/fhs/ros2_ws/install/robot_interfaces:${AMENT_PREFIX_PATH} CMAKE_PREFIX_PATH=/home/fhs/ros2_ws/install/robot_interfaces CONDA_PROMPT_MODIFIER=(base) LD_LIBRARY_PATH=/home/fhs/ros2_ws/install/robot_interfaces/lib:/opt/ros/humble/opt/rviz_ogre_vendor/lib:/opt/ros/humble/lib/x86_64-linux-gnu:/opt/ros/humble/lib:/usr/local/cuda-12.6/lib64:/usr/local/cuda-12.6/lib64:/opt/ros/humble/opt/rviz_ogre_vendor/lib:/opt/ros/humble/lib/x86_64-linux-gnu:/opt/ros/humble/lib:/usr/local/cuda-12.6/lib64 PYTHONPATH=/home/fhs/ros2_ws/build/robot_solver/prefix_override:/usr/lib/python3/dist-packages/colcon_core/task/python/colcon_distutils_commands:/home/fhs/ros2_ws/install/robot_solver/lib/python3.10/site-packages:/home/fhs/ros2_ws/install/robot_interfaces/lib/python3.12/site-packages:${PYTHONPATH} /usr/bin/python3 -W ignore:setup.py install is deprecated -W ignore:easy_install command is deprecated setup.py egg_info --egg-base ../../build/robot_solver build --build-base /home/fhs/ros2_ws/build/robot_solver/build install --record /home/fhs/ros2_ws/build/robot_solver/install.log --single-version-externally-managed install_data
[1.940s] Level 1:colcon.colcon_core.environment:checking '/home/fhs/ros2_ws/install/robot_solver' for CMake config files
[1.941s] Level 1:colcon.colcon_core.shell:create_environment_hook('robot_solver', 'cmake_prefix_path')
[1.941s] INFO:colcon.colcon_core.shell:Creating environment hook '/home/fhs/ros2_ws/install/robot_solver/share/robot_solver/hook/cmake_prefix_path.ps1'
[1.942s] INFO:colcon.colcon_core.shell:Creating environment descriptor '/home/fhs/ros2_ws/install/robot_solver/share/robot_solver/hook/cmake_prefix_path.dsv'
[1.942s] INFO:colcon.colcon_core.shell:Creating environment hook '/home/fhs/ros2_ws/install/robot_solver/share/robot_solver/hook/cmake_prefix_path.sh'
[1.942s] Level 1:colcon.colcon_core.environment:checking '/home/fhs/ros2_ws/install/robot_solver/lib'
[1.943s] Level 1:colcon.colcon_core.shell:create_environment_hook('robot_solver', 'ld_library_path_lib')
[1.943s] INFO:colcon.colcon_core.shell:Creating environment hook '/home/fhs/ros2_ws/install/robot_solver/share/robot_solver/hook/ld_library_path_lib.ps1'
[1.943s] INFO:colcon.colcon_core.shell:Creating environment descriptor '/home/fhs/ros2_ws/install/robot_solver/share/robot_solver/hook/ld_library_path_lib.dsv'
[1.943s] INFO:colcon.colcon_core.shell:Creating environment hook '/home/fhs/ros2_ws/install/robot_solver/share/robot_solver/hook/ld_library_path_lib.sh'
[1.944s] Level 1:colcon.colcon_core.environment:checking '/home/fhs/ros2_ws/install/robot_solver/bin'
[1.944s] Level 1:colcon.colcon_core.environment:checking '/home/fhs/ros2_ws/install/robot_solver/lib/pkgconfig/robot_solver.pc'
[1.944s] Level 1:colcon.colcon_core.environment:checking '/home/fhs/ros2_ws/install/robot_solver/lib/python3.10/site-packages'
[1.944s] Level 1:colcon.colcon_core.shell:create_environment_hook('robot_solver', 'pythonpath')
[1.944s] INFO:colcon.colcon_core.shell:Creating environment hook '/home/fhs/ros2_ws/install/robot_solver/share/robot_solver/hook/pythonpath.ps1'
[1.945s] INFO:colcon.colcon_core.shell:Creating environment descriptor '/home/fhs/ros2_ws/install/robot_solver/share/robot_solver/hook/pythonpath.dsv'
[1.945s] INFO:colcon.colcon_core.shell:Creating environment hook '/home/fhs/ros2_ws/install/robot_solver/share/robot_solver/hook/pythonpath.sh'
[1.946s] Level 1:colcon.colcon_core.environment:checking '/home/fhs/ros2_ws/install/robot_solver/bin'
[1.946s] Level 1:colcon.colcon_core.environment:create_environment_scripts_only(robot_solver)
[1.946s] INFO:colcon.colcon_core.shell:Creating package script '/home/fhs/ros2_ws/install/robot_solver/share/robot_solver/package.ps1'
[1.946s] INFO:colcon.colcon_core.shell:Creating package descriptor '/home/fhs/ros2_ws/install/robot_solver/share/robot_solver/package.dsv'
[1.947s] INFO:colcon.colcon_core.shell:Creating package script '/home/fhs/ros2_ws/install/robot_solver/share/robot_solver/package.sh'
[1.947s] INFO:colcon.colcon_core.shell:Creating package script '/home/fhs/ros2_ws/install/robot_solver/share/robot_solver/package.bash'
[1.948s] INFO:colcon.colcon_core.shell:Creating package script '/home/fhs/ros2_ws/install/robot_solver/share/robot_solver/package.zsh'
[1.948s] Level 1:colcon.colcon_core.environment:create_file_with_runtime_dependencies(/home/fhs/ros2_ws/install/robot_solver/share/colcon-core/packages/robot_solver)
[1.948s] DEBUG:colcon.colcon_parallel_executor.executor.parallel:closing loop
[1.948s] DEBUG:colcon.colcon_parallel_executor.executor.parallel:loop closed
[1.948s] DEBUG:colcon.colcon_parallel_executor.executor.parallel:run_until_complete finished with '0'
[1.948s] DEBUG:colcon.colcon_core.event_reactor:joining thread
[1.954s] INFO:colcon.colcon_core.plugin_system:Skipping extension 'colcon_notification.desktop_notification.terminal_notifier': Not used on non-Darwin systems
[1.954s] INFO:colcon.colcon_core.plugin_system:Skipping extension 'colcon_notification.desktop_notification.win32': Not used on non-Windows systems
[1.954s] INFO:colcon.colcon_notification.desktop_notification:Sending desktop notification using 'notify2'
[1.968s] DEBUG:colcon.colcon_core.event_reactor:joined thread
[1.968s] INFO:colcon.colcon_core.shell:Creating prefix script '/home/fhs/ros2_ws/install/local_setup.ps1'
[1.969s] INFO:colcon.colcon_core.shell:Creating prefix util module '/home/fhs/ros2_ws/install/_local_setup_util_ps1.py'
[1.970s] INFO:colcon.colcon_core.shell:Creating prefix chain script '/home/fhs/ros2_ws/install/setup.ps1'
[1.971s] INFO:colcon.colcon_core.shell:Creating prefix script '/home/fhs/ros2_ws/install/local_setup.sh'
[1.971s] INFO:colcon.colcon_core.shell:Creating prefix util module '/home/fhs/ros2_ws/install/_local_setup_util_sh.py'
[1.972s] INFO:colcon.colcon_core.shell:Creating prefix chain script '/home/fhs/ros2_ws/install/setup.sh'
[1.973s] INFO:colcon.colcon_core.shell:Creating prefix script '/home/fhs/ros2_ws/install/local_setup.bash'
[1.973s] INFO:colcon.colcon_core.shell:Creating prefix chain script '/home/fhs/ros2_ws/install/setup.bash'
[1.974s] INFO:colcon.colcon_core.shell:Creating prefix script '/home/fhs/ros2_ws/install/local_setup.zsh'
[1.974s] INFO:colcon.colcon_core.shell:Creating prefix chain script '/home/fhs/ros2_ws/install/setup.zsh'
