[1.052s] Invoking command in '/home/fhs/ros2_ws/src/robot_sensor': PYTHONPATH=/home/fhs/ros2_ws/build/robot_sensor/prefix_override:/usr/lib/python3/dist-packages/colcon_core/task/python/colcon_distutils_commands:/home/fhs/ros2_ws/install/robot_sensor/lib/python3.10/site-packages:${PYTHONPATH} /usr/bin/python3 -W ignore:setup.py install is deprecated -W ignore:easy_install command is deprecated setup.py egg_info --egg-base ../../build/robot_sensor build --build-base /home/fhs/ros2_ws/build/robot_sensor/build install --record /home/fhs/ros2_ws/build/robot_sensor/install.log --single-version-externally-managed install_data
[1.258s] running egg_info
[1.259s] writing ../../build/robot_sensor/robot_sensor.egg-info/PKG-INFO
[1.259s] writing dependency_links to ../../build/robot_sensor/robot_sensor.egg-info/dependency_links.txt
[1.259s] writing entry points to ../../build/robot_sensor/robot_sensor.egg-info/entry_points.txt
[1.259s] writing requirements to ../../build/robot_sensor/robot_sensor.egg-info/requires.txt
[1.259s] writing top-level names to ../../build/robot_sensor/robot_sensor.egg-info/top_level.txt
[1.260s] reading manifest file '../../build/robot_sensor/robot_sensor.egg-info/SOURCES.txt'
[1.261s] writing manifest file '../../build/robot_sensor/robot_sensor.egg-info/SOURCES.txt'
[1.261s] running build
[1.262s] running build_py
[1.262s] running install
[1.262s] running install_lib
[1.263s] running install_data
[1.263s] running install_egg_info
[1.265s] removing '/home/fhs/ros2_ws/install/robot_sensor/lib/python3.10/site-packages/robot_sensor-0.0.0-py3.10.egg-info' (and everything under it)
[1.266s] Copying ../../build/robot_sensor/robot_sensor.egg-info to /home/fhs/ros2_ws/install/robot_sensor/lib/python3.10/site-packages/robot_sensor-0.0.0-py3.10.egg-info
[1.267s] running install_scripts
[1.285s] Installing generate_sensor_data script to /home/fhs/ros2_ws/install/robot_sensor/lib/robot_sensor
[1.285s] Installing robot_sensor_node script to /home/fhs/ros2_ws/install/robot_sensor/lib/robot_sensor
[1.285s] writing list of installed files to '/home/fhs/ros2_ws/build/robot_sensor/install.log'
[1.319s] Invoked command in '/home/fhs/ros2_ws/src/robot_sensor' returned '0': PYTHONPATH=/home/fhs/ros2_ws/build/robot_sensor/prefix_override:/usr/lib/python3/dist-packages/colcon_core/task/python/colcon_distutils_commands:/home/fhs/ros2_ws/install/robot_sensor/lib/python3.10/site-packages:${PYTHONPATH} /usr/bin/python3 -W ignore:setup.py install is deprecated -W ignore:easy_install command is deprecated setup.py egg_info --egg-base ../../build/robot_sensor build --build-base /home/fhs/ros2_ws/build/robot_sensor/build install --record /home/fhs/ros2_ws/build/robot_sensor/install.log --single-version-externally-managed install_data
