/home/fhs/ros2_ws/install/robot_sensor/lib/python3.10/site-packages/robot_sensor/generate_sensor_data.py
/home/fhs/ros2_ws/install/robot_sensor/lib/python3.10/site-packages/robot_sensor/__init__.py
/home/fhs/ros2_ws/install/robot_sensor/lib/python3.10/site-packages/robot_sensor/robot_sensor_node.py
/home/fhs/ros2_ws/install/robot_sensor/lib/python3.10/site-packages/robot_sensor/__pycache__/generate_sensor_data.cpython-310.pyc
/home/fhs/ros2_ws/install/robot_sensor/lib/python3.10/site-packages/robot_sensor/__pycache__/__init__.cpython-310.pyc
/home/fhs/ros2_ws/install/robot_sensor/lib/python3.10/site-packages/robot_sensor/__pycache__/robot_sensor_node.cpython-310.pyc
/home/fhs/ros2_ws/install/robot_sensor/share/ament_index/resource_index/packages/robot_sensor
/home/fhs/ros2_ws/install/robot_sensor/share/robot_sensor/package.xml
/home/fhs/ros2_ws/install/robot_sensor/share/robot_sensor/config/params.yaml
/home/fhs/ros2_ws/install/robot_sensor/share/robot_sensor/data/sensor_data_straight.txt
/home/fhs/ros2_ws/install/robot_sensor/share/robot_sensor/launch/robot_sensor.launch.py
/home/fhs/ros2_ws/install/robot_sensor/lib/python3.10/site-packages/robot_sensor-0.0.0-py3.10.egg-info/zip-safe
/home/fhs/ros2_ws/install/robot_sensor/lib/python3.10/site-packages/robot_sensor-0.0.0-py3.10.egg-info/entry_points.txt
/home/fhs/ros2_ws/install/robot_sensor/lib/python3.10/site-packages/robot_sensor-0.0.0-py3.10.egg-info/SOURCES.txt
/home/fhs/ros2_ws/install/robot_sensor/lib/python3.10/site-packages/robot_sensor-0.0.0-py3.10.egg-info/dependency_links.txt
/home/fhs/ros2_ws/install/robot_sensor/lib/python3.10/site-packages/robot_sensor-0.0.0-py3.10.egg-info/PKG-INFO
/home/fhs/ros2_ws/install/robot_sensor/lib/python3.10/site-packages/robot_sensor-0.0.0-py3.10.egg-info/top_level.txt
/home/fhs/ros2_ws/install/robot_sensor/lib/python3.10/site-packages/robot_sensor-0.0.0-py3.10.egg-info/requires.txt
/home/fhs/ros2_ws/install/robot_sensor/lib/robot_sensor/generate_sensor_data
/home/fhs/ros2_ws/install/robot_sensor/lib/robot_sensor/robot_sensor_node
