[1.008s] Invoking command in '/home/fhs/ros2_ws/src/robot_bringup': PYTHONPATH=/home/fhs/ros2_ws/build/robot_bringup/prefix_override:/usr/lib/python3/dist-packages/colcon_core/task/python/colcon_distutils_commands:/home/fhs/ros2_ws/install/robot_bringup/lib/python3.10/site-packages:${PYTHONPATH} /usr/bin/python3 -W ignore:setup.py install is deprecated -W ignore:easy_install command is deprecated setup.py egg_info --egg-base ../../build/robot_bringup build --build-base /home/fhs/ros2_ws/build/robot_bringup/build install --record /home/fhs/ros2_ws/build/robot_bringup/install.log --single-version-externally-managed install_data
[1.211s] running egg_info
[1.212s] writing ../../build/robot_bringup/robot_bringup.egg-info/PKG-INFO
[1.212s] writing dependency_links to ../../build/robot_bringup/robot_bringup.egg-info/dependency_links.txt
[1.212s] writing entry points to ../../build/robot_bringup/robot_bringup.egg-info/entry_points.txt
[1.213s] writing requirements to ../../build/robot_bringup/robot_bringup.egg-info/requires.txt
[1.213s] writing top-level names to ../../build/robot_bringup/robot_bringup.egg-info/top_level.txt
[1.214s] reading manifest file '../../build/robot_bringup/robot_bringup.egg-info/SOURCES.txt'
[1.215s] writing manifest file '../../build/robot_bringup/robot_bringup.egg-info/SOURCES.txt'
[1.215s] running build
[1.215s] running build_py
[1.215s] running install
[1.215s] running install_lib
[1.216s] running install_data
[1.216s] running install_egg_info
[1.218s] removing '/home/fhs/ros2_ws/install/robot_bringup/lib/python3.10/site-packages/robot_bringup-0.0.0-py3.10.egg-info' (and everything under it)
[1.219s] Copying ../../build/robot_bringup/robot_bringup.egg-info to /home/fhs/ros2_ws/install/robot_bringup/lib/python3.10/site-packages/robot_bringup-0.0.0-py3.10.egg-info
[1.219s] running install_scripts
[1.238s] writing list of installed files to '/home/fhs/ros2_ws/build/robot_bringup/install.log'
[1.260s] Invoked command in '/home/fhs/ros2_ws/src/robot_bringup' returned '0': PYTHONPATH=/home/fhs/ros2_ws/build/robot_bringup/prefix_override:/usr/lib/python3/dist-packages/colcon_core/task/python/colcon_distutils_commands:/home/fhs/ros2_ws/install/robot_bringup/lib/python3.10/site-packages:${PYTHONPATH} /usr/bin/python3 -W ignore:setup.py install is deprecated -W ignore:easy_install command is deprecated setup.py egg_info --egg-base ../../build/robot_bringup build --build-base /home/fhs/ros2_ws/build/robot_bringup/build install --record /home/fhs/ros2_ws/build/robot_bringup/install.log --single-version-externally-managed install_data
