running egg_info
writing ../../build/robot_sensor/robot_sensor.egg-info/PKG-INFO
writing dependency_links to ../../build/robot_sensor/robot_sensor.egg-info/dependency_links.txt
writing entry points to ../../build/robot_sensor/robot_sensor.egg-info/entry_points.txt
writing requirements to ../../build/robot_sensor/robot_sensor.egg-info/requires.txt
writing top-level names to ../../build/robot_sensor/robot_sensor.egg-info/top_level.txt
reading manifest file '../../build/robot_sensor/robot_sensor.egg-info/SOURCES.txt'
writing manifest file '../../build/robot_sensor/robot_sensor.egg-info/SOURCES.txt'
running build
running build_py
copying robot_sensor/robot_sensor_node.py -> /home/fhs/ros2_ws/build/robot_sensor/build/lib/robot_sensor
running install
running install_lib
copying /home/fhs/ros2_ws/build/robot_sensor/build/lib/robot_sensor/robot_sensor_node.py -> /home/fhs/ros2_ws/install/robot_sensor/lib/python3.10/site-packages/robot_sensor
byte-compiling /home/fhs/ros2_ws/install/robot_sensor/lib/python3.10/site-packages/robot_sensor/robot_sensor_node.py to robot_sensor_node.cpython-310.pyc
running install_data
running install_egg_info
removing '/home/fhs/ros2_ws/install/robot_sensor/lib/python3.10/site-packages/robot_sensor-0.0.0-py3.10.egg-info' (and everything under it)
Copying ../../build/robot_sensor/robot_sensor.egg-info to /home/fhs/ros2_ws/install/robot_sensor/lib/python3.10/site-packages/robot_sensor-0.0.0-py3.10.egg-info
running install_scripts
Installing generate_sensor_data script to /home/fhs/ros2_ws/install/robot_sensor/lib/robot_sensor
Installing robot_sensor_node script to /home/fhs/ros2_ws/install/robot_sensor/lib/robot_sensor
writing list of installed files to '/home/fhs/ros2_ws/build/robot_sensor/install.log'
