[0.539s] Invoking command in '/home/fhs/ros2_ws/src/robot_bringup': CONDA_PROMPT_MODIFIER=(base) PYTHONPATH=/home/fhs/ros2_ws/build/robot_bringup/prefix_override:/usr/lib/python3/dist-packages/colcon_core/task/python/colcon_distutils_commands:/home/fhs/ros2_ws/install/robot_bringup/lib/python3.10/site-packages:${PYTHONPATH} /usr/bin/python3 -W ignore:setup.py install is deprecated -W ignore:easy_install command is deprecated setup.py egg_info --egg-base ../../build/robot_bringup build --build-base /home/fhs/ros2_ws/build/robot_bringup/build install --record /home/fhs/ros2_ws/build/robot_bringup/install.log --single-version-externally-managed install_data
[0.745s] running egg_info
[0.746s] writing ../../build/robot_bringup/robot_bringup.egg-info/PKG-INFO
[0.746s] writing dependency_links to ../../build/robot_bringup/robot_bringup.egg-info/dependency_links.txt
[0.746s] writing entry points to ../../build/robot_bringup/robot_bringup.egg-info/entry_points.txt
[0.746s] writing requirements to ../../build/robot_bringup/robot_bringup.egg-info/requires.txt
[0.746s] writing top-level names to ../../build/robot_bringup/robot_bringup.egg-info/top_level.txt
[0.748s] reading manifest file '../../build/robot_bringup/robot_bringup.egg-info/SOURCES.txt'
[0.748s] writing manifest file '../../build/robot_bringup/robot_bringup.egg-info/SOURCES.txt'
[0.748s] running build
[0.749s] running build_py
[0.749s] running install
[0.749s] running install_lib
[0.750s] running install_data
[0.750s] copying package.xml -> /home/fhs/ros2_ws/install/robot_bringup/share/robot_bringup
[0.751s] creating /home/fhs/ros2_ws/install/robot_bringup/share/robot_bringup/launch
[0.751s] copying launch/bringup.launch.py -> /home/fhs/ros2_ws/install/robot_bringup/share/robot_bringup/launch
[0.751s] running install_egg_info
[0.753s] removing '/home/fhs/ros2_ws/install/robot_bringup/lib/python3.10/site-packages/robot_bringup-0.0.0-py3.10.egg-info' (and everything under it)
[0.753s] Copying ../../build/robot_bringup/robot_bringup.egg-info to /home/fhs/ros2_ws/install/robot_bringup/lib/python3.10/site-packages/robot_bringup-0.0.0-py3.10.egg-info
[0.754s] running install_scripts
[0.773s] writing list of installed files to '/home/fhs/ros2_ws/build/robot_bringup/install.log'
[0.794s] Invoked command in '/home/fhs/ros2_ws/src/robot_bringup' returned '0': CONDA_PROMPT_MODIFIER=(base) PYTHONPATH=/home/fhs/ros2_ws/build/robot_bringup/prefix_override:/usr/lib/python3/dist-packages/colcon_core/task/python/colcon_distutils_commands:/home/fhs/ros2_ws/install/robot_bringup/lib/python3.10/site-packages:${PYTHONPATH} /usr/bin/python3 -W ignore:setup.py install is deprecated -W ignore:easy_install command is deprecated setup.py egg_info --egg-base ../../build/robot_bringup build --build-base /home/fhs/ros2_ws/build/robot_bringup/build install --record /home/fhs/ros2_ws/build/robot_bringup/install.log --single-version-externally-managed install_data
